12931: 6591
15236: 6535
82756: 6219
175493: 6034
5193: 6776
15561: 6511
339342: 5933
326091: 5957
348246: 5841
93976: 6217
11615: 6634
5536: 6769
8548: 6689
22822: 6377
8875: 6674
76138: 6227
289711: 6023
5868: 6732
31725: 6276
122415: 6213
309866: 5980
7536: 6715
9201: 6636
297975: 5986
15924: 6407
129013: 6107
6198: 6722
338035: 5936
14583: 6587
323133: 5961
2364: 6824
14909: 6581
175164: 6081
12607: 6626
Algorytm: Genetic Algorithm
Ilość wierzchołków: 403
Najkrótsza trasa: [65, 375, 94, 81, 249, 139, 91, 362, 166, 382, 66, 222, 172, 8, 340, 308, 15, 106, 192, 122, 174, 225, 105, 357, 232, 334, 184, 93, 250, 61, 292, 45, 63, 315, 332, 167, 145, 89, 193, 281, 16, 47, 283, 267, 301, 9, 155, 10, 67, 360, 140, 282, 317, 309, 190, 116, 354, 26, 204, 388, 351, 131, 49, 2, 323, 187, 207, 136, 386, 358, 236, 176, 31, 134, 168, 387, 244, 290, 182, 19, 4, 299, 329, 389, 311, 123, 143, 86, 356, 227, 248, 384, 258, 240, 138, 233, 254, 374, 338, 92, 74, 275, 25, 137, 339, 341, 361, 251, 381, 126, 286, 76, 355, 209, 71, 38, 270, 142, 365, 397, 56, 87, 394, 377, 79, 238, 229, 160, 129, 228, 64, 29, 257, 245, 68, 130, 200, 73, 177, 103, 158, 278, 202, 178, 266, 285, 132, 241, 110, 350, 260, 198, 133, 78, 288, 24, 54, 173, 34, 165, 264, 263, 335, 206, 246, 101, 5, 189, 221, 219, 247, 328, 395, 119, 224, 367, 188, 276, 60, 20, 21, 39, 152, 261, 120, 314, 324, 43, 97, 287, 30, 195, 352, 253, 80, 69, 312, 199, 179, 51, 55, 342, 370, 349, 400, 318, 13, 35, 70, 11, 98, 211, 107, 390, 302, 118, 347, 128, 280, 75, 235, 210, 230, 212, 171, 256, 144, 151, 399, 214, 277, 297, 336, 321, 243, 325, 169, 82, 379, 42, 303, 124, 57, 32, 274, 293, 95, 148, 289, 85, 100, 337, 242, 12, 109, 163, 259, 149, 104, 84, 272, 305, 1, 113, 327, 33, 197, 111, 369, 307, 112, 295, 208, 17, 213, 125, 72, 366, 401, 115, 48, 344, 319, 216, 22, 114, 99, 117, 185, 296, 313, 378, 393, 23, 343, 265, 331, 164, 59, 121, 291, 170, 53, 37, 88, 14, 237, 52, 268, 316, 326, 147, 183, 262, 102, 385, 346, 180, 162, 304, 205, 353, 40, 150, 28, 41, 279, 252, 231, 154, 234, 271, 44, 218, 36, 194, 391, 306, 159, 7, 161, 310, 18, 333, 330, 373, 77, 186, 226, 255, 223, 348, 298, 201, 90, 96, 371, 135, 273, 156, 284, 108, 372, 217, 300, 376, 62, 364, 146, 320, 6, 181, 141, 402, 239, 196, 127, 3, 322, 83, 153, 383, 58, 396, 380, 368, 269, 398, 363, 392, 175, 50, 220, 203, 345, 191, 46, 294, 215, 359, 157, 27, 0]
Długość trasy: 5841
Czas wykonania: 360099 ms

