896: 21642
14916: 18195
1165: 21097
123919: 16799
4879: 19444
145: 22721
722: 22112
17682: 17814
13075: 18437
19987: 17697
37843: 17546
45012: 17536
3669: 19710
342: 22626
5464: 18728
21912: 17672
4378: 19659
2587: 19889
14748: 18349
5214: 19415
33758: 17584
1568: 19962
545: 22202
4712: 19540
161128: 16798
1067: 21521
5547: 18604
57707: 16922
813: 22063
5297: 19351
13747: 18373
55283: 17307
3960: 19667
55032: 17452
163387: 16667
3258: 19773
443: 22542
19068: 17769
55868: 17276
Algorytm: Genetic Algorithm
Ilość wierzchołków: 171
Najkrótsza trasa: [144, 24, 25, 153, 105, 6, 108, 166, 117, 4, 33, 113, 41, 155, 74, 157, 30, 23, 15, 39, 11, 21, 32, 5, 88, 78, 34, 97, 90, 12, 3, 8, 47, 73, 168, 82, 72, 1, 156, 110, 96, 162, 147, 52, 142, 151, 31, 46, 44, 22, 14, 51, 27, 114, 53, 91, 89, 93, 152, 139, 134, 135, 128, 70, 87, 99, 164, 159, 50, 42, 55, 59, 68, 170, 71, 109, 132, 141, 130, 104, 84, 65, 86, 40, 20, 13, 16, 111, 149, 148, 126, 125, 106, 100, 92, 131, 107, 127, 118, 102, 122, 121, 136, 146, 145, 140, 9, 19, 29, 160, 165, 124, 129, 161, 49, 37, 18, 35, 76, 54, 57, 61, 69, 116, 123, 101, 98, 95, 67, 66, 63, 56, 62, 48, 112, 10, 28, 150, 80, 137, 138, 7, 83, 77, 85, 43, 163, 120, 115, 119, 103, 169, 2, 143, 26, 58, 79, 38, 167, 45, 36, 81, 133, 94, 154, 64, 60, 75, 158, 17, 0]
Długość trasy: 16667
Czas wykonania: 240026 ms

