92417: 3893
97792: 3599
92165: 3905
79366: 4720
81673: 4576
154122: 3544
1289: 6947
95240: 3719
69131: 5347
3595: 6944
90893: 3986
43791: 6581
58640: 5929
86035: 4328
281372: 3495
8476: 6909
76829: 4831
79132: 4721
94236: 3774
76063: 4900
76319: 4876
78369: 4761
75811: 4935
95523: 3708
78626: 4752
77861: 4789
93477: 3828
71460: 5225
75559: 4984
551: 7099
63785: 5649
89130: 4079
77613: 4792
62509: 5780
81452: 4598
71729: 5203
89905: 4021
95793: 3683
10546: 6891
97331: 3605
77106: 4828
78898: 4743
86838: 4229
98870: 3568
40760: 6682
50494: 6251
57662: 6036
46143: 6462
91198: 3978
107070: 3565
96320: 3661
96576: 3649
96832: 3635
138307: 3545
69442: 5312
93250: 3842
98116: 3588
72007: 5185
123207: 3556
88646: 4140
96072: 3672
95051: 3721
61260: 5811
192590: 3522
5200: 6915
162897: 3540
44118: 6502
201563: 3516
58974: 5920
69727: 5305
67937: 5401
97891: 3595
97638: 3604
62825: 5725
163179: 3533
95338: 3711
93805: 3791
82796: 4434
98668: 3576
72559: 5158
86643: 4265
91763: 3914
117106: 3559
117618: 3558
57973: 5943
92537: 3881
92793: 3857
35962: 6700
226937: 3506
109946: 3563
66173: 5518
95613: 3699
87420: 4181
131199: 3553
90751: 3996
72833: 5137
29825: 6794
94340: 3767
104324: 3566
64390: 5621
41095: 6618
55431: 6084
30856: 6721
68233: 5393
88971: 4098
39055: 6699
80786: 4636
93586: 3819
916: 7090
96405: 3659
180374: 3530
70292: 5300
98452: 3579
82582: 4532
96662: 3642
96155: 3666
189080: 3526
88481: 4152
45473: 6492
66464: 5489
89760: 4058
120483: 3557
61603: 5801
87972: 4160
59308: 5909
86447: 4276
70577: 5256
58289: 5932
26546: 6858
68533: 5358
93365: 3837
94133: 3783
250039: 3498
73396: 5128
63159: 5676
94646: 3742
82361: 4538
99772: 3567
90047: 4013
66755: 5464
55750: 6072
80071: 4639
70859: 5252
84427: 4344
86219: 4292
73674: 5092
91338: 3958
129738: 3554
98255: 3585
116942: 3562
83667: 4433
196304: 3520
41427: 6582
95701: 3688
61910: 5784
83928: 4412
64986: 5542
87771: 4176
178142: 3532
39389: 6694
73951: 5076
94943: 3730
91617: 3935
82144: 4546
46818: 6364
97251: 3619
67045: 5418
74212: 4988
81892: 4558
40424: 6689
20202: 6887
88810: 4138
59628: 5873
92908: 3845
96748: 3640
52464: 6143
79601: 4697
157937: 3543
90612: 4012
4342: 6934
23030: 6860
97014: 3620
89593: 4078
63482: 5651
Algorytm: Genetic Algorithm
Ilość wierzchołków: 403
Najkrótsza trasa: [401, 188, 276, 363, 204, 50, 388, 343, 32, 121, 47, 274, 194, 211, 270, 330, 373, 337, 345, 173, 111, 359, 318, 89, 383, 3, 328, 293, 238, 261, 308, 63, 377, 177, 200, 71, 140, 214, 331, 323, 309, 202, 283, 133, 184, 110, 380, 53, 115, 189, 313, 165, 352, 254, 282, 370, 247, 249, 13, 243, 186, 311, 393, 190, 31, 6, 201, 334, 361, 229, 225, 169, 57, 367, 278, 18, 132, 288, 219, 391, 390, 142, 116, 149, 78, 227, 320, 196, 355, 344, 336, 368, 183, 17, 106, 123, 155, 122, 119, 168, 124, 339, 360, 96, 108, 120, 178, 348, 294, 83, 172, 26, 312, 35, 77, 147, 207, 0, 14, 69, 150, 103, 5, 279, 109, 275, 258, 208, 80, 55, 314, 59, 68, 127, 24, 362, 307, 20, 399, 266, 97, 371, 100, 98, 135, 324, 131, 241, 112, 44, 375, 191, 29, 141, 365, 136, 107, 280, 259, 163, 262, 118, 235, 113, 61, 357, 402, 297, 171, 51, 21, 233, 246, 273, 277, 39, 286, 296, 15, 364, 158, 1, 400, 92, 16, 272, 94, 182, 316, 255, 351, 395, 160, 25, 22, 287, 252, 239, 236, 385, 137, 36, 213, 41, 99, 298, 232, 215, 220, 197, 37, 157, 222, 185, 166, 67, 162, 234, 306, 73, 332, 292, 95, 10, 151, 310, 354, 237, 268, 181, 346, 114, 353, 175, 105, 19, 398, 43, 23, 82, 138, 102, 56, 146, 212, 81, 271, 257, 93, 300, 76, 170, 284, 216, 342, 195, 244, 240, 159, 8, 305, 396, 327, 65, 84, 205, 315, 302, 167, 217, 203, 9, 34, 295, 230, 226, 144, 126, 7, 198, 248, 329, 179, 242, 199, 389, 253, 70, 27, 303, 265, 231, 12, 335, 87, 260, 347, 38, 326, 154, 33, 369, 187, 164, 129, 349, 319, 180, 340, 224, 139, 48, 358, 281, 153, 75, 218, 145, 143, 85, 58, 161, 86, 11, 192, 66, 174, 299, 49, 74, 301, 256, 206, 30, 245, 397, 378, 366, 321, 379, 264, 382, 156, 210, 333, 341, 104, 88, 209, 28, 338, 130, 263, 152, 223, 52, 40, 134, 381, 125, 60, 79, 374, 269, 376, 251, 322, 46, 304, 394, 193, 250, 290, 91, 356, 350, 285, 45, 101, 148, 325, 64, 4, 267, 386, 2, 317, 221, 117, 128, 228, 176, 291, 289, 387, 384, 392, 62, 54, 42, 90, 72, 372]
Długość trasy: 3495
Czas wykonania: 360045 ms

