4099: 4998
2053: 6542
6150: 4574
49158: 3079
12295: 3915
6155: 4573
10254: 4085
8207: 4308
20495: 3498
6161: 4568
14353: 3786
4114: 4996
8212: 4306
77847: 2906
4124: 4988
61468: 2981
6177: 4566
22561: 3452
10276: 4084
8233: 4301
22572: 3451
51244: 3051
4144: 4983
6194: 4564
96306: 2865
2101: 6513
4149: 4975
12344: 3913
10299: 4081
188473: 2756
2123: 6508
6225: 4562
8275: 4298
10327: 4080
104539: 2838
4187: 4966
6235: 4560
10332: 4077
32869: 3256
10343: 4076
63594: 2968
6256: 4557
51312: 3045
14451: 3785
18548: 3570
6262: 4556
225396: 2741
8312: 4291
2169: 6498
10365: 4073
14463: 3782
61568: 2978
6273: 4555
16514: 3648
49290: 3077
6283: 4553
16525: 3645
2190: 6473
6288: 4550
28816: 3326
231570: 2734
4242: 4945
12440: 3911
6299: 4548
10397: 4069
22690: 3450
2211: 6449
12451: 3910
8358: 4290
173: 7106
2233: 6426
16572: 3644
6338: 4541
145606: 2785
4294: 4944
2254: 6325
4304: 4941
8402: 4289
49363: 3075
98517: 2861
37080: 3187
8412: 4288
20702: 3495
24805: 3415
14567: 3776
20714: 3490
16619: 3643
24816: 3413
6385: 4540
10483: 4054
28917: 3324
2294: 6303
8445: 4287
12542: 3909
6401: 4531
49411: 3074
4358: 4923
14601: 3774
2315: 6227
37140: 3186
28949: 3310
6422: 4526
16662: 3642
20761: 3487
76056: 2929
6427: 4523
24861: 3411
291: 7093
6438: 4515
4392: 4918
8489: 4280
10539: 4053
170284: 2770
102702: 2847
10544: 4051
14640: 3773
2353: 6185
12594: 3903
28979: 3308
100665: 2859
6459: 4511
51517: 3044
6464: 4510
14656: 3771
76096: 2924
24899: 3408
20804: 3486
164170: 2773
88403: 2890
18771: 3568
12628: 3901
76121: 2923
10589: 4050
22883: 3448
12645: 3899
10600: 4044
14696: 3768
4460: 4914
8557: 4276
41327: 3150
35186: 3228
16757: 3641
2425: 6111
31097: 3285
12667: 3897
6527: 4505
31103: 3281
6532: 4504
115078: 2822
12684: 3893
14735: 3766
4497: 4910
14741: 3765
16789: 3640
10647: 4043
2458: 6107
8605: 4270
53661: 3017
31137: 3280
2474: 6082
16810: 3639
35242: 3225
14763: 3763
6577: 4499
141744: 2797
2491: 6057
92605: 2879
4542: 4909
76223: 2922
16831: 3638
18889: 3556
2506: 6009
4559: 4908
22993: 3446
80339: 2898
14803: 3760
8662: 4268
31199: 3272
481: 7049
8673: 4261
29153: 3297
10723: 4039
49636: 3072
4581: 4905
6630: 4493
37350: 3185
2537: 5948
6635: 4491
4597: 4890
2552: 5926
35321: 3223
10746: 4038
37370: 3179
16891: 3636
8701: 4256
14847: 3755
31232: 3271
10758: 4036
8712: 4247
12809: 3891
4619: 4888
12815: 3884
29199: 3296
2581: 5894
33301: 3250
27158: 3372
18970: 3555
4635: 4887
10782: 4034
47646: 3091
6689: 4489
102947: 2840
4649: 4886
4654: 4885
10800: 4032
150071: 2783
148020: 2784
4665: 4869
6713: 4478
2620: 5872
16956: 3634
10813: 4027
74300: 2938
23105: 3443
4675: 4867
12869: 3882
14917: 3753
8776: 4246
19017: 3545
41551: 3144
4691: 4865
2646: 5832
51798: 3043
4697: 4852
6751: 4476
14945: 3752
4714: 4848
123498: 2810
19054: 3544
35438: 3222
2671: 5811
10865: 4022
14962: 3751
12919: 3881
2682: 5758
4730: 4847
53882: 3015
14972: 3750
639: 7044
21126: 3481
6794: 4475
27275: 3362
2700: 5735
8847: 4243
4752: 4843
76432: 2921
6805: 4473
23200: 3442
19105: 3543
17061: 3633
2729: 5726
21163: 3475
6829: 4469
64175: 2964
31409: 3270
76467: 2912
2740: 5719
4793: 4832
35516: 3221
10946: 4012
8899: 4240
72389: 2939
2763: 5637
23246: 3441
719: 7034
15056: 3736
4818: 4831
6867: 4468
8915: 4237
4824: 4828
119513: 2813
17116: 3626
27358: 3359
6883: 4464
4840: 4827
4846: 4820
19183: 3539
753: 6988
17139: 3625
2807: 5596
21243: 3474
11012: 4007
109321: 2835
13067: 3876
51979: 3042
15118: 3733
4884: 4810
4890: 4804
2848: 5543
23328: 3432
8993: 4232
17187: 3618
25381: 3407
4906: 4792
6955: 4453
2865: 5542
228154: 2740
2878: 5512
13121: 3874
9026: 4229
21320: 3473
4939: 4782
19275: 3533
31566: 3259
17231: 3617
45907: 3107
2903: 5510
58201: 2993
17247: 3610
2915: 5493
93029: 2871
7014: 4451
11110: 4005
2922: 5478
64362: 2963
7019: 4449
11115: 4002
56174: 3003
15216: 3722
2930: 5458
27507: 3358
13172: 3873
25464: 3400
2937: 5454
39801: 3167
52092: 3034
45950: 3106
2945: 5424
19331: 3531
17285: 3604
158599: 2775
11142: 4001
78726: 2905
193417: 2748
9100: 4228
2959: 5417
45967: 3105
27542: 3357
2967: 5401
13208: 3872
11161: 4000
7066: 4447
2973: 5400
13213: 3871
172959: 2761
29599: 3295
2980: 5380
25509: 3399
7081: 4443
5036: 4778
5045: 4776
11189: 3994
3002: 5371
11195: 3993
5055: 4769
13255: 3870
29641: 3292
7114: 4439
9163: 4225
25548: 3398
13261: 3869
19418: 3525
11232: 3992
52197: 3025
3046: 5364
11238: 3986
7147: 4437
13296: 3862
5107: 4768
123897: 2808
17401: 3603
15355: 3718
5117: 4762
3074: 5363
11269: 3985
5143: 4761
3100: 5346
27680: 3354
5153: 4760
13348: 3860
80933: 2897
7205: 4435
222245: 2746
7211: 4428
23596: 3431
44076: 3115
13358: 3859
9268: 4223
15412: 3714
5174: 4758
7223: 4425
33847: 3247
5184: 4755
17476: 3602
5190: 4754
3148: 5332
9292: 4214
5200: 4753
3153: 5320
11345: 3984
13407: 3857
11361: 3978
3171: 5311
13413: 3852
23656: 3430
5225: 4749
7274: 4419
44139: 3111
46188: 3104
169070: 2771
27758: 3353
15471: 3709
1145: 6959
3198: 5306
27774: 3352
3204: 5297
5252: 4747
9358: 4213
5263: 4744
87182: 2892
101521: 2856
13457: 3850
9364: 4205
1177: 6904
7322: 4417
48283: 3088
3231: 5295
25762: 3397
89253: 2889
150693: 2781
5289: 4741
27818: 3348
17579: 3597
9388: 4204
15533: 3703
38070: 3177
3257: 5285
5305: 4737
21689: 3469
7360: 4415
52418: 3023
23749: 3428
44231: 3108
13514: 3849
7372: 4412
1238: 6876
9430: 4197
5336: 4731
11481: 3975
9436: 4195
36062: 3218
60638: 2987
7394: 4407
25833: 3396
122091: 2811
54510: 3012
25839: 3395
5362: 4724
21746: 3466
9459: 4194
11514: 3973
29953: 3291
120069: 2812
9477: 4187
58630: 2989
5383: 4722
34055: 3241
27913: 3347
111880: 2830
3340: 5278
7438: 4405
13586: 3834
93458: 2866
7449: 4402
3357: 5269
5405: 4714
36127: 3212
81187: 2895
19748: 3524
75045: 2934
9517: 4186
25902: 3394
7477: 4401
60729: 2986
11578: 3972
13627: 3833
3391: 5262
11583: 3971
5443: 4705
56643: 2996
87362: 2891
7494: 4399
9543: 4182
3400: 5261
7505: 4398
3410: 5252
15698: 3701
68947: 2949
9561: 4181
7522: 4397
28003: 3346
13668: 3831
7527: 4396
40296: 3160
7533: 4394
50542: 3070
11631: 3970
9590: 4177
19830: 3523
38262: 3176
34169: 3230
3451: 5244
5502: 4704
15743: 3699
9602: 4175
42370: 3143
5507: 4701
7555: 4393
36231: 3206
71046: 2947
5512: 4695
3468: 5238
11668: 3961
3479: 5235
7575: 4392
17826: 3591
15779: 3697
3496: 5230
5544: 4687
9640: 4170
7595: 4389
23981: 3427
75182: 2930
5554: 4686
7605: 4388
11702: 3960
89527: 2888
13752: 3823
48568: 3085
15804: 3695
9662: 4169
3519: 5226
110017: 2833
3524: 5223
28102: 3345
3529: 5214
9673: 4167
7635: 4387
5591: 4684
28120: 3344
3545: 5209
21977: 3465
3550: 5200
9694: 4166
11745: 3958
15841: 3693
42468: 3142
7654: 4384
19945: 3521
3566: 5199
5615: 4680
7663: 4383
3571: 5198
9720: 4160
3581: 5184
5636: 4676
40456: 3159
7690: 4382
15882: 3690
3597: 5182
5647: 4672
13840: 3822
7698: 4375
28178: 3341
19994: 3518
5662: 4659
15902: 3689
99872: 2860
9762: 4154
3620: 5179
15908: 3688
97830: 2862
40488: 3156
3625: 5168
7723: 4367
1583: 6845
7728: 4362
15923: 3686
9785: 4153
20027: 3516
5694: 4651
60992: 2985
7745: 4357
30274: 3290
3652: 5166
11845: 3957
5704: 4650
17992: 3590
3657: 5156
9801: 4152
3663: 5155
1616: 6786
5715: 4646
50771: 3059
13911: 3820
65114: 2952
11868: 3945
40541: 3155
15967: 3681
3680: 5147
7781: 4354
7786: 4350
15978: 3680
9838: 4146
1647: 6724
42607: 3141
13937: 3816
48755: 3084
9849: 4145
36476: 3205
5758: 4645
24190: 3426
20095: 3513
142979: 2790
5764: 4627
42630: 3134
3719: 5143
22151: 3462
7822: 4341
9871: 4144
11919: 3943
16017: 3677
40595: 3152
20116: 3510
7837: 4339
102044: 2855
5800: 4622
42664: 3133
130730: 2807
14000: 3815
1714: 6688
102067: 2854
5811: 4620
18099: 3580
20152: 3507
16063: 3670
42687: 3126
36547: 3199
7878: 4334
46790: 3100
11984: 3940
48850: 3080
42708: 3125
3798: 5140
9945: 4140
7898: 4333
46811: 3098
3807: 5134
9951: 4134
16098: 3666
79589: 2903
24295: 3421
5874: 4619
14066: 3811
22261: 3461
71416: 2944
5883: 4616
12028: 3938
3837: 5130
186108: 2757
18179: 3579
9988: 4133
7944: 4327
36619: 3195
5901: 4615
3854: 5114
9999: 4130
16148: 3656
173846: 2760
3865: 5111
40730: 3151
30491: 3289
179998: 2758
18205: 3578
26399: 3386
7971: 4324
14115: 3806
12069: 3934
5926: 4608
22310: 3460
50990: 3057
106293: 2837
102198: 2850
7992: 4320
18236: 3573
10047: 4126
12095: 3932
38719: 3170
36672: 3189
3906: 5100
3911: 5089
28487: 3335
16200: 3652
10058: 4123
1872: 6666
91985: 2882
8019: 4318
3926: 5086
10070: 4122
20312: 3504
5978: 4607
118625: 2814
10081: 4119
12132: 3927
10087: 4115
3946: 5081
5994: 4603
61294: 2983
3952: 5078
28529: 3334
8053: 4315
51064: 3052
3962: 5075
6011: 4598
14204: 3793
10109: 4112
18303: 3571
12163: 3925
1926: 6650
24464: 3420
3988: 5073
112535: 2829
6039: 4591
155546: 2777
3994: 5071
6045: 4590
10141: 4111
22429: 3457
1952: 6637
4000: 5065
24482: 3418
8100: 4314
4005: 5056
42919: 3124
4015: 5035
14257: 3791
10162: 4109
30643: 3286
6068: 4585
313265: 2733
8133: 4312
10183: 4108
14283: 3790
10188: 4104
4048: 5026
171986: 2766
16338: 3650
2003: 6608
22485: 3453
24534: 3417
114648: 2827
4058: 5025
4063: 5020
135136: 2801
4068: 5011
8166: 4309
47081: 3097
57322: 2994
6123: 4576
2028: 6575
10220: 4102
14316: 3788
16367: 3649
6129: 4575
10225: 4092
108533: 2836
219127: 2747
42999: 3118
28667: 3328
12285: 3923
32765: 3258
4094: 5010
Algorytm: Genetic Algorithm
Ilość wierzchołków: 403
Najkrótsza trasa: [68, 179, 313, 7, 262, 261, 92, 276, 259, 331, 378, 71, 127, 399, 18, 170, 271, 327, 140, 66, 273, 350, 366, 292, 343, 97, 218, 203, 307, 143, 76, 148, 258, 213, 356, 139, 4, 236, 227, 178, 138, 221, 199, 42, 345, 299, 239, 117, 339, 385, 300, 340, 397, 394, 225, 206, 30, 388, 348, 329, 110, 326, 210, 312, 35, 164, 25, 196, 0, 297, 234, 228, 266, 161, 23, 14, 62, 13, 162, 48, 47, 330, 183, 17, 279, 230, 382, 105, 391, 156, 154, 233, 380, 362, 160, 15, 268, 16, 306, 400, 78, 226, 147, 367, 310, 265, 275, 325, 88, 353, 39, 311, 10, 38, 212, 123, 192, 114, 211, 98, 244, 80, 334, 137, 54, 177, 24, 195, 126, 316, 256, 146, 320, 217, 9, 349, 73, 134, 288, 249, 77, 390, 314, 59, 176, 31, 354, 342, 132, 243, 379, 308, 5, 237, 128, 375, 191, 131, 355, 168, 209, 28, 153, 75, 240, 294, 107, 336, 321, 204, 43, 34, 295, 285, 282, 83, 106, 165, 122, 341, 301, 120, 116, 172, 26, 231, 205, 289, 108, 351, 180, 359, 187, 241, 112, 373, 305, 296, 242, 70, 347, 401, 6, 302, 118, 333, 267, 395, 402, 287, 194, 324, 144, 169, 27, 222, 250, 150, 130, 364, 303, 377, 248, 87, 56, 374, 398, 396, 281, 175, 174, 185, 152, 99, 389, 32, 274, 317, 90, 72, 224, 125, 60, 44, 238, 229, 393, 202, 344, 246, 104, 384, 383, 145, 319, 103, 109, 155, 368, 141, 392, 255, 157, 269, 142, 81, 22, 252, 371, 46, 254, 223, 115, 181, 346, 189, 207, 45, 124, 1, 304, 260, 323, 214, 182, 167, 36, 82, 247, 360, 69, 85, 58, 8, 309, 91, 372, 41, 363, 315, 33, 376, 245, 201, 89, 338, 102, 361, 298, 291, 332, 215, 283, 277, 352, 79, 96, 149, 51, 49, 37, 50, 190, 100, 280, 12, 111, 369, 220, 197, 159, 20, 21, 136, 335, 235, 121, 219, 328, 370, 322, 257, 133, 286, 74, 95, 55, 94, 93, 318, 264, 358, 272, 278, 135, 270, 381, 151, 200, 57, 232, 253, 208, 163, 3, 2, 386, 61, 293, 184, 129, 166, 67, 186, 53, 216, 251, 113, 193, 158, 284, 290, 171, 63, 198, 65, 188, 173, 29, 387, 84, 357, 19, 337, 86, 11, 101, 119, 52, 40, 263, 64, 365]
Długość trasy: 2733
Czas wykonania: 360004 ms

