385: 3171
3: 5499
7: 5242
10: 5214
11: 5211
395: 3129
12: 4976
396: 3107
399: 3047
400: 3042
71187: 2063
275: 3515
20: 4964
404: 3010
406: 2971
23: 4837
407: 2952
24: 4788
26: 4602
410: 2877
415: 2734
32: 4599
39: 4536
41: 4486
426: 2724
57130: 2163
43: 4483
57134: 2146
431: 2612
52271: 2168
51: 4391
52: 4096
437: 2520
444: 2502
445: 2482
452: 2477
453: 2364
202: 3823
331: 3439
459: 2351
204: 3747
463: 2343
467: 2339
468: 2329
469: 2303
342: 3424
471: 2299
476: 2263
477: 2243
96: 4080
102: 3897
489: 2219
363: 3339
365: 3332
496: 2204
369: 3308
374: 3215
248: 3713
Algorytm: Genetic Algorithm
Ilość wierzchołków: 48
Najkrótsza trasa: [41, 43, 42, 22, 40, 20, 39, 19, 44, 15, 23, 34, 13, 46, 36, 35, 14, 16, 45, 21, 47, 26, 1, 25, 37, 38, 18, 17, 12, 32, 7, 31, 8, 11, 10, 6, 24, 29, 30, 5, 9, 33, 27, 2, 28, 3, 4, 0]
Długość trasy: 2063
Czas wykonania: 120002 ms

