4864: 12261
124673: 10369
7170: 11610
8196: 11458
3845: 12489
775: 13978
65037: 10666
13328: 11309
529: 18141
785: 13931
194579: 9726
17938: 11175
275: 22030
22: 23629
86551: 10425
5143: 11902
536: 18033
1560: 13556
23576: 11115
88344: 10415
1562: 13519
283: 21530
541: 17791
1053: 13749
5408: 11898
88352: 10410
546: 17400
38: 22969
551: 17148
809: 13913
129064: 10140
3629: 12523
1582: 13484
2094: 13364
560: 17111
2867: 12933
154161: 9900
65849: 10656
188218: 9739
569: 16948
1593: 13447
130108: 10121
62: 22729
574: 16811
578: 16567
2370: 13210
211521: 9691
2117: 13361
152388: 9924
587: 16389
3404: 12641
591: 16113
2128: 13353
10064: 11453
6484: 11742
13140: 11324
342: 21529
599: 15651
4698: 12338
349: 21439
213853: 9652
9824: 11456
126307: 10360
2147: 13312
127589: 10183
24677: 11090
359: 21341
617: 15523
2154: 13301
126314: 10340
620: 15304
878: 13813
148845: 9963
624: 15267
2929: 12923
3698: 12520
627: 15253
1139: 13739
1397: 13724
630: 15051
4471: 12482
3704: 12518
20858: 11126
1403: 13679
2171: 13238
13948: 11298
1407: 13640
6271: 11835
640: 14896
2432: 13117
1412: 13590
25988: 11051
646: 14798
2695: 13048
392: 20695
649: 14579
905: 13804
7051: 11650
52876: 10732
654: 14490
7310: 11560
401: 20199
657: 14481
659: 14393
16021: 11275
54679: 10696
664: 14265
79257: 10521
5018: 12174
674: 14165
11170: 11390
131233: 9989
100773: 10394
2470: 13057
7591: 11498
63911: 10667
5033: 12134
43435: 10981
234664: 9458
684: 14146
940: 13754
432: 20107
167600: 9867
70069: 10620
4533: 12380
7349: 11547
439: 20028
175285: 9838
696: 14128
2744: 12975
6584: 11728
5561: 11876
166075: 9871
186: 22437
3262: 12754
447: 19429
43201: 10989
5058: 12124
707: 14073
180679: 9822
17094: 11248
30920: 11023
713: 14055
5065: 11997
202: 22364
461: 18686
5071: 11991
4306: 12484
5080: 11965
70872: 10573
6363: 11809
20955: 11122
5084: 11923
15580: 11296
229599: 9625
149981: 9945
483: 18168
228: 22285
43748: 10953
41957: 10991
3302: 12711
18407: 11171
126438: 10305
27368: 11025
748: 14040
4589: 12356
18413: 11151
43761: 10950
132339: 9975
50933: 10829
127732: 10173
1526: 13579
3062: 12768
6903: 11670
47865: 10883
4091: 12486
764: 14015
253: 22192
Algorytm: Genetic Algorithm
Ilość wierzchołków: 171
Najkrótsza trasa: [87, 91, 106, 120, 131, 164, 130, 135, 140, 151, 37, 1, 123, 162, 163, 99, 114, 84, 73, 74, 75, 12, 18, 29, 34, 67, 70, 92, 108, 71, 61, 66, 55, 6, 142, 144, 13, 19, 42, 58, 60, 72, 3, 5, 133, 112, 137, 139, 134, 115, 105, 100, 127, 117, 102, 103, 101, 95, 154, 89, 88, 65, 64, 62, 52, 47, 11, 28, 22, 4, 9, 10, 76, 27, 26, 24, 152, 124, 122, 63, 56, 167, 107, 90, 153, 85, 50, 170, 51, 59, 49, 0, 141, 147, 148, 160, 15, 159, 156, 35, 157, 31, 30, 33, 41, 155, 39, 40, 45, 43, 46, 78, 80, 111, 132, 7, 25, 136, 145, 138, 129, 128, 126, 125, 118, 119, 121, 104, 169, 110, 166, 158, 32, 149, 161, 77, 168, 82, 68, 83, 96, 97, 165, 109, 116, 146, 143, 150, 23, 16, 17, 20, 36, 38, 44, 54, 57, 86, 93, 94, 98, 53, 48, 2, 8, 14, 21, 79, 81, 113, 69]
Długość trasy: 9458
Czas wykonania: 240002 ms

