3: 23660
1028: 10567
2052: 9115
6: 23634
3079: 8155
5127: 7403
8: 23239
9: 23124
10: 22912
11: 22118
12: 21957
13: 21826
6157: 7261
14: 21476
16: 21242
6160: 7233
17: 21093
119824: 6299
18: 21032
20: 20877
21: 20786
22: 20726
24: 20502
1049: 10547
27: 20368
29: 20282
30: 20140
33: 20021
34: 19949
35: 19919
36: 19902
144422: 6267
38: 19900
39: 19657
41: 19589
1068: 10508
1069: 10492
46: 19580
48: 19554
49: 19524
1073: 10480
50: 19426
51: 19347
52: 19190
53: 19111
1077: 10446
2102: 9083
55: 19078
59: 18989
62: 18941
63: 18862
65: 18796
66: 18763
68: 18670
1092: 10412
8260: 7040
3141: 8118
70: 18606
71: 18596
3145: 8092
77: 18442
3152: 8079
81: 18247
82: 18074
83: 17950
85: 17943
8279: 7024
89: 17818
91: 17677
1115: 10400
93: 17512
94: 17497
2142: 9069
104543: 6486
95: 17456
99: 17342
101: 17302
1125: 10373
104: 17295
105: 17242
103528: 6493
106: 17168
107: 17139
108: 17107
27756: 6618
109: 17078
110: 17024
112: 16888
113: 16837
114: 16635
2162: 9053
3186: 8074
115: 16491
10357: 6855
119: 16471
120: 16393
118904: 6319
122: 16316
123: 16290
124: 16247
125: 16198
126: 16110
2175: 9000
5247: 7395
128: 16109
2177: 8933
138: 16075
30862: 6603
2191: 8928
206994: 6005
117907: 6359
1175: 10318
3223: 8066
163: 15907
167: 15849
169: 15777
172: 15766
173: 15743
174: 15678
175: 15667
176: 15658
177: 15648
178: 15523
1202: 10279
179: 15513
180: 15386
3253: 8064
182: 15328
183: 15318
10423: 6842
9400: 6950
1209: 10248
2236: 8874
1214: 10224
2241: 8759
194: 15139
203: 14984
205: 14920
208: 14837
211: 14718
1235: 10200
1236: 10166
3284: 8055
1237: 10139
215: 14717
3288: 8046
218: 14689
34013: 6576
228: 14603
233: 14594
234: 14592
1258: 10071
235: 14585
239: 14575
1267: 10065
4339: 7784
244: 14526
1269: 10051
246: 14512
4345: 7761
6396: 7205
2302: 8751
2307: 8740
7429: 7081
262: 14455
263: 14345
1287: 10046
264: 14315
272: 14275
10515: 6830
1300: 10001
203031: 6068
278: 14217
279: 14197
2327: 8728
280: 14138
281: 14118
4380: 7756
286: 14104
288: 14061
289: 14035
290: 14014
291: 13908
1316: 9987
4388: 7686
1317: 9943
37159: 6567
296: 13846
297: 13819
3371: 8045
300: 13759
302: 13730
8495: 7010
10549: 6828
4406: 7650
8502: 6984
313: 13675
319: 13624
2368: 8690
323: 13538
154951: 6225
326: 13450
2388: 8678
347: 13436
349: 13434
355: 13428
361: 13379
366: 13373
3439: 8031
30063: 6616
370: 13202
2420: 8650
89461: 6544
7541: 7078
379: 13188
1404: 9936
3453: 8016
382: 13113
383: 13079
1420: 9908
399: 13054
401: 12990
4497: 7617
4498: 7580
11667: 6746
406: 12984
18843: 6658
1442: 9864
1447: 9851
424: 12956
430: 12889
432: 12837
433: 12770
436: 12758
439: 12696
5562: 7390
1467: 9819
2493: 8649
449: 12677
3522: 7994
5574: 7364
458: 12651
6603: 7191
196041: 6101
1485: 9808
11725: 6726
464: 12537
2514: 8623
473: 12456
1497: 9800
475: 12435
484: 12415
487: 12405
488: 12384
490: 12383
1517: 9720
119276: 6305
495: 12373
496: 12319
502: 12309
4605: 7521
512: 12265
1536: 9676
8704: 6962
124417: 6281
1544: 9669
526: 12184
5646: 7344
528: 12172
1552: 9659
2576: 8605
529: 12171
1553: 9602
532: 12133
32276: 6602
535: 12123
19991: 6641
104982: 6460
2584: 8566
6680: 7177
537: 12070
7712: 7073
158244: 6199
1578: 9562
565: 12025
1589: 9539
14902: 6704
568: 12000
571: 11967
572: 11900
1599: 9488
6719: 7169
10817: 6776
1607: 9476
2633: 8546
3663: 7991
32337: 6599
7770: 7068
2657: 8524
3685: 7962
615: 11879
13928: 6724
37484: 6551
207474: 5993
633: 11798
1659: 9468
638: 11795
6789: 7149
657: 11760
3733: 7931
106136: 6395
2719: 8504
1699: 9449
678: 11756
683: 11753
686: 11718
2735: 8497
688: 11680
689: 11619
696: 11612
702: 11575
1729: 9399
105154: 6410
2757: 8477
712: 11528
3784: 7929
2761: 8441
716: 11505
723: 11490
184017: 6146
2774: 8429
729: 11441
734: 11393
3806: 7910
6878: 7135
736: 11288
739: 11229
5862: 7300
9960: 6948
1776: 9377
759: 11197
1785: 9287
769: 11154
1799: 9260
192266: 6131
1806: 9239
4883: 7479
794: 11128
91935: 6526
1823: 9221
7971: 7063
813: 11102
10036: 6915
117567: 6380
841: 11063
1869: 9219
846: 11039
847: 11018
1873: 9216
1874: 9200
2909: 8427
863: 11005
3935: 7898
150371: 6251
1892: 9193
869: 10966
875: 10955
877: 10937
1901: 9174
117621: 6371
1915: 9165
11132: 6771
155518: 6202
7037: 7117
21373: 6623
92034: 6508
4996: 7426
1928: 9161
10121: 6885
5006: 7420
2962: 8327
1939: 9157
917: 10926
6039: 7292
118678: 6331
5019: 7407
3996: 7861
6045: 7262
932: 10874
94119: 6501
2983: 8307
936: 10846
8106: 7062
948: 10832
3011: 8293
189377: 6132
4040: 7815
7113: 7099
3018: 8271
3027: 8226
983: 10784
16343: 6661
2014: 9148
2016: 9126
994: 10632
7141: 7087
10215: 6873
1006: 10628
1007: 10578
1012: 10576
Algorytm: Genetic Algorithm
Ilość wierzchołków: 171
Najkrótsza trasa: [137, 139, 141, 134, 118, 120, 122, 121, 129, 81, 80, 72, 50, 51, 55, 58, 60, 1, 2, 4, 144, 140, 7, 8, 9, 74, 75, 39, 52, 53, 43, 44, 40, 45, 47, 49, 109, 107, 106, 165, 104, 115, 116, 103, 163, 98, 95, 91, 69, 66, 63, 65, 64, 56, 57, 62, 61, 84, 71, 38, 35, 36, 28, 29, 22, 24, 25, 150, 161, 160, 14, 30, 31, 158, 32, 17, 21, 20, 37, 170, 77, 166, 93, 88, 153, 86, 83, 167, 70, 87, 85, 10, 76, 11, 12, 13, 18, 19, 168, 78, 82, 79, 0, 113, 164, 126, 125, 157, 33, 41, 155, 156, 34, 48, 59, 68, 67, 138, 135, 136, 128, 130, 131, 133, 111, 112, 132, 110, 154, 89, 90, 94, 100, 102, 108, 92, 96, 99, 101, 123, 162, 6, 15, 159, 16, 23, 26, 27, 42, 54, 46, 73, 3, 5, 169, 105, 97, 114, 127, 117, 119, 124, 146, 145, 143, 151, 152, 142, 149, 148, 147]
Długość trasy: 5993
Czas wykonania: 240000 ms

