7824: 4109
3: 4113
7971: 4097
7829: 4107
8774: 4070
7959: 4105
8027: 4081
Algorytm: Symulowane wyżarzanie: Zamiana losowych miast
Ilość wierzchołków: 171
Najkrótsza trasa: [35, 34, 156, 155, 41, 42, 59, 68, 67, 66, 65, 88, 153, 87, 85, 170, 73, 77, 1, 3, 4, 5, 169, 111, 112, 126, 125, 118, 119, 120, 121, 122, 124, 129, 128, 135, 134, 142, 152, 151, 14, 15, 159, 16, 17, 29, 24, 25, 161, 160, 150, 149, 148, 144, 6, 7, 8, 9, 2, 0, 132, 133, 113, 164, 130, 138, 139, 143, 147, 137, 136, 146, 145, 140, 141, 131, 127, 116, 117, 162, 123, 101, 103, 109, 107, 106, 105, 165, 114, 115, 104, 166, 108, 83, 37, 75, 11, 10, 76, 74, 12, 13, 18, 19, 32, 158, 36, 157, 33, 31, 30, 28, 27, 26, 23, 22, 21, 20, 39, 40, 45, 44, 48, 51, 63, 64, 56, 55, 54, 53, 43, 58, 57, 62, 61, 167, 70, 69, 84, 71, 60, 52, 46, 47, 49, 168, 72, 78, 82, 79, 80, 81, 110, 93, 92, 91, 94, 96, 97, 99, 100, 102, 163, 98, 95, 154, 89, 90, 86, 50, 38]
Długość trasy: 4070
Czas wykonania: 240001 ms

3: 4590
7813: 4090
7814: 4068
8070: 3739
7559: 4568
7560: 4546
7816: 4056
8072: 3721
7817: 4046
7562: 4522
7818: 4045
7820: 4027
7565: 4485
7825: 4025
7826: 3998
8212: 3704
7576: 4452
7584: 4443
7591: 4406
7849: 3986
7851: 3931
7853: 3917
7733: 4148
7606: 4367
8118: 3707
7736: 4139
7609: 4355
7737: 4137
7738: 4118
7742: 4095
7619: 4341
7621: 4318
8008: 3823
7625: 4298
8009: 3806
8010: 3786
7629: 4292
7631: 4262
7636: 4259
7892: 3889
7637: 4257
7896: 3851
7897: 3827
7643: 4206
7644: 4194
7645: 4168
7646: 4154
8292: 3701
8296: 3699
8054: 3775
8056: 3773
8060: 3751
Algorytm: Symulowane wyżarzanie: Zamiana losowych miast
Ilość wierzchołków: 171
Najkrótsza trasa: [108, 166, 93, 92, 91, 83, 84, 71, 49, 50, 52, 53, 46, 47, 48, 51, 60, 68, 167, 70, 69, 67, 65, 64, 57, 62, 61, 66, 63, 56, 54, 43, 44, 45, 40, 39, 37, 73, 77, 1, 2, 3, 4, 5, 133, 169, 112, 115, 102, 103, 163, 98, 95, 89, 88, 153, 154, 90, 94, 96, 97, 165, 104, 114, 109, 107, 106, 105, 99, 100, 101, 162, 123, 122, 120, 121, 124, 129, 128, 130, 131, 132, 111, 0, 38, 35, 157, 32, 158, 36, 75, 11, 12, 13, 17, 18, 20, 170, 168, 72, 78, 82, 79, 80, 81, 110, 113, 116, 117, 118, 119, 136, 137, 147, 135, 138, 139, 140, 134, 164, 127, 126, 125, 146, 145, 144, 143, 148, 149, 161, 152, 14, 15, 159, 16, 21, 22, 23, 26, 24, 25, 150, 160, 151, 142, 141, 6, 7, 8, 9, 10, 76, 74, 19, 29, 27, 28, 30, 31, 33, 34, 156, 155, 41, 42, 55, 58, 59, 87, 85, 86]
Długość trasy: 3699
Czas wykonania: 240001 ms

7746: 3960
3: 4211
7619: 4044
7621: 4032
7882: 3936
7499: 4133
7563: 4068
7501: 4128
7759: 3940
7504: 4100
8081: 3930
7507: 4092
7638: 3987
7577: 4057
7648: 3973
7655: 3964
7656: 3963
7467: 4187
7469: 4174
7473: 4170
7477: 4162
7479: 4147
7543: 4080
7482: 4141
7484: 4140
7485: 4138
Algorytm: Symulowane wyżarzanie: Zamiana losowych miast
Ilość wierzchołków: 171
Najkrótsza trasa: [131, 113, 115, 116, 117, 118, 119, 121, 122, 162, 123, 101, 102, 103, 163, 98, 95, 165, 104, 114, 164, 126, 128, 130, 132, 3, 5, 133, 169, 107, 106, 105, 97, 90, 154, 89, 88, 153, 87, 85, 50, 52, 53, 43, 44, 45, 40, 156, 35, 157, 33, 31, 30, 28, 27, 29, 34, 155, 41, 42, 46, 47, 48, 170, 73, 1, 2, 4, 6, 7, 8, 9, 78, 72, 71, 60, 168, 82, 79, 80, 81, 0, 111, 112, 127, 125, 146, 145, 144, 143, 152, 151, 15, 159, 16, 21, 38, 39, 51, 61, 66, 65, 56, 57, 62, 68, 167, 70, 86, 93, 166, 108, 83, 84, 69, 67, 63, 64, 55, 54, 58, 59, 75, 11, 10, 76, 74, 12, 18, 19, 20, 32, 158, 36, 37, 49, 77, 110, 109, 92, 91, 94, 96, 99, 100, 120, 124, 129, 136, 148, 149, 161, 14, 13, 17, 22, 23, 26, 24, 25, 150, 160, 142, 147, 137, 138, 135, 139, 140, 141, 134]
Długość trasy: 3930
Czas wykonania: 240001 ms

7616: 4218
7617: 4217
7937: 3844
7618: 4216
7746: 4021
4: 4543
7623: 4182
7886: 3895
7888: 3885
8405: 3808
7702: 4180
8086: 3820
8087: 3813
7576: 4242
7709: 4140
7712: 4103
7714: 4095
7459: 4503
7715: 4088
8036: 3831
7717: 4044
7718: 4029
7787: 3971
7475: 4390
7795: 3968
7476: 4374
7860: 3918
7477: 4352
7861: 3898
7479: 4347
7607: 4229
7480: 4337
7544: 4308
7481: 4319
7545: 4284
7801: 3960
7865: 3897
7610: 4223
7547: 4273
7357: 4538
7358: 4510
7614: 4222
Algorytm: Symulowane wyżarzanie: Zamiana losowych miast
Ilość wierzchołków: 171
Najkrótsza trasa: [106, 105, 102, 103, 118, 119, 124, 146, 145, 144, 143, 147, 137, 136, 129, 131, 3, 4, 5, 133, 169, 7, 8, 9, 2, 1, 0, 81, 80, 79, 82, 49, 39, 40, 46, 47, 52, 53, 43, 55, 54, 58, 57, 62, 61, 68, 67, 167, 92, 96, 99, 100, 101, 162, 123, 122, 120, 121, 148, 149, 161, 152, 142, 134, 132, 110, 109, 108, 166, 93, 91, 154, 89, 90, 94, 97, 165, 104, 114, 164, 127, 126, 125, 128, 130, 135, 138, 139, 140, 141, 6, 14, 13, 17, 32, 158, 36, 157, 33, 156, 34, 35, 31, 30, 28, 24, 25, 150, 160, 151, 15, 159, 16, 21, 29, 27, 26, 23, 22, 20, 75, 11, 10, 76, 74, 12, 18, 19, 37, 38, 155, 41, 42, 45, 44, 48, 73, 112, 113, 115, 116, 117, 163, 98, 95, 83, 51, 59, 66, 63, 56, 64, 65, 88, 153, 87, 70, 69, 85, 86, 84, 71, 60, 50, 170, 168, 72, 78, 77, 111, 107]
Długość trasy: 3808
Czas wykonania: 240001 ms

2: 3973
Algorytm: Symulowane wyżarzanie: Zamiana losowych miast
Ilość wierzchołków: 171
Najkrótsza trasa: [0, 1, 2, 77, 73, 170, 49, 50, 51, 52, 53, 43, 55, 54, 58, 59, 60, 61, 68, 67, 167, 70, 87, 85, 86, 83, 84, 71, 66, 65, 64, 56, 57, 62, 63, 88, 153, 154, 89, 90, 91, 94, 96, 97, 99, 98, 95, 92, 93, 166, 108, 107, 106, 105, 165, 163, 100, 102, 103, 117, 118, 119, 120, 121, 122, 123, 162, 101, 104, 114, 109, 113, 164, 127, 126, 125, 124, 129, 128, 130, 131, 132, 133, 134, 141, 6, 7, 8, 9, 10, 76, 74, 75, 11, 12, 18, 19, 20, 21, 22, 23, 26, 27, 28, 29, 30, 31, 33, 34, 156, 40, 39, 38, 37, 35, 36, 157, 41, 155, 42, 45, 44, 46, 47, 48, 168, 72, 78, 82, 79, 80, 81, 3, 4, 5, 169, 111, 110, 69, 158, 32, 17, 16, 24, 25, 150, 160, 151, 152, 143, 142, 144, 140, 149, 148, 147, 137, 136, 138, 135, 139, 14, 13, 15, 159, 161, 115, 116, 146, 145, 112]
Długość trasy: 3973
Czas wykonania: 240001 ms

3: 4116
8099: 4024
8133: 4021
8166: 4020
8074: 4101
8587: 3985
7791: 4108
8240: 4003
8211: 4007
8088: 4062
7801: 4106
8090: 4049
8092: 4031
8093: 4026
Algorytm: Symulowane wyżarzanie: Zamiana losowych miast
Ilość wierzchołków: 171
Najkrótsza trasa: [45, 51, 59, 61, 66, 65, 88, 96, 100, 102, 124, 146, 145, 144, 142, 151, 14, 160, 150, 161, 152, 143, 147, 136, 137, 139, 140, 141, 134, 131, 115, 117, 119, 120, 121, 122, 123, 162, 101, 98, 95, 94, 92, 70, 69, 85, 60, 52, 53, 43, 55, 54, 58, 57, 62, 63, 64, 56, 68, 67, 167, 77, 1, 0, 113, 116, 118, 103, 104, 114, 109, 107, 106, 105, 97, 165, 163, 99, 90, 91, 154, 89, 153, 87, 86, 84, 71, 50, 11, 10, 76, 12, 13, 29, 22, 23, 25, 149, 148, 138, 135, 6, 7, 8, 9, 2, 3, 4, 5, 133, 169, 111, 112, 164, 127, 126, 125, 129, 128, 130, 132, 110, 108, 93, 166, 83, 39, 40, 155, 41, 42, 46, 47, 48, 49, 170, 73, 168, 78, 82, 79, 80, 81, 72, 74, 75, 19, 20, 21, 32, 158, 36, 157, 33, 31, 30, 28, 27, 26, 24, 15, 159, 16, 17, 18, 37, 38, 35, 34, 156, 44]
Długość trasy: 3985
Czas wykonania: 240001 ms

7298: 4162
3: 4556
7492: 4062
7684: 3908
7238: 4430
7495: 4061
7559: 4022
7240: 4402
7496: 4043
7560: 4009
7241: 4352
7242: 4333
7243: 4327
7244: 4313
7308: 4127
7245: 4249
7309: 4113
7501: 4027
8526: 3865
7569: 3994
7825: 3879
7698: 3900
8019: 3868
7253: 4241
7574: 3992
7063: 4551
7064: 4530
7576: 3980
7065: 4504
7577: 3962
7578: 3944
7581: 3930
7326: 4091
7646: 3914
7583: 3924
7075: 4494
7331: 4073
7076: 4490
7657: 3913
7275: 4228
7277: 4202
7726: 3882
7601: 3920
7292: 4182
7486: 4063
Algorytm: Symulowane wyżarzanie: Zamiana losowych miast
Ilość wierzchołków: 171
Najkrótsza trasa: [4, 5, 133, 169, 112, 164, 127, 116, 117, 130, 135, 138, 139, 140, 141, 131, 132, 111, 3, 6, 7, 10, 76, 74, 19, 158, 32, 36, 157, 43, 55, 54, 58, 68, 69, 67, 167, 70, 87, 92, 98, 95, 96, 97, 104, 109, 108, 83, 84, 71, 60, 49, 35, 34, 156, 155, 42, 41, 33, 31, 30, 28, 27, 26, 23, 24, 15, 159, 16, 20, 37, 75, 11, 12, 18, 38, 39, 40, 44, 45, 46, 47, 52, 53, 48, 168, 72, 78, 82, 79, 80, 81, 0, 1, 2, 77, 73, 170, 50, 51, 59, 61, 66, 63, 64, 56, 57, 62, 65, 88, 153, 154, 89, 90, 91, 85, 86, 94, 100, 102, 103, 126, 125, 129, 136, 128, 118, 119, 120, 121, 146, 145, 144, 143, 142, 152, 134, 113, 115, 114, 110, 93, 166, 107, 106, 105, 165, 163, 99, 101, 123, 162, 122, 124, 137, 147, 148, 149, 161, 14, 13, 17, 21, 29, 22, 25, 150, 160, 151, 8, 9]
Długość trasy: 3865
Czas wykonania: 240001 ms

8513: 4135
7810: 4199
3: 4244
7813: 4179
7941: 4165
8390: 4152
7815: 4177
8465: 4150
8499: 4143
7957: 4163
7704: 4243
7801: 4239
8505: 4141
7866: 4167
7803: 4235
8027: 4158
7806: 4217
8510: 4139
Algorytm: Symulowane wyżarzanie: Zamiana losowych miast
Ilość wierzchołków: 171
Najkrótsza trasa: [9, 2, 1, 77, 43, 54, 58, 57, 62, 61, 69, 67, 66, 63, 64, 65, 56, 55, 42, 41, 155, 156, 40, 39, 44, 45, 46, 47, 170, 168, 72, 78, 82, 73, 35, 157, 28, 27, 26, 23, 15, 159, 16, 17, 29, 22, 24, 25, 150, 160, 151, 152, 149, 161, 115, 116, 117, 118, 119, 124, 129, 146, 145, 144, 14, 13, 21, 32, 158, 36, 37, 38, 75, 11, 10, 76, 74, 12, 18, 19, 20, 30, 31, 33, 34, 52, 53, 48, 51, 59, 68, 167, 70, 87, 92, 94, 99, 100, 101, 123, 162, 102, 103, 163, 95, 96, 127, 126, 125, 120, 121, 122, 136, 138, 139, 140, 141, 134, 131, 113, 104, 114, 109, 108, 166, 93, 85, 86, 83, 84, 71, 60, 50, 49, 111, 110, 107, 106, 105, 97, 98, 90, 89, 88, 153, 154, 91, 165, 164, 132, 80, 79, 81, 0, 3, 4, 5, 133, 169, 112, 142, 143, 148, 147, 137, 128, 130, 135, 6, 7, 8]
Długość trasy: 4135
Czas wykonania: 240001 ms

7681: 4053
3: 4174
7690: 4051
16461: 3962
7664: 4168
7665: 4142
7667: 4128
7669: 4108
7861: 4047
7670: 4103
7928: 3981
8121: 3964
7866: 4034
7772: 4050
7677: 4073
7933: 3979
7870: 4024
7871: 3994
7935: 3971
Algorytm: Symulowane wyżarzanie: Zamiana losowych miast
Ilość wierzchołków: 171
Najkrótsza trasa: [142, 131, 164, 127, 126, 125, 103, 163, 99, 98, 95, 93, 166, 107, 106, 105, 90, 88, 153, 154, 89, 91, 94, 96, 100, 101, 102, 109, 108, 83, 84, 71, 65, 56, 57, 62, 167, 70, 87, 85, 86, 92, 97, 165, 104, 114, 110, 0, 1, 2, 3, 4, 5, 133, 6, 8, 9, 10, 76, 74, 75, 11, 12, 13, 17, 18, 19, 20, 158, 32, 36, 157, 33, 34, 35, 156, 46, 47, 168, 72, 170, 38, 39, 40, 44, 45, 48, 51, 52, 53, 43, 55, 54, 58, 59, 50, 60, 61, 68, 69, 67, 66, 63, 64, 42, 155, 41, 31, 30, 28, 27, 26, 161, 14, 7, 81, 80, 79, 82, 78, 77, 73, 49, 37, 29, 15, 159, 16, 21, 22, 23, 24, 25, 150, 160, 151, 152, 149, 148, 147, 137, 138, 139, 140, 141, 134, 115, 116, 117, 118, 119, 120, 122, 123, 162, 121, 124, 136, 129, 128, 132, 169, 111, 112, 113, 130, 135, 146, 145, 144, 143]
Długość trasy: 3962
Czas wykonania: 240001 ms

7362: 4333
3: 4555
7363: 4332
7365: 4324
7366: 4284
7880: 4057
7629: 4259
7630: 4202
7631: 4182
8080: 4009
8082: 4006
7891: 4046
8083: 4001
7894: 4038
7966: 4035
8414: 3990
7651: 4181
8100: 3992
7847: 4097
7848: 4083
7849: 4064
7850: 4059
7980: 4031
7661: 4172
8045: 4022
7344: 4529
7728: 4113
7345: 4519
7346: 4495
7348: 4489
7732: 4110
7733: 4109
7670: 4155
7734: 4104
7671: 4144
7672: 4132
7674: 4114
7355: 4480
7356: 4387
7357: 4365
7359: 4344
Algorytm: Symulowane wyżarzanie: Zamiana losowych miast
Ilość wierzchołków: 171
Najkrótsza trasa: [107, 106, 105, 104, 113, 135, 138, 139, 140, 6, 7, 8, 13, 17, 20, 21, 29, 22, 26, 23, 24, 15, 159, 16, 32, 158, 36, 157, 41, 42, 44, 45, 48, 73, 1, 2, 0, 3, 4, 9, 5, 169, 112, 115, 98, 95, 94, 91, 87, 86, 83, 84, 69, 85, 96, 97, 165, 163, 99, 100, 103, 114, 116, 117, 118, 119, 120, 122, 162, 102, 164, 127, 126, 125, 137, 147, 136, 129, 146, 145, 144, 143, 141, 131, 132, 133, 134, 152, 142, 148, 149, 150, 161, 160, 151, 14, 25, 27, 28, 30, 31, 33, 34, 35, 155, 156, 40, 52, 53, 47, 168, 72, 82, 79, 81, 80, 78, 77, 74, 75, 10, 76, 11, 12, 18, 19, 37, 38, 39, 46, 51, 59, 61, 66, 65, 88, 153, 154, 89, 90, 101, 123, 121, 124, 128, 130, 111, 110, 109, 71, 60, 50, 49, 170, 43, 55, 54, 58, 57, 62, 63, 64, 56, 68, 67, 167, 70, 92, 93, 166, 108]
Długość trasy: 3990
Czas wykonania: 240001 ms

