11521: 11963
2: 23508
6: 23150
7: 23143
10: 23018
11: 22399
12: 22211
14: 21885
15: 21705
527: 15003
17: 21467
18: 21401
530: 14968
19: 21286
20: 20675
533: 14934
22: 20642
534: 14911
790: 14388
535: 14808
7191: 12584
25: 20563
2842: 13687
27: 20363
28: 20362
10524: 12121
11036: 12023
29: 20056
30: 19724
12064: 11860
11553: 11917
4133: 13027
39: 19717
18471: 11685
21031: 11648
40: 19557
553: 14788
3625: 13284
10282: 12205
11562: 11886
43: 19137
555: 14704
44: 19052
5932: 12982
45: 18668
558: 14668
559: 14638
5935: 12810
48: 18660
49: 18301
561: 14530
564: 14500
1332: 14225
12343: 11823
33591: 11336
57: 18071
569: 14484
58: 18019
60: 17894
40508: 11151
2877: 13648
40510: 11142
64: 17394
2880: 13622
66: 17286
10308: 12147
2887: 13615
40264: 11172
73: 17127
6730: 12746
77: 16837
1360: 14213
1616: 13939
82: 16559
1619: 13876
87: 16421
10841: 12053
91: 16304
3675: 13248
93: 16291
94: 16240
95: 16180
2912: 13551
97: 16053
98: 16031
99: 15971
100: 15947
102: 15892
103: 15827
6759: 12742
104: 15804
107: 15736
3435: 13376
108: 15715
109: 15697
3438: 13348
8560: 12412
28016: 11413
113: 15603
9073: 12363
19313: 11654
115: 15594
3444: 13289
118: 15588
119: 15576
2936: 13487
121: 15511
1402: 14192
125: 15387
7294: 12577
898: 14337
27778: 11489
7300: 12461
27780: 11467
9352: 12337
650: 14461
15243: 11756
27020: 11567
3984: 13210
55191: 11111
35738: 11265
5787: 12986
1185: 14281
7074: 12620
22434: 11612
185248: 11038
210336: 11018
3237: 13399
6565: 12777
11173: 11966
2983: 13442
2988: 13433
1453: 14143
5302: 13025
40118: 11244
5305: 12991
190: 15361
6081: 12780
4035: 13199
10186: 12266
1483: 14131
1486: 14096
1487: 14057
1492: 14007
30168: 11390
473: 15330
3801: 13243
9945: 12312
23257: 11570
476: 15292
480: 15263
2786: 13813
4067: 13153
61155: 11071
2789: 13773
2790: 13754
495: 15229
3567: 13286
9967: 12267
496: 15185
498: 15142
15612: 11698
765: 14456
Algorytm: Genetic Algorithm
Ilość wierzchołków: 171
Najkrótsza trasa: [5, 77, 79, 72, 44, 39, 12, 18, 76, 20, 27, 26, 23, 32, 157, 31, 48, 70, 96, 117, 81, 143, 148, 145, 140, 13, 29, 71, 58, 67, 69, 86, 85, 168, 158, 24, 15, 150, 125, 122, 103, 163, 92, 114, 151, 10, 156, 46, 54, 59, 61, 63, 88, 84, 64, 42, 155, 33, 22, 21, 36, 170, 82, 78, 1, 4, 25, 149, 144, 135, 8, 37, 50, 73, 80, 111, 104, 105, 97, 165, 89, 94, 99, 101, 109, 164, 9, 74, 43, 68, 91, 126, 134, 142, 141, 7, 110, 116, 147, 161, 14, 19, 35, 34, 41, 52, 53, 57, 153, 154, 90, 95, 107, 106, 102, 162, 123, 121, 146, 137, 136, 129, 130, 113, 166, 83, 132, 3, 159, 30, 40, 45, 60, 75, 11, 2, 133, 127, 118, 120, 169, 112, 108, 66, 55, 62, 65, 93, 98, 124, 128, 131, 152, 17, 28, 16, 38, 56, 47, 51, 49, 115, 167, 87, 100, 119, 138, 139, 6, 160, 0]
Długość trasy: 11018
Czas wykonania: 240001 ms

