5888: 18851
834: 21811
4611: 19486
3142: 19995
2698: 20362
150089: 16785
2253: 20527
271: 22877
12879: 18288
659: 22074
1107: 21671
13267: 18179
13525: 18064
1430: 20916
11990: 18301
33048: 17356
221275: 16784
5465: 19116
1886: 20915
10271: 18455
480: 22206
8353: 18489
8101: 18782
5094: 19408
168: 23183
13608: 17757
1004: 21674
1324: 21217
5297: 19289
3762: 19710
2163: 20611
12981: 18188
2614: 20386
2871: 20063
8185: 18699
9913: 18481
378: 22273
1978: 20791
10363: 18396
1213: 21281
46462: 16996
Algorytm: Genetic Algorithm
Ilość wierzchołków: 171
Najkrótsza trasa: [84, 71, 82, 147, 72, 28, 50, 1, 112, 80, 5, 169, 117, 6, 159, 19, 31, 14, 25, 144, 121, 127, 148, 143, 157, 54, 55, 35, 51, 138, 136, 142, 73, 75, 22, 17, 42, 155, 16, 38, 46, 108, 152, 59, 141, 100, 9, 161, 160, 12, 158, 170, 74, 18, 32, 43, 167, 102, 162, 120, 11, 10, 76, 13, 48, 21, 150, 111, 65, 70, 87, 168, 37, 52, 53, 47, 4, 110, 99, 103, 109, 118, 163, 63, 57, 62, 33, 134, 115, 126, 124, 151, 7, 20, 60, 44, 30, 23, 149, 83, 116, 119, 15, 26, 49, 34, 45, 68, 166, 98, 3, 156, 40, 164, 78, 133, 36, 92, 96, 93, 95, 145, 137, 107, 113, 106, 67, 56, 39, 125, 104, 114, 130, 29, 41, 61, 129, 128, 58, 91, 69, 88, 90, 154, 86, 140, 131, 79, 27, 24, 64, 165, 94, 153, 89, 97, 85, 66, 105, 101, 123, 122, 135, 146, 2, 8, 77, 139, 132, 81, 0]
Długość trasy: 16784
Czas wykonania: 240030 ms

