1155: 3390
1286: 2845
1544: 2153
905: 4146
1033: 3804
1166: 3384
1296: 2844
1426: 2384
405: 4903
1046: 3780
25: 5011
1305: 2701
1178: 3151
1435: 2356
1443: 2330
166: 4942
422: 4801
1324: 2672
1071: 3616
944: 4092
1458: 2296
825: 4271
1465: 2285
1083: 3528
1342: 2621
1473: 2269
1222: 3119
1351: 2549
1480: 2212
971: 4022
1360: 2517
1108: 3464
731: 4681
1243: 3019
225: 4906
996: 4003
1508: 2197
745: 4322
1386: 2481
1515: 2187
622: 4710
1264: 2909
1394: 2393
1522: 2168
1143: 3413
1274: 2883
19963: 2152
892: 4204
1021: 3991
Algorytm: Genetic Algorithm
Ilość wierzchołków: 48
Najkrótsza trasa: [20, 38, 37, 18, 17, 36, 14, 34, 35, 15, 45, 0, 25, 1, 10, 11, 8, 9, 33, 27, 28, 29, 30, 5, 6, 31, 7, 23, 13, 46, 16, 12, 32, 24, 4, 3, 2, 43, 40, 47, 26, 42, 22, 41, 19, 44, 39, 21]
Długość trasy: 2152
Czas wykonania: 120003 ms

