1074: 4593
1138: 4590
3: 4610
1171: 4588
1049: 4606
1178: 4584
1418: 4559
Algorytm: Symulowane wyżarzanie: Zamiana losowych miast
Ilość wierzchołków: 171
Najkrótsza trasa: [43, 57, 62, 61, 68, 167, 70, 87, 92, 96, 97, 126, 125, 146, 145, 144, 140, 131, 118, 102, 103, 163, 90, 153, 154, 89, 91, 94, 105, 99, 100, 101, 123, 162, 122, 120, 121, 129, 128, 130, 113, 115, 104, 114, 107, 106, 98, 95, 165, 135, 147, 148, 150, 160, 151, 13, 17, 75, 10, 76, 74, 11, 12, 18, 19, 29, 27, 26, 25, 8, 9, 1, 80, 79, 81, 0, 164, 127, 116, 117, 119, 124, 136, 137, 138, 139, 6, 142, 149, 161, 152, 143, 141, 133, 169, 112, 132, 111, 110, 109, 166, 93, 108, 83, 69, 67, 66, 63, 64, 56, 55, 54, 58, 65, 88, 86, 85, 84, 71, 50, 51, 46, 48, 170, 168, 72, 78, 82, 77, 49, 38, 35, 34, 33, 32, 158, 22, 21, 20, 37, 73, 2, 3, 4, 5, 134, 7, 14, 16, 36, 157, 31, 30, 28, 23, 24, 15, 159, 155, 41, 42, 44, 45, 59, 60, 39, 156, 40, 47, 52, 53]
Długość trasy: 4559
Czas wykonania: 240001 ms

2: 4174
Algorytm: Symulowane wyżarzanie: Zamiana losowych miast
Ilość wierzchołków: 171
Najkrótsza trasa: [0, 1, 2, 77, 73, 170, 49, 50, 51, 52, 53, 43, 55, 54, 58, 59, 60, 61, 68, 67, 167, 70, 87, 85, 86, 83, 84, 71, 66, 65, 64, 56, 57, 62, 63, 88, 153, 154, 89, 90, 91, 94, 96, 97, 99, 98, 95, 92, 93, 166, 108, 107, 106, 105, 165, 163, 100, 102, 103, 117, 118, 119, 120, 121, 122, 123, 162, 101, 104, 114, 109, 113, 164, 127, 126, 125, 124, 129, 140, 130, 131, 132, 133, 134, 141, 6, 7, 8, 9, 10, 76, 74, 75, 11, 12, 18, 19, 20, 21, 22, 23, 26, 27, 28, 29, 30, 31, 33, 34, 156, 40, 39, 38, 37, 35, 36, 157, 41, 155, 42, 45, 44, 46, 47, 48, 168, 72, 78, 82, 79, 80, 81, 3, 4, 5, 169, 111, 110, 69, 158, 32, 17, 16, 24, 25, 150, 160, 151, 152, 142, 143, 144, 128, 149, 148, 147, 137, 136, 138, 135, 139, 14, 13, 15, 159, 161, 115, 116, 146, 145, 112]
Długość trasy: 4174
Czas wykonania: 240000 ms

897: 4495
961: 4392
3: 4543
899: 4492
836: 4540
1098: 4283
973: 4369
974: 4333
1106: 4250
924: 4491
925: 4477
926: 4452
928: 4451
868: 4529
938: 4426
876: 4512
879: 4509
951: 4421
1015: 4331
952: 4412
890: 4502
954: 4405
955: 4398
1275: 4229
1278: 4226
959: 4393
Algorytm: Symulowane wyżarzanie: Zamiana losowych miast
Ilość wierzchołków: 171
Najkrótsza trasa: [69, 66, 56, 57, 62, 63, 64, 65, 88, 153, 87, 100, 102, 104, 113, 164, 127, 125, 118, 103, 163, 99, 98, 91, 86, 93, 166, 108, 83, 71, 168, 72, 82, 78, 77, 50, 51, 52, 46, 47, 156, 155, 42, 54, 53, 44, 45, 48, 59, 60, 73, 1, 0, 110, 109, 107, 106, 105, 97, 95, 92, 154, 89, 90, 94, 96, 165, 114, 130, 131, 126, 129, 146, 145, 144, 143, 147, 148, 140, 141, 6, 8, 9, 2, 80, 79, 81, 112, 132, 133, 169, 111, 3, 4, 5, 134, 115, 116, 117, 162, 101, 123, 122, 121, 120, 119, 124, 137, 136, 128, 135, 138, 139, 142, 152, 151, 7, 14, 15, 25, 150, 149, 161, 160, 26, 27, 23, 22, 24, 159, 16, 20, 39, 38, 35, 34, 41, 33, 31, 30, 28, 29, 21, 32, 158, 36, 75, 11, 12, 13, 17, 18, 37, 49, 170, 74, 10, 76, 19, 157, 40, 43, 55, 58, 61, 68, 67, 167, 70, 85, 84]
Długość trasy: 4226
Czas wykonania: 240001 ms

4: 4443
Algorytm: Symulowane wyżarzanie: Zamiana losowych miast
Ilość wierzchołków: 171
Najkrótsza trasa: [0, 1, 2, 77, 73, 170, 49, 50, 51, 52, 53, 43, 55, 54, 58, 59, 60, 61, 68, 67, 167, 70, 87, 85, 86, 83, 84, 71, 66, 65, 64, 56, 110, 62, 63, 88, 153, 154, 89, 90, 91, 94, 96, 97, 99, 98, 95, 92, 93, 166, 108, 107, 106, 105, 165, 163, 100, 102, 103, 117, 118, 119, 120, 121, 122, 123, 162, 101, 104, 114, 109, 113, 164, 127, 126, 125, 124, 129, 128, 130, 131, 132, 133, 134, 141, 6, 7, 8, 9, 10, 76, 74, 75, 11, 12, 18, 19, 20, 21, 22, 23, 26, 27, 28, 29, 30, 31, 33, 34, 156, 40, 39, 38, 37, 35, 36, 157, 41, 155, 42, 45, 44, 46, 47, 48, 168, 72, 78, 82, 79, 80, 81, 3, 4, 5, 169, 111, 57, 69, 158, 32, 17, 16, 24, 25, 150, 160, 151, 152, 142, 143, 144, 140, 149, 148, 147, 137, 136, 138, 135, 139, 14, 13, 15, 159, 161, 115, 116, 146, 145, 112]
Długość trasy: 4443
Czas wykonania: 240002 ms

3: 4110
Algorytm: Symulowane wyżarzanie: Zamiana losowych miast
Ilość wierzchołków: 171
Najkrótsza trasa: [0, 1, 2, 77, 73, 170, 49, 50, 51, 52, 53, 43, 55, 54, 58, 59, 60, 61, 68, 67, 167, 70, 87, 85, 86, 83, 84, 71, 66, 65, 64, 56, 57, 62, 63, 88, 153, 154, 89, 90, 91, 94, 96, 97, 99, 98, 95, 92, 93, 166, 108, 107, 106, 105, 165, 163, 100, 102, 103, 117, 118, 119, 120, 121, 122, 123, 162, 101, 104, 114, 109, 113, 164, 127, 126, 125, 124, 129, 128, 130, 131, 132, 133, 134, 141, 143, 7, 8, 9, 10, 76, 74, 75, 11, 12, 18, 19, 20, 21, 22, 23, 26, 27, 28, 29, 30, 31, 33, 34, 156, 40, 39, 38, 37, 35, 36, 157, 41, 155, 42, 45, 44, 46, 47, 48, 168, 72, 78, 82, 79, 80, 81, 3, 4, 5, 169, 111, 110, 69, 158, 32, 17, 16, 24, 25, 150, 160, 151, 152, 142, 6, 144, 140, 149, 148, 147, 137, 136, 138, 135, 139, 14, 13, 15, 159, 161, 115, 116, 146, 145, 112]
Długość trasy: 4110
Czas wykonania: 240001 ms

2: 4578
Algorytm: Symulowane wyżarzanie: Zamiana losowych miast
Ilość wierzchołków: 171
Najkrótsza trasa: [0, 1, 2, 77, 73, 170, 49, 50, 51, 52, 53, 43, 55, 54, 58, 59, 60, 61, 68, 67, 167, 70, 87, 85, 86, 83, 84, 71, 66, 65, 64, 56, 57, 62, 63, 88, 153, 154, 89, 90, 91, 94, 96, 97, 99, 98, 95, 92, 93, 166, 108, 107, 106, 105, 165, 163, 100, 102, 79, 117, 118, 119, 120, 121, 122, 123, 162, 101, 104, 114, 109, 113, 164, 127, 126, 125, 124, 129, 128, 130, 131, 132, 133, 134, 141, 6, 7, 8, 9, 10, 76, 74, 75, 11, 12, 18, 19, 20, 21, 22, 23, 26, 27, 28, 29, 30, 31, 33, 34, 156, 40, 39, 38, 37, 35, 36, 157, 41, 155, 42, 45, 44, 46, 47, 48, 168, 72, 78, 82, 103, 80, 81, 3, 4, 5, 169, 111, 110, 69, 158, 32, 17, 16, 24, 25, 150, 160, 151, 152, 142, 143, 144, 140, 149, 148, 147, 137, 136, 138, 135, 139, 14, 13, 15, 159, 161, 115, 116, 146, 145, 112]
Długość trasy: 4578
Czas wykonania: 240000 ms

3: 4544
Algorytm: Symulowane wyżarzanie: Zamiana losowych miast
Ilość wierzchołków: 171
Najkrótsza trasa: [0, 1, 2, 77, 73, 170, 49, 50, 51, 52, 53, 43, 55, 54, 58, 59, 60, 61, 68, 67, 167, 70, 87, 85, 86, 83, 84, 71, 66, 65, 64, 56, 57, 62, 63, 88, 153, 154, 89, 90, 91, 94, 96, 97, 99, 98, 137, 92, 93, 166, 108, 107, 106, 105, 165, 163, 100, 102, 103, 117, 118, 119, 120, 121, 122, 123, 162, 101, 104, 114, 109, 113, 164, 127, 126, 125, 124, 129, 128, 130, 131, 132, 133, 134, 141, 6, 7, 8, 9, 10, 76, 74, 75, 11, 12, 18, 19, 20, 21, 22, 23, 26, 27, 28, 29, 30, 31, 33, 34, 156, 40, 39, 38, 37, 35, 36, 157, 41, 155, 42, 45, 44, 46, 47, 48, 168, 72, 78, 82, 79, 80, 81, 3, 4, 5, 169, 111, 110, 69, 158, 32, 17, 16, 24, 25, 150, 160, 151, 152, 142, 143, 144, 140, 149, 148, 147, 95, 136, 138, 135, 139, 14, 13, 15, 159, 161, 115, 116, 146, 145, 112]
Długość trasy: 4544
Czas wykonania: 240001 ms

832: 4930
833: 4920
897: 4861
3: 4959
836: 4892
1098: 4711
1037: 4794
846: 4884
910: 4853
1039: 4781
1552: 4653
849: 4883
851: 4879
1363: 4659
1302: 4690
924: 4837
1053: 4774
1312: 4683
865: 4876
1254: 4710
1640: 4636
938: 4826
1450: 4656
1642: 4633
944: 4800
1271: 4704
888: 4862
1274: 4691
1660: 4631
Algorytm: Symulowane wyżarzanie: Zamiana losowych miast
Ilość wierzchołków: 171
Najkrótsza trasa: [23, 22, 32, 158, 36, 157, 33, 34, 40, 156, 155, 41, 42, 44, 45, 48, 73, 164, 127, 126, 125, 147, 148, 149, 161, 151, 8, 82, 79, 80, 81, 0, 112, 104, 114, 113, 130, 135, 136, 137, 129, 128, 115, 116, 122, 162, 123, 101, 98, 95, 97, 165, 163, 99, 100, 102, 138, 139, 140, 134, 132, 133, 169, 111, 110, 109, 166, 83, 50, 49, 170, 168, 5, 91, 154, 90, 89, 88, 153, 84, 69, 63, 53, 43, 55, 54, 58, 59, 68, 67, 85, 86, 92, 94, 96, 131, 3, 4, 9, 2, 1, 77, 78, 72, 71, 60, 61, 66, 65, 64, 56, 57, 62, 167, 70, 87, 93, 107, 106, 105, 103, 117, 118, 119, 124, 146, 145, 144, 143, 121, 120, 108, 51, 52, 46, 47, 39, 38, 35, 31, 152, 142, 141, 6, 7, 159, 16, 17, 29, 30, 28, 27, 26, 24, 15, 25, 150, 160, 14, 13, 21, 20, 37, 11, 10, 76, 74, 75, 12, 18, 19]
Długość trasy: 4631
Czas wykonania: 240001 ms

3: 4636
Algorytm: Symulowane wyżarzanie: Zamiana losowych miast
Ilość wierzchołków: 171
Najkrótsza trasa: [0, 1, 2, 77, 73, 170, 49, 50, 51, 52, 53, 43, 55, 54, 58, 59, 60, 61, 68, 67, 167, 70, 87, 85, 86, 83, 84, 71, 66, 65, 64, 56, 57, 62, 63, 88, 153, 154, 89, 90, 91, 94, 96, 97, 99, 98, 95, 92, 93, 166, 108, 107, 106, 105, 165, 163, 100, 102, 103, 117, 118, 119, 120, 121, 122, 123, 162, 101, 104, 114, 109, 113, 164, 127, 126, 125, 124, 129, 128, 130, 131, 132, 133, 134, 141, 6, 7, 8, 9, 10, 76, 74, 75, 11, 12, 18, 19, 20, 21, 22, 23, 26, 27, 28, 29, 30, 31, 33, 34, 156, 40, 39, 38, 37, 35, 36, 157, 41, 155, 42, 45, 44, 46, 47, 48, 168, 146, 78, 82, 79, 80, 81, 3, 4, 5, 169, 111, 110, 69, 158, 32, 17, 16, 24, 25, 150, 160, 151, 152, 142, 143, 144, 140, 149, 148, 147, 137, 136, 138, 135, 139, 14, 13, 15, 159, 161, 115, 116, 72, 145, 112]
Długość trasy: 4636
Czas wykonania: 240001 ms

3: 4104
Algorytm: Symulowane wyżarzanie: Zamiana losowych miast
Ilość wierzchołków: 171
Najkrótsza trasa: [0, 1, 2, 77, 73, 170, 49, 50, 51, 52, 53, 43, 55, 54, 58, 59, 60, 61, 68, 67, 167, 70, 87, 85, 86, 83, 84, 71, 66, 65, 64, 56, 57, 62, 63, 88, 153, 154, 89, 90, 91, 163, 96, 97, 99, 98, 95, 92, 93, 166, 108, 107, 106, 105, 165, 94, 100, 102, 103, 117, 118, 119, 120, 121, 122, 123, 162, 101, 104, 114, 109, 113, 164, 127, 126, 125, 124, 129, 128, 130, 131, 132, 133, 134, 141, 6, 7, 8, 9, 10, 76, 74, 75, 11, 12, 18, 19, 20, 21, 22, 23, 26, 27, 28, 29, 30, 31, 33, 34, 156, 40, 39, 38, 37, 35, 36, 157, 41, 155, 42, 45, 44, 46, 47, 48, 168, 72, 78, 82, 79, 80, 81, 3, 4, 5, 169, 111, 110, 69, 158, 32, 17, 16, 24, 25, 150, 160, 151, 152, 142, 143, 144, 140, 149, 148, 147, 137, 136, 138, 135, 139, 14, 13, 15, 159, 161, 115, 116, 146, 145, 112]
Długość trasy: 4104
Czas wykonania: 240001 ms

