1664: 6507
5376: 6279
15232: 6109
5892: 6276
1861: 6371
1158: 6686
265: 7040
188360: 5855
331: 6951
654: 6804
6031: 6213
32468: 6044
2517: 6331
15063: 6125
29079: 6102
38105: 6009
40345: 5983
926: 6748
1696: 6441
40418: 5960
153825: 5927
229: 7044
1253: 6606
1829: 6374
1126: 6734
551: 6864
299: 7039
2475: 6367
47: 7120
1393: 6556
154480: 5884
188976: 5833
437: 6902
14133: 6162
119: 7118
86075: 5933
Algorytm: Genetic Algorithm
Ilość wierzchołków: 403
Najkrótsza trasa: [73, 124, 230, 138, 239, 51, 43, 231, 379, 240, 321, 38, 318, 212, 270, 247, 19, 88, 235, 106, 77, 286, 258, 140, 63, 29, 118, 222, 296, 342, 111, 15, 152, 150, 213, 158, 48, 188, 202, 201, 363, 276, 45, 302, 345, 236, 83, 218, 198, 90, 14, 216, 399, 269, 40, 263, 161, 356, 211, 322, 272, 273, 306, 178, 103, 232, 12, 32, 274, 243, 36, 242, 250, 110, 159, 225, 166, 74, 174, 200, 194, 380, 203, 358, 69, 76, 8, 75, 165, 39, 184, 66, 119, 4, 381, 136, 309, 133, 369, 378, 71, 102, 241, 324, 348, 137, 16, 47, 226, 295, 11, 268, 60, 264, 388, 164, 80, 262, 35, 349, 344, 221, 114, 62, 92, 289, 354, 162, 297, 72, 79, 122, 238, 173, 50, 256, 329, 115, 387, 199, 384, 278, 123, 193, 350, 337, 319, 284, 327, 316, 255, 99, 396, 46, 104, 10, 95, 153, 368, 267, 27, 367, 323, 362, 307, 59, 33, 34, 365, 93, 312, 67, 217, 84, 41, 259, 206, 376, 25, 55, 334, 157, 191, 300, 290, 86, 382, 265, 291, 167, 160, 219, 279, 57, 58, 377, 134, 370, 320, 49, 299, 234, 117, 305, 215, 176, 280, 210, 246, 310, 341, 251, 112, 121, 2, 282, 281, 398, 155, 328, 395, 195, 26, 252, 339, 151, 352, 190, 185, 81, 400, 186, 181, 169, 177, 89, 1, 336, 154, 325, 87, 37, 13, 260, 375, 223, 248, 343, 96, 245, 374, 317, 331, 347, 351, 3, 107, 386, 144, 142, 294, 98, 175, 129, 100, 209, 53, 141, 392, 393, 192, 108, 292, 5, 205, 389, 21, 308, 147, 91, 383, 338, 105, 355, 244, 346, 314, 288, 271, 207, 68, 364, 372, 17, 101, 277, 130, 335, 44, 227, 30, 168, 171, 237, 42, 249, 113, 357, 330, 143, 353, 94, 64, 7, 333, 20, 402, 120, 127, 180, 22, 214, 311, 373, 261, 65, 9, 197, 287, 257, 254, 366, 371, 70, 61, 391, 54, 170, 23, 204, 139, 293, 135, 326, 285, 97, 394, 359, 149, 146, 196, 401, 6, 132, 31, 126, 172, 397, 28, 24, 85, 233, 298, 187, 224, 220, 56, 189, 340, 385, 148, 390, 360, 301, 179, 183, 128, 228, 82, 78, 332, 313, 116, 131, 229, 253, 18, 283, 315, 52, 156, 275, 303, 109, 304, 125, 361, 182, 208, 266, 163, 145, 0]
Długość trasy: 5833
Czas wykonania: 360006 ms

