22537: 2509
22031: 2524
22543: 2508
17937: 3285
17938: 3264
18450: 3128
18451: 3119
17940: 3256
17941: 3251
24: 3544
266793: 2487
22062: 2520
22577: 2507
22579: 2506
17972: 3245
17973: 3237
20021: 2659
20022: 2657
17976: 3233
19000: 2848
17977: 3206
17978: 3205
17980: 3200
20032: 2655
20033: 2654
19010: 2844
20034: 2653
20547: 2567
20551: 2565
21577: 2534
22602: 2505
19020: 2838
19022: 2835
19023: 2821
22109: 2519
19043: 2817
20579: 2564
19044: 2807
19046: 2804
19048: 2803
20072: 2651
19049: 2802
19050: 2797
22123: 2518
19053: 2796
19054: 2793
20081: 2648
20083: 2647
20084: 2645
20092: 2641
20093: 2639
20609: 2563
18053: 3199
20613: 2562
22662: 2503
18567: 3115
18056: 3184
18568: 3105
18057: 3179
20617: 2561
18570: 3101
18571: 3098
20619: 2560
18572: 3096
21644: 2531
18573: 3094
18574: 3087
18063: 3178
18575: 3082
18064: 3165
18065: 3158
18578: 3066
20119: 2638
18585: 3058
18586: 3053
20122: 2636
21146: 2548
21148: 2547
20125: 2633
20126: 2632
18591: 3035
18593: 3028
18594: 3017
18595: 3013
18596: 3011
19620: 2711
20132: 2631
20135: 2630
18600: 2995
18601: 2994
158379: 2493
18602: 2991
19626: 2710
20138: 2629
20139: 2622
18604: 2988
19628: 2705
18605: 2985
19629: 2704
20141: 2619
20142: 2618
19636: 2701
19637: 2700
22199: 2517
20157: 2617
22209: 2515
22225: 2513
20178: 2616
18652: 2984
18653: 2983
18654: 2981
20190: 2615
18655: 2972
20196: 2612
20199: 2609
18664: 2971
18665: 2968
18672: 2964
18673: 2963
18674: 2953
19700: 2697
18677: 2948
18678: 2940
19702: 2694
22265: 2512
19706: 2693
19718: 2692
19719: 2690
22279: 2511
19723: 2688
19724: 2687
19725: 2683
20757: 2558
20758: 2557
17689: 3530
17692: 3521
17693: 3503
17694: 3498
20767: 2556
28960: 2499
19750: 2682
20774: 2553
20776: 2552
19753: 2681
19754: 2677
19756: 2673
22828: 2502
19759: 2671
20783: 2551
19760: 2669
19761: 2667
19762: 2666
19763: 2665
19769: 2662
20793: 2550
20283: 2604
20285: 2595
20288: 2594
21316: 2546
20293: 2593
20300: 2589
20301: 2586
20302: 2585
21327: 2545
20309: 2581
21335: 2544
17752: 3496
20312: 2577
21336: 2543
17753: 3467
21337: 2541
22874: 2501
17768: 3463
19306: 2789
17771: 3453
17774: 3444
19310: 2784
19311: 2781
17776: 3428
17778: 3412
17779: 3385
17780: 3365
17781: 3350
19317: 2779
17782: 3349
19319: 2777
21879: 2529
19321: 2773
19326: 2772
19328: 2770
30083: 2495
19334: 2762
19336: 2758
21385: 2540
19338: 2757
19339: 2756
19346: 2755
18835: 2937
19347: 2753
19353: 2746
19356: 2738
19357: 2732
19358: 2731
18850: 2932
18851: 2931
20387: 2576
18852: 2930
19365: 2724
19368: 2723
20393: 2575
19371: 2721
19372: 2716
22957: 2500
21936: 2527
18871: 2927
18872: 2924
18361: 3157
18873: 2921
18874: 2919
18363: 3155
18875: 2914
18364: 3150
18876: 2904
18879: 2901
21450: 2538
18383: 3144
18384: 3142
18386: 3137
18898: 2900
18899: 2895
18900: 2884
18901: 2879
18902: 2878
18903: 2876
18392: 3135
18904: 2867
17882: 3345
18907: 2857
18908: 2852
21469: 2537
20448: 2574
19433: 2715
17898: 3336
19434: 2712
17914: 3328
21498: 2536
17915: 3307
21499: 2535
17918: 3291
Algorytm: Symulowane wyżarzanie: Zamiana losowych miast
Ilość wierzchołków: 403
Najkrótsza trasa: [82, 247, 159, 20, 86, 11, 263, 201, 118, 218, 84, 46, 331, 323, 168, 235, 121, 316, 351, 350, 23, 225, 176, 156, 258, 209, 28, 182, 43, 384, 383, 9, 360, 69, 178, 100, 98, 104, 102, 276, 259, 374, 363, 379, 397, 394, 14, 62, 366, 321, 289, 137, 367, 76, 32, 322, 272, 356, 2, 61, 317, 241, 330, 131, 355, 305, 296, 127, 399, 398, 396, 83, 180, 165, 283, 277, 188, 299, 49, 215, 73, 142, 92, 146, 320, 217, 203, 65, 239, 70, 336, 292, 343, 24, 13, 243, 38, 391, 210, 157, 1, 361, 347, 341, 177, 64, 15, 110, 230, 382, 381, 93, 145, 111, 369, 132, 306, 216, 200, 18, 193, 248, 348, 290, 163, 3, 47, 112, 402, 287, 395, 103, 313, 378, 122, 119, 115, 338, 233, 380, 204, 78, 226, 325, 125, 74, 400, 307, 143, 340, 237, 231, 205, 315, 153, 75, 251, 113, 186, 53, 309, 130, 77, 31, 319, 345, 173, 6, 162, 48, 106, 359, 81, 22, 21, 179, 368, 68, 171, 63, 224, 90, 72, 337, 155, 7, 40, 39, 385, 199, 332, 37, 36, 152, 310, 354, 342, 71, 79, 96, 94, 184, 4, 95, 271, 220, 197, 295, 151, 101, 164, 25, 172, 26, 58, 8, 240, 219, 388, 208, 264, 274, 357, 328, 281, 236, 227, 144, 211, 33, 376, 183, 17, 279, 105, 19, 57, 85, 42, 242, 117, 285, 282, 293, 161, 148, 154, 174, 185, 302, 89, 372, 278, 266, 108, 255, 175, 291, 362, 311, 55, 268, 16, 252, 191, 160, 365, 50, 312, 35, 91, 254, 223, 214, 202, 126, 10, 123, 192, 66, 273, 257, 140, 334, 124, 339, 314, 59, 207, 45, 99, 389, 187, 373, 52, 401, 29, 234, 228, 297, 375, 371, 327, 194, 324, 212, 238, 229, 393, 213, 41, 88, 244, 80, 158, 269, 232, 133, 87, 56, 364, 303, 377, 136, 107, 386, 190, 138, 198, 128, 97, 129, 308, 5, 335, 262, 261, 245, 221, 67, 189, 149, 51, 298, 304, 260, 166, 300, 181, 346, 114, 353, 352, 134, 288, 222, 250, 333, 267, 286, 60, 44, 387, 349, 344, 196, 0, 318, 265, 326, 147, 141, 392, 120, 116, 135, 270, 170, 284, 329, 294, 370, 358, 109, 275, 390, 195, 280, 12, 253, 246, 206, 30, 167, 54, 139, 169, 27, 301, 256, 249, 150, 34]
Długość trasy: 2487
Czas wykonania: 360002 ms

19968: 2649
18434: 3053
18951: 2878
19975: 2645
18952: 2873
19976: 2644
18953: 2865
18959: 2861
18961: 2858
18962: 2852
18963: 2850
18964: 2846
23: 3626
18968: 2838
18969: 2834
22559: 2524
18981: 2833
18983: 2832
25127: 2522
17964: 3324
17965: 3301
17966: 3292
18478: 3052
18990: 2828
17967: 3286
18479: 3049
20015: 2639
18480: 3046
20016: 2638
20529: 2588
17463: 3607
17464: 3606
20026: 2633
20539: 2586
20029: 2629
20030: 2627
20031: 2624
19520: 2709
20032: 2623
21056: 2568
20546: 2585
17475: 3591
17476: 3583
17477: 3561
27206: 2512
17479: 3555
18503: 3037
20039: 2622
20551: 2583
22087: 2538
20040: 2621
20552: 2580
21065: 2565
19530: 2708
19020: 2825
19533: 2701
20557: 2575
18510: 3030
18511: 3025
19023: 2823
19535: 2691
18514: 3024
17491: 3551
18516: 3019
17493: 3539
18517: 3014
17496: 3531
19552: 2690
19555: 2688
19054: 2817
19055: 2816
19057: 2815
19572: 2687
19576: 2683
19577: 2682
19066: 2810
19067: 2804
19579: 2681
22139: 2537
18568: 3011
19080: 2800
18569: 3006
20105: 2620
18570: 3002
18571: 2994
19083: 2797
19084: 2796
19086: 2791
18063: 3283
19087: 2789
19088: 2788
19090: 2787
22162: 2536
22164: 2535
20117: 2618
19104: 2785
18083: 3282
20132: 2611
18086: 3262
19110: 2782
19111: 2780
19625: 2676
19626: 2674
20138: 2610
22191: 2533
19635: 2672
18105: 3256
22207: 2529
18119: 3253
18120: 3235
18121: 3224
18122: 3220
18124: 3216
19148: 2776
21204: 2564
18146: 3207
18147: 3201
19689: 2667
21225: 2563
20203: 2608
21229: 2562
21745: 2560
21749: 2557
21752: 2555
19195: 2771
19203: 2769
19209: 2768
19211: 2766
21261: 2561
19215: 2762
22800: 2523
19218: 2757
19221: 2754
18199: 3198
19223: 2748
19224: 2745
20251: 2605
31004: 2510
19230: 2742
19232: 2741
19233: 2740
19234: 2735
21795: 2553
21800: 2552
19241: 2734
21802: 2551
19244: 2733
19246: 2729
19248: 2727
17713: 3530
19249: 2724
17714: 3527
20274: 2603
17715: 3510
19251: 2716
20275: 2602
17716: 3499
19253: 2713
18742: 2992
18743: 2991
18744: 2988
20280: 2601
20281: 2599
18746: 2980
18749: 2976
18751: 2971
18771: 2963
18772: 2962
18778: 2958
18779: 2957
18780: 2950
20828: 2571
18781: 2941
20830: 2569
22366: 2525
18783: 2939
99179: 2506
20335: 2598
20336: 2597
18803: 2916
18804: 2909
18805: 2905
18806: 2897
18808: 2889
18809: 2888
19847: 2666
19849: 2664
18315: 3189
18316: 3184
19853: 2663
19864: 2661
19866: 2660
19867: 2658
91546: 2509
222616: 2497
19869: 2653
17823: 3495
17824: 3486
17825: 3479
21923: 2550
18343: 3183
17832: 3475
18344: 3172
17833: 3444
18345: 3157
21929: 2545
17834: 3399
18346: 3144
17835: 3391
18347: 3133
18349: 3132
17839: 3388
21935: 2544
17840: 3382
17841: 3380
17843: 3377
17844: 3372
20406: 2595
18871: 2885
18875: 2884
18876: 2881
18877: 2880
21949: 2542
21956: 2540
20432: 2593
18385: 3131
20438: 2592
18391: 3125
18392: 3105
20443: 2590
20444: 2589
17889: 3368
18402: 3091
17891: 3341
18403: 3071
17892: 3333
17893: 3330
18408: 3057
18412: 3054
Algorytm: Symulowane wyżarzanie: Zamiana losowych miast
Ilość wierzchołków: 403
Najkrótsza trasa: [219, 85, 236, 227, 381, 136, 336, 321, 289, 127, 399, 377, 218, 349, 309, 331, 323, 400, 237, 140, 334, 244, 80, 42, 130, 77, 31, 214, 192, 189, 231, 243, 268, 16, 47, 113, 83, 104, 203, 123, 43, 384, 383, 84, 107, 386, 99, 389, 313, 20, 163, 3, 330, 343, 239, 70, 253, 311, 271, 257, 159, 378, 198, 318, 179, 368, 32, 280, 279, 234, 228, 71, 153, 75, 184, 4, 149, 51, 298, 106, 359, 187, 133, 307, 143, 340, 64, 365, 176, 156, 258, 373, 402, 287, 357, 328, 350, 345, 299, 49, 215, 344, 135, 270, 202, 169, 27, 172, 26, 364, 303, 122, 40, 39, 178, 138, 92, 347, 352, 221, 300, 220, 197, 295, 248, 348, 329, 294, 206, 30, 245, 232, 222, 250, 88, 69, 301, 120, 392, 351, 370, 322, 317, 102, 91, 337, 246, 33, 376, 68, 86, 11, 29, 209, 28, 207, 45, 174, 185, 264, 274, 395, 193, 132, 306, 305, 296, 233, 380, 379, 190, 100, 98, 79, 353, 263, 78, 382, 212, 304, 394, 225, 262, 261, 194, 324, 320, 131, 355, 115, 94, 124, 339, 360, 96, 66, 60, 44, 385, 199, 312, 35, 170, 284, 375, 371, 188, 173, 52, 119, 73, 167, 139, 58, 277, 341, 285, 282, 281, 125, 273, 272, 356, 2, 61, 327, 314, 59, 238, 229, 393, 213, 41, 224, 387, 34, 397, 5, 195, 150, 9, 332, 37, 36, 217, 145, 242, 117, 182, 181, 346, 114, 196, 0, 103, 87, 374, 363, 204, 211, 208, 333, 267, 109, 275, 154, 308, 260, 157, 1, 65, 316, 177, 155, 7, 183, 17, 12, 105, 391, 390, 283, 8, 354, 342, 186, 53, 90, 72, 297, 142, 265, 326, 210, 162, 48, 24, 13, 205, 362, 230, 226, 325, 97, 276, 259, 128, 372, 278, 18, 129, 255, 95, 10, 160, 15, 180, 165, 152, 76, 401, 6, 235, 121, 93, 161, 148, 147, 82, 247, 249, 50, 56, 361, 146, 144, 141, 116, 302, 118, 252, 191, 251, 358, 46, 201, 89, 166, 67, 338, 367, 310, 168, 134, 288, 151, 101, 171, 63, 398, 396, 293, 158, 269, 164, 25, 110, 175, 291, 315, 23, 14, 62, 54, 126, 55, 108, 256, 335, 366, 292, 290, 137, 81, 22, 21, 241, 112, 19, 266, 286, 74, 319, 38, 111, 369, 388, 254, 223, 216, 200, 57, 240]
Długość trasy: 2497
Czas wykonania: 360001 ms

22532: 2503
18963: 2722
61972: 2486
18965: 2719
18966: 2714
24: 3585
18968: 2711
18969: 2710
20008: 2547
20010: 2545
19509: 2612
17465: 3491
19513: 2610
21580: 2511
19541: 2607
19545: 2606
18523: 2936
19547: 2604
18525: 2935
18526: 2934
19550: 2602
18527: 2933
17504: 3480
18528: 2920
17505: 3472
18529: 2917
17506: 3464
18531: 2912
18532: 2910
17511: 3460
17518: 3437
17519: 3428
22127: 2507
17520: 3427
17527: 3418
17528: 3398
22650: 2502
29820: 2491
21630: 2510
20102: 2544
19594: 2601
19597: 2598
19601: 2595
18066: 3176
18067: 3167
19092: 2707
17557: 3388
17558: 3385
18070: 3158
18071: 3145
18072: 3142
19609: 2594
19611: 2593
18077: 3132
17058: 3582
17059: 3571
18083: 3128
17060: 3549
17061: 3546
18085: 3127
17062: 3545
18086: 3121
18087: 3119
17064: 3540
18088: 3110
18093: 3091
17582: 3384
19630: 2592
17584: 3377
18098: 3075
19635: 2584
19636: 2582
17590: 3365
17591: 3359
17592: 3354
17594: 3350
17596: 3347
19136: 2706
19137: 2705
19138: 2701
19139: 2694
19140: 2686
19141: 2685
19653: 2580
19654: 2577
19143: 2680
19144: 2677
17613: 3337
17614: 3331
19150: 2667
21710: 2509
19151: 2666
19154: 2651
17621: 3326
18645: 2895
17622: 3324
18646: 2893
19158: 2649
18647: 2883
19159: 2647
18649: 2880
18138: 3068
18140: 3066
18652: 2878
18141: 3065
18653: 2874
19165: 2641
18142: 3059
18654: 2873
19166: 2638
18143: 3054
18144: 3052
18146: 3051
18147: 3046
18154: 3044
20714: 2537
17649: 3312
17650: 3303
17651: 3302
18164: 3039
20724: 2536
17653: 3299
20726: 2534
18679: 2870
18680: 2866
20731: 2533
18172: 3033
20226: 2540
19205: 2637
20753: 2531
20761: 2529
19238: 2634
19239: 2632
19241: 2625
19242: 2624
20779: 2527
19756: 2574
19758: 2571
18735: 2865
18739: 2862
18740: 2861
19773: 2568
18750: 2855
19774: 2566
18751: 2853
18752: 2846
19776: 2564
18754: 2838
19778: 2561
18755: 2835
18756: 2834
22853: 2501
19782: 2557
18759: 2823
18760: 2821
18761: 2817
18763: 2813
19788: 2556
18266: 3027
19802: 2555
22874: 2500
18267: 3021
19808: 2552
20325: 2539
18279: 3020
18280: 3018
18281: 3014
18282: 3012
18799: 2806
18800: 2794
18808: 2790
18809: 2784
20345: 2538
18810: 2776
21378: 2515
18309: 3010
18310: 3008
19334: 2615
17804: 3298
18828: 2773
17805: 3269
17806: 3259
18319: 2987
18831: 2769
18320: 2984
17809: 3255
17810: 3254
17305: 3514
17306: 3510
17309: 3494
17821: 3244
18846: 2766
19870: 2550
17823: 3239
18847: 2765
18848: 2763
18849: 2756
18850: 2748
19878: 2549
18355: 2981
18356: 2979
18357: 2964
18358: 2960
18359: 2957
17863: 3229
29128: 2499
18381: 2956
18382: 2955
18383: 2952
21458: 2514
18902: 2743
20952: 2521
21464: 2512
20954: 2519
18912: 2734
18913: 2733
18914: 2732
18918: 2731
18919: 2725
18920: 2723
20969: 2517
17898: 3198
17899: 3190
17900: 3179
20975: 2516
18417: 2949
18418: 2944
Algorytm: Symulowane wyżarzanie: Zamiana losowych miast
Ilość wierzchołków: 403
Najkrótsza trasa: [385, 199, 295, 286, 74, 214, 332, 296, 126, 10, 230, 226, 147, 128, 166, 67, 189, 397, 5, 285, 282, 46, 105, 19, 266, 172, 26, 268, 16, 328, 257, 43, 34, 65, 177, 153, 75, 140, 334, 33, 376, 245, 304, 394, 225, 331, 378, 198, 141, 116, 91, 119, 354, 200, 122, 40, 263, 152, 310, 309, 103, 276, 49, 37, 79, 96, 338, 78, 382, 320, 42, 93, 203, 253, 251, 113, 370, 358, 107, 61, 395, 361, 347, 158, 269, 171, 63, 345, 299, 298, 291, 362, 104, 84, 391, 390, 64, 365, 244, 80, 181, 346, 114, 62, 176, 156, 210, 188, 173, 29, 182, 283, 277, 341, 239, 117, 39, 367, 76, 194, 380, 289, 202, 132, 243, 88, 353, 352, 92, 51, 259, 133, 82, 247, 77, 31, 216, 342, 57, 157, 339, 364, 303, 297, 178, 138, 398, 396, 262, 261, 68, 388, 348, 329, 294, 83, 108, 256, 249, 167, 54, 123, 192, 94, 265, 326, 258, 87, 387, 384, 383, 161, 148, 154, 97, 232, 155, 143, 139, 4, 222, 185, 23, 14, 69, 374, 363, 204, 302, 89, 130, 366, 292, 343, 314, 59, 99, 389, 333, 267, 272, 356, 164, 25, 373, 355, 305, 215, 400, 316, 120, 392, 351, 327, 312, 35, 85, 201, 118, 318, 206, 30, 196, 0, 95, 271, 350, 142, 86, 101, 137, 36, 127, 399, 71, 208, 240, 219, 336, 321, 379, 110, 183, 17, 12, 38, 209, 41, 264, 330, 402, 287, 357, 322, 281, 102, 235, 121, 2, 386, 160, 15, 224, 242, 70, 335, 231, 205, 315, 150, 145, 237, 186, 53, 344, 220, 197, 81, 22, 21, 193, 221, 300, 218, 9, 217, 349, 115, 66, 60, 44, 169, 27, 125, 273, 293, 190, 100, 98, 246, 135, 280, 279, 375, 371, 111, 369, 170, 284, 290, 207, 45, 195, 180, 359, 187, 313, 7, 179, 368, 254, 223, 52, 401, 319, 184, 109, 275, 325, 32, 274, 317, 311, 55, 106, 165, 151, 11, 340, 236, 227, 212, 234, 228, 337, 136, 233, 324, 381, 308, 260, 50, 56, 213, 28, 129, 255, 248, 238, 229, 393, 159, 323, 168, 58, 8, 6, 162, 48, 47, 372, 278, 377, 163, 3, 252, 191, 124, 1, 174, 250, 131, 301, 360, 149, 146, 144, 175, 307, 20, 211, 270, 134, 288, 90, 72, 18, 24, 13, 306, 73, 241, 112]
Długość trasy: 2486
Czas wykonania: 360002 ms

19969: 2558
19970: 2556
17935: 2992
17936: 2982
19984: 2555
19475: 2603
19477: 2601
19989: 2554
24: 3537
17944: 2981
19483: 2599
19485: 2597
20510: 2538
19999: 2553
20511: 2537
19490: 2596
19494: 2589
20518: 2536
20014: 2551
19507: 2587
21043: 2525
20538: 2535
20540: 2534
16959: 3525
16960: 3516
19521: 2584
16962: 3507
23106: 2502
16963: 3497
17989: 2963
17990: 2946
16967: 3494
17991: 2945
16968: 3486
16969: 3463
17993: 2942
17994: 2939
16972: 3462
16974: 3458
20558: 2533
16975: 3447
16976: 3441
17488: 3262
17489: 3248
17490: 3237
17492: 3228
17493: 3214
17494: 3212
17495: 3201
18007: 2931
17496: 3193
18008: 2924
18009: 2920
18010: 2914
16988: 3400
16989: 3392
21085: 2522
18015: 2913
18016: 2909
18017: 2906
18019: 2900
19043: 2651
19044: 2650
19047: 2647
19050: 2646
19052: 2642
19054: 2639
21104: 2520
17009: 3387
17010: 3381
21109: 2519
17014: 3360
17015: 3349
19063: 2635
19064: 2633
19066: 2632
19067: 2631
21115: 2518
17020: 3348
21116: 2517
17021: 3329
18558: 2779
21120: 2515
17030: 3324
17031: 3322
21132: 2514
18577: 2777
18578: 2774
18073: 2896
18585: 2771
18074: 2894
18586: 2767
18587: 2764
18588: 2762
21148: 2513
18078: 2890
18590: 2759
18591: 2756
18080: 2886
18592: 2754
18082: 2878
18084: 2876
18598: 2753
18600: 2752
17577: 3187
18601: 2751
18603: 2750
21163: 2512
18604: 2742
17582: 3178
18094: 2874
18606: 2740
17583: 3173
18095: 2869
18608: 2737
17585: 3149
18609: 2734
18098: 2863
17588: 3137
18101: 2862
17590: 3133
18102: 2857
17593: 3131
17594: 3130
18619: 2732
17596: 3124
17597: 3116
17599: 3112
17600: 3100
17601: 3096
17602: 3086
17603: 3085
17604: 3079
18628: 2731
17605: 3054
18632: 2726
18633: 2725
18634: 2724
18635: 2719
19667: 2582
17620: 3047
17621: 3042
20183: 2543
18136: 2856
18137: 2848
33499: 2494
17125: 3313
17126: 3306
17130: 3297
17131: 3289
17132: 3287
18673: 2715
18674: 2705
19186: 2629
19188: 2618
21236: 2511
19190: 2616
21238: 2510
18681: 2704
18685: 2703
19709: 2579
19710: 2577
19711: 2575
19712: 2574
21248: 2508
19715: 2572
18696: 2701
18699: 2696
18705: 2689
18706: 2688
18709: 2687
18716: 2684
18717: 2675
18722: 2673
18727: 2669
18222: 2844
18742: 2657
18235: 2841
18236: 2838
18237: 2832
18239: 2830
18240: 2826
20289: 2542
18245: 2824
18258: 2817
18259: 2815
18261: 2813
21333: 2507
18782: 2653
18288: 2812
21374: 2506
17288: 3275
17291: 3273
17292: 3272
17805: 3039
18318: 2807
18319: 2805
18320: 2803
18321: 2795
48529: 2486
18322: 2785
19859: 2571
18324: 2784
17814: 3038
17815: 3035
17816: 3028
17817: 3023
17818: 3019
21404: 2505
17821: 3012
17822: 3006
17827: 3002
17828: 3000
19877: 2570
20901: 2526
17831: 2998
19879: 2569
19881: 2566
19885: 2565
19890: 2563
19379: 2610
19387: 2609
19389: 2608
19390: 2606
19402: 2604
19938: 2560
33252: 2501
19953: 2559
23027: 2503
18420: 2781
20473: 2539
Algorytm: Symulowane wyżarzanie: Zamiana losowych miast
Ilość wierzchołków: 403
Najkrótsza trasa: [222, 250, 264, 113, 107, 386, 47, 330, 290, 32, 274, 357, 322, 257, 367, 310, 168, 77, 31, 52, 40, 263, 97, 183, 17, 279, 102, 233, 324, 381, 24, 163, 3, 391, 258, 202, 207, 45, 225, 361, 347, 352, 81, 22, 21, 372, 278, 337, 387, 203, 169, 27, 399, 57, 103, 331, 378, 122, 401, 354, 200, 71, 211, 176, 156, 147, 166, 199, 336, 321, 315, 402, 287, 231, 243, 136, 314, 59, 239, 70, 236, 227, 212, 38, 209, 28, 301, 256, 249, 150, 384, 383, 84, 272, 356, 328, 46, 160, 365, 179, 368, 244, 80, 158, 339, 206, 30, 65, 137, 58, 8, 400, 195, 366, 292, 343, 164, 25, 241, 112, 248, 23, 14, 69, 106, 359, 133, 162, 48, 235, 121, 172, 26, 335, 130, 318, 108, 255, 194, 380, 289, 159, 7, 33, 376, 68, 316, 120, 392, 351, 83, 230, 382, 144, 252, 371, 370, 358, 293, 171, 63, 224, 142, 302, 89, 190, 138, 198, 91, 304, 394, 393, 253, 155, 20, 128, 123, 82, 247, 220, 197, 295, 110, 326, 325, 182, 151, 101, 184, 4, 43, 34, 375, 191, 187, 217, 175, 291, 379, 213, 41, 251, 254, 223, 115, 189, 50, 56, 131, 188, 173, 319, 180, 165, 42, 307, 143, 93, 9, 242, 117, 178, 100, 44, 313, 323, 73, 186, 53, 305, 296, 208, 218, 349, 6, 157, 269, 88, 62, 13, 205, 362, 240, 219, 2, 61, 317, 234, 228, 377, 126, 271, 395, 79, 96, 338, 125, 60, 98, 238, 229, 90, 72, 266, 167, 36, 221, 300, 94, 373, 355, 344, 92, 51, 298, 333, 267, 281, 152, 76, 170, 284, 329, 294, 327, 286, 273, 350, 78, 226, 154, 308, 5, 246, 276, 259, 265, 275, 210, 385, 67, 66, 74, 309, 311, 10, 268, 16, 280, 12, 181, 346, 135, 270, 86, 11, 388, 348, 174, 185, 85, 196, 0, 104, 145, 119, 214, 201, 118, 360, 353, 39, 87, 129, 153, 75, 95, 55, 340, 397, 260, 283, 277, 341, 124, 1, 111, 369, 99, 389, 105, 19, 398, 396, 312, 35, 64, 15, 140, 334, 245, 262, 261, 237, 127, 192, 114, 332, 215, 216, 342, 18, 134, 288, 364, 303, 297, 149, 146, 320, 109, 132, 306, 29, 374, 363, 204, 345, 299, 49, 37, 54, 161, 148, 390, 232, 193, 141, 116, 177, 139, 285, 282]
Długość trasy: 2486
Czas wykonania: 360001 ms

18432: 3016
19968: 2616
18433: 3012
23046: 2503
18953: 2851
216074: 2481
216078: 2480
17935: 3396
18959: 2834
17937: 3388
18962: 2827
17939: 3381
22547: 2507
17940: 3366
18965: 2822
18966: 2819
17943: 3356
24: 3535
17944: 3340
21018: 2547
41498: 2488
17948: 3336
18973: 2818
19997: 2614
17951: 3328
19487: 2722
17955: 3320
19492: 2720
20004: 2613
21029: 2546
18982: 2817
19494: 2718
18983: 2815
20007: 2612
20008: 2610
20520: 2575
21033: 2545
20522: 2573
17963: 3308
17964: 3291
20524: 2571
17965: 3287
19502: 2711
20527: 2570
17968: 3269
19002: 2810
19003: 2798
19004: 2797
19005: 2793
19007: 2792
19519: 2706
19008: 2790
19009: 2783
18503: 3000
18504: 2993
18505: 2980
20553: 2569
18506: 2978
18507: 2976
18508: 2975
19533: 2705
21070: 2538
21072: 2537
18513: 2960
18514: 2959
20564: 2568
19541: 2699
18519: 2958
19545: 2690
18523: 2954
18524: 2941
21091: 2536
19045: 2782
19046: 2774
19559: 2686
19560: 2679
19564: 2674
19565: 2673
20589: 2562
19566: 2672
19567: 2671
20594: 2561
19590: 2668
19593: 2666
19594: 2657
19598: 2655
19599: 2654
19600: 2646
19601: 2641
21145: 2534
18586: 2925
18587: 2913
18588: 2911
18590: 2905
20642: 2558
216228: 2479
216232: 2476
18604: 2904
18094: 3264
18606: 2902
18607: 2899
18096: 3245
18608: 2891
18098: 3244
18612: 2889
18613: 2886
216246: 2474
18614: 2882
19140: 2770
21188: 2533
19141: 2769
19142: 2767
19143: 2763
21191: 2532
23239: 2502
18632: 2870
19146: 2762
19147: 2760
21198: 2531
18127: 3235
18129: 3222
18130: 3220
19175: 2755
19176: 2754
22248: 2512
19192: 2753
24825: 2490
19195: 2750
18172: 3217
19196: 2747
18173: 3211
19197: 2745
22786: 2506
21266: 2530
20756: 2556
20757: 2555
22305: 2511
21284: 2525
21286: 2523
20296: 2609
21322: 2522
20302: 2607
21327: 2521
21331: 2520
22872: 2504
18273: 3209
21345: 2519
18274: 3204
18786: 2855
18275: 3201
18276: 3200
18277: 3199
20837: 2553
20327: 2606
20840: 2551
21352: 2518
18284: 3188
23404: 2492
18285: 3183
19309: 2739
20845: 2550
20334: 2603
18287: 3179
20335: 2602
19313: 2738
20337: 2600
18290: 3169
18291: 3164
18292: 3159
18293: 3146
19318: 2736
19319: 2732
18297: 3131
17786: 3518
19322: 2731
21374: 2516
17800: 3514
17803: 3498
18315: 3124
17804: 3492
18316: 3119
17805: 3487
18317: 3115
17806: 3468
18318: 3103
19854: 2640
20366: 2598
17807: 3449
18319: 3101
19343: 2730
17808: 3445
18320: 3100
17809: 3438
18321: 3090
19859: 2630
20374: 2597
20375: 2595
20376: 2593
18329: 3089
20377: 2585
18330: 3080
17821: 3429
18333: 3077
17822: 3423
20382: 2583
18335: 3074
42911: 2482
20385: 2581
19382: 2728
20406: 2580
21954: 2515
19414: 2724
19417: 2723
18910: 2853
19935: 2627
19936: 2624
17889: 3421
18401: 3069
19937: 2622
22497: 2510
19938: 2620
20452: 2578
21989: 2514
17894: 3418
21994: 2513
17906: 3411
18418: 3067
17907: 3401
19955: 2619
19956: 2618
20982: 2549
18423: 3057
18424: 3052
18425: 3041
18426: 3039
24059: 2491
18428: 3030
19964: 2617
18431: 3028
Algorytm: Symulowane wyżarzanie: Zamiana losowych miast
Ilość wierzchołków: 403
Najkrótsza trasa: [170, 284, 32, 330, 343, 208, 360, 353, 39, 58, 8, 400, 366, 292, 290, 132, 306, 29, 158, 1, 335, 119, 305, 37, 54, 106, 165, 79, 62, 230, 382, 144, 151, 101, 149, 347, 285, 282, 83, 178, 100, 98, 65, 314, 59, 252, 371, 367, 76, 399, 377, 77, 31, 168, 397, 5, 152, 310, 115, 189, 211, 109, 326, 258, 183, 17, 279, 92, 51, 298, 291, 379, 372, 28, 85, 374, 363, 315, 136, 159, 20, 220, 197, 295, 218, 349, 52, 40, 341, 262, 261, 124, 339, 188, 299, 259, 239, 117, 232, 160, 365, 245, 244, 80, 179, 368, 182, 78, 226, 390, 111, 369, 332, 215, 344, 172, 26, 264, 328, 327, 167, 36, 333, 267, 375, 191, 234, 228, 224, 91, 161, 148, 147, 134, 288, 247, 246, 254, 223, 214, 201, 89, 340, 23, 393, 233, 380, 289, 130, 125, 273, 395, 105, 391, 325, 308, 394, 225, 238, 229, 14, 50, 56, 318, 336, 321, 362, 81, 22, 21, 283, 277, 263, 221, 199, 128, 255, 217, 203, 236, 227, 212, 163, 3, 87, 364, 303, 398, 396, 46, 180, 359, 242, 70, 196, 0, 155, 143, 150, 384, 383, 387, 34, 95, 10, 352, 153, 75, 43, 84, 281, 137, 93, 9, 99, 389, 187, 110, 307, 7, 237, 177, 193, 131, 355, 216, 342, 266, 184, 4, 313, 378, 122, 401, 73, 402, 287, 257, 388, 348, 329, 294, 317, 385, 67, 94, 202, 331, 323, 319, 162, 48, 248, 345, 173, 309, 316, 351, 222, 185, 241, 112, 2, 61, 350, 38, 19, 18, 301, 120, 116, 304, 260, 64, 15, 231, 243, 13, 205, 204, 166, 300, 142, 276, 49, 296, 171, 63, 198, 133, 265, 275, 210, 82, 249, 361, 146, 381, 90, 72, 57, 139, 102, 206, 30, 286, 74, 354, 200, 71, 213, 356, 24, 103, 190, 138, 337, 235, 121, 195, 280, 12, 207, 45, 42, 86, 11, 141, 392, 256, 174, 250, 181, 346, 338, 176, 156, 154, 140, 334, 97, 157, 269, 108, 135, 270, 186, 53, 6, 169, 27, 127, 192, 114, 96, 66, 60, 44, 302, 118, 164, 25, 88, 69, 68, 104, 145, 126, 55, 175, 194, 324, 320, 253, 373, 33, 376, 209, 41, 129, 268, 16, 123, 312, 35, 240, 219, 47, 113, 107, 386, 251, 274, 370, 358, 357, 322, 293, 311, 271, 272, 278, 297]
Długość trasy: 2474
Czas wykonania: 360001 ms

17408: 3272
17922: 3092
18434: 2784
18435: 2778
18436: 2774
17926: 3089
17927: 3086
17928: 3083
17929: 3080
19977: 2573
17421: 3259
17933: 3074
17934: 3063
17935: 3056
17936: 3053
17939: 3051
24: 3603
17432: 3247
17434: 3236
17435: 3215
18467: 2773
18470: 2770
20006: 2572
18471: 2767
20007: 2571
18472: 2763
18985: 2672
20009: 2570
20521: 2539
17451: 3214
17454: 3204
17455: 3202
17456: 3191
18992: 2669
20016: 2567
17458: 3190
18995: 2668
18484: 2755
16950: 3596
16952: 3594
16953: 3593
17465: 3186
16954: 3573
17466: 3181
16955: 3569
16956: 3550
17981: 3034
17470: 3176
17982: 3030
19007: 2663
19008: 2661
20544: 2538
16961: 3549
19009: 2655
17474: 3164
19010: 2653
20549: 2537
22599: 2518
16969: 3546
16970: 3537
16971: 3527
16981: 3512
16982: 3480
16987: 3475
16988: 3473
18015: 3024
18017: 3007
18018: 3003
18020: 3002
21092: 2532
18021: 2993
18023: 2987
17002: 3461
20078: 2562
21104: 2531
20081: 2561
21109: 2530
20088: 2560
25722: 2503
20119: 2558
18073: 2982
18076: 2969
18077: 2968
18078: 2960
18079: 2957
21154: 2529
19114: 2651
18092: 2927
18093: 2924
18614: 2752
19127: 2650
19129: 2648
19131: 2647
18110: 2923
18622: 2751
18111: 2914
18624: 2749
19136: 2644
19137: 2643
19140: 2642
18118: 2904
20681: 2536
18122: 2902
20682: 2535
18640: 2748
19158: 2640
19161: 2637
21209: 2525
22768: 2517
19185: 2634
19188: 2633
20726: 2534
21756: 2524
22781: 2514
20743: 2533
21773: 2523
20240: 2557
20245: 2555
19737: 2605
19738: 2604
17699: 3160
19747: 2603
17188: 3458
17701: 3158
17190: 3455
19750: 2602
17191: 3444
17192: 3435
17704: 3156
17193: 3434
17706: 3147
17707: 3146
18219: 2899
17708: 3143
18220: 2898
18221: 2895
18222: 2894
20270: 2554
18223: 2893
22321: 2520
18226: 2890
18228: 2885
18229: 2883
18230: 2874
18231: 2872
18233: 2870
19769: 2601
18234: 2858
19772: 2598
22333: 2519
17218: 3419
20292: 2553
20294: 2552
20295: 2550
17225: 3412
17226: 3400
17739: 3142
19275: 2632
20299: 2549
19277: 2630
19278: 2627
18767: 2747
19279: 2626
17233: 3381
19282: 2625
18771: 2746
19283: 2624
18772: 2733
19284: 2619
18263: 2853
18264: 2851
18776: 2731
18777: 2727
17242: 3377
18778: 2723
17243: 3341
18781: 2719
19805: 2595
17260: 3336
18284: 2850
17261: 3329
18285: 2843
17262: 3314
22896: 2510
18289: 2834
18290: 2827
19830: 2594
19838: 2592
19842: 2591
21890: 2521
18824: 2717
18827: 2716
18833: 2712
18834: 2709
18835: 2707
19862: 2590
20377: 2548
18842: 2704
18844: 2698
20381: 2546
19873: 2584
20388: 2542
19886: 2583
18351: 2826
18353: 2823
18355: 2819
20403: 2541
18356: 2810
18358: 2802
17337: 3307
17338: 3306
19898: 2581
31674: 2501
18875: 2697
19903: 2577
18882: 2692
17864: 3131
18888: 2691
18889: 2690
17868: 3130
18893: 2684
17872: 3123
18388: 2792
17877: 3122
18389: 2788
18901: 2683
17878: 3115
17881: 3101
18905: 2682
18906: 2675
18907: 2674
19421: 2618
19424: 2617
19426: 2611
17382: 3280
19432: 2610
19436: 2609
19949: 2574
17902: 3096
19438: 2608
17910: 3094
Algorytm: Symulowane wyżarzanie: Zamiana losowych miast
Ilość wierzchołków: 403
Najkrótsza trasa: [250, 193, 372, 41, 122, 401, 354, 342, 377, 172, 26, 162, 48, 160, 365, 68, 180, 165, 176, 156, 325, 137, 54, 314, 59, 88, 353, 352, 38, 311, 10, 142, 316, 351, 93, 9, 186, 53, 214, 192, 189, 360, 86, 101, 128, 81, 22, 21, 150, 34, 254, 223, 73, 90, 72, 398, 396, 83, 248, 348, 343, 65, 238, 229, 393, 194, 380, 379, 387, 203, 195, 244, 80, 40, 341, 157, 1, 170, 284, 290, 125, 60, 98, 345, 299, 49, 215, 400, 264, 274, 350, 24, 206, 30, 245, 208, 276, 259, 182, 209, 278, 266, 23, 225, 220, 197, 153, 75, 308, 5, 211, 258, 364, 303, 337, 285, 282, 46, 181, 346, 268, 16, 391, 210, 109, 275, 154, 202, 385, 199, 295, 196, 0, 103, 233, 324, 212, 178, 138, 79, 96, 94, 158, 269, 218, 84, 107, 61, 370, 328, 327, 163, 25, 179, 368, 188, 173, 166, 67, 114, 69, 132, 306, 29, 332, 37, 13, 243, 302, 118, 99, 389, 187, 366, 292, 164, 3, 373, 355, 305, 296, 388, 333, 267, 272, 28, 283, 8, 319, 152, 310, 309, 151, 11, 110, 240, 219, 47, 112, 221, 300, 167, 36, 265, 326, 147, 78, 382, 144, 130, 64, 15, 127, 286, 74, 115, 338, 105, 19, 198, 175, 155, 143, 87, 252, 191, 133, 242, 70, 234, 228, 57, 58, 277, 39, 159, 20, 169, 27, 184, 4, 304, 260, 331, 323, 168, 140, 334, 313, 378, 18, 183, 17, 12, 149, 146, 320, 335, 95, 271, 317, 104, 145, 111, 369, 232, 102, 42, 262, 261, 217, 349, 52, 119, 216, 200, 297, 307, 7, 344, 124, 339, 82, 247, 106, 359, 253, 230, 226, 92, 347, 263, 134, 288, 330, 329, 294, 395, 236, 227, 381, 367, 76, 50, 56, 135, 270, 32, 322, 136, 131, 375, 371, 357, 358, 257, 397, 394, 14, 62, 207, 45, 340, 301, 256, 249, 43, 384, 383, 161, 148, 390, 177, 171, 63, 224, 123, 399, 71, 241, 280, 279, 374, 363, 362, 126, 55, 66, 273, 402, 287, 293, 213, 356, 2, 386, 237, 141, 392, 108, 120, 116, 190, 100, 44, 246, 201, 89, 139, 251, 113, 281, 85, 77, 31, 6, 33, 376, 235, 121, 239, 117, 91, 97, 129, 255, 361, 51, 298, 291, 289, 318, 336, 321, 315, 231, 205, 204, 222, 185, 312, 35, 174]
Długość trasy: 2501
Czas wykonania: 360003 ms

17411: 3410
17413: 3402
17414: 3396
20999: 2551
21001: 2550
17419: 3395
17421: 3391
21520: 2542
21527: 2540
25: 3547
17441: 3387
21540: 2535
17445: 3384
17446: 3381
17447: 3365
17448: 3341
20528: 2582
20529: 2580
21555: 2534
20535: 2578
18495: 2835
18497: 2826
20555: 2576
21580: 2532
18511: 2825
18512: 2811
18513: 2808
20565: 2575
17495: 3339
17497: 3328
21602: 2531
19560: 2659
19567: 2657
19568: 2653
21627: 2530
17536: 3324
17539: 3321
21123: 2549
17540: 3289
18564: 2803
18565: 2801
17542: 3282
18573: 2797
18577: 2792
18585: 2782
18586: 2781
18075: 2976
18587: 2779
18076: 2960
18090: 2954
18098: 2948
19122: 2709
18099: 2941
18100: 2936
19124: 2706
21684: 2529
19125: 2705
21176: 2548
19131: 2703
19643: 2651
20155: 2609
19644: 2650
18109: 2935
20157: 2608
18110: 2927
19136: 2701
19141: 2696
21714: 2528
19157: 2694
28888: 2499
19673: 2644
19674: 2642
19678: 2640
19680: 2639
21730: 2527
17635: 3280
17636: 3271
17638: 3269
17639: 3266
17640: 3251
17644: 3236
17645: 3231
17647: 3224
17648: 3213
17650: 3211
19187: 2688
21747: 2524
19188: 2687
18679: 2775
21752: 2522
19213: 2680
19214: 2677
17167: 3543
17679: 3209
19215: 2674
21775: 2521
17168: 3522
17680: 3207
17682: 3196
22291: 2517
18205: 2916
18721: 2773
22819: 2508
19751: 2635
17192: 3520
19753: 2634
29483: 2498
19757: 2632
21806: 2520
17712: 3195
19764: 2623
17717: 3187
19765: 2622
17719: 3175
17720: 3174
17722: 3162
22847: 2507
21835: 2518
18765: 2766
19789: 2620
17742: 3151
18768: 2765
21328: 2547
18769: 2762
18772: 2759
19796: 2615
19800: 2613
21338: 2545
18268: 2908
19804: 2610
18269: 2906
18270: 2895
21343: 2544
20833: 2570
21349: 2543
18282: 2891
17771: 3118
18284: 2889
18285: 2881
20333: 2606
18286: 2878
18287: 2872
22386: 2516
20341: 2605
30582: 2496
20344: 2603
20353: 2601
20356: 2600
30084: 2497
17805: 3117
17806: 3116
17807: 3111
79758: 2493
17808: 3107
17809: 3087
17810: 3079
18837: 2741
18838: 2738
18840: 2733
19352: 2668
18844: 2731
20392: 2596
17335: 3514
20408: 2595
17337: 3509
17343: 3503
17855: 3070
20415: 2593
17345: 3493
17859: 3064
17860: 3058
20421: 2592
20422: 2589
68551: 2494
17863: 3057
17353: 3486
20938: 2569
17870: 3053
20944: 2567
17875: 3038
17876: 3034
18900: 2730
17877: 3033
18901: 2725
17878: 3015
18391: 2860
18392: 2856
18904: 2717
18905: 2716
18906: 2713
18398: 2849
17376: 3483
20960: 2565
17377: 3474
17378: 3460
17379: 3428
17380: 3425
17381: 3415
18920: 2712
28648: 2500
17900: 3013
17902: 3006
20462: 2587
17903: 2990
20463: 2586
17904: 2980
20978: 2564
19444: 2667
19445: 2661
20478: 2583
20991: 2553
Algorytm: Symulowane wyżarzanie: Zamiana losowych miast
Ilość wierzchołków: 403
Najkrótsza trasa: [275, 147, 86, 11, 21, 307, 20, 375, 371, 257, 252, 191, 187, 161, 148, 210, 366, 321, 204, 127, 399, 297, 136, 157, 269, 217, 349, 344, 208, 50, 56, 313, 323, 214, 40, 352, 302, 89, 220, 197, 295, 361, 146, 212, 312, 35, 93, 203, 126, 55, 240, 219, 133, 241, 330, 343, 105, 391, 154, 195, 311, 271, 135, 280, 12, 180, 359, 104, 9, 373, 158, 1, 130, 190, 138, 398, 396, 370, 358, 46, 239, 70, 253, 174, 250, 202, 111, 369, 237, 181, 346, 189, 244, 80, 87, 123, 192, 66, 74, 168, 234, 228, 57, 193, 179, 368, 246, 88, 33, 376, 71, 164, 3, 79, 96, 114, 69, 245, 176, 31, 305, 296, 182, 125, 60, 98, 91, 128, 103, 372, 278, 122, 401, 6, 43, 34, 211, 270, 186, 53, 309, 367, 310, 354, 200, 374, 363, 379, 24, 54, 196, 0, 254, 223, 29, 64, 365, 68, 152, 76, 262, 261, 333, 267, 281, 171, 63, 198, 132, 306, 115, 94, 82, 249, 231, 205, 362, 167, 36, 251, 274, 169, 27, 129, 255, 286, 273, 106, 165, 345, 299, 298, 385, 199, 149, 51, 259, 388, 137, 13, 288, 242, 117, 397, 5, 336, 292, 329, 294, 317, 213, 41, 218, 84, 357, 322, 395, 92, 347, 364, 303, 337, 318, 283, 277, 341, 235, 121, 110, 170, 284, 268, 16, 19, 18, 265, 326, 325, 236, 227, 381, 335, 183, 17, 279, 131, 355, 73, 163, 25, 81, 22, 78, 382, 144, 172, 26, 160, 15, 77, 156, 390, 38, 23, 393, 42, 331, 378, 224, 222, 185, 162, 48, 2, 61, 293, 238, 229, 225, 230, 226, 258, 285, 282, 83, 264, 113, 327, 139, 85, 65, 178, 100, 44, 151, 101, 207, 45, 304, 394, 14, 62, 155, 143, 39, 124, 339, 97, 140, 334, 188, 173, 400, 159, 7, 175, 291, 315, 360, 353, 263, 232, 209, 28, 90, 72, 266, 316, 256, 247, 301, 308, 260, 166, 67, 338, 314, 59, 102, 95, 10, 221, 300, 340, 201, 118, 108, 120, 116, 58, 8, 52, 119, 216, 342, 377, 233, 324, 320, 332, 37, 387, 384, 383, 32, 328, 350, 184, 4, 99, 389, 150, 145, 141, 392, 351, 272, 356, 402, 287, 107, 386, 47, 112, 153, 75, 248, 348, 290, 142, 276, 49, 215, 319, 177, 194, 380, 289, 206, 30, 134, 243, 109]
Długość trasy: 2493
Czas wykonania: 360002 ms

22530: 2509
21507: 2521
19972: 2592
19976: 2591
19979: 2590
17932: 3033
23052: 2508
17933: 3017
17934: 3011
17935: 3001
17936: 2994
17937: 2992
19987: 2589
17943: 2985
21527: 2520
24: 3551
17944: 2982
17946: 2976
18972: 2749
17949: 2974
18973: 2748
18977: 2747
17442: 3314
18978: 2746
17443: 3308
18467: 2843
18979: 2742
18980: 2735
20011: 2588
18477: 2841
18478: 2840
18480: 2833
18481: 2829
18482: 2823
18484: 2820
20022: 2583
20027: 2581
18496: 2817
20042: 2579
20043: 2576
16972: 3539
19535: 2664
18512: 2816
19537: 2662
19540: 2660
18517: 2815
18520: 2812
18521: 2806
20057: 2574
17498: 3286
18522: 2804
17499: 3278
20572: 2550
17501: 3274
18525: 2803
18014: 2968
18526: 2800
18015: 2954
19551: 2657
17504: 3270
18016: 2949
19040: 2733
18017: 2946
19041: 2732
19553: 2654
17506: 3266
18018: 2940
20066: 2572
18019: 2936
18531: 2797
17508: 3265
18020: 2934
18532: 2796
18021: 2933
18533: 2790
19046: 2730
18536: 2786
18537: 2784
19561: 2653
19050: 2727
20586: 2549
19563: 2647
21611: 2519
18542: 2782
22126: 2517
18543: 2781
19570: 2645
19571: 2643
21112: 2539
18553: 2775
18554: 2773
19069: 2726
19071: 2718
19073: 2714
21123: 2535
19083: 2706
19085: 2704
21138: 2534
17557: 3261
19093: 2703
17558: 3256
18072: 2928
19096: 2701
19099: 2694
19100: 2693
18077: 2924
22180: 2515
18097: 2920
18100: 2915
18102: 2911
20153: 2571
20667: 2548
20158: 2570
20160: 2567
20161: 2566
20674: 2547
17603: 3254
17605: 3246
17606: 3243
18630: 2772
17607: 3224
18632: 2767
20680: 2546
20686: 2545
17615: 3223
18131: 2910
18133: 2909
21211: 2533
17628: 3216
17629: 3205
17630: 3204
17121: 3535
20194: 2564
20195: 2562
21734: 2518
20199: 2559
20206: 2555
18159: 2905
18160: 2893
19184: 2691
20209: 2554
21233: 2530
17138: 3503
19186: 2690
19187: 2685
18170: 2883
18173: 2882
18176: 2874
18179: 2871
21253: 2529
17161: 3488
17162: 3478
18190: 2870
18191: 2868
17168: 3460
17680: 3202
17169: 3452
18193: 2865
21265: 2528
17170: 3448
17682: 3193
17683: 3185
17173: 3441
18203: 2849
18204: 2846
19745: 2641
19747: 2638
89381: 2495
19749: 2637
20775: 2544
17708: 3184
17711: 3181
17712: 3172
20787: 2542
24375: 2505
20794: 2541
19261: 2681
19264: 2680
19269: 2679
19270: 2678
19272: 2676
17232: 3419
17234: 3416
20819: 2540
17241: 3415
17242: 3389
17243: 3369
19813: 2636
19815: 2633
19817: 2630
19822: 2627
19824: 2626
19825: 2624
19827: 2623
17780: 3163
19828: 2621
17782: 3161
17783: 3149
19833: 2620
17278: 3356
17279: 3346
17791: 3138
17280: 3341
17792: 3137
17282: 3339
17797: 3133
19847: 2617
19849: 2616
19850: 2615
19851: 2614
17804: 3128
17805: 3118
19853: 2612
17294: 3322
19854: 2611
17295: 3315
19856: 2609
19858: 2608
19347: 2674
19860: 2606
19861: 2604
19863: 2602
17818: 3106
19867: 2601
17828: 3105
22437: 2512
22443: 2511
23474: 2507
18874: 2765
18875: 2759
18879: 2758
18880: 2757
21451: 2527
19407: 2673
19408: 2670
19410: 2669
19413: 2666
17885: 3104
17886: 3089
17889: 3080
17890: 3075
17891: 3070
19943: 2600
17896: 3065
21482: 2526
19947: 2599
17908: 3056
17909: 3043
17911: 3038
17912: 3037
22522: 2510
Algorytm: Symulowane wyżarzanie: Zamiana losowych miast
Ilość wierzchołków: 403
Najkrótsza trasa: [16, 244, 80, 175, 125, 60, 98, 160, 15, 335, 201, 118, 364, 303, 398, 396, 151, 101, 302, 89, 340, 87, 56, 331, 378, 266, 301, 120, 392, 385, 199, 206, 30, 182, 92, 51, 49, 299, 259, 95, 271, 293, 253, 142, 150, 384, 383, 186, 53, 216, 200, 183, 17, 12, 43, 84, 272, 28, 167, 194, 380, 204, 131, 355, 214, 157, 269, 207, 45, 336, 321, 379, 78, 382, 212, 213, 356, 2, 61, 83, 312, 35, 196, 0, 345, 276, 298, 291, 315, 313, 20, 130, 132, 306, 52, 119, 73, 90, 72, 18, 304, 394, 225, 361, 347, 352, 91, 220, 197, 295, 237, 82, 247, 170, 284, 290, 38, 230, 226, 210, 373, 163, 3, 47, 112, 231, 205, 362, 58, 277, 341, 375, 371, 350, 81, 22, 21, 387, 34, 108, 256, 103, 211, 307, 143, 109, 158, 1, 65, 161, 148, 325, 169, 27, 264, 195, 280, 279, 193, 106, 359, 367, 76, 104, 203, 128, 285, 282, 327, 86, 11, 114, 96, 338, 252, 191, 187, 123, 192, 189, 97, 218, 349, 168, 234, 228, 377, 136, 164, 25, 179, 368, 265, 326, 147, 110, 275, 390, 137, 13, 288, 249, 129, 255, 241, 113, 107, 386, 178, 138, 337, 235, 121, 322, 357, 358, 111, 369, 262, 261, 152, 310, 344, 171, 63, 297, 332, 215, 115, 94, 208, 134, 243, 239, 70, 374, 224, 188, 173, 319, 153, 75, 176, 31, 29, 240, 219, 232, 308, 5, 155, 323, 6, 162, 48, 19, 57, 372, 41, 24, 54, 32, 330, 251, 274, 395, 23, 14, 286, 273, 317, 181, 346, 66, 74, 305, 37, 42, 77, 156, 154, 333, 267, 46, 135, 270, 177, 402, 287, 370, 328, 105, 391, 258, 79, 62, 36, 283, 8, 400, 64, 365, 68, 314, 59, 363, 289, 233, 324, 381, 246, 174, 250, 318, 248, 222, 185, 296, 85, 149, 146, 144, 316, 351, 257, 254, 223, 309, 126, 55, 88, 69, 166, 67, 139, 124, 339, 93, 145, 238, 229, 393, 397, 260, 184, 4, 217, 9, 190, 100, 44, 180, 165, 360, 353, 263, 133, 99, 389, 236, 227, 320, 159, 7, 172, 26, 366, 292, 329, 294, 281, 202, 311, 10, 401, 354, 342, 71, 50, 102, 388, 348, 343, 221, 300, 209, 278, 122, 40, 39, 242, 117, 33, 376, 141, 116, 127, 399, 198, 140, 334, 245, 268]
Długość trasy: 2495
Czas wykonania: 360003 ms

19456: 2703
19457: 2700
19458: 2696
17923: 3358
17924: 3334
19461: 2691
19462: 2690
19463: 2687
17928: 3322
19464: 2682
19465: 2679
19467: 2678
22541: 2520
23573: 2516
23576: 2515
25: 3621
17952: 3316
19489: 2672
17954: 3311
19490: 2670
17955: 3307
19491: 2669
17956: 3293
17957: 3290
17958: 3272
17447: 3596
17959: 3267
17448: 3588
17961: 3249
18485: 3086
18486: 3078
18487: 3072
20538: 2572
20028: 2622
23612: 2514
20029: 2619
20541: 2570
17985: 3247
17986: 3238
18501: 3061
20553: 2569
20554: 2567
20555: 2565
18508: 3056
20556: 2561
18509: 3041
18510: 3036
18511: 3034
19535: 2655
22607: 2519
18512: 3023
18515: 3021
18516: 3020
17493: 3587
17494: 3586
18518: 3018
17495: 3583
20568: 2560
20064: 2617
20577: 2557
18022: 3232
18023: 3231
20584: 2556
20586: 2555
20093: 2614
17535: 3573
20095: 2609
17536: 3571
17538: 3558
20610: 2553
22148: 2523
19083: 2818
19085: 2809
20109: 2608
18067: 3222
18071: 3220
22167: 2522
19096: 2803
74393: 2502
19097: 2802
19100: 2798
19101: 2792
19102: 2789
20126: 2606
19103: 2787
19104: 2782
19105: 2780
18594: 3014
20644: 2552
18597: 3012
19109: 2776
18598: 3004
19111: 2771
20138: 2604
19115: 2767
19116: 2766
20141: 2602
20144: 2601
19122: 2764
19123: 2762
18613: 3002
18614: 3000
19126: 2761
20153: 2600
20154: 2594
19131: 2757
19132: 2748
20156: 2592
19134: 2746
20159: 2591
20160: 2589
18628: 2991
18629: 2986
18119: 3210
22219: 2521
21711: 2537
17623: 3556
18135: 3205
18136: 3199
17629: 3541
17631: 3539
17634: 3538
24293: 2509
17641: 3535
17642: 3532
17644: 3522
17645: 3520
17646: 3504
17647: 3496
17649: 3462
17650: 3449
17653: 3440
17654: 3422
17655: 3406
24316: 2508
18688: 2976
18689: 2972
18181: 3196
18182: 3189
18183: 3180
18695: 2970
18184: 3174
18697: 2965
18186: 3166
18698: 2964
18700: 2962
18704: 2960
18193: 3165
18194: 3160
18706: 2958
18195: 3147
18707: 2950
18196: 3142
18198: 3121
20246: 2588
18200: 3116
18712: 2949
20248: 2586
18201: 3113
18713: 2931
18714: 2930
18715: 2927
20253: 2582
21282: 2546
18217: 3108
18218: 3094
21290: 2544
21292: 2542
18736: 2926
18738: 2921
19767: 2653
19769: 2651
18753: 2920
19777: 2649
21313: 2539
18754: 2917
21837: 2536
18258: 3087
37207: 2503
19805: 2648
19819: 2647
19820: 2645
19821: 2642
19822: 2635
21388: 2538
20366: 2581
17810: 3397
17811: 3388
18835: 2901
18836: 2900
18838: 2888
18839: 2870
18840: 2869
18842: 2864
18843: 2855
18845: 2851
18846: 2848
18848: 2843
18849: 2836
18850: 2832
358816: 2496
19366: 2743
19878: 2633
17831: 3383
17832: 3371
19368: 2738
19891: 2628
18868: 2830
19892: 2626
19382: 2734
20406: 2580
18871: 2829
19895: 2625
18872: 2825
19897: 2623
19386: 2733
20411: 2577
20412: 2574
18877: 2824
18878: 2819
19390: 2732
21952: 2535
19395: 2724
22982: 2518
21969: 2526
21979: 2525
21982: 2524
20964: 2548
19436: 2709
20973: 2547
19439: 2705
Algorytm: Symulowane wyżarzanie: Zamiana losowych miast
Ilość wierzchołków: 403
Najkrótsza trasa: [95, 271, 357, 358, 107, 386, 391, 154, 217, 349, 309, 130, 221, 199, 387, 384, 383, 188, 173, 319, 179, 368, 68, 157, 339, 106, 359, 182, 236, 227, 212, 139, 252, 191, 367, 75, 132, 306, 6, 402, 287, 350, 332, 215, 344, 162, 48, 237, 232, 149, 51, 259, 307, 143, 91, 92, 146, 320, 207, 45, 316, 351, 83, 313, 378, 224, 175, 291, 362, 176, 31, 354, 200, 301, 120, 116, 364, 303, 377, 42, 58, 277, 39, 32, 274, 281, 253, 262, 261, 126, 55, 129, 123, 399, 198, 186, 53, 82, 247, 249, 38, 196, 0, 109, 333, 267, 257, 246, 202, 373, 99, 389, 187, 211, 23, 225, 85, 105, 19, 57, 345, 299, 298, 166, 67, 338, 167, 36, 248, 136, 370, 328, 272, 356, 2, 61, 360, 353, 341, 141, 392, 184, 4, 220, 197, 111, 369, 235, 121, 251, 322, 254, 223, 29, 308, 5, 241, 330, 329, 294, 97, 208, 79, 194, 380, 379, 140, 334, 302, 89, 216, 342, 78, 226, 147, 43, 34, 161, 148, 325, 311, 10, 314, 59, 401, 73, 239, 70, 318, 77, 156, 390, 312, 35, 331, 323, 52, 40, 263, 160, 365, 335, 152, 76, 110, 275, 258, 33, 376, 87, 174, 185, 233, 324, 144, 336, 321, 289, 172, 26, 180, 165, 133, 151, 101, 218, 9, 244, 80, 137, 222, 250, 181, 346, 189, 90, 72, 398, 396, 293, 124, 269, 71, 159, 7, 88, 62, 13, 243, 108, 256, 285, 282, 46, 153, 310, 400, 195, 280, 279, 375, 371, 327, 374, 363, 204, 264, 113, 317, 103, 276, 49, 37, 238, 229, 393, 64, 15, 372, 28, 155, 20, 163, 3, 230, 382, 381, 190, 138, 122, 119, 305, 296, 178, 100, 44, 164, 25, 65, 234, 228, 18, 171, 63, 337, 385, 300, 388, 348, 290, 265, 326, 210, 102, 50, 56, 283, 8, 214, 24, 54, 242, 117, 183, 17, 12, 142, 397, 394, 14, 96, 114, 69, 158, 1, 135, 270, 81, 22, 21, 286, 273, 395, 127, 192, 66, 74, 168, 213, 41, 340, 266, 366, 292, 177, 268, 16, 47, 112, 206, 30, 245, 134, 288, 169, 27, 125, 60, 98, 93, 84, 86, 11, 240, 219, 128, 255, 193, 231, 205, 315, 304, 260, 209, 278, 297, 201, 118, 361, 347, 352, 104, 203, 295, 170, 284, 343, 150, 145, 131, 355, 115, 94]
Długość trasy: 2496
Czas wykonania: 360002 ms

20487: 2564
20488: 2563
21000: 2545
17935: 2995
18961: 2695
24: 3558
18969: 2693
18970: 2692
17949: 2988
17950: 2972
18974: 2690
18977: 2687
20513: 2561
18981: 2685
17958: 2970
17961: 2961
18473: 2819
17962: 2958
18475: 2818
18476: 2815
17966: 2957
17967: 2951
17968: 2944
17969: 2942
17970: 2932
17971: 2920
17972: 2911
17973: 2909
17975: 2908
17976: 2905
61496: 2491
19001: 2683
19002: 2681
19006: 2679
17984: 2896
19520: 2634
17985: 2895
17474: 3185
19011: 2676
19012: 2675
20041: 2588
17483: 3164
19532: 2633
17997: 2893
17998: 2887
17999: 2883
17488: 3139
18000: 2878
18513: 2811
18515: 2807
20051: 2587
18516: 2806
16991: 3547
16992: 3539
20065: 2585
18532: 2804
18534: 2803
16999: 3529
17000: 3519
17002: 3512
21611: 2538
19053: 2674
19055: 2673
17008: 3501
19056: 2666
19062: 2662
17016: 3499
19576: 2631
17017: 3488
18557: 2797
21117: 2543
17022: 3468
17023: 3466
17024: 3459
17025: 3452
17026: 3439
17028: 3435
17029: 3420
30341: 2509
17030: 3416
17031: 3415
17032: 3409
17033: 3403
19595: 2629
19598: 2628
18579: 2791
21147: 2542
21659: 2535
20133: 2584
18599: 2778
71857: 2486
20145: 2580
18610: 2775
20146: 2579
19636: 2623
18621: 2773
25286: 2510
21223: 2541
19176: 2661
20721: 2559
19187: 2660
19199: 2659
20236: 2578
20240: 2577
17171: 3402
17172: 3386
17173: 3366
17174: 3356
21784: 2534
18713: 2772
18719: 2766
20255: 2576
18724: 2765
20262: 2574
18216: 2877
18728: 2762
17193: 3352
17194: 3349
17195: 3347
18219: 2876
18220: 2873
36141: 2508
17198: 3342
17710: 3137
18222: 2870
17711: 3130
17712: 3110
17714: 3095
17715: 3091
17723: 3086
17724: 3084
17726: 3083
17727: 3081
18751: 2761
18752: 2756
18753: 2755
17730: 3079
17731: 3072
19780: 2621
19782: 2619
19785: 2618
17743: 3066
17746: 3059
17747: 3053
17237: 3338
17750: 3043
17239: 3332
17240: 3331
17752: 3040
19288: 2655
17753: 3033
19290: 2654
18784: 2753
18785: 2749
19811: 2617
17253: 3309
17254: 3300
17255: 3296
19816: 2616
18282: 2869
21354: 2540
18284: 2866
19820: 2614
18287: 2856
18291: 2854
18292: 2845
18807: 2746
18808: 2736
17787: 3026
18811: 2735
18300: 2838
19324: 2648
19325: 2645
36226: 2507
20355: 2571
20356: 2570
21892: 2533
21893: 2524
17287: 3286
17288: 3279
17289: 3269
17293: 3267
20877: 2557
17294: 3249
20878: 2556
17811: 3024
18323: 2837
20371: 2569
18326: 2835
17308: 3244
20381: 2568
20893: 2547
19358: 2644
17311: 3231
21920: 2522
17313: 3220
18849: 2732
17314: 3203
18850: 2731
17315: 3195
18853: 2728
20912: 2546
17841: 3010
17842: 3008
17843: 3003
20404: 2567
18360: 2834
19896: 2611
18361: 2832
17850: 2996
19899: 2610
18879: 2727
19391: 2642
19392: 2641
18881: 2726
19905: 2606
18882: 2724
18371: 2826
18372: 2824
18884: 2714
19396: 2637
19908: 2603
19397: 2636
18886: 2713
19910: 2593
18377: 2820
19914: 2591
19915: 2590
18901: 2712
18902: 2711
18903: 2709
19943: 2589
36342: 2506
36854: 2504
18937: 2697
20475: 2566
42491: 2498
24573: 2512
Algorytm: Symulowane wyżarzanie: Zamiana losowych miast
Ilość wierzchołków: 403
Najkrótsza trasa: [309, 194, 324, 268, 16, 209, 28, 387, 160, 365, 373, 355, 319, 240, 219, 222, 185, 167, 36, 252, 371, 211, 391, 147, 38, 212, 177, 91, 335, 163, 25, 52, 40, 352, 128, 123, 88, 62, 54, 184, 4, 111, 369, 372, 278, 377, 239, 117, 221, 300, 316, 120, 116, 207, 45, 133, 188, 173, 214, 192, 189, 397, 260, 158, 1, 149, 146, 381, 196, 0, 312, 35, 142, 241, 112, 104, 145, 119, 29, 385, 199, 90, 72, 398, 396, 350, 110, 326, 154, 242, 70, 137, 176, 31, 170, 284, 343, 93, 9, 171, 63, 57, 50, 43, 84, 370, 322, 230, 382, 144, 58, 8, 344, 159, 378, 297, 81, 22, 21, 139, 64, 15, 262, 261, 253, 108, 351, 257, 202, 213, 356, 313, 7, 308, 394, 225, 179, 368, 68, 248, 217, 203, 32, 113, 317, 232, 180, 359, 244, 80, 254, 223, 354, 342, 198, 193, 79, 96, 66, 273, 46, 85, 95, 271, 107, 386, 206, 30, 245, 33, 376, 130, 366, 321, 379, 157, 269, 134, 288, 375, 191, 187, 285, 282, 83, 236, 227, 320, 155, 143, 340, 302, 118, 65, 169, 27, 201, 89, 332, 37, 283, 277, 39, 87, 56, 162, 48, 47, 330, 231, 205, 289, 103, 333, 267, 395, 97, 190, 100, 98, 42, 92, 51, 259, 402, 287, 293, 264, 358, 281, 361, 347, 263, 367, 75, 233, 380, 204, 183, 17, 279, 364, 303, 71, 140, 334, 304, 5, 234, 228, 224, 99, 389, 125, 60, 44, 77, 156, 325, 132, 306, 305, 215, 73, 178, 138, 122, 401, 168, 186, 53, 400, 246, 276, 298, 311, 55, 388, 348, 329, 294, 238, 229, 393, 124, 339, 23, 14, 301, 256, 374, 363, 315, 166, 67, 338, 105, 19, 18, 235, 121, 307, 20, 164, 3, 2, 61, 357, 328, 272, 41, 129, 218, 349, 115, 94, 314, 59, 208, 152, 76, 136, 153, 310, 216, 200, 337, 126, 10, 195, 280, 12, 106, 165, 360, 353, 341, 318, 345, 299, 49, 296, 295, 182, 174, 250, 336, 292, 290, 131, 151, 11, 172, 26, 175, 291, 362, 24, 13, 243, 220, 197, 237, 102, 161, 148, 390, 141, 392, 255, 150, 384, 383, 34, 78, 226, 210, 86, 101, 82, 247, 249, 265, 275, 258, 181, 346, 114, 69, 135, 270, 251, 274, 327, 109, 127, 399, 266, 286, 74, 6, 331, 323]
Długość trasy: 2486
Czas wykonania: 360002 ms

