6: 3901
1128: 3896
1097: 3897
1401: 3859
1390: 3860
Algorytm: Tabu Search: Odwrócenie losowej ścieżki
Ilość wierzchołków: 171
Najkrótsza trasa: [0, 1, 2, 77, 73, 170, 49, 50, 51, 52, 53, 43, 55, 54, 58, 59, 60, 61, 68, 67, 167, 70, 87, 85, 86, 83, 84, 71, 66, 65, 64, 56, 57, 62, 63, 88, 153, 154, 89, 90, 91, 94, 96, 97, 99, 98, 95, 92, 93, 108, 166, 107, 106, 105, 165, 163, 100, 102, 103, 117, 118, 119, 120, 121, 122, 123, 162, 101, 104, 109, 114, 113, 164, 127, 126, 125, 124, 129, 128, 130, 131, 132, 133, 134, 141, 6, 7, 8, 9, 10, 76, 74, 75, 11, 12, 18, 19, 20, 21, 29, 22, 23, 26, 27, 28, 30, 31, 157, 33, 34, 35, 36, 37, 38, 39, 40, 156, 155, 41, 42, 45, 44, 46, 47, 48, 168, 72, 78, 82, 79, 80, 81, 3, 4, 5, 169, 111, 110, 69, 16, 17, 158, 32, 24, 25, 150, 160, 151, 152, 142, 143, 144, 140, 149, 148, 147, 136, 137, 138, 135, 139, 161, 14, 15, 159, 13, 115, 116, 146, 145, 112]
Długość trasy: 3859
Czas wykonania: 240001 ms

64: 3909
65: 3901
42: 3912
11: 3921
Algorytm: Tabu Search: Odwrócenie losowej ścieżki
Ilość wierzchołków: 171
Najkrótsza trasa: [0, 2, 1, 77, 73, 170, 49, 50, 51, 52, 53, 43, 55, 54, 58, 59, 60, 61, 68, 67, 167, 70, 87, 85, 86, 83, 84, 71, 66, 65, 64, 56, 57, 62, 63, 88, 153, 154, 89, 90, 91, 94, 96, 97, 99, 98, 95, 92, 93, 108, 166, 107, 106, 105, 165, 163, 100, 102, 103, 117, 118, 119, 120, 121, 122, 162, 123, 101, 104, 114, 109, 113, 164, 127, 126, 125, 124, 129, 128, 130, 131, 132, 133, 134, 141, 6, 7, 8, 9, 10, 76, 74, 75, 11, 12, 18, 19, 20, 21, 22, 23, 26, 27, 28, 29, 30, 31, 33, 34, 156, 40, 39, 37, 38, 35, 36, 157, 41, 155, 42, 44, 45, 46, 47, 48, 168, 72, 78, 82, 79, 80, 81, 3, 4, 5, 169, 111, 110, 69, 16, 17, 158, 32, 24, 25, 150, 160, 151, 152, 142, 143, 144, 140, 149, 148, 147, 137, 136, 135, 138, 139, 14, 13, 15, 159, 161, 115, 116, 146, 145, 112]
Długość trasy: 3901
Czas wykonania: 240001 ms

4: 3887
Algorytm: Tabu Search: Odwrócenie losowej ścieżki
Ilość wierzchołków: 171
Najkrótsza trasa: [0, 1, 2, 77, 73, 170, 49, 50, 51, 52, 53, 43, 55, 54, 58, 59, 60, 61, 68, 67, 167, 70, 87, 85, 86, 83, 84, 71, 66, 65, 64, 56, 57, 62, 63, 88, 153, 154, 89, 90, 91, 94, 96, 97, 99, 98, 95, 92, 93, 166, 108, 107, 106, 105, 165, 163, 100, 102, 103, 117, 118, 119, 120, 121, 122, 123, 162, 101, 104, 114, 109, 113, 164, 127, 126, 125, 124, 129, 128, 130, 131, 132, 133, 134, 141, 6, 7, 8, 9, 10, 76, 74, 75, 11, 12, 18, 19, 20, 21, 22, 23, 26, 27, 28, 29, 30, 31, 33, 34, 156, 40, 39, 38, 37, 35, 36, 157, 41, 155, 42, 45, 44, 46, 47, 48, 168, 72, 78, 82, 79, 80, 81, 3, 4, 5, 169, 111, 110, 69, 158, 32, 16, 17, 24, 25, 150, 160, 151, 152, 142, 143, 144, 140, 149, 148, 147, 137, 136, 138, 135, 139, 14, 13, 15, 159, 161, 115, 116, 146, 145, 112]
Długość trasy: 3887
Czas wykonania: 240001 ms

4: 3887
Algorytm: Tabu Search: Odwrócenie losowej ścieżki
Ilość wierzchołków: 171
Najkrótsza trasa: [0, 1, 2, 77, 73, 170, 49, 50, 51, 52, 53, 43, 55, 54, 58, 59, 60, 61, 68, 67, 167, 70, 87, 85, 86, 83, 84, 71, 66, 65, 64, 56, 57, 62, 63, 88, 153, 154, 89, 90, 91, 94, 96, 97, 99, 98, 95, 92, 93, 166, 108, 107, 106, 105, 165, 163, 100, 102, 103, 117, 118, 119, 120, 121, 122, 123, 162, 101, 104, 114, 109, 113, 164, 127, 126, 125, 124, 129, 128, 130, 131, 132, 133, 134, 141, 6, 7, 8, 9, 10, 76, 74, 75, 11, 12, 18, 19, 20, 21, 22, 23, 26, 27, 28, 29, 30, 31, 33, 34, 156, 40, 39, 38, 37, 35, 36, 157, 41, 155, 42, 45, 44, 46, 47, 48, 168, 72, 78, 82, 79, 80, 81, 3, 4, 5, 169, 111, 110, 69, 158, 32, 16, 17, 24, 25, 150, 160, 151, 152, 142, 143, 144, 140, 149, 148, 147, 137, 136, 138, 135, 139, 14, 13, 15, 159, 161, 115, 116, 146, 145, 112]
Długość trasy: 3887
Czas wykonania: 240001 ms

6: 3887
Algorytm: Tabu Search: Odwrócenie losowej ścieżki
Ilość wierzchołków: 171
Najkrótsza trasa: [0, 1, 2, 77, 73, 170, 49, 50, 51, 52, 53, 43, 55, 54, 58, 59, 60, 61, 68, 67, 167, 70, 87, 85, 86, 83, 84, 71, 66, 65, 64, 56, 57, 62, 63, 88, 153, 154, 89, 90, 91, 94, 96, 97, 99, 98, 95, 92, 93, 166, 108, 107, 106, 105, 165, 163, 100, 102, 103, 117, 118, 119, 120, 121, 122, 123, 162, 101, 104, 114, 109, 113, 164, 127, 126, 125, 124, 129, 128, 130, 131, 132, 133, 134, 141, 6, 7, 8, 9, 10, 76, 74, 75, 11, 12, 18, 19, 20, 21, 22, 23, 26, 27, 28, 29, 30, 31, 33, 34, 156, 40, 39, 37, 38, 35, 36, 157, 41, 155, 42, 45, 44, 46, 47, 48, 168, 72, 78, 82, 79, 80, 81, 3, 4, 5, 169, 111, 110, 69, 158, 32, 16, 17, 24, 25, 150, 160, 151, 152, 142, 143, 144, 140, 149, 148, 147, 137, 136, 138, 135, 139, 14, 13, 15, 159, 161, 115, 116, 146, 145, 112]
Długość trasy: 3887
Czas wykonania: 240001 ms

6: 3887
Algorytm: Tabu Search: Odwrócenie losowej ścieżki
Ilość wierzchołków: 171
Najkrótsza trasa: [0, 1, 2, 77, 73, 170, 49, 50, 51, 52, 53, 43, 55, 54, 58, 59, 60, 61, 68, 67, 167, 70, 87, 85, 86, 83, 84, 71, 66, 65, 64, 56, 57, 62, 63, 88, 153, 154, 89, 90, 91, 94, 96, 97, 99, 98, 95, 92, 93, 108, 166, 107, 106, 105, 165, 163, 100, 102, 103, 117, 118, 119, 120, 121, 122, 123, 162, 101, 104, 114, 109, 113, 164, 127, 126, 125, 124, 129, 128, 130, 131, 132, 133, 134, 141, 6, 7, 8, 9, 10, 76, 74, 75, 11, 12, 18, 19, 20, 21, 22, 23, 26, 27, 28, 29, 30, 31, 33, 34, 156, 40, 39, 38, 37, 35, 36, 157, 41, 155, 42, 45, 44, 46, 47, 48, 168, 72, 78, 82, 79, 80, 81, 3, 4, 5, 169, 111, 110, 69, 158, 32, 16, 17, 24, 25, 150, 160, 151, 152, 142, 143, 144, 140, 149, 148, 147, 137, 136, 138, 135, 139, 14, 13, 15, 159, 161, 115, 116, 146, 145, 112]
Długość trasy: 3887
Czas wykonania: 240001 ms

4: 3901
Algorytm: Tabu Search: Odwrócenie losowej ścieżki
Ilość wierzchołków: 171
Najkrótsza trasa: [0, 1, 2, 77, 73, 170, 49, 50, 51, 52, 53, 43, 55, 54, 58, 59, 60, 61, 68, 67, 167, 70, 87, 85, 86, 83, 84, 71, 66, 65, 64, 56, 57, 62, 63, 88, 153, 154, 89, 90, 91, 94, 96, 97, 99, 98, 95, 92, 93, 166, 108, 107, 106, 105, 165, 163, 100, 102, 103, 117, 118, 119, 120, 121, 122, 123, 162, 101, 104, 114, 109, 113, 164, 127, 126, 125, 124, 129, 128, 130, 131, 132, 133, 134, 141, 6, 7, 8, 9, 10, 76, 74, 75, 11, 12, 18, 19, 20, 21, 22, 23, 26, 27, 28, 29, 30, 31, 33, 34, 156, 40, 39, 38, 37, 35, 36, 157, 41, 155, 42, 45, 44, 46, 47, 48, 168, 72, 78, 82, 79, 80, 81, 3, 4, 5, 169, 111, 110, 69, 16, 17, 32, 158, 24, 25, 150, 160, 151, 152, 142, 143, 144, 140, 149, 148, 147, 137, 136, 138, 135, 139, 14, 13, 15, 159, 161, 115, 116, 146, 145, 112]
Długość trasy: 3901
Czas wykonania: 240001 ms

7: 3901
Algorytm: Tabu Search: Odwrócenie losowej ścieżki
Ilość wierzchołków: 171
Najkrótsza trasa: [0, 1, 2, 77, 73, 170, 49, 50, 51, 52, 53, 43, 55, 54, 58, 59, 60, 61, 68, 67, 167, 70, 87, 85, 86, 83, 84, 71, 66, 65, 64, 56, 57, 62, 63, 88, 153, 154, 89, 90, 91, 94, 96, 97, 99, 98, 95, 92, 93, 166, 108, 107, 106, 105, 165, 163, 100, 102, 103, 117, 118, 119, 120, 121, 122, 123, 162, 101, 104, 114, 109, 113, 164, 127, 126, 125, 124, 129, 128, 130, 131, 132, 133, 134, 141, 6, 7, 8, 9, 10, 76, 74, 75, 11, 12, 18, 19, 20, 21, 22, 23, 26, 27, 28, 29, 30, 31, 33, 34, 156, 40, 39, 38, 37, 35, 36, 157, 41, 155, 42, 45, 44, 46, 47, 48, 168, 72, 78, 82, 79, 80, 81, 3, 4, 5, 169, 111, 110, 69, 16, 17, 32, 158, 24, 25, 150, 160, 151, 152, 142, 143, 144, 140, 149, 148, 147, 137, 136, 138, 135, 139, 14, 13, 15, 159, 161, 115, 116, 146, 145, 112]
Długość trasy: 3901
Czas wykonania: 240001 ms

65: 3913
4: 3921
2038: 3865
2040: 3847
73: 3901
44: 3915
2031: 3873
Algorytm: Tabu Search: Odwrócenie losowej ścieżki
Ilość wierzchołków: 171
Najkrótsza trasa: [0, 2, 1, 77, 73, 170, 49, 50, 51, 52, 53, 43, 55, 54, 58, 59, 60, 61, 68, 67, 167, 70, 87, 85, 86, 83, 84, 71, 66, 65, 64, 56, 57, 62, 63, 88, 153, 154, 89, 90, 91, 94, 96, 97, 99, 98, 95, 92, 93, 108, 166, 107, 106, 105, 165, 163, 100, 102, 103, 117, 118, 119, 120, 121, 122, 123, 162, 101, 104, 114, 109, 113, 164, 127, 126, 125, 124, 129, 128, 130, 131, 132, 133, 134, 141, 6, 7, 8, 9, 10, 76, 74, 75, 11, 12, 18, 19, 20, 21, 22, 23, 26, 27, 28, 29, 30, 31, 33, 34, 156, 40, 39, 37, 38, 35, 36, 157, 155, 41, 42, 45, 44, 46, 47, 48, 168, 72, 78, 82, 79, 80, 81, 3, 4, 5, 169, 111, 110, 69, 16, 17, 158, 32, 24, 25, 150, 160, 151, 152, 142, 143, 144, 140, 149, 148, 147, 136, 137, 138, 135, 139, 14, 159, 13, 15, 161, 115, 116, 146, 145, 112]
Długość trasy: 3847
Czas wykonania: 240001 ms

8: 3887
Algorytm: Tabu Search: Odwrócenie losowej ścieżki
Ilość wierzchołków: 171
Najkrótsza trasa: [0, 2, 1, 77, 73, 170, 49, 50, 51, 52, 53, 43, 55, 54, 58, 59, 60, 61, 68, 67, 167, 70, 87, 85, 86, 83, 84, 71, 66, 65, 64, 56, 57, 62, 63, 88, 153, 154, 89, 90, 91, 94, 96, 97, 99, 98, 95, 92, 93, 166, 108, 107, 106, 105, 165, 163, 100, 102, 103, 117, 118, 119, 120, 121, 122, 123, 162, 101, 104, 114, 109, 113, 164, 127, 126, 125, 124, 129, 128, 130, 131, 132, 133, 134, 141, 6, 7, 8, 9, 10, 76, 74, 75, 11, 12, 18, 19, 20, 21, 22, 23, 26, 27, 28, 29, 30, 31, 33, 34, 156, 40, 39, 38, 37, 35, 36, 157, 41, 155, 42, 44, 45, 46, 47, 48, 168, 72, 78, 82, 79, 80, 81, 3, 4, 5, 169, 111, 110, 69, 158, 32, 16, 17, 24, 25, 150, 160, 151, 152, 142, 143, 144, 140, 149, 148, 147, 137, 136, 138, 135, 139, 14, 13, 15, 159, 161, 115, 116, 146, 145, 112]
Długość trasy: 3887
Czas wykonania: 240001 ms

