1538: 2899
774: 3192
2567: 2594
1033: 3105
266: 3428
1805: 2801
2831: 2549
531: 3291
1300: 2988
3092: 2535
9748: 2510
2069: 2713
1560: 2891
2329: 2640
2589: 2590
48161: 2496
805: 3183
4901: 2517
3623: 2518
552: 3279
1832: 2792
1321: 2979
2090: 2708
299: 3415
1068: 3094
42797: 2499
1582: 2885
2351: 2635
2863: 2547
2610: 2582
51: 3515
3125: 2534
4923: 2514
1343: 2971
3391: 2519
2112: 2702
1089: 3084
836: 3173
1604: 2877
2372: 2631
2632: 2571
330: 3399
586: 3266
2896: 2545
1364: 2963
1876: 2785
2133: 2691
1110: 3074
9814: 2508
3160: 2533
1625: 2870
2393: 2626
19037: 2502
2654: 2569
101: 3499
869: 3163
617: 3251
1897: 2778
1131: 3063
2155: 2685
1647: 2861
2415: 2620
2928: 2543
1393: 2954
42865: 2498
2676: 2567
377: 3380
3195: 2532
48252: 2495
1918: 2769
1152: 3055
2176: 2677
901: 3150
2437: 2616
1670: 2852
649: 3238
2697: 2563
42635: 2500
397: 3366
1425: 2944
2961: 2542
1940: 2760
1173: 3046
2198: 2672
2458: 2612
156: 3483
1692: 2844
3228: 2528
2719: 2560
418: 3354
934: 3138
680: 3228
1961: 2752
1194: 3037
1452: 2936
2220: 2667
2480: 2610
1714: 2835
2994: 2539
2741: 2558
439: 3339
3261: 2526
1215: 3028
1983: 2741
1473: 2926
2241: 2662
2502: 2606
711: 3218
968: 3128
1736: 2824
201: 3464
11722: 2507
460: 3326
2765: 2555
3026: 2537
1236: 3017
2004: 2735
1495: 2917
2264: 2653
2523: 2601
3293: 2524
1758: 2815
11745: 2505
2788: 2553
742: 3205
1000: 3116
489: 3314
1257: 3006
234: 3446
2026: 2730
1517: 2908
2286: 2645
2545: 2597
3059: 2536
1783: 2809
510: 3303
3326: 2523
1279: 2998
2047: 2720
Algorytm: Tabu Search: Insercja losowego miasta
Ilość wierzchołków: 403
Najkrótsza trasa: [76, 333, 267, 46, 23, 14, 62, 13, 205, 204, 32, 274, 83, 128, 33, 376, 137, 38, 135, 270, 19, 18, 402, 287, 107, 61, 50, 56, 304, 394, 225, 58, 8, 6, 64, 3, 2, 386, 47, 112, 251, 322, 272, 28, 140, 11, 86, 101, 193, 126, 10, 311, 55, 151, 59, 367, 310, 29, 397, 5, 133, 308, 260, 43, 84, 281, 77, 31, 52, 40, 39, 237, 78, 226, 147, 79, 69, 81, 22, 21, 82, 247, 172, 26, 169, 27, 164, 15, 206, 30, 360, 96, 66, 60, 44, 166, 67, 94, 88, 353, 263, 90, 72, 57, 141, 116, 92, 51, 49, 37, 316, 120, 392, 351, 293, 93, 145, 152, 143, 106, 165, 142, 202, 364, 303, 71, 239, 70, 387, 349, 73, 99, 389, 130, 111, 369, 139, 4, 42, 373, 355, 115, 114, 244, 80, 307, 20, 341, 201, 118, 388, 157, 269, 372, 278, 122, 119, 168, 217, 242, 117, 127, 213, 356, 264, 328, 104, 384, 383, 34, 220, 197, 361, 146, 144, 105, 391, 154, 87, 158, 339, 374, 363, 289, 265, 275, 210, 110, 326, 258, 254, 223, 214, 192, 189, 162, 48, 124, 1, 170, 284, 290, 125, 74, 216, 200, 198, 331, 323, 305, 215, 309, 375, 191, 187, 234, 228, 224, 240, 219, 232, 196, 0, 285, 282, 357, 330, 132, 243, 231, 288, 175, 291, 315, 182, 177, 161, 148, 325, 134, 306, 319, 195, 280, 279, 190, 100, 98, 318, 336, 292, 329, 294, 327, 236, 227, 381, 345, 173, 344, 97, 241, 121, 65, 221, 199, 238, 229, 393, 149, 347, 401, 354, 342, 266, 246, 253, 150, 9, 103, 131, 385, 300, 178, 138, 297, 102, 332, 296, 171, 63, 337, 268, 16, 335, 176, 156, 390, 153, 368, 245, 155, 75, 159, 378, 398, 396, 370, 358, 350, 129, 255, 184, 211, 136, 233, 324, 320, 95, 271, 317, 208, 276, 298, 91, 248, 348, 343, 160, 25, 340, 366, 321, 379, 230, 382, 212, 183, 17, 12, 123, 399, 377, 186, 53, 400, 163, 365, 68, 109, 24, 54, 85, 174, 250, 179, 334, 180, 359, 181, 346, 338, 188, 299, 259, 194, 380, 362, 207, 45, 209, 41, 167, 36, 218, 203, 295, 222, 185, 235, 113, 395, 108, 256, 252, 371, 262, 261, 283, 277, 352, 286, 273, 257, 301, 249, 302, 89, 312, 35, 313, 7, 314]
Długość trasy: 2495
Czas wykonania: 360016 ms

1024: 3088
2048: 2700
773: 3175
263: 3451
2823: 2557
1290: 2963
1804: 2771
3085: 2531
2319: 2621
1553: 2864
1046: 3078
2070: 2694
12313: 2504
104216: 2493
538: 3294
286: 3433
1312: 2954
2592: 2589
69920: 2499
3107: 2529
806: 3163
1575: 2855
2857: 2555
1834: 2764
1068: 3067
2093: 2686
2351: 2617
560: 3278
50: 3514
104242: 2491
309: 3414
1334: 2945
2618: 2585
3130: 2528
4923: 2511
1598: 2847
1090: 3057
2115: 2679
581: 3266
839: 3151
331: 3401
2891: 2549
1868: 2757
2640: 2582
17744: 2500
69969: 2494
3153: 2525
4946: 2508
1364: 2936
1620: 2837
3415: 2516
1112: 3046
2392: 2612
2138: 2672
604: 3251
12382: 2502
17502: 2501
97: 3499
1891: 2747
2663: 2578
872: 3141
3176: 2523
361: 3387
1642: 2829
2925: 2545
1134: 3036
2160: 2667
626: 3241
1399: 2927
1913: 2740
2425: 2608
2685: 2575
383: 3373
3199: 2522
1665: 2821
1157: 3025
647: 3230
2183: 2656
905: 3129
1421: 2918
2959: 2542
1936: 2735
2708: 2573
405: 3359
152: 3482
1688: 2811
2458: 2603
4250: 2514
1179: 3016
2205: 2648
670: 3219
3233: 2520
1443: 2909
1958: 2726
938: 3120
2731: 2572
1711: 2803
1201: 3003
2993: 2540
2227: 2641
692: 3208
439: 3346
3255: 2519
1465: 2900
2492: 2600
1981: 2719
2753: 2569
1733: 2795
1223: 2993
4295: 2512
3016: 2538
714: 3198
2250: 2636
203: 3466
461: 3333
3278: 2517
1487: 2891
978: 3108
2003: 2713
2776: 2565
1755: 2787
1245: 2983
2525: 2598
3039: 2537
2272: 2632
484: 3320
740: 3187
1509: 2881
1001: 3097
2025: 2707
2798: 2562
1268: 2973
1781: 2779
3062: 2533
2296: 2626
507: 3307
1531: 2871
2559: 2593
Algorytm: Tabu Search: Insercja losowego miasta
Ilość wierzchołków: 403
Najkrótsza trasa: [0, 333, 267, 46, 23, 14, 62, 13, 205, 204, 123, 32, 274, 83, 33, 376, 135, 270, 19, 18, 402, 287, 107, 61, 350, 150, 34, 50, 56, 312, 35, 93, 84, 304, 394, 225, 58, 8, 6, 64, 3, 2, 386, 47, 112, 264, 322, 272, 28, 126, 10, 151, 59, 106, 359, 211, 314, 76, 352, 91, 184, 367, 310, 29, 208, 308, 260, 318, 217, 9, 232, 387, 77, 31, 52, 40, 39, 78, 226, 147, 79, 69, 81, 22, 21, 133, 82, 249, 316, 256, 247, 86, 101, 169, 27, 158, 1, 360, 96, 66, 60, 44, 166, 67, 94, 24, 54, 88, 353, 263, 90, 72, 57, 160, 25, 92, 51, 49, 37, 36, 301, 120, 392, 351, 293, 87, 307, 143, 109, 137, 42, 246, 95, 55, 364, 303, 71, 193, 239, 70, 43, 349, 73, 99, 389, 180, 165, 167, 111, 369, 131, 355, 115, 114, 244, 80, 331, 7, 374, 41, 201, 89, 313, 20, 302, 118, 85, 372, 278, 122, 119, 168, 242, 117, 388, 348, 290, 213, 356, 104, 384, 383, 145, 361, 146, 144, 177, 105, 391, 154, 335, 207, 45, 340, 136, 209, 363, 289, 129, 255, 110, 275, 210, 265, 326, 258, 254, 223, 214, 192, 189, 162, 48, 124, 339, 170, 284, 343, 125, 74, 216, 200, 198, 159, 323, 305, 215, 309, 375, 191, 187, 234, 228, 224, 142, 240, 219, 285, 282, 357, 328, 132, 288, 175, 291, 315, 161, 148, 325, 134, 306, 319, 195, 280, 279, 336, 292, 329, 294, 257, 65, 236, 227, 381, 102, 140, 334, 97, 188, 173, 344, 141, 116, 237, 238, 229, 393, 149, 347, 401, 354, 342, 266, 221, 300, 286, 273, 281, 190, 138, 297, 103, 276, 298, 171, 63, 337, 152, 11, 176, 156, 390, 153, 75, 155, 378, 398, 396, 395, 233, 324, 212, 157, 269, 311, 271, 370, 358, 317, 251, 330, 366, 321, 379, 230, 382, 320, 130, 373, 182, 222, 185, 174, 250, 38, 202, 183, 17, 12, 252, 371, 327, 163, 365, 164, 15, 172, 26, 178, 100, 98, 179, 368, 68, 181, 346, 338, 139, 4, 186, 53, 400, 194, 380, 362, 206, 30, 245, 218, 203, 220, 197, 231, 243, 235, 121, 241, 113, 262, 261, 268, 16, 283, 277, 341, 332, 296, 248, 345, 299, 259, 108, 253, 127, 399, 377, 385, 199, 295, 397, 5, 128, 196]
Długość trasy: 2491
Czas wykonania: 360021 ms

2816: 2551
515: 3294
1285: 2950
2312: 2633
1033: 3063
778: 3180
273: 3398
2065: 2692
3089: 2532
1813: 2770
2839: 2547
1561: 2859
1308: 2941
2334: 2627
799: 3169
1055: 3052
2592: 2577
547: 3279
3364: 2527
2087: 2686
3111: 2530
296: 3383
1835: 2763
1583: 2850
1330: 2932
3635: 2510
2356: 2622
821: 3158
1077: 3040
2614: 2574
2872: 2545
59: 3514
2109: 2681
1857: 2755
12354: 2506
99138: 2488
580: 3266
3908: 2508
1605: 2842
1352: 2923
2378: 2614
843: 3147
1100: 3030
2636: 2570
338: 3370
2131: 2677
1879: 2748
2905: 2543
1627: 2834
1375: 2915
96: 3496
2401: 2610
866: 3134
1122: 3020
2659: 2566
612: 3254
360: 3357
3432: 2525
2153: 2673
15467: 2498
1901: 2741
1649: 2824
14707: 2505
1397: 2906
2423: 2606
888: 3124
1144: 3008
2681: 2564
2938: 2542
382: 3345
43135: 2492
2176: 2669
129: 3480
1923: 2735
645: 3241
1671: 2816
24970: 2496
2445: 2603
910: 3113
1166: 2998
2704: 2562
1429: 2896
3477: 2523
2198: 2659
3225: 2529
1946: 2730
155: 3463
1694: 2806
415: 3333
2975: 2541
14753: 2504
933: 3104
2469: 2599
678: 3228
2726: 2560
1196: 2988
2220: 2655
3500: 2521
1968: 2722
178: 3445
1716: 2799
1462: 2885
2492: 2596
2748: 2558
703: 3215
448: 3319
3008: 2539
1218: 2978
3522: 2512
2243: 2650
965: 3092
1990: 2713
3270: 2528
201: 3430
1746: 2792
2514: 2592
2771: 2556
1240: 2969
1497: 2876
2265: 2646
988: 3082
734: 3204
480: 3306
3041: 2537
274919: 2487
2021: 2706
1768: 2785
2536: 2585
2794: 2554
1263: 2959
2287: 2641
1010: 3072
756: 3192
248: 3412
1529: 2867
64249: 2491
3066: 2536
2043: 2700
1790: 2777
2559: 2582
14847: 2500
Algorytm: Tabu Search: Insercja losowego miasta
Ilość wierzchołków: 403
Najkrótsza trasa: [196, 0, 333, 267, 317, 23, 14, 62, 13, 205, 204, 32, 274, 350, 33, 376, 50, 135, 270, 19, 18, 253, 93, 145, 402, 287, 107, 61, 293, 43, 34, 308, 394, 225, 58, 8, 6, 388, 64, 3, 2, 386, 47, 112, 264, 322, 272, 28, 340, 151, 11, 352, 104, 97, 86, 101, 311, 55, 367, 310, 29, 177, 304, 260, 77, 31, 52, 40, 39, 78, 226, 147, 79, 69, 81, 22, 21, 82, 247, 249, 85, 153, 75, 184, 312, 35, 217, 84, 169, 27, 360, 96, 66, 60, 44, 109, 221, 67, 94, 88, 353, 263, 90, 72, 57, 202, 141, 116, 92, 51, 49, 37, 301, 120, 392, 256, 167, 36, 307, 143, 364, 303, 71, 242, 70, 150, 349, 73, 99, 389, 187, 180, 359, 111, 369, 206, 30, 68, 318, 131, 355, 115, 114, 42, 244, 80, 313, 7, 38, 201, 89, 159, 20, 302, 118, 262, 261, 245, 133, 124, 269, 128, 372, 278, 122, 119, 168, 213, 356, 208, 251, 328, 248, 348, 290, 232, 387, 384, 383, 9, 220, 197, 361, 146, 144, 105, 391, 154, 106, 165, 65, 157, 339, 207, 45, 108, 351, 83, 374, 363, 289, 110, 275, 210, 265, 326, 258, 254, 223, 214, 192, 189, 162, 48, 335, 284, 125, 74, 216, 200, 198, 127, 218, 203, 126, 10, 331, 323, 305, 215, 309, 252, 191, 234, 228, 224, 24, 137, 54, 136, 240, 219, 285, 282, 357, 358, 395, 235, 121, 132, 243, 231, 288, 246, 175, 291, 315, 161, 148, 325, 134, 306, 319, 237, 195, 280, 279, 179, 368, 366, 292, 329, 294, 281, 236, 227, 381, 345, 173, 344, 149, 347, 401, 354, 342, 266, 385, 300, 286, 273, 327, 178, 138, 297, 332, 296, 171, 63, 337, 152, 59, 268, 16, 176, 156, 390, 155, 378, 398, 396, 257, 233, 324, 320, 87, 56, 158, 1, 129, 95, 271, 370, 330, 343, 142, 276, 259, 160, 25, 336, 321, 379, 194, 380, 362, 283, 277, 341, 375, 371, 163, 15, 316, 255, 164, 365, 166, 199, 295, 174, 185, 193, 170, 334, 91, 181, 346, 338, 183, 17, 12, 186, 53, 400, 140, 188, 299, 298, 190, 100, 98, 182, 209, 41, 222, 250, 230, 382, 212, 211, 238, 229, 393, 239, 117, 139, 4, 241, 113, 46, 123, 399, 377, 172, 26, 314, 76, 103, 102, 373, 130, 397, 5]
Długość trasy: 2487
Czas wykonania: 360013 ms

769: 3175
1283: 2937
2563: 2573
2312: 2620
1802: 2760
524: 3284
3085: 2514
1038: 3045
1552: 2847
274: 3408
2834: 2539
3346: 2501
2068: 2674
790: 3165
1305: 2928
2585: 2569
2334: 2616
1824: 2753
1059: 3035
1574: 2839
295: 3393
2856: 2537
2090: 2669
556: 3273
812: 3153
1326: 2920
3118: 2513
2607: 2566
26162: 2496
51: 3517
2355: 2610
1846: 2747
1081: 3024
1596: 2833
2878: 2534
2112: 2663
321: 3379
833: 3143
1348: 2911
2628: 2562
33094: 2493
2377: 2606
1867: 2738
588: 3262
78: 3499
1102: 3014
3150: 2512
118606: 2486
1618: 2825
2899: 2532
342: 3362
2134: 2659
855: 3133
2650: 2558
2400: 2602
1889: 2729
1124: 3004
1380: 2902
106342: 2492
104: 3482
1640: 2816
2921: 2530
364: 3346
620: 3250
2156: 2651
877: 3122
2672: 2556
2422: 2598
1911: 2721
26493: 2494
1662: 2805
2943: 2528
106369: 2490
1153: 2994
898: 3112
2178: 2645
1413: 2891
2693: 2553
652: 3237
2444: 2594
397: 3334
1933: 2713
3216: 2510
2965: 2527
1174: 2984
153: 3465
2201: 2640
2715: 2550
1692: 2799
929: 3101
2466: 2591
1955: 2708
676: 3224
1445: 2883
118440: 2489
2986: 2525
1196: 2975
429: 3320
175: 3449
2223: 2637
3248: 2509
2737: 2548
22193: 2500
1714: 2791
950: 3091
2488: 2587
1979: 2702
3008: 2522
705: 3212
1217: 2965
1477: 2874
2245: 2632
198: 3433
2759: 2545
1736: 2783
461: 3308
973: 3081
2510: 2583
2001: 2695
726: 3197
3030: 2521
1239: 2956
2268: 2627
2781: 2543
1758: 2775
995: 3069
1508: 2864
3301: 2507
2023: 2687
747: 3188
492: 3295
3052: 2516
1261: 2946
2541: 2578
118511: 2488
2290: 2623
1780: 2766
1016: 3055
250: 3422
1530: 2854
2812: 2541
2045: 2680
Algorytm: Tabu Search: Insercja losowego miasta
Ilość wierzchołków: 403
Najkrótsza trasa: [0, 87, 56, 333, 267, 46, 23, 14, 62, 13, 205, 204, 316, 255, 32, 274, 357, 328, 293, 33, 376, 135, 270, 19, 18, 402, 287, 107, 61, 257, 43, 34, 308, 394, 225, 58, 8, 6, 64, 3, 2, 386, 47, 112, 151, 11, 182, 264, 322, 272, 28, 86, 101, 152, 310, 29, 184, 397, 5, 385, 199, 220, 197, 150, 9, 217, 84, 77, 31, 52, 40, 39, 78, 226, 147, 79, 69, 81, 22, 21, 335, 82, 247, 169, 27, 360, 96, 66, 60, 44, 167, 102, 103, 221, 67, 94, 88, 353, 263, 97, 248, 90, 72, 57, 141, 116, 92, 51, 49, 37, 54, 108, 256, 249, 301, 120, 392, 351, 350, 93, 145, 313, 143, 95, 55, 91, 364, 303, 71, 387, 349, 73, 99, 389, 187, 180, 359, 111, 369, 131, 355, 115, 114, 244, 80, 307, 7, 106, 165, 124, 1, 213, 278, 122, 119, 168, 242, 117, 232, 372, 356, 218, 384, 383, 203, 126, 10, 361, 146, 144, 105, 391, 154, 207, 45, 340, 211, 318, 374, 363, 289, 110, 275, 210, 265, 326, 258, 254, 223, 214, 192, 189, 24, 162, 48, 130, 251, 358, 83, 125, 74, 216, 200, 198, 331, 323, 305, 215, 309, 375, 191, 42, 234, 228, 224, 240, 219, 285, 282, 327, 241, 113, 395, 132, 243, 253, 175, 291, 315, 161, 148, 325, 134, 306, 319, 195, 280, 279, 336, 292, 329, 294, 281, 236, 227, 381, 140, 142, 188, 173, 344, 238, 229, 393, 149, 347, 401, 354, 342, 266, 166, 300, 286, 273, 190, 138, 297, 314, 59, 332, 296, 295, 171, 63, 337, 202, 129, 176, 156, 390, 153, 75, 181, 346, 338, 155, 20, 341, 159, 378, 398, 396, 317, 194, 324, 212, 136, 157, 339, 170, 334, 245, 158, 269, 133, 311, 271, 370, 330, 343, 85, 276, 298, 177, 388, 348, 290, 160, 25, 366, 321, 379, 373, 230, 382, 320, 128, 233, 380, 362, 222, 250, 139, 4, 179, 368, 68, 283, 277, 352, 127, 399, 377, 163, 15, 65, 50, 237, 164, 365, 172, 26, 109, 104, 174, 185, 178, 100, 98, 183, 17, 12, 246, 186, 53, 400, 137, 36, 38, 193, 201, 89, 284, 208, 206, 30, 209, 41, 231, 288, 235, 121, 239, 70, 252, 371, 262, 261, 268, 16, 302, 118, 123, 304, 260, 312, 35, 345, 299, 259, 367, 76, 196]
Długość trasy: 2486
Czas wykonania: 360006 ms

768: 3198
1536: 2901
260: 3396
1029: 3085
1798: 2823
3079: 2555
2056: 2746
2568: 2622
2315: 2677
2829: 2585
76558: 2492
1298: 2987
3604: 2527
794: 3187
285: 3381
541: 3276
4125: 2506
1054: 3074
1824: 2816
3104: 2553
2081: 2740
2593: 2618
1571: 2891
2340: 2671
2854: 2582
12072: 2503
3630: 2525
47: 3514
1327: 2977
819: 3176
1849: 2808
2106: 2736
2618: 2614
315: 3367
1083: 3064
2365: 2666
11838: 2504
2879: 2579
576: 3265
3393: 2541
3141: 2551
1607: 2882
1352: 2966
73: 3496
845: 3163
2130: 2727
339: 3356
2643: 2610
1108: 3054
2391: 2661
88662: 2491
2904: 2576
1882: 2799
3419: 2540
3680: 2524
1377: 2956
3937: 2517
99: 3480
611: 3253
870: 3152
3177: 2549
1642: 2873
363: 3342
1132: 3045
2668: 2606
2157: 2719
2416: 2655
2929: 2572
1907: 2790
3444: 2535
1402: 2948
3706: 2519
895: 3143
161917: 2481
1157: 3035
2693: 2602
646: 3243
1673: 2865
2441: 2651
138: 3464
2954: 2570
1932: 2783
3213: 2548
88716: 2490
3470: 2533
2191: 2712
400: 3329
141456: 2486
1427: 2940
3731: 2518
921: 3130
3996: 2510
2718: 2598
160: 3446
1184: 3025
1698: 2856
2466: 2642
2979: 2566
1956: 2775
2216: 2706
682: 3233
28330: 2496
1452: 2931
3249: 2546
946: 3118
435: 3316
182: 3428
2743: 2594
1208: 3015
1723: 2847
2491: 2637
3004: 2563
1981: 2767
2241: 2700
3521: 2532
709: 3221
1477: 2919
12231: 2502
971: 3108
2768: 2591
1233: 3005
1748: 2838
3029: 2560
3285: 2544
470: 3300
2006: 2761
2518: 2632
2266: 2690
47322: 2495
161752: 2482
3547: 2530
1502: 2910
141539: 2484
742: 3209
233: 3413
2793: 2588
1004: 3095
1773: 2830
3054: 2558
2031: 2753
2543: 2628
1266: 2996
2290: 2685
3316: 2542
76532: 2494
506: 3287
Algorytm: Tabu Search: Insercja losowego miasta
Ilość wierzchołków: 403
Najkrótsza trasa: [333, 267, 46, 23, 14, 62, 13, 205, 204, 32, 274, 370, 328, 317, 318, 33, 376, 38, 19, 18, 402, 287, 107, 61, 293, 137, 54, 97, 43, 34, 108, 256, 335, 304, 394, 225, 58, 8, 6, 64, 3, 2, 386, 47, 112, 251, 322, 272, 28, 341, 311, 10, 367, 59, 314, 310, 29, 308, 5, 246, 79, 312, 35, 218, 84, 77, 31, 52, 40, 39, 136, 78, 226, 147, 142, 81, 22, 21, 82, 247, 153, 75, 388, 164, 15, 158, 1, 102, 360, 96, 66, 60, 44, 166, 67, 94, 88, 353, 263, 90, 72, 57, 160, 25, 92, 51, 49, 37, 301, 120, 392, 351, 350, 93, 145, 364, 303, 71, 242, 70, 150, 349, 73, 99, 389, 111, 369, 95, 271, 50, 85, 232, 131, 355, 115, 114, 69, 244, 80, 307, 7, 129, 255, 211, 135, 270, 201, 89, 237, 313, 20, 302, 118, 374, 278, 122, 119, 168, 239, 117, 175, 372, 356, 104, 203, 387, 384, 383, 42, 193, 220, 197, 295, 361, 146, 144, 105, 391, 154, 316, 207, 45, 209, 363, 289, 265, 275, 210, 109, 326, 258, 254, 223, 214, 192, 189, 162, 48, 170, 284, 290, 125, 74, 216, 200, 198, 139, 331, 323, 305, 215, 309, 252, 191, 187, 234, 228, 224, 240, 219, 285, 282, 357, 358, 395, 373, 132, 288, 249, 248, 348, 188, 299, 298, 291, 315, 124, 269, 161, 148, 325, 134, 306, 319, 195, 280, 279, 127, 184, 4, 366, 292, 329, 294, 257, 236, 227, 381, 86, 101, 345, 173, 344, 141, 116, 238, 229, 393, 149, 347, 401, 354, 342, 266, 286, 273, 327, 190, 100, 98, 178, 138, 297, 151, 11, 171, 63, 337, 152, 76, 268, 16, 176, 156, 390, 155, 143, 159, 378, 398, 396, 281, 65, 194, 324, 212, 157, 339, 241, 330, 343, 103, 276, 259, 336, 321, 362, 233, 380, 379, 264, 113, 183, 17, 12, 24, 123, 399, 377, 133, 163, 365, 245, 169, 27, 140, 334, 172, 26, 174, 250, 179, 368, 180, 165, 181, 346, 338, 186, 53, 400, 206, 30, 68, 126, 55, 213, 41, 340, 217, 9, 221, 199, 222, 185, 230, 382, 320, 231, 243, 253, 262, 261, 235, 121, 91, 283, 277, 352, 130, 182, 332, 296, 87, 56, 177, 375, 371, 83, 128, 202, 385, 300, 208, 106, 359, 110, 397, 260, 196, 0, 167, 36]
Długość trasy: 2481
Czas wykonania: 360025 ms

2820: 2538
1030: 3019
1543: 2819
2313: 2603
778: 3137
267: 3387
2059: 2652
3339: 2507
1806: 2728
2577: 2568
17681: 2505
1298: 2913
38162: 2500
533: 3248
2843: 2533
1052: 3011
3101: 2522
2335: 2599
800: 3127
1569: 2811
2081: 2647
291: 3375
1828: 2719
49: 3516
2610: 2565
2866: 2530
1331: 2904
822: 3117
2358: 2595
567: 3233
2103: 2642
3127: 2520
1080: 3001
314: 3359
1594: 2800
1850: 2711
41531: 2497
172862: 2490
38209: 2499
2889: 2528
2634: 2561
75: 3495
844: 3106
2380: 2590
1102: 2992
1871: 2704
3151: 2518
1360: 2894
337: 3343
2129: 2637
287317: 2487
1620: 2792
41557: 2496
600: 3220
2656: 2559
2912: 2527
2402: 2586
867: 3094
1123: 2982
101: 3481
1893: 2696
1382: 2885
2151: 2632
1645: 2781
367: 3328
2679: 2556
2424: 2583
633: 3209
1145: 2972
1915: 2688
1405: 2875
2174: 2627
3198: 2512
224381: 2488
128: 3462
896: 3084
1667: 2772
389: 3315
2701: 2552
2447: 2579
1168: 2963
2960: 2525
1937: 2682
658: 3196
1427: 2864
2196: 2623
3221: 2510
918: 3071
1689: 2764
411: 3301
41627: 2494
159: 3449
2724: 2550
1190: 2953
1959: 2676
680: 3184
1449: 2855
2218: 2619
940: 3060
1711: 2756
2479: 2576
433: 3288
181: 3433
2746: 2548
1212: 2944
1471: 2847
1983: 2669
3007: 2523
963: 3049
1733: 2750
711: 3171
2247: 2614
204: 3420
38093: 2504
2512: 2573
1233: 2934
2769: 2546
41170: 2498
467: 3276
1493: 2838
985: 3039
1754: 2742
3291: 2508
733: 3159
2269: 2610
2014: 2664
227: 3405
38116: 2501
2791: 2543
139749: 2491
1516: 2829
1007: 3028
2544: 2571
1266: 2922
2291: 2607
500: 3264
756: 3147
2037: 2658
1784: 2736
Algorytm: Tabu Search: Insercja losowego miasta
Ilość wierzchołków: 403
Najkrótsza trasa: [327, 196, 0, 333, 267, 317, 23, 14, 62, 13, 205, 204, 387, 32, 274, 46, 131, 42, 33, 376, 211, 135, 270, 19, 18, 402, 287, 107, 61, 83, 388, 348, 343, 43, 34, 295, 304, 394, 225, 58, 8, 6, 97, 64, 3, 2, 386, 47, 112, 264, 322, 272, 28, 86, 11, 136, 151, 101, 126, 55, 152, 310, 29, 397, 5, 77, 31, 52, 40, 39, 78, 226, 147, 182, 81, 22, 21, 82, 247, 172, 26, 133, 153, 75, 38, 206, 30, 360, 96, 66, 60, 44, 221, 67, 94, 88, 353, 263, 90, 72, 57, 167, 54, 141, 116, 92, 51, 49, 37, 316, 256, 301, 120, 392, 249, 307, 143, 340, 108, 351, 395, 180, 165, 364, 303, 71, 242, 70, 93, 9, 142, 193, 150, 349, 73, 99, 389, 373, 355, 115, 114, 218, 203, 313, 7, 372, 41, 302, 89, 201, 118, 50, 213, 278, 122, 119, 168, 137, 209, 356, 217, 384, 383, 84, 281, 361, 146, 144, 105, 391, 154, 87, 56, 248, 202, 207, 45, 374, 363, 289, 109, 275, 210, 265, 326, 258, 103, 129, 111, 369, 254, 223, 214, 192, 189, 102, 162, 48, 251, 358, 170, 284, 125, 74, 216, 200, 198, 331, 323, 305, 215, 309, 252, 191, 187, 184, 104, 145, 234, 228, 224, 240, 219, 130, 285, 282, 357, 121, 132, 243, 232, 208, 139, 4, 175, 291, 315, 91, 124, 339, 161, 148, 325, 134, 306, 319, 195, 280, 279, 336, 292, 329, 294, 236, 227, 381, 188, 173, 344, 65, 385, 199, 238, 229, 393, 149, 347, 401, 354, 342, 266, 286, 273, 178, 138, 297, 314, 59, 128, 255, 110, 332, 296, 171, 63, 337, 268, 16, 176, 156, 390, 127, 399, 377, 155, 378, 398, 396, 350, 253, 233, 324, 212, 157, 269, 140, 334, 68, 158, 1, 95, 271, 370, 328, 257, 237, 24, 36, 241, 330, 290, 318, 123, 159, 20, 341, 106, 359, 177, 276, 298, 160, 25, 283, 277, 352, 163, 365, 245, 164, 15, 166, 300, 169, 27, 174, 250, 181, 346, 338, 183, 17, 12, 186, 53, 400, 190, 100, 98, 194, 380, 362, 220, 197, 222, 185, 85, 335, 230, 382, 320, 231, 288, 235, 113, 293, 239, 117, 244, 80, 262, 261, 179, 368, 308, 260, 311, 10, 312, 35, 79, 69, 345, 299, 259, 366, 321, 379, 246, 367, 76, 375, 371]
Długość trasy: 2487
Czas wykonania: 360001 ms

514: 3250
1283: 2913
1539: 2814
2309: 2619
268: 3367
1804: 2726
2829: 2538
2063: 2661
2575: 2567
785: 3118
1043: 3005
86295: 2498
536: 3239
1304: 2904
18200: 2502
1561: 2806
2331: 2614
290: 3354
1826: 2719
2851: 2537
2598: 2564
807: 3103
3882: 2510
1325: 2894
47: 3514
2095: 2655
18223: 2500
2353: 2606
3123: 2520
1076: 2996
565: 3228
1848: 2714
2873: 2535
2620: 2560
318: 3339
1600: 2797
835: 3092
1347: 2884
2376: 2601
73: 3498
3145: 2518
587: 3217
1869: 2709
2127: 2645
2895: 2532
2642: 2556
340: 3327
1109: 2987
1621: 2788
856: 3080
1368: 2876
2399: 2597
608: 3207
1891: 2703
101: 3481
2665: 2552
362: 3314
1131: 2976
1643: 2777
878: 3067
294763: 2489
2160: 2641
2421: 2592
630: 3196
1913: 2695
123: 3463
2939: 2527
3195: 2517
1407: 2868
2687: 2550
1153: 2967
1665: 2769
900: 3054
107144: 2496
651: 3185
2443: 2588
398: 3301
1934: 2689
2192: 2637
145: 3448
2961: 2526
1429: 2858
1686: 2762
1175: 2958
922: 3044
2716: 2547
3487: 2512
673: 3173
2465: 2583
2983: 2524
1451: 2847
1708: 2755
173: 3432
1197: 2948
8877: 2509
430: 3288
1966: 2680
943: 3034
2225: 2631
2739: 2546
2487: 2579
699: 3162
3005: 2523
1473: 2840
1730: 2748
196: 3416
1220: 2938
2761: 2544
2509: 2575
1998: 2675
463: 3276
721: 3150
2257: 2627
978: 3024
1495: 2831
1752: 2741
171482: 2493
1241: 2929
219: 3398
2783: 2543
3553: 2511
2531: 2572
742: 3141
491: 3263
1517: 2823
1262: 2921
2030: 2669
2287: 2623
1010: 3014
3058: 2521
171505: 2491
245: 3383
9462: 2506
1783: 2734
2807: 2541
2553: 2569
764: 3129
Algorytm: Tabu Search: Insercja losowego miasta
Ilość wierzchołków: 403
Najkrótsza trasa: [267, 317, 85, 23, 14, 62, 13, 205, 204, 32, 274, 257, 33, 376, 211, 19, 18, 402, 287, 107, 61, 83, 387, 34, 295, 397, 394, 225, 109, 58, 8, 6, 64, 3, 2, 386, 47, 112, 251, 322, 272, 28, 151, 101, 126, 55, 152, 76, 367, 310, 29, 304, 5, 312, 35, 42, 104, 84, 77, 31, 52, 40, 39, 78, 226, 147, 24, 54, 81, 22, 21, 82, 249, 124, 1, 136, 206, 30, 167, 360, 96, 66, 60, 44, 166, 67, 94, 150, 145, 79, 353, 263, 90, 72, 57, 160, 25, 141, 116, 253, 92, 51, 49, 37, 36, 316, 256, 247, 108, 120, 392, 95, 10, 364, 303, 71, 239, 70, 127, 43, 349, 73, 99, 389, 180, 165, 111, 369, 131, 355, 115, 114, 69, 245, 244, 80, 307, 7, 38, 270, 91, 302, 118, 209, 278, 122, 119, 168, 195, 242, 117, 374, 356, 264, 328, 388, 133, 217, 384, 383, 203, 361, 146, 144, 105, 391, 154, 207, 45, 137, 213, 363, 289, 182, 230, 382, 212, 65, 265, 275, 210, 110, 326, 258, 335, 254, 223, 214, 192, 189, 193, 373, 162, 48, 125, 74, 216, 200, 198, 331, 323, 305, 215, 309, 252, 191, 187, 234, 228, 224, 240, 219, 285, 282, 357, 358, 327, 241, 113, 184, 132, 243, 231, 288, 175, 291, 315, 161, 148, 325, 134, 306, 319, 135, 280, 279, 336, 292, 329, 294, 350, 236, 227, 381, 86, 11, 170, 284, 106, 359, 188, 173, 344, 128, 238, 229, 393, 97, 149, 347, 401, 354, 342, 266, 87, 286, 273, 370, 330, 343, 178, 100, 98, 190, 138, 297, 332, 296, 237, 171, 63, 337, 176, 156, 390, 102, 153, 75, 139, 4, 311, 271, 281, 218, 318, 123, 399, 377, 155, 378, 398, 396, 293, 233, 324, 320, 140, 334, 68, 232, 50, 56, 158, 269, 314, 59, 341, 103, 159, 143, 142, 208, 276, 259, 366, 321, 379, 194, 380, 362, 174, 250, 246, 179, 368, 183, 17, 12, 283, 277, 352, 163, 15, 164, 365, 169, 27, 340, 177, 157, 339, 172, 26, 181, 346, 338, 130, 93, 9, 186, 53, 400, 129, 255, 201, 89, 248, 348, 290, 220, 197, 221, 199, 222, 185, 235, 121, 262, 261, 268, 16, 308, 260, 301, 351, 46, 313, 20, 345, 299, 298, 372, 41, 88, 375, 371, 395, 385, 300, 196, 0, 202, 333]
Długość trasy: 2489
Czas wykonania: 360014 ms

3073: 2512
1539: 2843
1029: 3034
2824: 2534
3850: 2495
2572: 2565
270: 3380
1296: 2935
2066: 2676
787: 3147
1811: 2749
2326: 2615
3095: 2510
1561: 2836
13853: 2486
543: 3259
2594: 2560
1061: 3024
808: 3136
2088: 2667
1834: 2743
3116: 2508
1582: 2828
1328: 2927
49: 3516
308: 3368
2868: 2531
2358: 2606
1083: 3014
830: 3125
2110: 2660
575: 3248
1857: 2738
1604: 2818
2632: 2557
2889: 2530
52041: 2484
330: 3355
76: 3500
1359: 2917
1104: 3005
2131: 2656
2390: 2601
1880: 2732
3160: 2507
1626: 2810
859: 3116
8796: 2494
206174: 2480
351: 3337
607: 3237
2911: 2528
2658: 2554
1125: 2997
1381: 2907
3429: 2504
104: 3478
2153: 2652
1903: 2722
880: 3104
1648: 2804
2420: 2598
632: 3224
1147: 2989
1403: 2896
2683: 2551
3451: 2503
383: 3324
2175: 2642
2943: 2525
130: 3462
901: 3093
1670: 2794
1926: 2716
156292: 2482
2442: 2594
8842: 2492
1168: 2980
1424: 2887
3473: 2502
659: 3211
2196: 2636
2709: 2545
2965: 2519
153: 3446
922: 3083
1692: 2786
3740: 2499
1949: 2705
415: 3311
2463: 2590
1189: 2972
1446: 2878
680: 3200
2218: 2632
2986: 2517
2735: 2541
176: 3428
944: 3073
1714: 2778
1971: 2700
2485: 2585
1210: 2959
1468: 2869
702: 3187
447: 3296
2240: 2627
3008: 2515
965: 3063
2759: 2539
1736: 2771
1993: 2696
2506: 2581
1232: 2951
1490: 2861
723: 3177
2262: 2623
987: 3054
2781: 2537
222: 3411
1758: 2763
479: 3283
2015: 2689
2528: 2578
744: 3168
1512: 2853
3562: 2500
3051: 2513
100844: 2483
1263: 2943
1008: 3044
2803: 2536
3828: 2497
245: 3396
2294: 2619
2550: 2573
3320: 2505
1788: 2758
2045: 2685
766: 3157
511: 3271
Algorytm: Tabu Search: Insercja losowego miasta
Ilość wierzchołków: 403
Najkrótsza trasa: [133, 196, 0, 193, 38, 127, 333, 267, 317, 23, 14, 62, 13, 205, 204, 142, 32, 274, 327, 33, 376, 135, 270, 19, 18, 402, 287, 107, 61, 281, 304, 394, 225, 58, 8, 6, 64, 3, 2, 386, 47, 112, 251, 322, 272, 28, 340, 182, 202, 151, 11, 177, 131, 150, 145, 102, 95, 55, 85, 106, 359, 152, 310, 29, 232, 217, 9, 397, 260, 312, 35, 108, 93, 84, 77, 31, 52, 40, 39, 78, 226, 147, 81, 22, 21, 360, 82, 247, 249, 86, 101, 153, 75, 169, 27, 170, 284, 184, 4, 79, 96, 66, 60, 44, 166, 67, 94, 88, 353, 263, 90, 72, 57, 163, 25, 130, 92, 51, 49, 37, 36, 301, 120, 392, 351, 395, 87, 56, 180, 165, 364, 303, 71, 91, 139, 239, 70, 387, 349, 73, 253, 99, 389, 111, 369, 373, 355, 115, 114, 69, 246, 244, 80, 307, 7, 213, 41, 201, 118, 352, 124, 269, 372, 278, 122, 119, 168, 242, 117, 128, 255, 209, 356, 104, 384, 383, 34, 361, 146, 144, 208, 105, 391, 154, 136, 207, 45, 374, 363, 289, 265, 275, 210, 109, 326, 258, 254, 223, 214, 192, 189, 162, 48, 264, 358, 83, 335, 125, 74, 216, 200, 198, 126, 10, 331, 323, 305, 215, 309, 252, 191, 187, 42, 234, 228, 224, 167, 240, 219, 237, 285, 282, 357, 328, 46, 241, 113, 293, 318, 132, 243, 231, 288, 97, 175, 291, 315, 161, 148, 325, 388, 134, 306, 319, 195, 280, 279, 336, 292, 329, 294, 110, 236, 227, 381, 188, 173, 344, 141, 116, 24, 54, 238, 229, 393, 137, 50, 149, 347, 401, 354, 342, 266, 286, 273, 257, 190, 100, 98, 178, 138, 297, 332, 296, 65, 171, 63, 337, 268, 16, 176, 156, 390, 181, 346, 338, 129, 155, 143, 159, 378, 398, 396, 350, 233, 324, 320, 157, 339, 140, 334, 158, 1, 316, 256, 314, 59, 311, 271, 370, 330, 290, 103, 276, 298, 248, 348, 343, 160, 15, 366, 321, 379, 230, 382, 212, 211, 194, 380, 362, 218, 203, 295, 179, 368, 183, 17, 12, 123, 399, 377, 164, 365, 172, 26, 174, 185, 186, 53, 400, 222, 250, 206, 30, 245, 220, 197, 221, 300, 235, 121, 262, 261, 68, 302, 89, 283, 277, 341, 43, 308, 5, 313, 20, 345, 299, 259, 367, 76, 375, 371, 385, 199]
Długość trasy: 2480
Czas wykonania: 360007 ms

2816: 2538
1537: 2824
49665: 2507
514: 3288
2051: 2680
1796: 2749
1285: 2920
2571: 2579
64523: 2501
269: 3400
781: 3157
36368: 2511
1044: 3026
2324: 2618
2838: 2536
1817: 2743
2073: 2675
1313: 2912
1569: 2816
2593: 2576
290: 3388
802: 3145
548: 3276
1065: 3016
2346: 2613
3115: 2526
1839: 2736
2096: 2669
64816: 2500
49: 3518
2870: 2535
1335: 2902
2615: 2574
824: 3134
49721: 2505
130111: 2494
2367: 2609
1088: 3007
1600: 2809
324: 3374
580: 3263
1861: 2728
2118: 2661
1356: 2894
77: 3497
2637: 2572
131148: 2482
853: 3124
2389: 2606
1110: 2996
2902: 2533
1882: 2721
2140: 2656
606: 3251
1632: 2798
1377: 2884
174179: 2480
2659: 2564
356: 3357
106: 3479
874: 3114
2410: 2602
1131: 2987
118381: 2498
12397: 2519
2163: 2648
10612: 2520
49781: 2504
1398: 2875
2934: 2532
634: 3240
2682: 2558
1915: 2716
895: 3104
1152: 2978
1664: 2789
2432: 2599
387: 3342
2185: 2642
1419: 2866
655: 3230
2704: 2555
12689: 2518
1939: 2709
916: 3093
1174: 2968
2454: 2597
2966: 2531
3225: 2525
155: 3461
1696: 2782
2208: 2639
1441: 2857
419: 3326
676: 3218
2726: 2550
937: 3081
1961: 2703
1195: 2958
2475: 2593
177: 3447
1462: 2849
2999: 2529
697: 3207
2236: 2635
2749: 2547
958: 3072
1216: 2949
1728: 2774
1984: 2697
19904: 2516
451: 3313
2499: 2589
3269: 2524
199: 3427
36554: 2509
1483: 2840
718: 3196
2259: 2630
2771: 2543
980: 3062
1237: 2939
2006: 2691
1753: 2766
2521: 2584
1505: 2832
482: 3300
739: 3183
8419: 2523
2280: 2626
2793: 2541
1002: 3050
2028: 2686
30189: 2515
1774: 2757
1263: 2931
64498: 2502
2549: 2581
130039: 2497
118262: 2499
248: 3415
760: 3170
2302: 2622
1023: 3039
3071: 2528
130302: 2492
Algorytm: Tabu Search: Insercja losowego miasta
Ilość wierzchołków: 403
Najkrótsza trasa: [196, 0, 373, 333, 267, 375, 191, 187, 23, 14, 62, 13, 205, 204, 32, 274, 33, 376, 135, 270, 19, 18, 402, 287, 107, 61, 83, 43, 34, 91, 397, 394, 225, 217, 203, 182, 58, 8, 6, 64, 3, 2, 386, 47, 112, 264, 322, 272, 28, 152, 310, 29, 304, 260, 312, 35, 150, 84, 317, 246, 253, 77, 31, 52, 40, 39, 78, 226, 147, 81, 22, 21, 82, 249, 172, 26, 86, 101, 153, 75, 24, 88, 96, 66, 60, 44, 385, 67, 94, 79, 353, 263, 90, 72, 57, 169, 27, 167, 36, 92, 51, 49, 37, 316, 120, 392, 351, 395, 177, 93, 145, 364, 303, 71, 239, 70, 218, 349, 73, 99, 389, 180, 359, 131, 355, 115, 114, 302, 89, 307, 20, 201, 118, 106, 165, 158, 269, 372, 278, 122, 119, 168, 213, 356, 104, 384, 383, 139, 4, 220, 197, 295, 361, 146, 144, 105, 391, 154, 87, 207, 45, 374, 363, 289, 128, 255, 265, 275, 210, 110, 326, 258, 111, 369, 254, 223, 214, 192, 189, 162, 48, 251, 358, 327, 335, 170, 284, 290, 125, 74, 216, 200, 198, 387, 9, 331, 323, 305, 215, 309, 234, 228, 224, 65, 240, 219, 102, 235, 121, 241, 113, 132, 243, 231, 288, 247, 318, 175, 291, 315, 124, 1, 161, 148, 325, 134, 306, 319, 195, 280, 279, 366, 292, 329, 294, 281, 236, 227, 381, 97, 188, 173, 344, 141, 116, 38, 160, 365, 238, 229, 393, 126, 55, 193, 149, 347, 401, 354, 342, 266, 109, 166, 300, 352, 286, 273, 257, 190, 100, 98, 178, 138, 297, 151, 11, 340, 332, 296, 171, 63, 337, 388, 268, 16, 176, 156, 390, 314, 59, 155, 143, 159, 378, 398, 396, 46, 232, 233, 324, 212, 157, 339, 95, 271, 357, 330, 85, 208, 276, 298, 248, 348, 343, 345, 299, 259, 127, 360, 69, 230, 382, 320, 194, 380, 362, 42, 222, 185, 283, 277, 341, 136, 129, 123, 399, 377, 163, 15, 108, 164, 25, 130, 140, 334, 68, 103, 301, 256, 211, 174, 250, 237, 179, 368, 181, 346, 338, 183, 17, 12, 137, 54, 184, 202, 186, 53, 400, 209, 41, 133, 221, 199, 242, 117, 244, 80, 252, 371, 293, 50, 56, 262, 261, 245, 285, 282, 370, 328, 350, 308, 5, 311, 10, 313, 7, 142, 206, 30, 336, 321, 379, 367, 76]
Długość trasy: 2480
Czas wykonania: 360008 ms

2304: 2620
2817: 2542
2562: 2576
1285: 2959
2053: 2688
779: 3188
1036: 3065
1550: 2871
1807: 2778
528: 3289
274: 3403
2839: 2538
2585: 2573
2331: 2615
1308: 2948
75806: 2492
2080: 2684
801: 3178
1057: 3055
77861: 2491
1830: 2769
296: 3390
3628: 2504
1581: 2861
2862: 2534
2607: 2571
3119: 2519
49: 3514
562: 3276
1330: 2939
2356: 2611
2102: 2678
1079: 3044
824: 3166
1852: 2761
3393: 2512
323: 3378
1604: 2851
2884: 2532
2630: 2566
1352: 2931
78152: 2490
2124: 2672
1101: 3034
78: 3497
2382: 2607
847: 3155
1874: 2752
595: 3261
345: 3362
1626: 2842
2907: 2530
2653: 2562
1376: 2923
43616: 2501
2146: 2665
1123: 3023
869: 3144
2405: 2604
1897: 2741
106: 3484
367: 3346
1648: 2834
2929: 2528
3188: 2517
629: 3249
1398: 2914
3447: 2509
1145: 3014
2169: 2655
2681: 2559
891: 3132
2427: 2600
1919: 2733
1671: 2826
3722: 2502
1420: 2905
3212: 2516
3470: 2508
1167: 3004
2191: 2651
2703: 2557
2449: 2596
402: 3334
914: 3120
1941: 2724
663: 3236
50583: 2497
157: 3465
1693: 2818
50849: 2495
3235: 2515
2980: 2526
1189: 2995
2213: 2646
2726: 2554
936: 3109
2472: 2591
1963: 2716
1452: 2896
179: 3452
1716: 2810
696: 3226
3259: 2514
3004: 2525
2237: 2641
2749: 2548
2494: 2587
959: 3098
1986: 2709
1219: 2986
453: 3316
1738: 2801
203: 3438
1485: 2889
3537: 2506
2259: 2636
2771: 2546
3027: 2523
725: 3214
2517: 2584
2008: 2702
1241: 2976
3293: 2513
990: 3088
1760: 2794
2281: 2626
3049: 2521
2794: 2544
2539: 2579
493: 3301
1517: 2881
2030: 2694
1263: 2968
756: 3201
1014: 3076
1785: 2786
187387: 2489
252: 3420
Algorytm: Tabu Search: Insercja losowego miasta
Ilość wierzchołków: 403
Najkrótsza trasa: [371, 293, 333, 267, 370, 358, 350, 373, 23, 14, 62, 54, 137, 13, 205, 204, 32, 274, 83, 33, 376, 211, 135, 270, 19, 18, 402, 287, 107, 61, 387, 34, 308, 394, 225, 167, 58, 8, 6, 64, 3, 2, 386, 47, 112, 264, 322, 272, 28, 232, 151, 11, 237, 95, 55, 102, 314, 59, 153, 310, 29, 207, 45, 397, 5, 104, 84, 46, 77, 31, 52, 40, 39, 246, 78, 226, 147, 81, 22, 21, 360, 42, 82, 249, 130, 86, 101, 79, 96, 66, 60, 44, 166, 67, 94, 103, 218, 145, 88, 353, 263, 127, 90, 72, 57, 136, 141, 116, 129, 92, 51, 49, 37, 301, 255, 316, 120, 392, 351, 253, 155, 143, 364, 303, 71, 242, 70, 217, 349, 73, 99, 389, 335, 180, 359, 111, 369, 131, 355, 115, 114, 69, 93, 9, 244, 80, 307, 7, 152, 75, 193, 209, 41, 302, 89, 201, 118, 213, 278, 122, 119, 168, 239, 117, 372, 356, 251, 328, 317, 43, 384, 383, 203, 295, 220, 197, 361, 146, 144, 184, 4, 65, 105, 391, 154, 106, 165, 196, 0, 374, 363, 289, 208, 133, 110, 275, 210, 265, 326, 258, 254, 223, 214, 192, 189, 388, 150, 162, 48, 140, 284, 290, 125, 74, 216, 200, 198, 24, 36, 108, 256, 126, 10, 331, 323, 305, 215, 309, 252, 191, 187, 234, 228, 224, 240, 219, 285, 282, 357, 121, 132, 243, 318, 231, 288, 247, 175, 291, 315, 161, 148, 325, 134, 306, 319, 195, 280, 279, 139, 38, 336, 292, 329, 294, 236, 227, 381, 97, 345, 173, 344, 385, 199, 238, 229, 393, 149, 347, 401, 354, 342, 266, 221, 300, 50, 286, 273, 257, 190, 138, 297, 182, 332, 296, 202, 171, 63, 337, 268, 16, 176, 156, 390, 170, 334, 245, 159, 378, 398, 396, 395, 233, 324, 212, 157, 269, 158, 1, 128, 241, 330, 177, 276, 259, 248, 348, 343, 160, 25, 230, 382, 320, 235, 113, 327, 109, 222, 250, 85, 283, 277, 341, 124, 339, 163, 15, 91, 340, 164, 365, 169, 27, 172, 26, 174, 185, 178, 100, 98, 179, 368, 181, 346, 338, 183, 17, 12, 186, 53, 400, 188, 299, 298, 194, 380, 362, 87, 56, 206, 30, 142, 123, 399, 377, 262, 261, 68, 304, 260, 311, 271, 281, 312, 35, 313, 20, 366, 321, 379, 367, 76, 352, 375]
Długość trasy: 2489
Czas wykonania: 360019 ms

