128: 21202
4931: 17712
1416: 18827
3593: 18345
3658: 18274
76: 22476
271: 20164
527: 19551
1615: 18548
785: 19452
85: 22203
33240: 16991
413: 19665
94: 22195
3550: 18460
32: 23092
3682: 18032
4706: 17785
2723: 18533
102: 21872
1318: 18891
33063: 17109
33256: 16727
745: 19498
874: 19169
20843: 17457
236: 20769
49: 22848
184: 20968
58: 22480
826: 19351
Algorytm: Genetic Algorithm
Ilość wierzchołków: 171
Najkrótsza trasa: [77, 20, 132, 59, 57, 62, 61, 63, 84, 71, 121, 122, 146, 145, 51, 58, 68, 60, 46, 1, 42, 79, 37, 3, 118, 152, 160, 78, 66, 87, 97, 115, 113, 80, 69, 133, 6, 100, 104, 164, 167, 24, 86, 83, 166, 108, 65, 64, 101, 93, 92, 67, 107, 169, 70, 90, 98, 103, 114, 141, 56, 91, 154, 89, 153, 54, 170, 49, 35, 36, 43, 156, 149, 126, 40, 12, 25, 159, 143, 13, 38, 2, 81, 53, 21, 75, 23, 26, 150, 7, 142, 110, 131, 9, 50, 34, 27, 15, 45, 157, 94, 165, 102, 105, 5, 95, 99, 106, 119, 123, 163, 117, 161, 116, 111, 52, 4, 138, 8, 144, 147, 73, 155, 88, 96, 136, 17, 44, 72, 74, 32, 28, 29, 30, 14, 22, 39, 47, 139, 85, 148, 41, 55, 18, 158, 16, 33, 48, 168, 10, 76, 31, 11, 112, 82, 109, 120, 162, 19, 151, 140, 137, 130, 134, 135, 127, 124, 128, 129, 125, 0]
Długość trasy: 16727
Czas wykonania: 240003 ms

