4608: 8564
1026: 13570
2562: 10072
5122: 8366
516: 17335
4102: 8823
11272: 7715
521: 17200
1033: 13562
2057: 10989
37897: 7378
1547: 12271
1037: 13521
14: 23276
526: 17024
530: 16962
7188: 8055
534: 16688
1559: 12239
2072: 10860
4632: 8482
72729: 7362
1051: 13396
32: 23229
546: 16462
2084: 10831
3108: 9326
3111: 9321
1067: 13347
1579: 12167
2092: 10819
2604: 10035
560: 16435
5681: 8313
50: 23203
1074: 13338
564: 16373
567: 16167
1592: 12135
58: 23151
571: 16118
2108: 10790
1086: 13326
2112: 10780
577: 15887
67: 22991
580: 15770
7749: 8001
15430: 7575
3656: 9161
1098: 13317
2123: 10751
590: 15490
1616: 12077
2640: 10016
593: 15451
1619: 12062
84: 22947
6744: 8111
4185: 8801
3674: 9158
2139: 10739
606: 15266
1118: 13266
3678: 9157
1634: 12039
102: 22935
1640: 12007
3176: 9302
2665: 9925
3689: 9132
619: 15178
2157: 10722
622: 15175
2163: 10709
632: 15169
122: 22423
1659: 11992
3707: 9128
1150: 13225
3710: 9113
639: 15151
8321: 7900
2181: 10705
646: 15122
1670: 11941
1673: 11938
3721: 9112
651: 15007
2187: 10675
3723: 9109
9868: 7781
1677: 11926
12941: 7656
1166: 13197
7823: 7994
2706: 9911
4243: 8780
1684: 11923
2708: 9871
663: 14952
1688: 11918
5785: 8297
155: 22299
9371: 7784
14491: 7595
1180: 13187
1692: 11872
2205: 10671
1695: 11857
2207: 10641
17568: 7533
3745: 9104
4258: 8771
1188: 13138
3748: 9101
1701: 11849
678: 14931
8358: 7870
2729: 9857
4266: 8750
13997: 7625
36525: 7396
1198: 13128
688: 14918
690: 14885
693: 14848
1717: 11801
2230: 10613
1207: 13123
2743: 9847
3769: 9046
698: 14814
2234: 10606
1215: 13113
3775: 9038
2241: 10586
2754: 9833
4292: 8712
2245: 10558
715: 14806
1740: 11785
718: 14781
3793: 9016
210: 22235
722: 14702
1235: 13096
8408: 7851
11480: 7684
29912: 7482
1756: 11783
38108: 7372
1246: 13068
8417: 7848
1256: 13037
8424: 7829
745: 14635
2282: 10534
2794: 9804
1772: 11765
6893: 8101
7917: 7991
751: 14620
2799: 9766
1776: 11722
242: 22043
754: 14606
1271: 12992
7927: 7930
760: 14590
250: 21840
762: 14539
6394: 8207
7418: 8029
1275: 12975
1281: 12970
9985: 7745
1794: 11720
1283: 12945
5892: 8292
773: 14508
1285: 12928
2309: 10532
1798: 11702
775: 14462
2825: 9754
780: 14457
2830: 9746
1295: 12906
2320: 10529
1809: 11700
786: 14412
2834: 9717
5906: 8264
2324: 10513
790: 14351
1814: 11556
279: 21071
793: 14346
1305: 12878
795: 14301
2331: 10442
1310: 12861
16162: 7561
804: 14296
1828: 11520
293: 20981
808: 14214
1839: 11501
3375: 9263
12593: 7678
1842: 11465
1844: 11452
1333: 12827
2870: 9693
2872: 9635
4921: 8423
826: 14133
1341: 12809
1855: 11450
1857: 11397
835: 14132
2373: 10433
1350: 12802
2887: 9611
2376: 10398
330: 20783
1870: 11395
2894: 9580
847: 14102
1874: 11308
2900: 9556
49492: 7366
854: 14058
1366: 12775
3415: 9231
25431: 7512
3928: 8949
1369: 12768
1881: 11306
2396: 10379
861: 14025
5470: 8356
13150: 7653
2912: 9545
20321: 7516
2404: 10371
872: 14018
102761: 7355
874: 13981
1386: 12752
363: 20753
1899: 11292
2411: 10329
1388: 12747
2925: 9521
6509: 8196
3950: 8948
1903: 11171
38767: 7371
8560: 7802
881: 13883
1393: 12706
370: 19995
892: 13868
2429: 10310
1407: 12699
2431: 10302
2945: 9467
1410: 12678
1922: 11155
2434: 10283
34690: 7469
388: 19947
3460: 9203
1415: 12659
906: 13834
1419: 12644
4494: 8645
1424: 12643
1426: 12604
918: 13815
920: 13781
2456: 10264
409: 19623
1946: 11127
2458: 10255
1948: 11077
7582: 8026
1440: 12554
7073: 8089
2978: 9458
18850: 7530
7587: 8016
2473: 10251
5545: 8351
6569: 8115
1962: 11054
2475: 10236
1964: 11049
5037: 8378
2478: 10232
431: 19596
5552: 8321
945: 13759
2485: 10223
438: 19047
2490: 10204
956: 13706
1468: 12551
961: 13703
4546: 8628
1477: 12533
3527: 9171
1487: 12435
1999: 11043
2513: 10200
4049: 8909
467: 18964
4052: 8865
473: 18131
1499: 12395
1501: 12337
3039: 9394
993: 13700
5601: 8316
2019: 11024
997: 13678
4070: 8826
1000: 13662
2536: 10185
13802: 7628
494: 18121
8174: 7910
2033: 11018
499: 17957
2548: 10181
1526: 12285
2550: 10091
503: 17495
1015: 13611
34812: 7407
3070: 9383
Algorytm: Genetic Algorithm
Ilość wierzchołków: 171
Najkrótsza trasa: [6, 151, 7, 8, 4, 5, 169, 2, 1, 112, 164, 127, 145, 159, 16, 17, 49, 109, 106, 103, 118, 124, 146, 144, 143, 147, 137, 129, 115, 104, 114, 105, 102, 162, 121, 120, 71, 50, 133, 141, 134, 131, 111, 40, 34, 155, 156, 43, 54, 62, 88, 90, 91, 154, 89, 153, 85, 168, 72, 82, 79, 80, 81, 0, 3, 13, 24, 150, 161, 152, 9, 61, 66, 65, 46, 48, 51, 59, 63, 64, 57, 56, 55, 53, 44, 45, 78, 116, 117, 119, 138, 135, 14, 15, 25, 149, 148, 136, 128, 126, 125, 99, 87, 60, 37, 22, 26, 27, 23, 11, 12, 18, 29, 28, 30, 41, 42, 58, 68, 67, 167, 70, 35, 157, 33, 31, 10, 76, 19, 160, 142, 97, 165, 163, 94, 92, 93, 38, 39, 73, 77, 107, 98, 95, 96, 113, 130, 132, 74, 75, 20, 21, 32, 158, 36, 110, 166, 84, 52, 47, 170, 108, 83, 69, 86, 100, 101, 123, 122, 139, 140]
Długość trasy: 7355
Czas wykonania: 240001 ms

