4097: 3037
132: 4723
4230: 2879
520: 4227
4360: 2784
3849: 3206
2698: 3338
1035: 3661
397: 4262
788: 3933
4244: 2798
4500: 2561
5268: 2024
534: 4204
4375: 2766
5402: 1998
27: 5220
4127: 3034
4900: 2133
294: 4428
4391: 2749
4648: 2345
5416: 1996
2731: 3291
172: 4574
4142: 2931
4782: 2191
2095: 3537
4529: 2491
5174: 2031
55: 5134
316: 4350
5308: 2020
1982: 3577
4543: 2461
2112: 3440
577: 3966
70: 5058
4038: 3098
4934: 2108
5062: 2044
5321: 2004
4682: 2295
1867: 3634
4558: 2450
337: 4299
5201: 2026
3923: 3166
4950: 2069
5336: 2002
4442: 2703
4700: 2269
4832: 2156
227: 4500
4068: 3070
101: 5046
4456: 2665
5104: 2037
117: 4873
2549: 3408
4981: 2047
4471: 2610
889: 3911
3834: 3259
5499: 1989
3966: 3147
5118: 2036
Algorytm: Genetic Algorithm
Ilość wierzchołków: 48
Najkrótsza trasa: [18, 46, 36, 15, 16, 17, 12, 7, 23, 13, 34, 35, 14, 45, 39, 19, 44, 21, 40, 20, 38, 37, 25, 47, 26, 22, 41, 43, 42, 1, 10, 11, 8, 32, 6, 9, 33, 27, 2, 28, 3, 24, 4, 29, 30, 31, 5, 0]
Długość trasy: 1989
Czas wykonania: 120003 ms

