3201: 6376
322: 6999
3266: 6340
8067: 6183
29384: 5935
11017: 6158
204170: 5912
1679: 6576
2063: 6516
82: 7166
11411: 6155
11603: 6053
9880: 6164
7644: 6282
12124: 6043
1053: 6602
12189: 5999
7966: 6278
289: 7004
610: 6807
355: 6955
10916: 6163
426: 6939
2031: 6545
1968: 6575
9008: 6179
11442: 6084
9395: 6175
9459: 6172
756: 6786
183: 7089
2551: 6439
4279: 6318
120: 7120
827: 6642
253: 7031
574: 6862
205500: 5891
Algorytm: Genetic Algorithm
Ilość wierzchołków: 403
Najkrótsza trasa: [296, 259, 99, 215, 133, 21, 251, 93, 316, 351, 258, 32, 147, 111, 262, 39, 307, 313, 145, 62, 291, 12, 161, 396, 349, 114, 263, 240, 288, 165, 30, 38, 390, 297, 182, 269, 343, 399, 137, 138, 302, 54, 238, 310, 220, 381, 102, 339, 303, 65, 255, 216, 117, 25, 95, 97, 201, 69, 223, 309, 127, 193, 289, 188, 232, 119, 286, 172, 162, 314, 401, 175, 267, 357, 83, 81, 388, 132, 20, 16, 328, 3, 380, 31, 196, 213, 18, 190, 192, 187, 236, 221, 84, 281, 160, 270, 322, 41, 148, 287, 350, 336, 2, 293, 337, 92, 199, 320, 181, 367, 55, 135, 317, 202, 173, 229, 107, 330, 130, 28, 53, 354, 142, 260, 306, 35, 386, 125, 340, 67, 78, 290, 126, 377, 90, 200, 176, 156, 325, 326, 64, 218, 203, 82, 402, 285, 66, 333, 14, 318, 88, 124, 191, 342, 29, 74, 167, 334, 4, 389, 136, 321, 204, 58, 149, 44, 171, 146, 369, 185, 246, 144, 360, 279, 166, 249, 123, 24, 98, 150, 197, 338, 233, 59, 11, 56, 51, 110, 345, 254, 284, 34, 57, 252, 131, 79, 208, 319, 164, 273, 370, 61, 6, 158, 347, 371, 46, 153, 241, 112, 280, 308, 315, 335, 352, 312, 174, 294, 257, 103, 109, 275, 346, 244, 195, 113, 365, 170, 45, 101, 163, 76, 382, 151, 155, 85, 40, 368, 400, 184, 36, 42, 385, 115, 5, 63, 378, 364, 17, 283, 96, 282, 122, 355, 206, 10, 68, 141, 250, 134, 247, 26, 278, 71, 261, 265, 194, 324, 212, 393, 1, 189, 177, 234, 19, 277, 344, 183, 332, 264, 358, 379, 159, 295, 304, 217, 168, 311, 226, 106, 50, 228, 235, 391, 152, 331, 225, 129, 43, 49, 70, 341, 91, 89, 27, 15, 100, 227, 154, 231, 298, 209, 139, 72, 375, 120, 253, 272, 222, 230, 52, 383, 376, 237, 178, 211, 348, 256, 395, 87, 121, 299, 13, 108, 361, 300, 398, 169, 276, 73, 362, 224, 23, 301, 22, 373, 37, 210, 186, 118, 392, 140, 105, 243, 180, 387, 329, 205, 372, 7, 248, 143, 8, 198, 363, 128, 374, 397, 77, 353, 94, 242, 394, 305, 219, 327, 268, 48, 323, 157, 47, 384, 356, 9, 75, 207, 366, 266, 245, 33, 359, 271, 179, 292, 86, 60, 116, 104, 274, 214, 239, 80, 0]
Długość trasy: 5891
Czas wykonania: 360013 ms

