32005: 5451
8: 7396
32008: 5439
39433: 5404
11: 7274
161801: 5255
524: 5613
25356: 5481
125965: 5294
174862: 5245
195854: 5223
318217: 5091
150797: 5262
300564: 5100
17: 7167
6161: 5560
530: 5611
18963: 5505
282386: 5115
308243: 5099
24: 7148
3353: 5572
27: 7091
540: 5609
97565: 5313
100124: 5304
30: 6987
543: 5602
321051: 5088
227363: 5213
36: 6981
292: 6019
553: 5599
42: 6896
45: 6895
75055: 5339
81711: 5324
559: 5598
7729: 5540
306: 6006
52022: 5365
57: 6851
28985: 5456
60: 6844
572: 5595
21052: 5501
138815: 5272
63: 6765
23874: 5488
205120: 5221
6980: 5557
69: 6739
72: 6725
333: 5990
57167: 5354
172877: 5250
336: 5983
21841: 5500
82: 6655
340: 5954
343: 5935
53079: 5363
8536: 5533
21850: 5499
349: 5929
96: 6617
183651: 5235
8547: 5531
102: 6592
49512: 5381
105: 6554
46954: 5399
37485: 5419
26990: 5478
244588: 5198
112: 6514
368: 5913
46960: 5393
338549: 5087
100976: 5301
372: 5906
23413: 5489
261493: 5168
46967: 5389
378: 5876
46973: 5385
287366: 5106
12932: 5520
1669: 5594
54917: 5362
135: 6500
46471: 5400
397: 5859
23182: 5491
227219: 5218
145: 6485
28049: 5460
403: 5856
181393: 5237
148: 6449
3989: 5565
37013: 5427
407: 5846
409: 5829
154: 6428
12442: 5521
194969: 5227
416: 5813
227235: 5216
54945: 5356
419: 5812
115362: 5295
422: 5809
267180: 5163
425: 5808
73642: 5348
173: 6401
429: 5798
431: 5777
176: 6381
178: 6376
108467: 5299
231601: 5207
340407: 5086
228784: 5210
182: 6373
438: 5752
284338: 5114
185: 6360
441: 5741
189: 6353
92351: 5318
191: 6293
447: 5738
268475: 5149
227266: 5215
195: 6217
79303: 5328
280259: 5127
457: 5712
14281: 5506
35273: 5431
296653: 5102
7115: 5544
8395: 5535
50891: 5369
57294: 5350
202700: 5222
156370: 5259
175058: 5244
466: 5704
144849: 5265
469: 5699
139993: 5268
221: 6208
477: 5678
127459: 5291
483: 5668
51939: 5366
228: 6192
486: 5661
232: 6131
252907: 5169
489: 5646
235: 6117
135150: 5278
238: 6066
74735: 5342
31983: 5455
496: 5640
500: 5632
248: 6060
506: 5627
251: 6034
280319: 5119
509: 5614
Algorytm: Genetic Algorithm
Ilość wierzchołków: 403
Najkrótsza trasa: [182, 341, 332, 75, 57, 331, 56, 204, 208, 231, 54, 128, 5, 111, 340, 339, 267, 137, 174, 287, 141, 10, 360, 43, 294, 293, 176, 380, 256, 164, 60, 343, 209, 297, 157, 264, 314, 383, 260, 13, 344, 241, 113, 199, 49, 396, 36, 33, 41, 261, 104, 215, 140, 353, 172, 63, 304, 228, 217, 67, 239, 269, 39, 97, 329, 161, 139, 200, 375, 235, 100, 138, 289, 21, 302, 15, 68, 220, 234, 19, 253, 246, 249, 272, 223, 316, 275, 147, 366, 346, 61, 281, 126, 382, 112, 395, 372, 299, 55, 48, 381, 162, 338, 222, 224, 232, 66, 190, 274, 27, 116, 158, 268, 205, 89, 273, 324, 320, 312, 12, 151, 397, 180, 136, 47, 337, 170, 359, 191, 401, 73, 24, 257, 90, 214, 308, 295, 194, 306, 6, 81, 84, 370, 16, 117, 286, 11, 99, 313, 393, 251, 42, 62, 149, 290, 238, 334, 134, 197, 98, 23, 386, 46, 79, 354, 292, 203, 276, 271, 325, 221, 146, 31, 168, 142, 9, 323, 133, 169, 192, 305, 296, 342, 336, 119, 216, 250, 95, 77, 270, 280, 236, 121, 357, 361, 30, 369, 155, 310, 179, 282, 44, 103, 315, 202, 29, 125, 37, 34, 335, 356, 207, 53, 311, 25, 96, 160, 28, 242, 173, 64, 129, 255, 175, 8, 181, 38, 210, 307, 114, 109, 219, 4, 85, 58, 130, 87, 186, 17, 144, 91, 365, 188, 70, 349, 88, 301, 229, 72, 377, 237, 74, 309, 177, 171, 198, 211, 326, 247, 26, 51, 1, 108, 18, 127, 40, 244, 187, 110, 120, 355, 240, 394, 225, 262, 387, 374, 278, 50, 303, 266, 150, 218, 35, 94, 184, 185, 351, 371, 328, 243, 384, 201, 300, 233, 362, 345, 348, 373, 102, 258, 178, 226, 391, 52, 319, 135, 107, 367, 118, 45, 148, 379, 388, 156, 166, 7, 76, 101, 3, 279, 131, 368, 402, 206, 143, 327, 106, 69, 65, 20, 122, 124, 183, 86, 288, 189, 285, 400, 82, 358, 376, 252, 385, 378, 284, 322, 317, 283, 363, 80, 245, 265, 350, 167, 212, 196, 22, 115, 165, 398, 254, 32, 83, 152, 392, 298, 123, 132, 154, 153, 105, 2, 389, 195, 227, 145, 263, 248, 364, 399, 71, 318, 321, 291, 259, 93, 59, 213, 230, 330, 159, 347, 352, 193, 163, 78, 390, 92, 14, 277, 333, 0]
Długość trasy: 5086
Czas wykonania: 360003 ms

