5252: 2196
262: 4560
394: 4397
5386: 2128
4621: 2983
5773: 1995
4879: 2638
5007: 2533
5268: 2186
4505: 3072
410: 4288
794: 3810
5147: 2292
5531: 2023
156: 4927
5404: 2075
4253: 3245
30: 5459
4768: 2757
5025: 2464
5925: 1966
5286: 2161
4392: 3188
5546: 2004
172: 4778
4652: 2892
48: 5200
304: 4547
1073: 3767
5301: 2160
5819: 1973
1724: 3642
5438: 2073
191: 4696
2368: 3531
5058: 2396
325: 4468
70: 5173
3399: 3285
4555: 3056
588: 4218
716: 4018
2636: 3470
4941: 2556
4687: 2823
19284: 1959
3286: 3424
5334: 2146
2520: 3486
90: 4949
2651: 3467
2907: 3447
3036: 3444
4572: 3013
4703: 2790
5217: 2198
871: 3800
360: 4434
4329: 3240
4973: 2543
1391: 3687
631: 4095
5111: 2371
4344: 3205
5624: 2002
4473: 3183
5369: 2139
5499: 2039
508: 4220
4604: 2991
4734: 2760
4862: 2749
Algorytm: Genetic Algorithm
Ilość wierzchołków: 48
Najkrótsza trasa: [18, 12, 7, 23, 34, 13, 46, 36, 14, 35, 15, 16, 17, 45, 20, 38, 37, 39, 19, 44, 21, 40, 47, 26, 22, 41, 43, 42, 1, 25, 11, 8, 32, 6, 9, 33, 27, 2, 28, 3, 24, 4, 29, 30, 5, 31, 10, 0]
Długość trasy: 1959
Czas wykonania: 120008 ms

