8961: 19194
12291: 13935
17157: 7070
8711: 19521
8456: 19694
19212: 6695
7181: 20980
20495: 6633
14353: 10654
15123: 9469
11540: 15008
16152: 8044
16920: 7285
10523: 16767
17436: 6943
14113: 11011
10278: 17319
12583: 13624
20521: 6600
11306: 15373
13866: 11477
15917: 8319
10037: 17435
17462: 6939
15421: 8870
18749: 6749
16190: 7977
16447: 7669
11074: 15662
2883: 21757
14915: 9574
17987: 6827
12868: 12859
15172: 9391
14410: 10545
9294: 18536
12366: 13823
17489: 6923
9044: 19150
15956: 8142
16980: 7213
5717: 21432
3670: 21484
10840: 16199
13144: 12651
16728: 7419
19032: 6737
20056: 6657
8794: 19438
17242: 7051
17755: 6874
14173: 10752
1632: 22011
7776: 20262
7265: 20771
16481: 7622
356: 22052
14695: 10164
51562: 6532
10603: 16282
15468: 8662
25196: 6592
12654: 13409
17269: 7025
15222: 9356
10359: 17100
15996: 8118
15741: 8622
16765: 7377
14468: 10410
16516: 7598
17542: 6917
12936: 12731
19339: 6683
16269: 7814
17041: 7203
17297: 6987
150: 23038
12438: 13637
21911: 6595
13211: 12607
181148: 6498
14751: 10004
18593: 6804
17570: 6912
19364: 6677
9381: 18401
13989: 11454
16549: 7515
10918: 15676
20134: 6644
15272: 9296
9129: 19120
15785: 8411
11691: 14597
13739: 11696
15019: 9517
5804: 21320
8877: 19417
17070: 7098
8628: 19599
8117: 19711
6582: 21253
7351: 20435
12727: 13124
12217: 14075
17597: 6893
14526: 10332
19136: 6725
11461: 15095
10440: 16770
16075: 8115
17356: 6979
13005: 12720
26575: 6581
18390: 6818
14807: 9967
11993: 14185
2010: 21784
15323: 8986
16859: 7338
13278: 12181
9954: 17683
14053: 11188
2534: 21763
17382: 6953
13545: 11733
18155: 6824
49132: 6546
18669: 6780
16114: 8097
16372: 7743
17652: 6877
9462: 17710
14586: 10317
16890: 7304
9211: 18826
16636: 7481
Algorytm: Genetic Algorithm
Ilość wierzchołków: 171
Najkrótsza trasa: [136, 138, 13, 32, 29, 28, 27, 16, 17, 24, 150, 144, 141, 61, 66, 65, 86, 85, 84, 60, 170, 11, 18, 19, 20, 51, 52, 53, 44, 40, 39, 156, 155, 41, 42, 45, 46, 38, 35, 33, 30, 31, 34, 43, 54, 57, 62, 68, 69, 67, 87, 71, 50, 77, 2, 159, 22, 26, 23, 15, 25, 160, 8, 5, 133, 169, 108, 83, 63, 64, 56, 55, 58, 59, 49, 1, 4, 149, 161, 152, 14, 151, 7, 0, 112, 164, 139, 140, 134, 110, 106, 114, 109, 113, 132, 6, 10, 76, 74, 21, 82, 72, 73, 12, 37, 75, 158, 36, 157, 47, 48, 168, 167, 89, 90, 91, 94, 96, 99, 101, 123, 162, 124, 128, 135, 131, 111, 107, 105, 97, 98, 95, 154, 88, 153, 70, 92, 165, 125, 146, 145, 9, 78, 79, 80, 127, 116, 118, 119, 120, 121, 122, 100, 103, 163, 93, 166, 81, 3, 142, 143, 147, 148, 137, 130, 126, 102, 104, 115, 117, 129]
Długość trasy: 6498
Czas wykonania: 240012 ms

