0: 2323
1: 2302
2: 2300
62338: 2043
3: 2297
62339: 2036
4: 2290
5: 2260
7: 2233
8: 2195
11: 2183
4876: 2128
4877: 2069
24: 2173
31: 2162
Algorytm: Tabu Search: Odwrócenie losowej ścieżki
Ilość wierzchołków: 48
Najkrótsza trasa: [41, 43, 42, 22, 40, 20, 19, 44, 15, 16, 36, 45, 39, 21, 47, 26, 0, 25, 1, 10, 9, 33, 24, 4, 29, 6, 8, 11, 37, 38, 18, 17, 34, 13, 46, 35, 14, 23, 12, 32, 7, 31, 30, 5, 3, 27, 28, 2]
Długość trasy: 2036
Czas wykonania: 120000 ms

0: 2271
1: 2235
2: 2212
3: 2202
48963: 2026
1765: 2187
9205: 2088
1766: 2181
47846: 2071
1767: 2151
1768: 2150
1770: 2112
Algorytm: Tabu Search: Odwrócenie losowej ścieżki
Ilość wierzchołków: 48
Najkrótsza trasa: [23, 34, 35, 15, 16, 45, 39, 21, 40, 47, 26, 0, 25, 1, 10, 11, 8, 32, 13, 12, 7, 31, 5, 29, 30, 6, 9, 33, 27, 28, 3, 24, 4, 2, 42, 22, 41, 43, 19, 44, 20, 37, 38, 18, 17, 46, 36, 14]
Długość trasy: 2026
Czas wykonania: 120000 ms

43664: 1946
1: 2278
2: 2191
3: 2163
15957: 2032
11878: 2124
11879: 2093
11883: 2079
43660: 1965
Algorytm: Tabu Search: Odwrócenie losowej ścieżki
Ilość wierzchołków: 48
Najkrótsza trasa: [34, 13, 46, 14, 15, 16, 45, 39, 19, 44, 21, 20, 38, 0, 10, 11, 8, 32, 7, 23, 12, 6, 3, 24, 4, 29, 30, 31, 5, 9, 33, 27, 28, 2, 41, 43, 42, 22, 40, 47, 26, 1, 25, 37, 18, 17, 36, 35]
Długość trasy: 1946
Czas wykonania: 120001 ms

1: 2289
2: 2241
8354: 2091
5: 2200
8357: 2084
10: 2193
42412: 2020
13: 2191
42413: 2018
42414: 1953
15: 2182
27864: 2031
91: 2169
8347: 2101
92: 2147
93: 2109
8350: 2099
Algorytm: Tabu Search: Odwrócenie losowej ścieżki
Ilość wierzchołków: 48
Najkrótsza trasa: [7, 23, 34, 13, 46, 36, 35, 14, 15, 16, 45, 44, 19, 20, 38, 37, 39, 21, 47, 26, 1, 0, 25, 10, 8, 32, 6, 3, 24, 4, 29, 30, 31, 5, 9, 33, 27, 28, 2, 41, 43, 42, 22, 40, 11, 18, 17, 12]
Długość trasy: 1953
Czas wykonania: 120001 ms

0: 2325
1: 2282
2: 2225
3: 2205
13795: 2070
60483: 2011
4: 2203
3399: 2129
13255: 2111
13: 2197
19: 2163
7955: 2114
13271: 2083
283: 2130
13277: 2076
60413: 2066
60478: 2031
60415: 2034
Algorytm: Tabu Search: Odwrócenie losowej ścieżki
Ilość wierzchołków: 48
Najkrótsza trasa: [34, 13, 12, 32, 7, 31, 5, 24, 29, 3, 27, 28, 2, 41, 43, 42, 22, 19, 44, 15, 16, 45, 39, 21, 40, 20, 38, 37, 0, 25, 1, 9, 33, 4, 30, 6, 8, 11, 10, 47, 26, 18, 17, 46, 36, 14, 35, 23]
Długość trasy: 2011
Czas wykonania: 120000 ms

0: 2297
1: 2204
15105: 2052
4: 2182
34440: 2028
34441: 2027
37833: 1982
37834: 1975
15: 2170
16: 2146
17: 2139
15094: 2116
37846: 1961
15095: 2083
37847: 1952
15096: 2081
15098: 2077
Algorytm: Tabu Search: Odwrócenie losowej ścieżki
Ilość wierzchołków: 48
Najkrótsza trasa: [24, 4, 29, 30, 5, 31, 10, 11, 0, 25, 22, 41, 43, 42, 20, 37, 38, 18, 17, 13, 46, 36, 15, 16, 12, 6, 8, 32, 7, 23, 34, 35, 14, 45, 39, 19, 44, 21, 40, 47, 26, 1, 9, 33, 27, 2, 28, 3]
Długość trasy: 1952
Czas wykonania: 120000 ms

0: 2342
1: 2258
1345: 2184
3: 2246
4: 2211
5: 2202
35270: 2047
1352: 2164
1353: 2160
36138: 1997
36139: 1996
7056: 2070
7058: 2059
7059: 2048
5373: 2139
5374: 2089
Algorytm: Tabu Search: Odwrócenie losowej ścieżki
Ilość wierzchołków: 48
Najkrótsza trasa: [24, 4, 29, 30, 31, 5, 6, 11, 9, 33, 27, 28, 2, 41, 43, 22, 19, 44, 15, 12, 7, 23, 32, 8, 10, 0, 25, 1, 37, 20, 38, 18, 17, 34, 13, 46, 36, 14, 35, 16, 45, 39, 21, 40, 47, 26, 42, 3]
Długość trasy: 1996
Czas wykonania: 120001 ms

0: 2352
1: 2248
3: 2235
3077: 2140
3078: 2082
776: 2148
3080: 2079
3081: 2078
14137: 1973
3086: 2077
Algorytm: Tabu Search: Odwrócenie losowej ścieżki
Ilość wierzchołków: 48
Najkrótsza trasa: [10, 9, 33, 27, 24, 4, 29, 30, 31, 5, 0, 25, 1, 18, 17, 12, 32, 7, 23, 34, 35, 15, 19, 44, 20, 38, 37, 13, 46, 36, 14, 16, 45, 39, 21, 40, 47, 26, 22, 41, 43, 42, 28, 2, 3, 6, 8, 11]
Długość trasy: 1973
Czas wykonania: 120000 ms

0: 2291
59793: 2038
2: 2234
59794: 2018
3: 2189
59795: 1996
4: 2164
10: 2139
668: 2124
669: 2078
670: 2043
Algorytm: Tabu Search: Odwrócenie losowej ścieżki
Ilość wierzchołków: 48
Najkrótsza trasa: [20, 38, 37, 13, 34, 46, 36, 35, 14, 23, 12, 32, 7, 31, 3, 24, 4, 29, 30, 5, 6, 10, 11, 8, 9, 33, 27, 28, 2, 43, 42, 40, 26, 1, 0, 25, 47, 22, 41, 44, 15, 16, 18, 17, 45, 19, 39, 21]
Długość trasy: 1996
Czas wykonania: 120000 ms

0: 2299
69633: 1966
3: 2274
1731: 2242
5795: 2080
4: 2272
1732: 2215
5796: 2046
5797: 2021
1702: 2250
5800: 2019
1739: 2171
1740: 2143
1741: 2103
5785: 2091
42649: 2015
5788: 2090
42652: 2014
1693: 2256
5789: 2088
Algorytm: Tabu Search: Odwrócenie losowej ścieżki
Ilość wierzchołków: 48
Najkrótsza trasa: [14, 16, 45, 13, 34, 23, 12, 32, 7, 31, 30, 5, 24, 4, 29, 3, 6, 8, 11, 0, 25, 47, 26, 42, 1, 10, 9, 33, 27, 28, 2, 41, 43, 40, 22, 44, 19, 39, 21, 20, 38, 37, 18, 17, 46, 36, 15, 35]
Długość trasy: 1966
Czas wykonania: 120000 ms

