6656: 3205
65: 3470
3: 3905
259: 3353
4: 3829
389: 3339
6: 3783
7: 3741
136: 3399
6728: 3185
9: 3705
10: 3665
75: 3452
12: 3643
13: 3610
15: 3601
18: 3598
5779: 3219
22: 3585
27: 3572
29: 3564
158: 3379
32: 3543
417: 3301
34: 3525
165: 3377
39: 3514
423: 3296
360: 3350
42: 3508
44: 3505
111: 3425
241: 3365
497: 3295
500: 3287
181: 3370
629: 3232
61: 3477
509: 3273
6655: 3210
Algorytm: Tabu Search: Insercja losowego miasta
Ilość wierzchołków: 171
Najkrótsza trasa: [160, 151, 142, 141, 131, 115, 116, 117, 118, 119, 124, 129, 146, 145, 144, 143, 152, 7, 9, 2, 1, 77, 73, 49, 51, 52, 53, 43, 55, 54, 58, 59, 60, 68, 67, 167, 70, 87, 86, 85, 69, 63, 64, 56, 57, 62, 61, 66, 65, 88, 153, 154, 89, 90, 91, 96, 98, 95, 94, 92, 93, 166, 107, 106, 105, 97, 165, 163, 99, 100, 101, 123, 162, 122, 121, 120, 102, 103, 104, 114, 113, 164, 127, 126, 125, 136, 128, 130, 135, 134, 8, 10, 76, 74, 75, 11, 12, 13, 18, 19, 32, 158, 36, 157, 31, 33, 156, 40, 39, 38, 35, 34, 155, 41, 42, 45, 44, 46, 47, 48, 170, 168, 72, 78, 82, 79, 80, 81, 0, 3, 4, 5, 133, 169, 111, 112, 132, 110, 109, 108, 83, 84, 71, 50, 37, 20, 22, 23, 24, 25, 149, 148, 147, 137, 138, 139, 140, 6, 14, 15, 159, 16, 17, 21, 29, 30, 28, 27, 26, 150, 161]
Długość trasy: 3185
Czas wykonania: 240001 ms

3: 3883
5: 3847
6: 3794
518: 3309
8: 3771
9: 3740
2569: 3308
4619: 3269
12: 3737
14: 3695
142: 3443
16: 3661
19: 3639
403: 3346
2581: 3283
22: 3619
23: 3608
89: 3484
26: 3599
29: 3586
157: 3436
5215: 3261
33: 3584
35: 3563
36: 3535
420: 3343
38: 3527
39: 3508
42: 3501
362: 3372
300: 3388
5229: 3249
494: 3331
176: 3431
4593: 3277
114: 3482
370: 3370
371: 3359
53: 3496
504: 3323
442: 3332
4602: 3274
126: 3457
Algorytm: Tabu Search: Insercja losowego miasta
Ilość wierzchołków: 171
Najkrótsza trasa: [49, 50, 51, 52, 53, 43, 55, 54, 58, 59, 68, 69, 67, 167, 70, 87, 85, 86, 83, 84, 71, 60, 66, 63, 64, 56, 57, 62, 61, 65, 88, 153, 154, 89, 90, 91, 96, 97, 98, 95, 94, 92, 93, 108, 166, 107, 106, 105, 165, 163, 99, 100, 101, 162, 123, 122, 121, 120, 102, 103, 104, 114, 110, 109, 164, 127, 126, 125, 129, 128, 130, 135, 134, 8, 9, 10, 76, 74, 11, 12, 18, 19, 20, 158, 32, 36, 157, 33, 31, 34, 40, 39, 38, 35, 156, 155, 41, 42, 44, 45, 46, 47, 48, 170, 168, 72, 78, 82, 79, 80, 81, 0, 3, 4, 5, 133, 169, 112, 132, 111, 1, 2, 77, 73, 75, 22, 23, 24, 149, 148, 147, 136, 137, 138, 139, 140, 141, 6, 7, 15, 159, 16, 17, 21, 29, 30, 28, 27, 26, 25, 150, 161, 160, 151, 152, 131, 113, 115, 116, 117, 118, 119, 124, 146, 145, 144, 143, 142, 14, 13, 37]
Długość trasy: 3249
Czas wykonania: 240001 ms

384: 3169
258: 3246
3: 3909
5: 3863
69: 3445
6: 3810
71: 3423
8: 3796
9: 3765
138: 3273
11: 3725
75: 3326
12: 3711
14: 3702
847: 3150
16: 3684
18: 3648
82: 3308
21: 3640
853: 3143
22: 3627
278: 3235
24: 3606
4696: 3089
25: 3580
27: 3577
28: 3571
30: 3551
1310: 3103
290: 3197
163: 3266
105: 3280
42: 3544
47: 3502
367: 3192
52: 3466
53: 3455
245: 3249
373: 3191
184: 3261
1017: 3130
4729: 3069
378: 3183
59: 3448
Algorytm: Tabu Search: Insercja losowego miasta
Ilość wierzchołków: 171
Najkrótsza trasa: [14, 151, 7, 2, 1, 77, 73, 170, 49, 51, 52, 53, 43, 55, 54, 58, 59, 68, 167, 70, 87, 86, 85, 84, 69, 67, 63, 64, 56, 57, 62, 61, 66, 65, 88, 153, 154, 89, 90, 91, 96, 97, 98, 95, 94, 92, 93, 166, 107, 106, 105, 165, 163, 99, 100, 101, 123, 162, 122, 121, 120, 102, 103, 104, 114, 113, 164, 127, 126, 125, 129, 128, 130, 135, 134, 6, 8, 9, 10, 76, 74, 75, 11, 12, 13, 18, 19, 158, 32, 36, 157, 31, 33, 34, 156, 40, 39, 38, 35, 155, 41, 42, 45, 44, 46, 47, 48, 168, 72, 78, 82, 79, 80, 81, 0, 3, 4, 5, 133, 169, 111, 112, 132, 110, 109, 108, 83, 71, 60, 50, 37, 20, 22, 23, 24, 15, 159, 16, 17, 21, 29, 30, 28, 27, 26, 25, 150, 161, 160, 149, 148, 147, 136, 137, 138, 139, 140, 141, 131, 115, 116, 117, 118, 119, 124, 146, 145, 144, 143, 142, 152]
Długość trasy: 3069
Czas wykonania: 240002 ms

322: 3297
3: 3892
323: 3283
4: 3871
6: 3860
7: 3848
9: 3805
10: 3727
74: 3381
12: 3720
13: 3656
271: 3306
16: 3647
18: 3634
19: 3623
115863: 3269
24: 3581
25: 3563
27: 3560
30: 3532
31: 3514
34: 3511
98: 3376
36: 3502
234: 3311
43: 3486
48: 3453
49: 3444
53: 3431
115958: 3266
58: 3409
59: 3389
124: 3349
318: 3305
Algorytm: Tabu Search: Insercja losowego miasta
Ilość wierzchołków: 171
Najkrótsza trasa: [149, 148, 147, 137, 135, 138, 139, 140, 141, 6, 14, 15, 159, 16, 37, 170, 73, 1, 0, 112, 115, 116, 117, 118, 119, 124, 129, 136, 146, 145, 144, 143, 142, 152, 151, 8, 9, 2, 77, 78, 71, 50, 51, 52, 53, 43, 55, 54, 58, 59, 60, 68, 167, 70, 87, 85, 86, 83, 84, 69, 67, 66, 63, 64, 56, 57, 62, 61, 65, 88, 153, 154, 89, 90, 91, 96, 97, 165, 163, 99, 98, 95, 94, 92, 93, 166, 108, 107, 106, 105, 100, 101, 123, 162, 122, 121, 120, 102, 103, 104, 114, 110, 109, 113, 164, 127, 126, 125, 128, 130, 131, 132, 169, 111, 3, 4, 10, 76, 74, 75, 11, 12, 18, 19, 20, 21, 23, 26, 27, 28, 30, 31, 33, 34, 156, 40, 39, 38, 35, 36, 157, 155, 41, 42, 45, 44, 46, 47, 48, 49, 168, 72, 82, 79, 80, 81, 5, 133, 134, 7, 13, 17, 158, 32, 29, 22, 24, 25, 161, 160, 150]
Długość trasy: 3266
Czas wykonania: 240001 ms

129: 3418
3: 3877
7172: 3064
5: 3813
6: 3777
1030: 3232
8: 3774
9: 3734
266: 3315
11: 3706
14: 3688
782: 3275
15: 3646
17: 3639
18: 3613
1043: 3226
20: 3593
21: 3582
23: 3561
3351: 3088
1048: 3193
111257: 3033
7321: 3051
26: 3558
27: 3549
29: 3540
30: 3528
158: 3404
33: 3520
161: 3365
7206: 3060
39: 3514
551: 3301
170: 3358
179: 3353
54: 3486
1082: 3165
59: 3464
1088: 3163
964: 3265
71: 3451
974: 3237
592: 3300
82: 3444
599: 3292
91: 3432
605: 3278
2655: 3141
2530: 3161
12770: 3047
128615: 3029
2663: 3133
491: 3310
7150: 3078
3311: 3112
2547: 3147
116: 3429
2679: 3113
7163: 3068
Algorytm: Tabu Search: Insercja losowego miasta
Ilość wierzchołków: 171
Najkrótsza trasa: [160, 14, 15, 159, 16, 17, 21, 29, 22, 23, 24, 150, 149, 148, 147, 137, 138, 139, 140, 141, 134, 131, 113, 115, 116, 117, 118, 119, 124, 136, 146, 145, 144, 143, 142, 152, 151, 8, 9, 2, 1, 77, 73, 170, 49, 50, 51, 52, 53, 43, 55, 54, 58, 59, 68, 167, 70, 69, 67, 63, 64, 56, 57, 62, 61, 66, 65, 88, 153, 154, 89, 90, 91, 87, 85, 86, 93, 92, 166, 107, 106, 105, 97, 98, 95, 94, 96, 165, 163, 99, 100, 101, 162, 123, 122, 121, 120, 102, 103, 104, 114, 164, 127, 126, 125, 129, 128, 130, 135, 6, 7, 10, 76, 74, 75, 11, 12, 13, 18, 19, 20, 158, 32, 36, 37, 39, 40, 34, 156, 155, 41, 42, 45, 44, 46, 47, 48, 168, 72, 78, 82, 79, 80, 81, 0, 3, 4, 5, 133, 169, 112, 132, 111, 110, 109, 108, 83, 84, 71, 60, 38, 35, 157, 33, 31, 30, 28, 27, 26, 25, 161]
Długość trasy: 3029
Czas wykonania: 240000 ms

3: 3902
5: 3860
133: 3439
6: 3841
8: 3805
10: 3787
11: 3729
8718: 3158
143: 3428
1167: 3262
16: 3689
656: 3340
17: 3680
19: 3638
22: 3631
662: 3332
1174: 3260
23: 3585
25: 3577
8729: 3156
667: 3318
29: 3555
797: 3300
286: 3390
31: 3552
287: 3384
32: 3549
34: 3543
43: 3525
8754: 3151
53: 3503
54: 3490
112953: 3072
61: 3479
1215: 3230
203: 3400
77: 3478
589: 3346
8781: 3144
8784: 3112
87: 3466
8797: 3084
96: 3442
224: 3393
1384: 3216
630: 3341
8694: 3176
8698: 3168
1403: 3196
Algorytm: Tabu Search: Insercja losowego miasta
Ilość wierzchołków: 171
Najkrótsza trasa: [81, 0, 3, 4, 5, 133, 169, 112, 132, 111, 110, 109, 108, 83, 71, 50, 49, 37, 75, 11, 12, 13, 21, 29, 22, 23, 24, 15, 159, 16, 17, 18, 19, 20, 158, 32, 31, 30, 28, 27, 26, 25, 150, 161, 160, 149, 148, 147, 137, 136, 131, 115, 116, 117, 118, 119, 124, 146, 145, 144, 143, 142, 152, 14, 151, 2, 1, 77, 73, 170, 51, 52, 53, 43, 55, 54, 58, 59, 60, 68, 67, 167, 70, 87, 86, 85, 84, 69, 63, 64, 56, 57, 62, 61, 66, 65, 88, 153, 154, 89, 90, 91, 94, 96, 98, 95, 92, 93, 166, 107, 106, 105, 97, 165, 163, 99, 100, 101, 162, 123, 122, 121, 120, 102, 103, 104, 114, 113, 164, 127, 126, 125, 129, 128, 130, 135, 138, 139, 140, 141, 134, 6, 7, 8, 9, 10, 76, 74, 36, 157, 33, 40, 39, 38, 35, 34, 156, 155, 41, 42, 44, 45, 46, 47, 48, 168, 72, 78, 82, 79, 80]
Długość trasy: 3072
Czas wykonania: 240000 ms

65: 3344
3: 3887
5: 3876
6: 3858
8: 3845
136: 3317
9: 3799
11: 3757
12: 3744
460: 3247
14: 3680
15: 3659
463: 3233
400: 3255
17: 3633
53395: 3201
20: 3605
276: 3260
21: 3597
22: 3579
24: 3557
27: 3545
28: 3503
30: 3494
31: 3454
53343: 3219
224: 3279
33: 3426
34: 3423
484: 3232
40: 3416
42: 3411
43: 3393
46: 3379
53487: 3200
48: 3373
52: 3367
56: 3364
Algorytm: Tabu Search: Insercja losowego miasta
Ilość wierzchołków: 171
Najkrótsza trasa: [31, 34, 156, 40, 39, 38, 35, 36, 157, 33, 155, 41, 42, 45, 44, 46, 47, 48, 168, 72, 78, 82, 79, 80, 81, 3, 4, 5, 169, 111, 110, 109, 108, 83, 84, 71, 60, 50, 20, 158, 32, 21, 22, 23, 24, 25, 161, 160, 150, 149, 148, 147, 137, 138, 135, 139, 140, 141, 6, 8, 14, 15, 159, 16, 17, 18, 19, 37, 77, 1, 0, 112, 113, 115, 116, 117, 118, 119, 124, 129, 136, 146, 145, 144, 143, 142, 152, 151, 7, 9, 2, 73, 170, 49, 51, 52, 53, 43, 55, 54, 58, 59, 68, 167, 70, 87, 86, 85, 69, 67, 63, 64, 56, 57, 62, 61, 66, 65, 88, 153, 154, 89, 90, 91, 96, 97, 98, 95, 94, 92, 93, 166, 107, 106, 105, 165, 163, 99, 100, 101, 123, 162, 122, 121, 120, 102, 103, 104, 114, 164, 127, 126, 125, 128, 130, 131, 132, 133, 134, 10, 76, 74, 75, 11, 12, 13, 29, 26, 27, 28, 30]
Długość trasy: 3200
Czas wykonania: 240001 ms

3: 3902
5: 3866
6: 3790
262: 3369
5510: 3229
8: 3759
776: 3287
9: 3733
11: 3724
5515: 3226
12: 3721
14: 3679
529: 3354
18: 3639
20: 3621
49557: 3052
23: 3599
24: 3553
26: 3525
29: 3512
544: 3343
928: 3235
33: 3501
35: 3496
5542: 3221
44: 3476
818: 3271
9778: 3191
9780: 3181
54: 3471
10167: 3159
10174: 3154
10182: 3123
456: 3357
5578: 3201
49483: 3056
80: 3430
849: 3270
84: 3422
85: 3416
859: 3268
49246: 3095
49120: 3113
49380: 3065
105: 3388
874: 3260
876: 3246
49133: 3099
110: 3381
243: 3374
636: 3330
Algorytm: Tabu Search: Insercja losowego miasta
Ilość wierzchołków: 171
Najkrótsza trasa: [41, 42, 44, 45, 46, 47, 48, 168, 72, 78, 82, 79, 80, 81, 3, 4, 5, 133, 169, 112, 111, 110, 109, 108, 83, 71, 35, 157, 33, 31, 30, 28, 27, 26, 25, 160, 151, 14, 15, 159, 16, 17, 21, 29, 22, 23, 24, 150, 148, 149, 161, 152, 142, 134, 115, 116, 117, 118, 119, 124, 129, 146, 145, 144, 143, 147, 137, 136, 130, 131, 132, 0, 2, 1, 77, 73, 170, 49, 50, 51, 52, 53, 43, 55, 54, 58, 59, 60, 68, 167, 70, 87, 86, 85, 84, 69, 67, 63, 64, 56, 57, 62, 61, 66, 65, 88, 153, 154, 89, 90, 91, 96, 97, 98, 95, 94, 92, 93, 166, 107, 106, 105, 165, 163, 99, 100, 101, 123, 162, 122, 121, 120, 102, 103, 104, 114, 113, 164, 127, 126, 125, 128, 135, 138, 139, 140, 141, 6, 7, 8, 9, 10, 76, 74, 75, 11, 12, 13, 18, 19, 20, 32, 158, 36, 37, 38, 39, 40, 34, 156, 155]
Długość trasy: 3052
Czas wykonania: 240002 ms

4: 3859
5: 3828
134: 3363
26374: 3110
7: 3792
8: 3783
10: 3743
11: 3701
13: 3680
14: 3662
15: 3616
10896: 3229
87569: 3084
17: 3594
18: 3587
20: 3575
21: 3572
26133: 3167
26134: 3145
10775: 3257
26140: 3131
29: 3564
30: 3558
32: 3538
34: 3496
42: 3485
301: 3345
24621: 3205
177: 3351
24626: 3174
51: 3457
308: 3337
53: 3444
26169: 3120
26170: 3111
315: 3334
317: 3320
320: 3294
112835: 3082
323: 3274
112836: 3073
10831: 3249
81: 3443
87: 3419
343: 3263
33903: 3100
113: 3411
116: 3406
250: 3346
33914: 3087
124: 3401
Algorytm: Tabu Search: Insercja losowego miasta
Ilość wierzchołków: 171
Najkrótsza trasa: [113, 115, 116, 117, 118, 119, 124, 146, 145, 144, 143, 152, 142, 149, 148, 147, 137, 136, 129, 131, 132, 0, 1, 73, 49, 50, 51, 52, 53, 43, 55, 54, 58, 59, 68, 167, 70, 87, 86, 85, 69, 67, 63, 64, 56, 57, 62, 61, 66, 65, 88, 153, 154, 89, 90, 91, 94, 96, 98, 95, 92, 93, 166, 107, 106, 105, 97, 165, 163, 99, 100, 101, 162, 123, 122, 121, 120, 102, 103, 104, 114, 164, 127, 126, 125, 128, 130, 135, 138, 139, 140, 141, 134, 6, 7, 8, 9, 10, 76, 74, 75, 11, 12, 18, 19, 20, 32, 158, 36, 157, 155, 41, 42, 44, 45, 46, 47, 48, 170, 168, 72, 78, 82, 79, 80, 81, 111, 110, 109, 108, 83, 84, 71, 60, 38, 39, 40, 156, 34, 35, 33, 31, 30, 28, 27, 26, 25, 150, 161, 160, 151, 14, 13, 17, 21, 29, 22, 23, 24, 15, 159, 16, 37, 77, 2, 3, 4, 5, 133, 169, 112]
Długość trasy: 3073
Czas wykonania: 240001 ms

3: 3859
6: 3851
134: 3318
135: 3313
8: 3846
200: 3181
9: 3806
195019: 3039
12: 3785
2444: 3096
13: 3782
15: 3776
207: 3176
16: 3748
18: 3737
82: 3394
2450: 3086
148: 3271
21: 3728
22: 3700
24: 3693
218: 3135
93: 3391
31: 3647
32: 3643
96: 3380
34: 3621
226: 3127
163: 3270
36: 3546
5285: 3079
39: 3528
231: 3113
169: 3248
42: 3496
19692: 3054
45: 3493
111: 3379
49: 3467
177: 3229
54: 3447
183: 3201
56: 3426
57: 3419
195003: 3044
61: 3406
127: 3356
Algorytm: Tabu Search: Insercja losowego miasta
Ilość wierzchołków: 171
Najkrótsza trasa: [12, 18, 19, 21, 29, 22, 23, 25, 150, 161, 160, 149, 148, 147, 137, 136, 131, 113, 115, 116, 117, 118, 119, 124, 146, 145, 144, 143, 142, 152, 151, 9, 2, 1, 77, 73, 170, 49, 50, 51, 52, 53, 43, 55, 54, 58, 59, 68, 167, 70, 87, 86, 85, 84, 69, 67, 66, 63, 64, 56, 57, 62, 61, 65, 88, 153, 154, 89, 90, 91, 94, 96, 97, 98, 95, 92, 93, 166, 107, 106, 105, 165, 163, 99, 100, 101, 162, 123, 122, 121, 120, 102, 103, 104, 114, 164, 127, 126, 125, 129, 128, 130, 135, 138, 139, 140, 141, 134, 6, 7, 8, 14, 13, 17, 32, 158, 36, 33, 155, 41, 42, 45, 44, 46, 47, 48, 168, 72, 78, 82, 79, 80, 81, 0, 3, 4, 5, 133, 169, 111, 112, 132, 110, 109, 108, 83, 71, 60, 38, 39, 40, 156, 34, 35, 157, 31, 30, 28, 27, 26, 24, 15, 159, 16, 20, 37, 75, 11, 10, 76, 74]
Długość trasy: 3039
Czas wykonania: 240001 ms

