1: 5280
2: 5011
3: 4832
5: 4769
6: 4488
8: 4335
10: 4258
74: 3209
11: 4217
5387: 2728
12: 4047
1100: 2861
14: 3997
206: 2910
144: 3151
81: 3161
146: 3125
150: 3077
24: 3935
26: 3896
1818: 2783
27: 3808
28: 3651
29: 3637
31: 3527
32: 3509
96: 3154
34: 3484
290: 2894
164: 3068
114982: 2705
42: 3463
44: 3379
108: 3153
45: 3367
176: 2961
114: 3152
53: 3223
Algorytm: Genetic Algorithm
Ilość wierzchołków: 48
Najkrótsza trasa: [20, 16, 17, 45, 21, 9, 33, 6, 31, 5, 4, 3, 2, 42, 40, 47, 26, 39, 19, 38, 18, 46, 36, 15, 34, 13, 12, 7, 35, 14, 23, 32, 24, 27, 28, 29, 30, 10, 8, 11, 37, 0, 1, 25, 22, 41, 43, 44]
Długość trasy: 2705
Czas wykonania: 120000 ms

