2560: 13370
2: 23990
514: 16614
5: 23636
6: 23224
7: 22854
152074: 9543
22537: 10017
10: 22704
157704: 9263
11: 22325
523: 16568
6667: 11125
13: 21731
14: 21428
15: 21161
16: 21114
17: 20705
529: 16540
18: 20568
19: 20432
20: 20273
532: 16338
21: 20126
22: 20036
23: 20015
24: 19673
536: 16140
27: 19655
189977: 9068
28: 19592
30: 19542
31: 19390
1057: 14447
36: 19257
37: 19107
549: 16035
3109: 12747
2087: 13449
202283: 9051
7721: 10805
8234: 10663
1579: 14042
1580: 13953
558: 15943
5166: 11452
559: 15913
49: 19060
10801: 10494
165939: 9123
50: 18886
562: 15845
7730: 10780
64: 18734
577: 15806
4673: 11999
217159: 8934
72: 18727
5197: 11437
79: 18693
2127: 13429
156749: 9424
80: 18582
8785: 10610
5714: 11247
14930: 10098
15956: 10088
85: 18535
599: 15622
127582: 9706
209505: 9015
9827: 10532
103: 18516
2151: 13409
7785: 10756
15978: 10069
3695: 12484
114: 18431
5754: 11207
6269: 11172
11903: 10162
5251: 11436
644: 15597
172164: 9073
5256: 11418
5257: 11409
9354: 10578
4748: 11963
657: 15538
221330: 8888
147: 18427
6296: 11147
4763: 11865
45215: 9890
161: 18405
162: 18356
5283: 11399
10915: 10493
1188: 14401
126117: 9711
207015: 9020
7333: 11056
7334: 11054
679: 15532
680: 15486
7851: 10736
182: 18313
184: 18308
3259: 12716
188: 18045
700: 15458
703: 15443
3775: 12383
1728: 13911
1729: 13811
8899: 10588
230080: 8761
127685: 9704
198: 18005
10956: 10378
7887: 10728
5335: 11394
10967: 10330
1753: 13699
4313: 12126
7385: 11033
155355: 9521
218: 17943
5338: 11361
127706: 9609
8413: 10611
224: 17898
5345: 11327
4841: 11795
1262: 14393
4847: 11763
4848: 11744
1267: 14339
157429: 9321
4856: 11708
761: 15431
1275: 14267
1276: 14232
156925: 9381
1793: 13678
1795: 13480
30469: 9961
9993: 10522
3850: 12362
1291: 14119
5910: 11205
792: 15336
4379: 12097
5405: 11313
286: 17828
799: 15270
289: 17793
7458: 11012
805: 15228
3877: 12340
299: 17621
811: 15201
300: 17612
812: 15163
3886: 12321
3887: 12301
7983: 10697
1329: 14099
11569: 10272
2866: 13359
307: 17540
308: 17337
227124: 8885
14139: 10132
828: 15112
156483: 9500
323: 17274
2883: 13344
840: 15036
844: 14985
2892: 13310
6477: 11138
3918: 12253
124238: 9842
4945: 11668
132432: 9598
2899: 13291
4948: 11565
4950: 11553
2904: 13259
2905: 13205
3929: 12233
216410: 8935
156514: 9456
2915: 13136
360: 17231
7528: 10990
3947: 12213
169326: 9110
365: 17188
366: 17172
1390: 14094
367: 17121
25969: 9974
373: 17116
7545: 10983
3450: 12632
124800: 9838
7555: 10969
2950: 13017
15752: 10097
10634: 10519
5004: 11541
398: 16988
7568: 10956
401: 16952
402: 16900
3986: 12138
7058: 11097
3479: 12561
409: 16771
1436: 14071
2972: 12876
7580: 10894
1443: 14069
1448: 14067
4525: 12083
233390: 8758
946: 14980
947: 14886
7605: 10867
443: 16770
956: 14866
125372: 9798
125890: 9794
90566: 9873
169413: 9082
975: 14742
5583: 11268
7632: 10831
981: 14571
102358: 9857
3545: 12547
5081: 11539
159195: 9236
3034: 12865
477: 16761
993: 14520
1507: 14053
3044: 12823
4581: 12051
3048: 12773
11755: 10246
8173: 10686
5622: 11249
503: 16677
510: 16667
Algorytm: Genetic Algorithm
Ilość wierzchołków: 171
Najkrótsza trasa: [144, 8, 25, 28, 24, 159, 17, 19, 29, 16, 38, 34, 47, 168, 82, 1, 73, 52, 64, 61, 167, 69, 108, 166, 106, 97, 123, 162, 110, 136, 148, 143, 142, 141, 112, 113, 118, 119, 129, 131, 75, 37, 45, 62, 63, 56, 58, 60, 68, 99, 164, 140, 10, 76, 74, 12, 170, 26, 22, 158, 31, 33, 155, 44, 51, 59, 67, 83, 72, 80, 4, 5, 134, 6, 7, 14, 147, 135, 163, 104, 115, 116, 117, 124, 146, 152, 150, 160, 151, 9, 0, 81, 133, 100, 101, 98, 154, 153, 50, 49, 35, 157, 30, 27, 23, 15, 32, 41, 156, 40, 43, 55, 54, 53, 42, 77, 3, 169, 109, 114, 127, 120, 137, 138, 126, 125, 122, 128, 139, 149, 161, 132, 111, 93, 105, 165, 95, 94, 91, 70, 86, 85, 71, 46, 48, 11, 18, 21, 57, 88, 39, 13, 20, 36, 78, 79, 2, 107, 92, 89, 65, 87, 84, 66, 90, 96, 102, 103, 121, 130, 145]
Długość trasy: 8758
Czas wykonania: 240001 ms

