2049: 6089
6146: 5663
517: 6456
30213: 5293
44038: 5131
190469: 4706
521: 6452
9226: 5615
1041: 6313
19: 7209
533: 6450
2582: 5995
25: 7115
265246: 4663
16411: 5464
28: 7087
12316: 5520
15900: 5467
547: 6435
36: 7008
91177: 4929
41: 6881
3114: 5940
327208: 4614
1581: 6166
160303: 4757
5167: 5783
48: 6855
50: 6775
318006: 4625
4147: 5874
69682: 5010
304695: 4629
30260: 5276
36404: 5181
53: 6715
100404: 4889
38968: 5170
52792: 5069
302653: 4635
1082: 6279
138823: 4810
11334: 5569
48200: 5104
48201: 5102
31819: 5266
95309: 4924
123984: 4859
155219: 4758
80467: 4955
155217: 4764
297053: 4641
40547: 5167
1128: 6274
1130: 6270
196712: 4700
160366: 4755
254574: 4672
5742: 5738
67182: 5033
5745: 5703
124021: 4852
1141: 6269
86132: 4947
630: 6424
631: 6396
82550: 4948
2680: 5985
10878: 5589
5759: 5682
318075: 4623
1665: 6155
645: 6384
646: 6360
20103: 5433
17546: 5453
252045: 4674
1171: 6244
1683: 6150
1684: 6135
3220: 5936
1173: 6225
16534: 5457
2200: 6068
27800: 5303
195740: 4701
1186: 6223
4771: 5832
4773: 5828
4775: 5820
30375: 5269
328866: 4611
4267: 5865
4270: 5844
216243: 4691
1205: 6219
68287: 5013
11968: 5541
706: 6358
708: 6327
35012: 5244
5317: 5777
327361: 4613
21705: 5401
41674: 5156
2253: 6055
210638: 4694
12494: 5509
46286: 5118
2256: 6053
6356: 5654
3285: 5923
198362: 4696
27357: 5333
27359: 5318
77026: 4983
20711: 5432
55529: 5045
20714: 5419
220905: 4684
239: 6673
241: 6657
146160: 4797
1784: 6113
1788: 6107
43265: 5138
334087: 4610
9987: 5614
35076: 5241
261: 6650
9990: 5612
78091: 4980
113423: 4878
2319: 6043
21264: 5410
12563: 5490
23829: 5376
139031: 4802
2328: 6023
41245: 5165
153378: 4767
1314: 6211
2341: 6013
18213: 5446
102180: 4880
2343: 6009
2345: 6005
11051: 5588
25394: 5362
233265: 4676
2872: 5945
113464: 4862
5951: 5672
289604: 4646
323: 6647
324: 6622
49476: 5089
11589: 5550
6470: 5649
46920: 5113
329: 6612
4938: 5816
6474: 5648
46922: 5112
10571: 5593
129354: 4842
4941: 5810
8013: 5637
22861: 5391
10063: 5603
39761: 5169
42834: 5147
10067: 5599
79703: 4958
129881: 4834
173401: 4740
25948: 5346
44383: 5123
24417: 5364
8551: 5624
7532: 5644
323945: 4620
78192: 4977
187248: 4709
29555: 5296
51571: 5079
26998: 5335
89975: 4942
380: 6595
67452: 5030
385: 6581
387: 6573
14723: 5476
388: 6566
35717: 5186
390: 6558
68487: 5011
3975: 5898
23944: 5371
177545: 4731
5524: 5762
99220: 4891
70550: 5005
178581: 4728
410: 6523
27036: 5334
413: 6519
67484: 5026
38814: 5175
6049: 5668
71072: 4986
6567: 5646
32170: 5260
429: 6509
431: 6506
36271: 5184
169907: 4745
18874: 5437
25531: 5359
4540: 5834
35260: 5234
43452: 5135
12223: 5531
43455: 5134
171453: 4741
150978: 4788
966: 6320
13255: 5480
19913: 5436
98764: 4904
2000: 6104
47056: 5109
62418: 5034
5075: 5784
55252: 5068
316882: 4627
4057: 5894
346079: 4608
177113: 4734
1500: 6210
3549: 5903
42973: 5146
42974: 5145
2017: 6102
32226: 5253
162785: 4746
348134: 4607
174566: 4737
5605: 5740
487: 6502
254436: 4673
11247: 5575
87025: 4944
1521: 6198
498: 6485
10739: 5590
133105: 4822
147958: 4796
1526: 6184
35325: 5205
17918: 5447
20990: 5418
Algorytm: Genetic Algorithm
Ilość wierzchołków: 403
Najkrótsza trasa: [396, 258, 335, 50, 112, 325, 262, 63, 85, 205, 54, 43, 265, 257, 174, 82, 228, 375, 165, 305, 390, 183, 114, 168, 182, 19, 209, 292, 167, 144, 360, 69, 201, 76, 0, 30, 224, 23, 14, 221, 156, 322, 330, 90, 340, 244, 55, 59, 376, 129, 361, 163, 20, 363, 362, 157, 94, 388, 206, 282, 274, 120, 10, 84, 327, 164, 140, 187, 176, 351, 317, 106, 352, 133, 354, 11, 62, 249, 5, 88, 155, 309, 123, 301, 391, 379, 208, 116, 241, 46, 24, 261, 331, 223, 166, 34, 233, 395, 109, 142, 197, 289, 211, 210, 373, 4, 338, 230, 280, 131, 344, 160, 321, 26, 51, 118, 3, 16, 276, 333, 58, 277, 353, 177, 185, 256, 12, 149, 365, 366, 8, 115, 93, 389, 143, 392, 113, 47, 298, 74, 311, 68, 124, 271, 312, 35, 242, 102, 288, 49, 378, 18, 159, 250, 213, 21, 190, 83, 92, 80, 15, 374, 337, 128, 22, 356, 293, 254, 314, 371, 2, 253, 97, 290, 268, 162, 240, 122, 193, 283, 286, 296, 199, 79, 96, 308, 191, 135, 219, 357, 382, 326, 207, 77, 37, 212, 151, 393, 171, 399, 158, 269, 263, 141, 72, 108, 348, 329, 75, 266, 81, 7, 6, 302, 255, 31, 42, 287, 270, 139, 355, 323, 319, 153, 173, 235, 121, 275, 247, 320, 87, 394, 220, 349, 73, 196, 152, 343, 251, 315, 285, 71, 336, 178, 147, 130, 341, 64, 89, 238, 202, 297, 125, 203, 169, 334, 318, 310, 400, 402, 339, 39, 38, 56, 300, 148, 364, 198, 126, 60, 380, 98, 136, 107, 66, 259, 236, 226, 13, 61, 386, 137, 70, 145, 119, 252, 48, 358, 281, 104, 295, 181, 246, 9, 215, 216, 189, 103, 52, 195, 170, 150, 384, 28, 401, 231, 264, 272, 188, 346, 194, 324, 381, 110, 78, 95, 45, 229, 222, 342, 214, 239, 299, 127, 17, 284, 294, 370, 100, 227, 306, 29, 134, 237, 267, 179, 41, 225, 172, 33, 57, 332, 278, 304, 260, 67, 367, 53, 232, 383, 218, 313, 369, 1, 377, 65, 347, 40, 316, 36, 32, 387, 132, 372, 175, 291, 368, 234, 243, 138, 99, 101, 27, 279, 111, 91, 245, 345, 117, 248, 154, 105, 328, 350, 180, 359, 307, 217, 44, 86, 303, 398, 186, 200, 184, 25, 273, 146, 204, 161, 192, 385, 397]
Długość trasy: 4607
Czas wykonania: 360001 ms

