3: 4390
72837: 3938
74245: 3685
72836: 3948
74244: 3700
75399: 3532
82438: 3381
80776: 3407
75021: 3588
75020: 3607
74255: 3683
74895: 3635
76047: 3451
74894: 3636
80782: 3400
71569: 4199
71568: 4213
72345: 4125
76057: 3439
72349: 4081
71199: 4352
71070: 4365
76073: 3417
75819: 3462
73775: 3828
75825: 3459
75059: 3583
73781: 3814
73780: 3818
75060: 3569
76599: 3415
75062: 3559
75064: 3545
75067: 3534
74429: 3655
74428: 3660
74302: 3677
74942: 3624
71361: 4328
76610: 3412
71365: 4297
71369: 4250
71368: 4284
73672: 3885
73675: 3869
71370: 4222
73677: 3833
71628: 4145
80716: 3410
73809: 3795
71632: 4128
72787: 4032
74072: 3752
74074: 3749
75610: 3529
75613: 3509
74076: 3746
75612: 3527
75617: 3504
75618: 3476
75621: 3471
75622: 3468
73704: 3829
72815: 3986
74094: 3742
72816: 3982
74996: 3618
74232: 3712
Algorytm: Symulowane wyżarzanie: Zamiana losowych miast
Ilość wierzchołków: 171
Najkrótsza trasa: [51, 52, 53, 43, 54, 58, 59, 60, 167, 107, 106, 105, 99, 101, 123, 162, 122, 124, 135, 138, 139, 140, 6, 7, 4, 5, 169, 3, 9, 10, 76, 74, 75, 11, 12, 13, 17, 21, 29, 30, 28, 27, 26, 23, 22, 24, 25, 150, 161, 160, 151, 14, 15, 159, 16, 18, 19, 20, 32, 158, 36, 157, 31, 33, 35, 34, 41, 155, 156, 40, 39, 38, 37, 49, 170, 73, 77, 78, 82, 79, 80, 81, 112, 132, 133, 134, 141, 142, 149, 148, 147, 137, 136, 129, 128, 130, 131, 115, 116, 117, 118, 119, 121, 120, 103, 163, 98, 95, 96, 97, 165, 100, 102, 104, 114, 113, 164, 127, 126, 125, 146, 145, 144, 143, 152, 8, 2, 1, 0, 111, 110, 109, 92, 94, 91, 154, 90, 89, 88, 153, 87, 70, 69, 85, 86, 93, 166, 108, 83, 84, 50, 168, 72, 71, 68, 67, 66, 65, 56, 57, 62, 61, 63, 64, 55, 42, 45, 44, 46, 47, 48]
Długość trasy: 3381
Czas wykonania: 240001 ms

75392: 3759
3: 4229
74116: 4114
74515: 3999
74517: 3979
75669: 3713
75671: 3708
75670: 3710
75674: 3706
72989: 4209
74141: 4106
72991: 4115
72990: 4173
74145: 4071
74144: 4084
74804: 3898
74807: 3866
74808: 3858
75709: 3688
74174: 4059
75710: 3642
76225: 3578
74176: 4040
74816: 3850
75331: 3825
74306: 4033
74562: 3969
74565: 3949
75333: 3811
74564: 3952
75716: 3638
76228: 3572
74310: 4024
74566: 3904
74312: 4000
76232: 3571
76111: 3614
75342: 3803
76113: 3613
76115: 3602
80980: 3524
75350: 3792
75353: 3764
76384: 3559
75623: 3744
75624: 3729
76138: 3580
77809: 3529
77808: 3543
76404: 3545
74879: 3838
Algorytm: Symulowane wyżarzanie: Zamiana losowych miast
Ilość wierzchołków: 171
Najkrótsza trasa: [43, 44, 45, 46, 47, 170, 73, 77, 3, 4, 5, 133, 134, 152, 151, 14, 13, 17, 32, 158, 36, 33, 34, 35, 157, 31, 30, 28, 29, 27, 26, 25, 23, 24, 15, 159, 16, 21, 22, 20, 52, 54, 58, 57, 62, 61, 65, 88, 153, 154, 89, 90, 93, 166, 107, 106, 98, 95, 92, 91, 94, 96, 97, 165, 116, 117, 118, 119, 121, 122, 123, 101, 162, 120, 124, 146, 145, 144, 143, 142, 161, 160, 150, 149, 148, 147, 137, 136, 130, 131, 132, 169, 112, 115, 105, 163, 99, 100, 102, 103, 104, 114, 113, 164, 127, 126, 125, 129, 128, 135, 138, 139, 140, 141, 6, 7, 8, 9, 10, 76, 74, 75, 11, 12, 18, 19, 37, 38, 39, 40, 156, 155, 41, 42, 48, 51, 59, 69, 167, 70, 87, 86, 85, 50, 49, 168, 72, 78, 82, 79, 80, 81, 2, 1, 0, 111, 110, 109, 108, 83, 84, 71, 60, 68, 67, 66, 63, 64, 56, 55, 53]
Długość trasy: 3524
Czas wykonania: 240002 ms

69121: 4467
77059: 3587
3: 4478
71815: 3858
71816: 3846
77067: 3580
79242: 3556
77069: 3578
71696: 3920
77072: 3576
77975: 3575
72221: 3822
77982: 3565
77984: 3560
74275: 3612
74274: 3622
70437: 4249
71076: 4086
70439: 4215
70438: 4230
70440: 4208
70443: 4197
71467: 3950
70701: 4142
70444: 4175
71087: 4084
70705: 4124
71089: 4040
71091: 4009
71347: 3972
71090: 4036
70455: 4145
70454: 4171
73529: 3668
72251: 3776
69562: 4462
72250: 3802
73530: 3666
78010: 3558
72257: 3764
70720: 4089
72259: 3742
73027: 3714
70722: 4088
72258: 3753
73415: 3690
71129: 3976
73945: 3628
73439: 3682
70369: 4365
70370: 4364
71781: 3870
71780: 3885
70377: 4340
71786: 3869
73325: 3703
71788: 3868
70129: 4412
70128: 4449
76784: 3607
70130: 4410
70386: 4325
71413: 3954
72821: 3715
70132: 4387
70388: 4286
73848: 3649
70395: 4272
72187: 3845
73851: 3637
77055: 3601
78975: 3557
72190: 3836
Algorytm: Symulowane wyżarzanie: Zamiana losowych miast
Ilość wierzchołków: 171
Najkrótsza trasa: [12, 13, 18, 19, 158, 32, 31, 30, 28, 27, 29, 20, 37, 38, 39, 40, 44, 48, 60, 50, 51, 52, 53, 43, 55, 54, 58, 59, 68, 67, 167, 70, 86, 166, 107, 106, 105, 98, 95, 96, 97, 165, 115, 116, 117, 118, 119, 146, 145, 144, 143, 147, 137, 136, 129, 128, 130, 131, 110, 109, 83, 84, 69, 85, 93, 92, 91, 154, 89, 90, 88, 153, 87, 94, 163, 99, 100, 101, 123, 122, 162, 102, 103, 104, 114, 108, 71, 61, 66, 65, 57, 62, 63, 64, 56, 42, 41, 155, 156, 34, 35, 36, 157, 33, 45, 46, 47, 49, 170, 168, 72, 73, 112, 113, 164, 127, 126, 125, 120, 121, 124, 135, 138, 139, 140, 14, 159, 16, 17, 21, 22, 26, 23, 24, 15, 25, 160, 150, 148, 149, 161, 152, 142, 151, 7, 8, 9, 2, 1, 0, 81, 80, 79, 82, 78, 77, 3, 4, 5, 169, 111, 132, 133, 134, 141, 6, 10, 76, 74, 75, 11]
Długość trasy: 3556
Czas wykonania: 240001 ms

72705: 4103
80385: 3520
75648: 3789
72707: 4051
3: 4155
72706: 4087
76034: 3644
72708: 4023
76425: 3597
80649: 3477
76424: 3613
80264: 3529
80525: 3513
75916: 3686
75921: 3672
80017: 3531
80530: 3512
75924: 3652
80532: 3508
80278: 3527
80542: 3503
74918: 3804
80299: 3522
77240: 3596
77244: 3585
79937: 3541
74560: 3883
77253: 3581
77255: 3572
77254: 3579
72777: 4007
79944: 3538
74187: 3943
72913: 3999
75857: 3777
74192: 3914
72915: 3993
75859: 3739
72914: 3994
75858: 3762
72917: 3964
72918: 3959
75862: 3737
74592: 3856
80608: 3497
80611: 3480
80098: 3530
80610: 3492
75365: 3798
75881: 3734
76136: 3642
76141: 3635
75884: 3709
76142: 3629
76145: 3621
76144: 3625
80627: 3478
80759: 3475
80506: 3514
74237: 3899
74236: 3901
74620: 3827
72702: 4111
Algorytm: Symulowane wyżarzanie: Zamiana losowych miast
Ilość wierzchołków: 171
Najkrótsza trasa: [154, 90, 89, 88, 153, 85, 71, 1, 2, 3, 4, 5, 169, 132, 133, 6, 7, 8, 9, 10, 76, 74, 75, 11, 12, 18, 19, 37, 170, 168, 72, 73, 49, 50, 51, 52, 53, 44, 45, 156, 40, 46, 47, 48, 77, 78, 82, 79, 80, 81, 0, 111, 112, 115, 116, 118, 102, 103, 163, 99, 96, 165, 104, 114, 113, 164, 127, 126, 125, 124, 129, 146, 145, 144, 143, 147, 138, 139, 140, 141, 131, 110, 109, 108, 83, 84, 69, 66, 65, 55, 42, 41, 155, 34, 35, 157, 33, 31, 30, 28, 27, 25, 150, 161, 160, 142, 149, 148, 137, 136, 128, 130, 135, 134, 152, 151, 14, 13, 17, 21, 29, 22, 23, 26, 24, 15, 159, 16, 20, 32, 158, 36, 38, 39, 43, 54, 57, 62, 63, 64, 56, 58, 59, 60, 61, 68, 67, 167, 70, 87, 86, 93, 92, 166, 107, 106, 105, 97, 100, 117, 119, 120, 121, 122, 123, 162, 101, 98, 95, 94, 91]
Długość trasy: 3475
Czas wykonania: 240001 ms

72576: 4011
3: 4517
78215: 3451
71814: 4206
78217: 3441
79882: 3371
81674: 3367
71821: 4158
71820: 4170
81676: 3365
79502: 3435
79505: 3384
79504: 3432
76309: 3495
79508: 3381
71832: 4146
71324: 4369
70687: 4452
76318: 3492
70179: 4475
76195: 3558
70178: 4481
71970: 4038
70181: 4454
71333: 4334
76197: 3517
76196: 3531
71338: 4304
74418: 3744
75318: 3595
75322: 3571
74433: 3741
74434: 3738
83010: 3363
74693: 3651
74439: 3689
74438: 3692
83018: 3356
73037: 4003
74447: 3680
73038: 3944
73041: 3934
73040: 3935
74448: 3678
73043: 3902
73045: 3809
73044: 3837
79834: 3374
73565: 3795
73566: 3790
74718: 3633
73825: 3749
74721: 3626
73824: 3770
70115: 4494
76389: 3485
72555: 4024
77551: 3455
71027: 4419
76402: 3474
76663: 3473
76664: 3463
79608: 3375
Algorytm: Symulowane wyżarzanie: Zamiana losowych miast
Ilość wierzchołków: 171
Najkrótsza trasa: [21, 20, 32, 158, 36, 157, 33, 155, 41, 42, 45, 46, 47, 48, 49, 170, 77, 111, 110, 109, 107, 106, 105, 97, 100, 101, 103, 117, 119, 120, 121, 122, 123, 162, 102, 163, 99, 98, 95, 94, 96, 165, 104, 114, 113, 115, 116, 118, 124, 128, 130, 135, 138, 139, 140, 131, 164, 127, 126, 125, 129, 146, 145, 142, 152, 151, 14, 15, 159, 13, 37, 38, 39, 55, 54, 58, 59, 68, 66, 63, 64, 56, 57, 62, 61, 65, 85, 108, 166, 93, 92, 91, 154, 89, 90, 88, 153, 87, 70, 69, 67, 167, 86, 83, 84, 71, 60, 168, 72, 73, 50, 51, 52, 53, 43, 44, 40, 156, 34, 35, 31, 30, 24, 25, 161, 160, 150, 149, 148, 144, 143, 147, 137, 136, 132, 133, 169, 112, 0, 81, 80, 79, 82, 78, 1, 2, 3, 4, 5, 134, 141, 6, 7, 8, 9, 10, 76, 74, 75, 11, 12, 18, 19, 29, 28, 27, 26, 23, 22, 16, 17]
Długość trasy: 3356
Czas wykonania: 240001 ms

3: 4109
79621: 3502
73801: 4063
80393: 3455
80392: 3456
73803: 4030
76170: 3868
79626: 3498
73805: 3939
73804: 3969
76812: 3729
73807: 3916
76495: 3742
76815: 3709
76177: 3810
77841: 3573
76176: 3829
76435: 3782
76370: 3785
76821: 3649
76183: 3800
76182: 3801
77846: 3557
76441: 3779
74395: 3906
76443: 3778
76959: 3647
76963: 3646
76965: 3639
76964: 3641
76967: 3597
77991: 3520
76966: 3636
77804: 3583
78127: 3507
80303: 3487
80302: 3490
80305: 3486
77168: 3588
77945: 3543
80377: 3485
76154: 3886
77946: 3531
80381: 3465
80380: 3484
Algorytm: Symulowane wyżarzanie: Zamiana losowych miast
Ilość wierzchołków: 171
Najkrótsza trasa: [89, 90, 88, 153, 87, 86, 93, 166, 108, 83, 66, 65, 55, 53, 46, 39, 40, 38, 35, 157, 31, 30, 28, 27, 26, 23, 24, 25, 150, 142, 131, 164, 126, 128, 130, 113, 115, 116, 117, 118, 119, 120, 122, 121, 124, 129, 136, 137, 138, 135, 139, 140, 141, 134, 6, 152, 151, 7, 8, 9, 2, 1, 77, 82, 79, 80, 81, 0, 112, 132, 111, 3, 4, 5, 133, 169, 127, 125, 146, 145, 144, 143, 147, 148, 149, 161, 160, 14, 15, 159, 16, 17, 37, 75, 11, 10, 76, 74, 12, 13, 18, 19, 20, 29, 22, 21, 32, 158, 36, 33, 34, 156, 155, 41, 42, 54, 58, 62, 63, 64, 56, 57, 61, 68, 67, 69, 85, 84, 71, 60, 50, 49, 170, 168, 78, 72, 73, 51, 52, 43, 44, 45, 47, 48, 59, 167, 70, 96, 104, 114, 110, 109, 107, 106, 105, 97, 165, 100, 101, 123, 162, 102, 103, 163, 99, 98, 95, 94, 92, 91, 154]
Długość trasy: 3455
Czas wykonania: 240002 ms

72065: 3780
73729: 3586
72064: 3785
73728: 3608
3: 4027
72066: 3778
73730: 3583
75401: 3534
72776: 3682
72779: 3659
75147: 3566
72143: 3754
72142: 3755
75537: 3500
72016: 3916
75536: 3511
72148: 3741
73492: 3629
72023: 3837
72022: 3874
72024: 3819
73499: 3626
75420: 3519
70753: 3970
70752: 3995
72032: 3808
75427: 3512
72808: 3639
72748: 3716
71983: 3961
72244: 3737
75252: 3536
71993: 3920
72057: 3800
73721: 3616
73722: 3612
72060: 3795
Algorytm: Symulowane wyżarzanie: Zamiana losowych miast
Ilość wierzchołków: 171
Najkrótsza trasa: [152, 142, 113, 117, 118, 119, 120, 121, 122, 162, 123, 101, 100, 102, 103, 163, 99, 98, 95, 92, 91, 87, 85, 84, 43, 55, 54, 58, 63, 64, 56, 57, 62, 61, 67, 66, 65, 88, 153, 154, 89, 90, 94, 96, 165, 110, 109, 108, 83, 71, 168, 78, 82, 79, 81, 80, 72, 60, 50, 59, 68, 167, 70, 69, 86, 93, 166, 107, 106, 105, 97, 104, 114, 115, 116, 124, 129, 146, 145, 144, 143, 147, 137, 136, 128, 130, 135, 138, 139, 140, 141, 6, 7, 8, 14, 13, 17, 21, 22, 15, 159, 16, 18, 20, 37, 38, 35, 34, 40, 39, 156, 155, 41, 42, 44, 45, 46, 47, 48, 51, 52, 53, 49, 170, 73, 77, 1, 0, 2, 3, 5, 169, 112, 132, 133, 134, 131, 164, 127, 126, 125, 111, 4, 9, 10, 76, 74, 75, 11, 12, 19, 158, 36, 157, 33, 31, 32, 29, 30, 28, 27, 26, 23, 24, 25, 150, 148, 149, 161, 160, 151]
Długość trasy: 3500
Czas wykonania: 240001 ms

74752: 3705
78723: 3665
3: 3965
72964: 3834
74502: 3744
72969: 3829
79560: 3655
72977: 3826
73681: 3777
73618: 3779
74647: 3738
72982: 3806
78233: 3670
72346: 3877
74781: 3688
78749: 3658
74783: 3682
73505: 3802
73507: 3794
78690: 3668
70825: 3935
72939: 3854
73515: 3789
70826: 3907
72877: 3870
73905: 3771
73906: 3752
78130: 3681
72885: 3858
78133: 3678
78134: 3673
74747: 3721
Algorytm: Symulowane wyżarzanie: Zamiana losowych miast
Ilość wierzchołków: 171
Najkrótsza trasa: [45, 43, 55, 54, 57, 62, 68, 67, 167, 70, 94, 96, 104, 115, 116, 117, 118, 119, 120, 121, 124, 128, 131, 113, 127, 126, 125, 103, 114, 108, 166, 93, 60, 50, 51, 52, 53, 46, 47, 48, 49, 170, 168, 72, 71, 61, 66, 65, 88, 153, 154, 89, 90, 165, 163, 101, 100, 102, 162, 123, 122, 139, 140, 141, 6, 7, 8, 9, 2, 81, 80, 79, 82, 78, 77, 10, 76, 74, 75, 11, 12, 37, 38, 39, 40, 35, 157, 31, 30, 28, 27, 26, 23, 24, 15, 159, 16, 18, 19, 20, 29, 22, 25, 150, 149, 148, 147, 137, 138, 134, 132, 110, 109, 107, 106, 105, 97, 99, 98, 95, 92, 91, 87, 85, 86, 83, 84, 69, 63, 64, 56, 58, 59, 73, 1, 0, 111, 3, 4, 5, 133, 169, 112, 164, 130, 135, 136, 129, 146, 145, 144, 143, 152, 142, 161, 160, 151, 14, 13, 17, 21, 32, 158, 36, 33, 34, 156, 155, 41, 42, 44]
Długość trasy: 3655
Czas wykonania: 240001 ms

3: 4224
71682: 3646
80268: 3241
72590: 3570
70041: 4197
70681: 3962
70040: 4220
70552: 4081
70680: 3971
70683: 3945
70042: 4178
71454: 3756
79134: 3243
70691: 3929
70694: 3922
70697: 3886
75561: 3291
70696: 3899
81192: 3224
70699: 3849
70698: 3872
71082: 3792
71085: 3778
70060: 4170
71084: 3789
80684: 3232
77870: 3244
70451: 4169
74291: 3351
74292: 3342
75574: 3286
72633: 3549
71994: 3621
71996: 3585
80316: 3235
71998: 3571
75585: 3284
71619: 3748
73155: 3414
71109: 3768
71108: 3771
73158: 3389
72649: 3497
73161: 3367
72648: 3539
72650: 3490
73164: 3365
74446: 3337
72656: 3486
74448: 3319
74452: 3314
75609: 3271
70488: 4134
70621: 4071
72672: 3442
72674: 3426
74466: 3312
74468: 3309
75623: 3268
75631: 3249
74478: 3292
75630: 3263
70648: 4036
70651: 4029
70650: 4030
70525: 4120
71677: 3734
70652: 4008
70780: 3794
70527: 4112
70783: 3793
70654: 3989
71678: 3661
Algorytm: Symulowane wyżarzanie: Zamiana losowych miast
Ilość wierzchołków: 171
Najkrótsza trasa: [91, 94, 165, 163, 99, 100, 102, 103, 104, 114, 164, 130, 131, 132, 111, 110, 109, 107, 106, 105, 98, 95, 96, 97, 113, 127, 126, 125, 129, 128, 135, 136, 137, 138, 139, 140, 141, 134, 6, 152, 142, 149, 161, 160, 14, 151, 7, 8, 9, 10, 76, 74, 75, 11, 12, 13, 18, 19, 29, 30, 28, 27, 26, 23, 24, 15, 159, 16, 17, 32, 158, 36, 157, 33, 31, 155, 41, 42, 45, 47, 48, 49, 170, 168, 72, 73, 77, 78, 82, 79, 80, 81, 0, 1, 2, 3, 4, 5, 133, 169, 112, 115, 116, 117, 118, 119, 122, 101, 123, 162, 120, 121, 124, 146, 145, 144, 143, 147, 148, 150, 25, 22, 21, 20, 37, 38, 39, 35, 34, 156, 40, 44, 46, 59, 61, 68, 67, 167, 70, 69, 83, 84, 71, 60, 50, 51, 52, 53, 43, 55, 54, 58, 57, 62, 66, 63, 64, 56, 65, 153, 87, 85, 86, 93, 166, 108, 92, 154, 88, 89, 90]
Długość trasy: 3224
Czas wykonania: 240001 ms

3: 4788
71686: 3805
70673: 4094
76177: 3430
78737: 3327
70672: 4138
76176: 3438
69907: 4383
70674: 4077
69909: 4371
73109: 3477
73108: 3483
73111: 3450
69910: 4353
73110: 3464
69912: 4324
76187: 3426
70554: 4253
70682: 4025
76189: 3425
70684: 4019
69023: 4573
71583: 3919
69022: 4637
71457: 3945
71585: 3882
69024: 4523
69283: 4508
80803: 3322
69284: 4487
71590: 3874
71593: 3850
71595: 3819
71594: 3834
69293: 4444
69933: 4289
71855: 3766
69294: 4411
71856: 3753
71863: 3732
72511: 3705
76863: 3405
72000: 3721
72002: 3711
80706: 3323
72516: 3690
76868: 3374
76873: 3369
76874: 3360
72665: 3648
71259: 4002
76891: 3343
71258: 4011
72666: 3640
71649: 3815
68835: 4768
71650: 3812
71268: 3974
73065: 3541
76009: 3441
73064: 3571
68842: 4750
72682: 3637
73066: 3520
71277: 3971
68844: 4709
71532: 3932
72684: 3619
72687: 3589
73071: 3500
72558: 3688
73070: 3510
72560: 3659
72688: 3583
70387: 4276
71667: 3811
71287: 3961
70651: 4251
70653: 4172
70652: 4219
Algorytm: Symulowane wyżarzanie: Zamiana losowych miast
Ilość wierzchołków: 171
Najkrótsza trasa: [146, 145, 144, 143, 147, 138, 135, 139, 140, 141, 134, 8, 10, 76, 74, 75, 11, 12, 18, 19, 20, 37, 49, 77, 1, 0, 110, 109, 107, 106, 105, 97, 165, 163, 99, 100, 101, 122, 123, 162, 102, 103, 117, 136, 137, 148, 149, 161, 152, 14, 13, 32, 158, 36, 157, 33, 155, 41, 42, 44, 45, 46, 47, 48, 51, 52, 53, 43, 55, 54, 58, 59, 50, 38, 39, 40, 156, 34, 35, 31, 30, 28, 27, 26, 23, 24, 15, 159, 16, 17, 21, 29, 22, 25, 150, 160, 151, 142, 6, 7, 9, 2, 3, 4, 5, 133, 169, 81, 80, 79, 82, 78, 72, 73, 170, 168, 71, 60, 63, 64, 56, 57, 62, 61, 68, 167, 70, 96, 98, 95, 94, 92, 93, 166, 108, 83, 84, 69, 67, 66, 65, 88, 153, 87, 85, 86, 91, 154, 89, 90, 104, 114, 113, 164, 127, 126, 125, 129, 128, 130, 131, 132, 111, 112, 115, 116, 118, 119, 120, 121, 124]
Długość trasy: 3322
Czas wykonania: 240002 ms

