1026: 12637
10244: 8715
517: 13716
1542: 11763
20998: 7992
40968: 7425
8201: 8912
11: 23538
12: 23073
19471: 8166
16: 23065
17: 23035
3089: 10542
19: 22371
4115: 9592
4116: 9515
21: 22198
22037: 7929
23: 21617
3097: 10523
3609: 9874
11291: 8563
29: 21452
34: 21190
35: 21077
37: 20946
549: 13711
117796: 7019
39: 20877
3113: 10514
4138: 9495
555: 13691
1068: 12590
11308: 8491
45: 20625
46: 20346
558: 13649
47: 20051
49: 19956
561: 13563
51: 19944
564: 13554
54: 19839
58: 19550
570: 13489
5178: 9225
4667: 9268
573: 13429
575: 13389
12351: 8465
39487: 7442
64: 19357
577: 13264
79938: 7171
68: 19230
581: 13251
583: 13169
586: 13051
75: 19196
76: 18998
588: 12990
78: 18886
79: 18644
80: 18619
82: 18520
1108: 12568
85: 18363
3669: 9816
86: 18339
1110: 12549
87: 18249
88: 18163
1112: 12533
30809: 7540
91: 18127
56411: 7351
92: 18113
1116: 12488
93: 18105
94: 17964
1118: 12476
95: 17794
1121: 12440
101: 17792
102: 17772
103: 17589
15463: 8303
17514: 8221
108: 17546
2669: 10866
4720: 9264
114: 17528
628: 12954
1141: 12398
1143: 12347
120: 17472
1144: 12255
633: 12934
1146: 12236
124: 17450
1148: 12213
10364: 8697
638: 12929
7807: 8956
48767: 7358
32390: 7501
138: 17343
139: 17319
12939: 8442
143: 17290
144: 17161
656: 12900
7826: 8932
659: 12858
8853: 8868
3737: 9765
8859: 8854
2206: 11205
29854: 7629
7839: 8928
160: 16975
4258: 9485
163: 16961
3748: 9704
13477: 8430
2218: 11169
171: 16956
3755: 9697
112301: 7038
4269: 9462
3247: 10491
4271: 9437
178: 16952
180: 16830
182: 16808
185: 16791
186: 16774
187: 16590
191: 16587
21695: 7963
8896: 8810
3265: 10485
3266: 10433
195: 16535
3268: 10283
199: 16508
202: 16489
8908: 8805
2262: 11137
2263: 11116
216: 16484
218: 16451
219: 16376
20187: 8144
9436: 8743
5341: 9224
222: 16373
225: 16338
27873: 7655
226: 16246
2786: 10850
228: 16245
229: 16181
234: 16180
235: 16069
1260: 12089
238: 16041
240: 16015
1264: 12072
241: 15986
243: 15959
2291: 11098
244: 15885
245: 15843
1269: 12056
1271: 12030
45817: 7374
58108: 7348
15102: 8322
59646: 7272
257: 15810
259: 15765
265: 15486
2314: 11070
6922: 9102
3344: 10261
17168: 8295
17169: 8286
274: 15435
277: 15323
1813: 11669
3350: 10224
282: 15301
1818: 11620
283: 15266
6427: 9110
4380: 9398
285: 15245
14621: 8376
19742: 8156
1312: 12022
1824: 11608
3874: 9693
292: 15189
1316: 12014
1318: 12001
1319: 11941
4397: 9393
303: 15145
2352: 10953
305: 15017
307: 15010
308: 14997
37684: 7491
312: 14984
21307: 7986
3389: 10222
21309: 7972
3391: 10210
3392: 10199
834: 12825
2882: 10823
3394: 10194
835: 12813
120130: 6967
2884: 10821
3397: 10182
10565: 8689
2886: 10787
2887: 10768
328: 14890
71496: 7246
8526: 8889
3412: 10122
22360: 7870
1881: 11596
11097: 8576
22362: 7823
17243: 8269
1372: 11842
3932: 9646
22365: 7783
1887: 11550
1890: 11533
1895: 11407
360: 14832
1897: 11282
362: 14822
363: 14692
3435: 10096
1900: 11262
365: 14670
368: 14639
7537: 8974
5492: 9204
373: 14570
58741: 7332
374: 14556
376: 14498
23928: 7728
29563: 7630
44925: 7415
13696: 8412
385: 14455
7554: 8970
388: 14450
390: 14406
19339: 8215
1933: 11222
19342: 8184
85902: 7116
24468: 7700
98708: 7061
7064: 9073
4506: 9383
4508: 9310
20380: 8135
47005: 7365
5534: 9187
20382: 8078
20383: 8000
6561: 9105
2978: 10756
421: 14349
3493: 10028
3498: 10004
5035: 9255
2989: 10752
3503: 9986
3504: 9962
2993: 10738
5553: 9165
947: 12789
9139: 8800
949: 12775
954: 12757
9147: 8768
159164: 6903
5571: 9142
3524: 9952
3525: 9940
3527: 9898
456: 14334
971: 12754
461: 14254
973: 12716
974: 12712
3537: 9895
468: 14221
469: 14210
4053: 9630
4055: 9622
472: 14205
473: 14156
4058: 9621
475: 14086
476: 14045
45532: 7385
3037: 10692
479: 14007
480: 13968
482: 13956
10723: 8671
11236: 8572
485: 13952
10725: 8665
4070: 9620
2535: 10925
10728: 8630
490: 13937
10731: 8582
492: 13866
1007: 12653
497: 13830
498: 13782
10738: 8579
3069: 10655
511: 13741
3071: 10568
Algorytm: Genetic Algorithm
Ilość wierzchołków: 171
Najkrótsza trasa: [154, 89, 52, 53, 168, 72, 66, 62, 61, 92, 130, 131, 111, 2, 77, 73, 39, 46, 47, 38, 37, 59, 65, 88, 153, 107, 106, 105, 97, 165, 115, 116, 120, 121, 102, 103, 163, 99, 98, 90, 91, 86, 0, 80, 81, 164, 135, 146, 145, 144, 143, 147, 122, 123, 162, 100, 101, 94, 93, 166, 84, 50, 12, 13, 17, 49, 170, 74, 19, 21, 22, 25, 160, 151, 8, 9, 76, 75, 36, 34, 156, 45, 48, 60, 68, 69, 67, 167, 70, 87, 104, 127, 128, 169, 112, 133, 134, 141, 6, 7, 159, 16, 29, 30, 42, 55, 56, 64, 58, 138, 139, 140, 113, 126, 125, 129, 79, 82, 51, 43, 54, 44, 40, 11, 10, 18, 20, 26, 27, 28, 41, 155, 35, 157, 33, 31, 32, 158, 78, 1, 110, 109, 114, 117, 118, 119, 124, 136, 137, 148, 149, 150, 161, 152, 142, 95, 96, 132, 3, 4, 14, 15, 23, 24, 5, 108, 83, 63, 57, 71, 85]
Długość trasy: 6903
Czas wykonania: 240000 ms

