288: 2420
289: 2264
290: 2240
5: 2691
328: 2051
307: 2171
308: 2128
311: 2103
312: 2079
313: 2059
283: 2657
315: 2054
284: 2623
287: 2559
Algorytm: Symulowane wyżarzanie: Zamiana losowych miast
Ilość wierzchołków: 48
Najkrótsza trasa: [15, 16, 39, 21, 47, 26, 40, 20, 38, 37, 18, 12, 9, 33, 27, 28, 2, 41, 43, 22, 42, 1, 0, 25, 11, 10, 24, 4, 3, 29, 30, 31, 5, 6, 8, 32, 7, 23, 13, 34, 35, 17, 46, 36, 14, 45, 19, 44]
Długość trasy: 2051
Czas wykonania: 120001 ms

0: 2626
258: 2106
261: 2102
231: 2624
263: 2026
234: 2544
238: 2479
243: 2475
245: 2250
246: 2154
278: 1999
279: 1992
252: 2117
Algorytm: Symulowane wyżarzanie: Zamiana losowych miast
Ilość wierzchołków: 48
Najkrótsza trasa: [41, 43, 42, 22, 40, 47, 26, 1, 0, 25, 37, 11, 8, 9, 33, 27, 28, 3, 24, 4, 29, 30, 6, 10, 18, 17, 13, 34, 35, 14, 15, 16, 45, 39, 19, 44, 21, 20, 38, 46, 36, 23, 12, 32, 7, 31, 5, 2]
Długość trasy: 1992
Czas wykonania: 120000 ms

288: 2069
1: 2766
262: 2706
264: 2649
265: 2647
268: 2629
269: 2597
270: 2449
272: 2421
273: 2279
281: 2274
282: 2192
286: 2171
287: 2131
Algorytm: Symulowane wyżarzanie: Zamiana losowych miast
Ilość wierzchołków: 48
Najkrótsza trasa: [3, 24, 4, 29, 30, 31, 5, 6, 7, 23, 34, 35, 14, 17, 13, 12, 32, 8, 11, 10, 37, 38, 18, 46, 36, 19, 44, 15, 16, 45, 20, 39, 21, 40, 47, 26, 0, 25, 22, 41, 43, 42, 1, 9, 33, 27, 28, 2]
Długość trasy: 2069
Czas wykonania: 120001 ms

272: 2266
1: 2374
273: 2144
275: 2131
260: 2348
277: 2106
280: 2029
281: 1946
269: 2270
Algorytm: Symulowane wyżarzanie: Zamiana losowych miast
Ilość wierzchołków: 48
Najkrótsza trasa: [32, 7, 23, 34, 13, 46, 36, 35, 14, 15, 16, 45, 39, 19, 44, 21, 47, 26, 28, 2, 41, 43, 42, 22, 40, 20, 38, 18, 17, 12, 31, 5, 24, 4, 29, 30, 9, 33, 27, 3, 6, 10, 11, 37, 0, 25, 1, 8]
Długość trasy: 1946
Czas wykonania: 120001 ms

1: 2816
258: 2175
262: 2152
272: 2060
273: 1995
275: 1993
247: 2563
248: 2516
249: 2435
252: 2419
253: 2331
254: 2297
255: 2271
Algorytm: Symulowane wyżarzanie: Zamiana losowych miast
Ilość wierzchołków: 48
Najkrótsza trasa: [40, 47, 26, 42, 41, 43, 22, 19, 44, 20, 0, 25, 1, 37, 38, 8, 32, 7, 23, 12, 24, 4, 29, 30, 5, 31, 6, 9, 33, 27, 2, 28, 3, 10, 11, 18, 17, 13, 34, 46, 36, 35, 14, 15, 16, 45, 39, 21]
Długość trasy: 1993
Czas wykonania: 120001 ms

1: 2901
257: 2089
258: 2077
259: 2044
264: 2004
234: 2858
235: 2799
236: 2672
237: 2598
240: 2550
272: 2003
241: 2533
245: 2466
248: 2364
249: 2294
250: 2217
251: 2184
283: 1984
255: 2160
Algorytm: Symulowane wyżarzanie: Zamiana losowych miast
Ilość wierzchołków: 48
Najkrótsza trasa: [38, 37, 0, 25, 47, 22, 19, 44, 15, 35, 14, 46, 36, 16, 45, 39, 21, 26, 1, 10, 9, 33, 27, 28, 3, 8, 11, 18, 17, 13, 34, 23, 12, 32, 7, 31, 30, 5, 6, 24, 4, 29, 2, 41, 43, 42, 40, 20]
Długość trasy: 1984
Czas wykonania: 120001 ms

288: 2066
1: 2507
259: 2475
260: 2438
292: 2064
261: 2360
293: 2063
262: 2213
294: 2049
277: 2156
278: 2124
280: 2088
281: 2069
Algorytm: Symulowane wyżarzanie: Zamiana losowych miast
Ilość wierzchołków: 48
Najkrótsza trasa: [37, 18, 13, 46, 36, 23, 12, 34, 35, 14, 15, 16, 17, 45, 20, 38, 0, 25, 47, 22, 41, 43, 19, 44, 39, 21, 40, 26, 10, 11, 8, 32, 7, 31, 4, 3, 24, 29, 30, 5, 6, 9, 33, 27, 28, 2, 42, 1]
Długość trasy: 2049
Czas wykonania: 120001 ms

1: 2565
257: 2258
275: 2155
277: 2116
262: 2202
279: 2085
250: 2432
266: 2171
285: 2075
254: 2371
255: 2305
287: 2074
Algorytm: Symulowane wyżarzanie: Zamiana losowych miast
Ilość wierzchołków: 48
Najkrótsza trasa: [18, 17, 13, 34, 46, 36, 23, 35, 14, 16, 45, 19, 44, 15, 12, 32, 7, 31, 8, 11, 37, 39, 21, 47, 26, 22, 40, 20, 38, 0, 25, 1, 9, 33, 27, 28, 3, 29, 30, 5, 6, 24, 4, 2, 41, 43, 42, 10]
Długość trasy: 2074
Czas wykonania: 120001 ms

1: 2527
261: 2393
278: 2051
280: 1995
265: 2308
266: 2191
267: 2072
Algorytm: Symulowane wyżarzanie: Zamiana losowych miast
Ilość wierzchołków: 48
Najkrótsza trasa: [25, 18, 46, 36, 14, 16, 45, 21, 26, 1, 9, 24, 4, 29, 3, 33, 27, 28, 2, 41, 43, 40, 47, 42, 22, 20, 38, 37, 39, 19, 44, 15, 17, 13, 34, 35, 23, 12, 32, 7, 31, 30, 5, 6, 10, 8, 11, 0]
Długość trasy: 1995
Czas wykonania: 120001 ms

288: 2024
1: 2863
261: 2195
268: 2187
269: 2136
242: 2855
243: 2688
275: 2041
278: 2036
248: 2645
249: 2427
281: 2031
250: 2323
251: 2254
252: 2243
287: 2025
Algorytm: Symulowane wyżarzanie: Zamiana losowych miast
Ilość wierzchołków: 48
Najkrótsza trasa: [47, 41, 43, 22, 19, 44, 15, 17, 13, 46, 36, 14, 35, 16, 45, 39, 21, 40, 26, 42, 20, 18, 34, 23, 12, 32, 7, 31, 30, 5, 24, 4, 29, 6, 9, 33, 27, 2, 28, 3, 10, 8, 11, 37, 38, 0, 1, 25]
Długość trasy: 2024
Czas wykonania: 120001 ms

