82945: 4425
107521: 3514
121859: 3336
83973: 4349
166922: 2976
92171: 3908
133134: 3207
157708: 3030
88081: 4115
122899: 3329
93207: 3833
48151: 6365
154651: 3058
111642: 3450
127006: 3288
113696: 3425
56354: 5900
47143: 6403
143397: 3124
167976: 2968
328744: 2773
98351: 3626
110638: 3461
278571: 2783
80944: 4514
165939: 2978
46136: 6433
60472: 5728
182330: 2913
90171: 3981
228415: 2833
65596: 5393
138311: 3173
132175: 3220
183373: 2908
91219: 3926
111698: 3449
195673: 2875
103519: 3568
137314: 3186
141410: 3143
168034: 2967
129120: 3261
181344: 2922
243809: 2829
152679: 3071
254052: 2822
86120: 4228
102506: 3575
112746: 3439
95345: 3727
94320: 3772
68723: 5178
180336: 2923
140401: 3153
131189: 3236
108668: 3494
105599: 3536
71806: 5061
139392: 3165
32900: 6697
109705: 3474
126089: 3297
130184: 3251
119947: 3350
104589: 3549
44174: 6481
106638: 3522
73875: 4919
96402: 3695
113812: 3423
173210: 2931
97434: 3656
54428: 5986
62620: 5549
89247: 4056
141469: 3142
146589: 3103
92321: 3887
258211: 2812
76964: 4753
59558: 5791
110760: 3457
140457: 3152
40109: 6587
100529: 3592
88240: 4109
124080: 3320
107698: 3512
213179: 2848
105656: 3535
136384: 3190
118978: 3367
155841: 3054
170190: 2953
175310: 2928
113868: 3421
80081: 4560
132309: 3217
103641: 3565
156889: 3039
84189: 4337
102620: 3574
128226: 3265
96489: 3688
114921: 3411
181482: 2915
101611: 3580
108782: 3491
195821: 2874
94448: 3769
161011: 3007
105715: 3533
148726: 3091
151802: 3075
93435: 3827
119037: 3366
98556: 3622
171261: 2945
115969: 3405
99591: 3604
164104: 2993
81162: 4493
61711: 5617
97554: 3650
129301: 3260
162068: 3006
86301: 4226
126236: 3296
117022: 3398
79137: 4631
172322: 2932
108839: 3489
118057: 3387
195881: 2873
67886: 5237
140595: 3151
1334: 7028
119095: 3362
116025: 3404
112955: 3434
134456: 3200
49468: 6304
224574: 2838
218429: 2847
194882: 2880
99652: 3603
70983: 5086
165192: 2986
153929: 3067
102733: 3573
111950: 3448
129361: 3259
88403: 4063
87378: 4151
103762: 3562
121170: 3340
141649: 3139
65879: 5382
95575: 3721
94553: 3766
63833: 5517
133467: 3205
98652: 3616
122204: 3333
108896: 3487
48485: 6350
60775: 5703
169323: 2965
93547: 3823
107883: 3510
78189: 4675
123245: 3325
158060: 3027
182643: 2912
116082: 3403
147825: 3096
127351: 3281
138612: 3170
106870: 3520
303475: 2781
130424: 3250
135544: 3198
72066: 4922
112005: 3447
174470: 2929
17799: 6751
85382: 4275
118152: 3385
74122: 4912
56717: 5893
155021: 3057
162192: 3004
45460: 6441
77205: 4730
18838: 6732
143774: 3123
140705: 3147
83371: 4386
92587: 3881
113067: 3433
96682: 3676
75180: 4832
84399: 4279
173491: 2930
151988: 3074
137656: 3183
112062: 3445
110017: 3473
94659: 3761
67012: 5301
117191: 3396
129479: 3257
62919: 5530
76230: 4786
114120: 3419
124362: 3318
189903: 2892
37329: 6639
210389: 2859
59864: 5738
93658: 3811
89565: 4017
132574: 3215
111068: 3455
196066: 2872
248291: 2825
64996: 5413
118247: 3384
139752: 3163
156136: 3052
356847: 2770
105965: 3529
311785: 2778
97778: 3649
145909: 3112
41465: 6514
53755: 6133
99834: 3599
91650: 3925
108034: 3509
44548: 6472
114181: 3418
90634: 3971
153104: 3069
128537: 3262
159259: 3022
104989: 3541
131615: 3229
70175: 5094
137767: 3182
92711: 3876
94763: 3756
142888: 3133
130602: 3247
118318: 3381
183858: 2906
259639: 2809
164410: 2992
263741: 2794
257599: 2817
110144: 3470
115264: 3410
125508: 3302
147015: 3101
93767: 3797
51783: 6156
114246: 3416
157258: 3037
71247: 5083
109137: 3483
167506: 2971
262743: 2795
139862: 3160
100955: 3591
177758: 2924
184927: 2900
78432: 4642
261728: 2797
97893: 3644
98917: 3614
195175: 2879
163434: 3002
95854: 3715
121457: 3339
117360: 3395
66162: 5339
108149: 3508
164470: 2990
112246: 3444
126587: 3295
106108: 3525
64128: 5465
154243: 3060
300677: 2782
151174: 3080
158343: 3025
103052: 3571
113292: 3429
77454: 4705
94862: 3753
305814: 2780
74389: 4880
86681: 4205
123544: 3323
196248: 2871
92829: 3869
195231: 2877
145059: 3116
182947: 2911
181921: 2914
127655: 3275
118441: 3380
117416: 3394
48813: 6313
75436: 4809
108207: 3507
138925: 3169
87729: 4148
91824: 3922
155312: 3055
100018: 3598
126645: 3291
1720: 6977
102072: 3579
49851: 6298
61115: 5692
76474: 4785
231103: 2831
110271: 3469
69313: 5162
119490: 3359
97990: 3638
171717: 2936
95947: 3705
139976: 3158
141000: 3145
260815: 2803
47822: 6382
131795: 3226
123602: 3322
163543: 2994
120535: 3344
136916: 3189
169694: 2964
269016: 2787
107233: 3515
79591: 4561
183012: 2910
115435: 3407
94957: 3752
239344: 2830
122616: 3332
85755: 4249
97018: 3673
109306: 3481
111354: 3454
121600: 3337
196362: 2870
197386: 2864
133896: 3204
226057: 2835
101132: 3589
317193: 2776
142093: 3134
136978: 3188
211730: 2849
89874: 4000
4890: 6937
90910: 3970
108321: 3500
118565: 3377
99110: 3608
109363: 3478
82738: 4440
111410: 3451
54070: 6130
209716: 2862
83769: 4351
116538: 3399
167743: 2970
140098: 3156
190274: 2889
43841: 6482
138054: 3181
156484: 3042
97096: 3669
149323: 3081
86858: 4188
131918: 3225
165715: 2983
98133: 3633
80733: 4551
92000: 3914
71522: 5065
139105: 3167
118628: 3371
100198: 3594
104302: 3557
136045: 3195
87921: 4133
158576: 3023
114549: 3415
6015: 6867
120707: 3341
96130: 3702
123781: 3321
131979: 3221
66443: 5331
94090: 3796
134028: 3201
221068: 2840
93073: 3846
117648: 3391
170896: 2947
74648: 4868
97176: 3665
195481: 2876
146332: 3107
106398: 3523
98208: 3631
152480: 3072
136102: 3192
124838: 3311
244644: 2826
99241: 3606
76716: 4770
85935: 4243
114609: 3414
95152: 3729
112560: 3443
130995: 3244
110514: 3467
91065: 3951
58299: 5794
162752: 3003
164807: 2988
117707: 3388
129994: 3254
69581: 5146
268244: 2793
169936: 2955
45011: 6442
185297: 2895
96220: 3697
194524: 2881
219101: 2846
109536: 3477
81891: 4452
103395: 3570
126947: 3290
119781: 3356
225253: 2837
261092: 2800
61416: 5656
89064: 4058
113640: 3427
114666: 3412
159721: 3021
102381: 3577
97260: 3662
112623: 3440
50160: 6179
87027: 4166
131061: 3243
252919: 2823
140282: 3154
172025: 2934
168958: 2966
127999: 3270
94206: 3784
Algorytm: Genetic Algorithm
Ilość wierzchołków: 403
Najkrótsza trasa: [242, 117, 153, 310, 52, 92, 146, 136, 386, 100, 98, 375, 191, 314, 59, 340, 245, 248, 264, 113, 107, 82, 247, 315, 64, 365, 397, 260, 175, 291, 204, 172, 26, 49, 215, 216, 25, 115, 114, 254, 223, 29, 283, 8, 344, 161, 148, 325, 246, 308, 5, 237, 201, 89, 305, 173, 111, 369, 331, 323, 309, 177, 179, 253, 276, 259, 174, 185, 133, 163, 3, 275, 390, 206, 30, 159, 378, 18, 77, 31, 220, 197, 367, 75, 10, 284, 290, 110, 157, 269, 354, 200, 198, 78, 226, 154, 238, 229, 225, 99, 336, 321, 362, 102, 129, 255, 36, 171, 63, 122, 401, 333, 267, 257, 181, 346, 93, 349, 6, 372, 356, 395, 90, 72, 224, 188, 162, 399, 71, 127, 396, 364, 303, 398, 217, 145, 186, 53, 400, 318, 116, 211, 270, 81, 22, 21, 178, 374, 363, 251, 328, 358, 370, 322, 46, 152, 76, 91, 119, 319, 103, 97, 388, 294, 207, 45, 24, 38, 44, 313, 7, 273, 281, 160, 15, 184, 0, 176, 144, 140, 66, 60, 156, 210, 126, 39, 95, 55, 338, 268, 16, 150, 9, 342, 297, 209, 377, 285, 282, 350, 134, 306, 214, 87, 56, 43, 158, 1, 151, 169, 27, 301, 351, 293, 104, 84, 317, 262, 261, 231, 205, 289, 123, 192, 33, 376, 311, 271, 272, 41, 240, 219, 391, 258, 149, 51, 383, 203, 202, 213, 28, 278, 337, 402, 57, 232, 139, 4, 193, 373, 355, 73, 307, 20, 96, 189, 195, 280, 12, 164, 368, 68, 170, 334, 385, 389, 235, 121, 47, 112, 236, 227, 381, 196, 239, 70, 384, 79, 62, 13, 288, 190, 138, 302, 118, 352, 108, 256, 249, 312, 35, 252, 371, 357, 50, 142, 300, 48, 2, 61, 230, 382, 212, 106, 359, 241, 23, 393, 222, 250, 130, 167, 131, 135, 330, 343, 85, 182, 244, 80, 166, 67, 94, 360, 141, 392, 348, 329, 183, 17, 279, 180, 165, 105, 19, 332, 37, 54, 234, 228, 58, 277, 124, 339, 187, 155, 143, 11, 128, 345, 299, 298, 65, 218, 194, 324, 320, 387, 34, 295, 137, 32, 274, 327, 316, 120, 366, 292, 88, 69, 287, 83, 132, 243, 286, 296, 361, 347, 263, 304, 394, 14, 353, 265, 326, 147, 233, 380, 379, 125, 74, 168, 208, 86, 101, 335, 40, 341, 221, 199, 42, 266, 109]
Długość trasy: 2770
Czas wykonania: 360060 ms

