22016: 6931
16387: 8064
16643: 7851
26883: 6657
19716: 7202
10758: 15944
11016: 15527
267: 22880
10508: 16134
18189: 7486
15888: 8585
13841: 11278
14609: 10311
21778: 6992
13076: 12195
23061: 6793
15638: 8945
29718: 6553
9752: 17260
21273: 7053
794: 22649
16924: 7696
22813: 6814
17182: 7618
7199: 20246
14879: 9873
15137: 9281
16673: 7819
16418: 7950
9507: 17609
8741: 18341
11813: 14273
14375: 10559
18984: 7337
20520: 7097
14121: 10946
29481: 6567
21804: 6972
21549: 7030
9007: 18285
7731: 19873
13363: 11925
17715: 7540
6452: 20737
22324: 6867
15926: 8517
34870: 6495
22583: 6829
11577: 14846
16187: 8174
17470: 7602
15679: 8861
16704: 7818
21056: 7076
2369: 21625
12869: 12640
14664: 10189
6734: 20559
21328: 7047
5970: 21183
5206: 21518
19542: 7204
10839: 15703
12119: 13745
13911: 11237
14936: 9729
17498: 7584
11099: 15462
15963: 8371
23387: 6774
15454: 9110
16734: 7789
23646: 6750
8289: 19286
14434: 10428
23142: 6785
21607: 7011
12648: 12889
17000: 7691
22120: 6920
15723: 8695
14188: 10930
8560: 19069
370: 22733
882: 22631
11890: 13836
9589: 17267
17525: 7556
18805: 7398
21880: 6953
16763: 7781
18043: 7502
19837: 7162
6270: 21083
14719: 10116
16255: 8074
16000: 8365
30336: 6537
22401: 6853
17796: 7522
9093: 18052
14984: 9708
12937: 12532
16521: 7896
1165: 22127
7821: 19758
18829: 7386
20111: 7160
15512: 9074
16792: 7731
33179: 6497
1436: 21769
22689: 6822
14498: 10400
164: 23115
13988: 11194
16036: 8309
21412: 7034
8101: 19424
12197: 13552
38059: 6493
19372: 7218
14253: 10694
21935: 6952
10672: 16127
11184: 15138
15281: 9223
22452: 6843
14773: 9972
22199: 6913
20664: 7095
9913: 16672
15033: 9556
10170: 16504
17850: 7506
8379: 19121
10427: 16392
38588: 6491
24768: 6730
15809: 8669
7107: 20479
13507: 11294
15555: 9035
20931: 7082
21187: 7072
21701: 7010
5318: 21444
18632: 7447
8651: 18787
30668: 6504
13007: 12432
976: 22199
7376: 20018
22224: 6886
9426: 17610
8920: 18298
11737: 14504
18905: 7372
14554: 10338
6364: 21077
21213: 7070
31453: 6502
25310: 6696
25824: 6662
20193: 7123
16611: 7855
14054: 11064
15335: 9203
19175: 7323
18664: 7425
7913: 19547
15849: 8586
14827: 9958
11500: 14982
16108: 8246
15085: 9398
15597: 9021
20461: 7099
29935: 6551
2544: 21567
18160: 7492
5878: 21304
12279: 13001
27895: 6578
18424: 7467
12794: 12767
21243: 7063
Algorytm: Genetic Algorithm
Ilość wierzchołków: 171
Najkrótsza trasa: [127, 126, 125, 129, 128, 136, 146, 144, 7, 8, 80, 81, 112, 135, 138, 139, 140, 6, 152, 142, 149, 161, 115, 116, 103, 109, 105, 95, 87, 50, 52, 48, 51, 167, 70, 93, 166, 91, 154, 88, 153, 75, 11, 76, 12, 18, 29, 26, 22, 20, 110, 108, 83, 84, 71, 44, 45, 43, 58, 59, 92, 94, 96, 165, 164, 137, 147, 148, 143, 32, 158, 33, 34, 35, 31, 30, 28, 27, 25, 150, 160, 151, 14, 13, 17, 82, 79, 111, 107, 163, 99, 89, 64, 56, 55, 54, 53, 46, 47, 39, 57, 62, 61, 68, 85, 49, 73, 1, 4, 134, 141, 131, 132, 0, 170, 168, 69, 86, 106, 97, 100, 102, 117, 124, 130, 133, 3, 9, 10, 74, 23, 24, 15, 19, 72, 78, 77, 37, 38, 156, 40, 60, 67, 66, 63, 65, 90, 98, 101, 162, 120, 121, 145, 159, 16, 21, 36, 157, 155, 41, 42, 2, 5, 169, 113, 118, 119, 122, 123, 104, 114]
Długość trasy: 6491
Czas wykonania: 240023 ms

