273221: 5969
261959: 6056
263937: 6001
33606: 6361
69319: 6214
20488: 6450
22152: 6440
15178: 6550
164744: 6103
13196: 6564
6733: 6720
7821: 6651
27536: 6399
15825: 6502
259346: 6064
271248: 5998
2456: 6995
260635: 6061
4314: 6752
46684: 6311
1757: 7027
215075: 6071
3937: 6810
22499: 6416
94053: 6189
41318: 6330
263266: 6039
2791: 6836
10535: 6588
67304: 6229
939: 7086
19821: 6457
242542: 6067
2095: 7025
201651: 6077
148788: 6158
568: 7110
64312: 6282
47034: 6287
162744: 6134
1341: 7073
6078: 6733
202300: 6073
Algorytm: Genetic Algorithm
Ilość wierzchołków: 403
Najkrótsza trasa: [89, 145, 85, 347, 43, 115, 262, 111, 42, 119, 279, 150, 193, 62, 8, 402, 312, 118, 125, 222, 344, 263, 237, 189, 76, 82, 37, 184, 315, 32, 305, 185, 47, 383, 267, 281, 318, 384, 123, 358, 293, 190, 40, 31, 146, 340, 277, 194, 54, 102, 231, 301, 178, 114, 27, 321, 330, 256, 112, 216, 276, 273, 370, 322, 10, 60, 156, 199, 385, 155, 345, 75, 253, 348, 295, 361, 16, 353, 137, 303, 91, 70, 21, 314, 166, 227, 204, 149, 241, 174, 200, 128, 378, 196, 173, 157, 14, 401, 220, 51, 49, 360, 356, 107, 236, 48, 283, 386, 375, 369, 202, 248, 105, 234, 325, 308, 382, 387, 80, 191, 94, 381, 336, 297, 133, 167, 306, 251, 272, 278, 264, 274, 327, 217, 83, 233, 379, 160, 282, 35, 294, 164, 55, 77, 366, 170, 271, 280, 329, 138, 71, 287, 257, 110, 18, 124, 151, 342, 161, 394, 65, 334, 311, 337, 244, 218, 3, 317, 302, 130, 15, 206, 33, 63, 69, 141, 269, 268, 182, 374, 238, 343, 335, 284, 368, 152, 245, 134, 106, 98, 142, 307, 292, 259, 291, 127, 359, 391, 9, 187, 186, 56, 332, 309, 326, 398, 153, 198, 240, 380, 400, 132, 44, 139, 41, 247, 230, 140, 7, 101, 179, 310, 90, 144, 188, 252, 53, 159, 25, 97, 2, 363, 228, 319, 103, 34, 183, 66, 68, 397, 20, 224, 176, 201, 109, 67, 392, 5, 275, 289, 304, 195, 210, 45, 29, 316, 13, 215, 95, 131, 104, 390, 135, 36, 298, 288, 395, 232, 120, 74, 58, 346, 175, 148, 396, 46, 162, 341, 23, 169, 117, 81, 30, 79, 116, 87, 143, 214, 313, 300, 26, 266, 364, 4, 50, 192, 93, 113, 61, 350, 235, 121, 205, 349, 17, 99, 333, 270, 371, 147, 136, 154, 331, 323, 168, 246, 320, 6, 351, 258, 239, 12, 163, 22, 372, 290, 223, 285, 225, 249, 250, 73, 172, 261, 78, 203, 122, 1, 365, 28, 24, 221, 389, 180, 96, 165, 59, 88, 64, 129, 84, 226, 52, 100, 362, 207, 38, 213, 92, 339, 265, 352, 181, 299, 242, 260, 324, 212, 171, 219, 328, 357, 19, 126, 209, 72, 376, 388, 377, 108, 11, 243, 158, 393, 211, 354, 373, 355, 208, 286, 255, 338, 177, 367, 399, 57, 39, 296, 86, 254, 197, 229, 0]
Długość trasy: 5969
Czas wykonania: 360302 ms

