1: 5133
2: 4950
258: 3020
3: 4808
4: 4792
5: 4580
7: 4426
8: 4354
9: 4333
10: 4248
11: 3767
13: 3754
68236: 2630
14: 3536
15: 3410
39439: 2683
16: 3312
17: 3270
25: 3175
283: 2895
30: 3112
94: 3052
25118: 2748
31: 3110
96: 3051
99: 3044
100: 3037
293: 2854
43116: 2655
49330: 2632
25141: 2735
6839: 2836
39291: 2696
48955: 2634
Algorytm: Genetic Algorithm
Ilość wierzchołków: 48
Najkrótsza trasa: [3, 24, 29, 30, 9, 33, 27, 2, 43, 42, 1, 20, 18, 17, 46, 36, 35, 14, 45, 39, 19, 44, 21, 38, 37, 25, 28, 4, 5, 31, 10, 11, 8, 32, 7, 23, 13, 34, 15, 16, 12, 6, 22, 41, 40, 47, 26, 0]
Długość trasy: 2630
Czas wykonania: 120001 ms

