76800: 3359
7171: 4219
5: 7226
8197: 4184
61445: 3465
8: 7157
13320: 4018
167944: 3113
6155: 4333
47117: 3621
78863: 3321
268299: 2991
8209: 4181
20: 7079
178199: 3076
2072: 5012
5147: 4448
3104: 4824
34: 7062
11298: 4087
3107: 4820
8227: 4172
1060: 5237
120869: 3178
5160: 4442
39976: 3687
44: 7038
8236: 4169
4142: 4570
8240: 4161
49: 7025
3123: 4816
5172: 4437
2101: 5011
12342: 4069
5175: 4435
56: 6987
59: 6979
5181: 4434
19517: 3876
7230: 4218
63: 6890
25664: 3816
66: 6883
23618: 3825
133184: 3152
1091: 5233
1094: 5211
5190: 4430
2122: 4997
17482: 3925
5196: 4429
76877: 3356
56397: 3516
15438: 3953
5199: 4425
98385: 3266
3157: 4809
3160: 4795
96: 6856
25696: 3814
1122: 5208
3170: 4786
5220: 4419
17510: 3920
103: 6843
19560: 3872
47211: 3620
3180: 4784
16492: 3945
17516: 3919
1134: 5195
17519: 3915
114: 6807
1141: 5191
118: 6729
4214: 4565
9334: 4136
121: 6728
172152: 3097
1156: 5190
134: 6726
137: 6707
5257: 4413
3212: 4778
4237: 4536
1168: 5186
47250: 3605
1171: 5170
16531: 3940
6295: 4331
69787: 3402
155: 6613
53403: 3583
4258: 4528
1187: 5164
69794: 3398
1191: 5160
170: 6581
2220: 4989
53424: 3582
301237: 2972
1204: 5159
5300: 4412
340144: 2951
5306: 4409
104634: 3232
76991: 3353
17599: 3914
192: 6521
40128: 3686
2243: 4988
5316: 4408
76997: 3347
197: 6494
2246: 4986
64713: 3464
3276: 4776
53452: 3574
58573: 3508
4304: 4522
106705: 3210
14545: 4003
212: 6475
40148: 3675
301264: 2966
3288: 4765
79069: 3320
173276: 3093
25823: 3813
136423: 3144
110823: 3188
136420: 3151
18663: 3899
13544: 4014
64747: 3461
58604: 3498
64750: 3456
31983: 3748
241: 6416
10485: 4099
54518: 3527
251: 6414
6396: 4317
110848: 3184
154881: 3120
265: 6379
40204: 3672
269: 6372
58637: 3491
2319: 4981
273: 6281
1298: 5158
2322: 4973
278: 6253
4374: 4517
353554: 2944
3352: 4757
2329: 4960
6427: 4312
1308: 5152
7453: 4211
104739: 3231
2344: 4949
121133: 3175
81199: 3310
3376: 4756
231731: 3047
22833: 3839
3379: 4752
319: 6206
231740: 3046
58691: 3484
3397: 4748
33093: 3738
2377: 4941
66888: 3430
3406: 4746
337: 6182
340: 6155
3412: 4745
66900: 3429
66903: 3426
353619: 2941
346: 6154
349: 6132
6493: 4309
81244: 3304
137567: 3142
2398: 4938
66910: 3425
33120: 3728
2401: 4928
9570: 4134
66915: 3421
355: 6120
3428: 4738
143717: 3139
4456: 4514
362: 6051
53610: 3573
3435: 4735
106858: 3201
173417: 3086
81260: 3303
368: 6040
4465: 4513
6515: 4300
8563: 4157
13683: 4011
143729: 3130
81269: 3298
374: 6017
3447: 4719
4471: 4504
18807: 3896
20855: 3851
273790: 2987
27004: 3804
33148: 3716
4477: 4503
27007: 3800
385: 5985
6533: 4299
51589: 3589
2438: 4923
4486: 4497
70027: 3394
13707: 4008
27022: 3798
399: 5970
402: 5951
222609: 3055
106903: 3192
171412: 3105
40345: 3671
412: 5927
91549: 3280
417: 5912
26017: 3812
5539: 4405
59812: 3476
66981: 3420
40358: 3670
424: 5892
131498: 3157
13737: 4006
27049: 3795
40362: 3661
53674: 3560
190888: 3071
27052: 3793
59822: 3467
431: 5873
250284: 3030
3504: 4711
39344: 3689
6577: 4297
66994: 3418
171441: 3102
9652: 4131
437: 5856
1462: 5151
16822: 3938
440: 5854
304573: 2965
5562: 4404
6586: 4295
443: 5845
27070: 3788
3519: 4700
13761: 4005
450: 5829
8642: 4155
103875: 3239
6595: 4279
105924: 3222
455: 5827
18889: 3893
26057: 3809
5580: 4403
462: 5825
131532: 3156
6608: 4276
4566: 4489
41430: 3656
2519: 4921
78294: 3330
105945: 3216
71128: 3387
474: 5822
164319: 3116
32222: 3746
480: 5811
1505: 5149
23010: 3838
337382: 2954
2532: 4919
486: 5796
4582: 4488
489: 5786
23018: 3826
2541: 4913
65005: 3445
165359: 3115
14830: 4002
146924: 3127
495: 5766
26095: 3806
105966: 3215
2544: 4911
6640: 4258
105969: 3214
78320: 3323
49651: 3592
504: 5723
1529: 5143
53757: 3557
105986: 3211
2569: 4906
4617: 4483
1550: 5134
531: 5695
534: 5676
2586: 4903
6682: 4250
542: 5660
1568: 5133
5667: 4393
12835: 4068
245284: 3040
552: 5639
67112: 3414
158248: 3118
555: 5622
12844: 4067
2606: 4902
79407: 3312
561: 5607
2609: 4894
1586: 5125
67122: 3410
251440: 3026
4660: 4468
53812: 3555
58932: 3477
565: 5602
12854: 4058
3639: 4698
568: 5578
254522: 3017
571: 5572
1595: 5114
246335: 3038
19005: 3891
17984: 3909
1604: 5107
109125: 3190
581: 5562
14917: 3998
19013: 3886
170567: 3111
1607: 5106
12872: 4048
1610: 5084
587: 5548
5707: 4391
224840: 3053
11852: 4085
590: 5538
5711: 4390
14929: 3997
5714: 4383
11858: 4080
12884: 4046
597: 5520
1622: 5072
259668: 2995
600: 5519
258650: 3001
603: 5512
5724: 4382
605: 5493
7773: 4205
48735: 3602
608: 5492
3680: 4696
8801: 4153
14945: 3981
611: 5490
285281: 2986
614: 5450
1638: 5067
7783: 4203
617: 5443
3693: 4695
625: 5441
28273: 3750
628: 5436
6773: 4246
9845: 4130
14965: 3973
3702: 4693
7801: 4199
1658: 5064
635: 5434
221816: 3058
3708: 4691
7804: 4195
638: 5421
1662: 5056
3711: 4671
11905: 4075
27265: 3787
642: 5420
27269: 3779
21126: 3849
648: 5409
14987: 3972
3724: 4666
18060: 3905
6797: 4245
123535: 3166
655: 5407
6800: 4244
658: 5398
14996: 3964
3733: 4664
25239: 3823
664: 5384
3737: 4662
92824: 3278
38554: 3702
27293: 3778
2718: 4893
101023: 3258
671: 5378
27299: 3772
38563: 3696
10916: 4091
677: 5374
33445: 3712
25255: 3821
2728: 4892
53928: 3544
2731: 4889
3755: 4661
41646: 3653
52910: 3584
3759: 4655
689: 5370
15025: 3962
77491: 3331
72373: 3385
693: 5365
53941: 3543
88758: 3285
696: 5364
15032: 3958
20153: 3870
6842: 4242
699: 5362
27324: 3771
5821: 4373
53950: 3541
5824: 4370
4803: 4466
708: 5361
17092: 3936
2759: 4882
3784: 4654
53962: 3538
717: 5360
53965: 3534
720: 5358
5841: 4349
20178: 3867
723: 5351
726: 5344
2774: 4881
6873: 4239
20185: 3852
1754: 5055
13019: 4044
6876: 4236
53983: 3528
145117: 3129
154333: 3124
3811: 4645
2789: 4877
13029: 4041
748: 5336
65263: 3442
754: 5335
48885: 3600
19190: 3883
762: 5328
2811: 4876
65279: 3440
768: 5322
2818: 4872
13058: 4040
246535: 3032
774: 5318
255748: 3011
778: 5314
13068: 4039
781: 5310
8973: 4150
2830: 4863
6926: 4225
74512: 3376
2834: 4856
82707: 3290
358166: 2933
2837: 4851
65301: 3436
125721: 3159
8986: 4149
21277: 3847
3870: 4639
151325: 3126
801: 5301
74528: 3375
2850: 4850
36645: 3703
2856: 4849
21288: 3846
810: 5299
65323: 3433
92973: 3276
105261: 3230
177966: 3083
813: 5298
9007: 4148
9009: 4147
2866: 4848
10034: 4123
287543: 2980
1846: 5029
51000: 3591
104248: 3237
104251: 3233
827: 5297
188217: 3073
830: 5289
2878: 4847
3904: 4633
833: 5281
9025: 4146
839: 5266
3911: 4631
65352: 3431
41802: 3648
2891: 4832
4942: 4460
116559: 3182
255825: 3010
8020: 4194
41814: 3645
3929: 4628
155481: 3119
14183: 4004
3945: 4623
874: 5265
3948: 4622
17260: 3935
877: 5263
4978: 4451
17269: 3930
3958: 4612
307058: 2956
22391: 3843
8061: 4192
896: 5261
3968: 4610
9093: 4141
76676: 3374
3974: 4590
76680: 3368
906: 5260
43916: 3630
909: 5242
12177: 4073
32657: 3740
5011: 4450
8085: 4190
76692: 3367
82840: 3286
12191: 4071
76708: 3365
10151: 4112
41895: 3631
94118: 3275
13228: 4029
35759: 3711
45999: 3626
27569: 3770
4018: 4585
10164: 4108
161719: 3117
290737: 2974
99262: 3264
10176: 4106
10180: 4100
219077: 3064
16328: 3952
13257: 4019
47049: 3623
99272: 3262
99275: 3260
43983: 3628
219095: 3062
210900: 3065
176090: 3085
7133: 4221
95196: 3268
4062: 4579
219101: 3059
170973: 3110
227299: 3049
6115: 4338
52200: 3588
2029: 5022
6128: 4337
7154: 4220
4094: 4571
8191: 4188
101374: 3250
Algorytm: Genetic Algorithm
Ilość wierzchołków: 403
Najkrótsza trasa: [86, 59, 62, 291, 204, 218, 347, 263, 186, 81, 303, 297, 167, 54, 176, 31, 115, 189, 128, 255, 251, 328, 357, 380, 295, 217, 203, 242, 117, 55, 353, 39, 316, 249, 362, 264, 113, 327, 302, 118, 214, 192, 313, 323, 309, 136, 83, 252, 191, 187, 238, 229, 211, 320, 237, 345, 37, 110, 388, 343, 190, 275, 390, 253, 70, 207, 45, 162, 399, 18, 195, 325, 175, 294, 46, 111, 369, 239, 32, 112, 2, 350, 367, 310, 88, 69, 33, 376, 103, 49, 215, 305, 296, 22, 79, 96, 66, 74, 301, 333, 23, 43, 349, 400, 180, 165, 155, 75, 374, 363, 315, 188, 299, 298, 12, 160, 15, 106, 359, 82, 268, 304, 64, 25, 131, 50, 163, 3, 366, 292, 290, 201, 261, 245, 221, 389, 331, 48, 322, 395, 87, 60, 258, 314, 11, 278, 57, 332, 173, 319, 104, 9, 397, 5, 92, 146, 212, 141, 392, 256, 129, 120, 116, 108, 351, 272, 41, 140, 94, 285, 282, 391, 147, 231, 205, 289, 230, 382, 306, 216, 200, 71, 161, 148, 102, 24, 36, 307, 7, 338, 208, 105, 19, 377, 171, 63, 122, 158, 126, 10, 233, 324, 91, 40, 352, 248, 184, 169, 341, 152, 76, 194, 124, 284, 178, 100, 44, 42, 93, 384, 220, 197, 150, 84, 370, 336, 321, 379, 262, 346, 114, 151, 101, 254, 223, 52, 139, 4, 134, 288, 247, 373, 30, 119, 73, 172, 26, 164, 365, 153, 143, 28, 340, 170, 271, 293, 318, 383, 34, 202, 127, 53, 344, 149, 77, 138, 312, 35, 133, 269, 267, 270, 156, 227, 381, 65, 166, 300, 393, 364, 368, 68, 157, 1, 58, 277, 135, 280, 99, 199, 335, 265, 326, 210, 209, 356, 358, 283, 8, 354, 342, 398, 222, 250, 234, 228, 266, 206, 182, 125, 273, 107, 61, 257, 244, 80, 339, 360, 109, 90, 72, 224, 95, 183, 372, 21, 159, 20, 168, 193, 286, 259, 123, 396, 386, 47, 232, 89, 355, 29, 213, 337, 240, 219, 387, 145, 225, 375, 371, 317, 174, 185, 78, 226, 154, 241, 274, 330, 348, 329, 132, 243, 402, 287, 281, 38, 144, 130, 361, 51, 311, 27, 401, 6, 179, 334, 385, 67, 235, 121, 181, 378, 198, 85, 260, 56, 177, 17, 279, 137, 13, 246, 97, 16, 142, 276, 308, 394, 14, 236, 98, 196, 0]
Długość trasy: 2933
Czas wykonania: 360001 ms

