520: 2707
13: 5886
525: 2680
14: 5710
1295: 2344
17: 5471
19: 5337
20: 5127
788: 2435
21: 5119
22: 4699
24: 4500
29: 4295
30: 4246
31: 4187
35: 4174
36: 4116
37: 4071
38: 3998
39: 3939
41: 3761
681: 2544
42: 3652
683: 2527
44: 3651
45: 3620
46: 3495
47: 3434
48: 3419
50: 3305
52: 3284
564: 2659
53: 3252
54: 3215
55: 3165
56: 3145
1082: 2430
60: 3141
706: 2492
579: 2632
197: 3040
198: 2932
1224: 2412
458: 2744
205: 2929
206: 2920
336: 2760
214: 2892
216: 2876
603: 2553
731: 2476
222: 2821
98: 3101
490: 2741
493: 2728
1271: 2397
127: 3083
Algorytm: Genetic Algorithm
Ilość wierzchołków: 48
Najkrótsza trasa: [18, 34, 35, 14, 26, 42, 40, 47, 22, 41, 19, 44, 15, 23, 13, 46, 36, 16, 45, 39, 21, 38, 17, 12, 6, 24, 4, 29, 2, 43, 20, 0, 25, 1, 11, 8, 32, 7, 31, 30, 5, 9, 33, 27, 28, 3, 10, 37]
Długość trasy: 2344
Czas wykonania: 120004 ms

