256: 2631
133: 3791
103943: 2089
11: 5442
274: 2630
19: 5384
21: 5186
3349: 2205
278: 2565
23: 5039
3351: 2178
25: 4946
282: 2558
27: 4941
283: 2486
30: 4904
289: 2485
34: 4874
290: 2469
36: 4733
292: 2388
165: 3667
38: 4645
422: 2222
296: 2386
298: 2365
43: 4491
172: 3453
300: 2344
302: 2332
431: 2206
305: 2320
52: 4356
309: 2295
311: 2290
313: 2288
316: 2265
317: 2263
51261: 2119
117566: 2077
320: 2247
117568: 2075
331: 2246
204: 3367
332: 2232
333: 2231
80: 4320
82: 4303
341: 2229
88: 4249
89: 4174
217: 3306
223: 3190
36831: 2155
53472: 2096
226: 3096
227: 2994
113: 4119
117: 4056
247: 2972
120: 4005
248: 2901
22264: 2171
249: 2871
251: 2841
124: 3806
Algorytm: Genetic Algorithm
Ilość wierzchołków: 48
Najkrótsza trasa: [19, 44, 15, 46, 36, 14, 16, 18, 17, 12, 7, 23, 13, 34, 35, 45, 20, 38, 37, 39, 21, 40, 47, 26, 22, 41, 43, 42, 25, 1, 11, 8, 32, 31, 5, 6, 9, 33, 27, 2, 28, 3, 24, 4, 29, 30, 10, 0]
Długość trasy: 2075
Czas wykonania: 120000 ms

