3: 5429
4: 5403
8: 5286
11: 5237
16: 5191
19: 5067
22: 5053
18710: 2454
23: 4988
24: 4865
28: 4852
156: 2520
29: 4516
415: 2455
37: 4512
38: 4441
40: 4254
42: 4233
298: 2505
43: 4102
28846: 2394
47: 4008
51: 4001
53: 3903
54: 3900
55: 3895
56: 3739
57: 3640
58: 3628
59: 3580
60: 3550
62: 3361
66: 3348
67: 3274
68: 3257
70: 3223
71: 3170
72: 3144
75: 3078
76: 3058
333: 2470
80: 2949
83: 2938
85: 2923
86: 2908
88: 2897
90: 2879
91: 2867
92: 2821
93: 2810
94: 2792
95: 2751
96: 2715
97: 2685
98: 2674
101: 2644
103: 2585
108: 2581
111: 2570
115: 2566
123: 2546
Algorytm: Genetic Algorithm
Ilość wierzchołków: 48
Najkrótsza trasa: [37, 38, 11, 9, 27, 28, 33, 2, 41, 43, 40, 47, 26, 42, 22, 20, 18, 17, 13, 7, 31, 5, 10, 46, 36, 14, 23, 12, 32, 6, 8, 3, 24, 4, 29, 30, 34, 35, 19, 44, 15, 16, 45, 39, 21, 1, 0, 25]
Długość trasy: 2394
Czas wykonania: 120001 ms

