1025: 4933
7172: 3803
1029: 4931
11270: 3609
1032: 4926
10: 7288
28682: 3133
13: 7204
30733: 3108
54285: 2995
26639: 3156
10256: 3688
18: 7154
21: 7098
17429: 3357
1047: 4923
16407: 3414
2073: 4482
1052: 4922
5150: 4004
31: 7097
33: 7032
18466: 3345
35: 6929
86052: 2865
38: 6902
1062: 4918
1063: 4913
14375: 3511
41: 6855
2092: 4476
18476: 3344
45: 6824
22573: 3255
11310: 3606
57390: 2956
3119: 4272
91182: 2855
2098: 4461
51: 6787
54: 6770
8247: 3754
2104: 4460
10296: 3687
26680: 3150
57: 6755
58: 6740
61: 6732
7229: 3802
12349: 3574
63: 6723
5184: 4002
49216: 2998
65: 6710
4161: 4132
66: 6699
68: 6697
69: 6675
22597: 3252
5190: 3998
72: 6671
73: 6654
10314: 3684
76: 6652
8268: 3744
32844: 3088
1102: 4907
79: 6641
80: 6638
81: 6626
1105: 4906
82: 6614
1107: 4900
1109: 4899
68692: 2926
24664: 3187
7257: 3801
10331: 3683
170079: 2762
43102: 3023
5215: 3994
2144: 4459
1121: 4898
7268: 3799
16485: 3413
37989: 3050
2150: 4455
103: 6608
3176: 4271
105: 6569
124011: 2811
1133: 4896
5230: 3992
111: 6560
24690: 3184
2164: 4450
140406: 2797
76916: 2894
93300: 2845
118: 6519
1142: 4893
28790: 3129
1143: 4891
24697: 3181
7290: 3797
3195: 4264
78973: 2883
1150: 4889
127: 6513
2175: 4448
128: 6508
129: 6470
2179: 4447
133: 6462
40072: 3034
71817: 2912
141: 6457
3216: 4262
6288: 3868
146: 6433
3219: 4261
10390: 3681
152: 6413
10395: 3676
156: 6399
3230: 4259
1183: 4886
160: 6390
161: 6355
17572: 3355
166: 6346
21670: 3286
131242: 2808
169: 6344
55466: 2978
1195: 4885
172: 6333
2222: 4440
16558: 3412
28848: 3121
177: 6325
7345: 3789
2226: 4439
1203: 4874
34995: 3081
180: 6303
3252: 4258
1208: 4867
11448: 3602
40121: 3032
187: 6301
4283: 4124
57531: 2951
189: 6293
21693: 3278
5310: 3986
10431: 3675
6337: 3860
11463: 3601
43207: 3021
200: 6280
4296: 4120
203: 6279
205: 6278
15566: 3478
23758: 3220
208: 6264
210: 6253
78035: 2889
2259: 4438
6355: 3851
213: 6248
4311: 4118
32983: 3087
54487: 2994
2264: 4437
1241: 4852
2266: 4435
5338: 3983
103645: 2827
35038: 3072
223: 6231
24800: 3178
71905: 2911
10466: 3670
79077: 2882
229: 6216
1253: 4844
4326: 4117
3305: 4257
234: 6197
1258: 4841
1260: 4835
4335: 4116
240: 6193
241: 6179
1265: 4821
67827: 2935
16627: 3409
1268: 4820
2293: 4434
4341: 4112
246: 6164
3320: 4254
1273: 4818
2297: 4429
1274: 4811
38138: 3047
251: 6160
252: 6144
3324: 4246
254: 6139
9472: 3712
22785: 3249
3330: 4241
158977: 2769
5381: 3969
264: 6136
8457: 3735
266: 6101
268: 6084
270: 6074
5390: 3959
271: 6065
44304: 3017
4373: 4110
278: 6059
7446: 3778
16662: 3399
27926: 3148
282: 6049
1308: 4803
5404: 3956
11550: 3600
1311: 4799
291: 6047
12581: 3573
103719: 2826
1319: 4795
42279: 3030
296: 6043
16680: 3398
297: 6031
302: 6021
129326: 2810
4400: 4102
33073: 3083
3379: 4240
9525: 3707
1334: 4786
25911: 3169
314: 6015
5434: 3955
315: 6010
1339: 4778
316: 5998
317: 5993
4413: 4101
1342: 4772
20798: 3306
23870: 3215
319: 5945
10560: 3660
325: 5936
3398: 4236
4423: 4099
45386: 3011
331: 5922
333: 5912
2384: 4428
338: 5881
55636: 2974
8534: 3726
21848: 3272
1370: 4755
349: 5855
43357: 3020
1374: 4752
2398: 4416
16734: 3392
352: 5849
8544: 3725
12643: 3572
2405: 4407
10597: 3659
1382: 4750
54630: 2993
359: 5813
6503: 3849
5481: 3949
15722: 3477
24938: 3177
364: 5809
1388: 4740
15725: 3472
4464: 4097
369: 5798
2417: 4401
58737: 2946
370: 5795
19830: 3323
375: 5792
2425: 4395
379: 5781
6524: 3845
103807: 2825
384: 5779
31105: 3107
1410: 4739
92546: 2847
388: 5753
12678: 3571
391: 5749
5514: 3946
396: 5743
11660: 3599
399: 5741
23951: 3213
2448: 4394
401: 5734
404: 5725
26004: 3160
406: 5720
2454: 4388
4502: 4094
408: 5714
410: 5711
8602: 3723
411: 5689
6557: 3844
14749: 3502
418: 5686
3490: 4234
14756: 3501
423: 5674
1447: 4734
425: 5673
22953: 3242
5546: 3924
427: 5650
1452: 4730
18860: 3343
430: 5648
1454: 4721
16814: 3388
1455: 4715
12719: 3570
19890: 3322
2483: 4384
13749: 3530
438: 5639
4535: 4092
17850: 3353
444: 5638
445: 5628
1469: 4710
6589: 3842
447: 5627
36288: 3069
39360: 3038
25025: 3173
450: 5617
1475: 4703
78277: 2888
12743: 3554
457: 5613
1481: 4695
81352: 2878
458: 5606
6604: 3831
28108: 3140
461: 5602
9678: 3703
3535: 4231
464: 5592
3540: 4224
469: 5556
21973: 3271
2518: 4383
18902: 3342
188885: 2754
2520: 4381
3544: 4222
474: 5549
475: 5537
3548: 4218
92637: 2846
12766: 3549
481: 5536
1505: 4694
482: 5532
2530: 4374
10722: 3658
71139: 2919
30181: 3113
31205: 3106
162276: 2768
487: 5508
4586: 4089
491: 5496
1516: 4683
494: 5491
24047: 3205
496: 5480
19953: 3321
31218: 3104
500: 5470
18934: 3341
503: 5461
5623: 3919
19960: 3320
10747: 3652
44544: 3016
10757: 3651
11784: 3594
522: 5445
5643: 3917
27148: 3149
1551: 4651
529: 5439
4625: 4087
534: 5438
5654: 3909
11799: 3590
537: 5433
11803: 3583
220702: 2749
544: 5432
91680: 2853
4643: 4085
548: 5427
10792: 3638
21038: 3305
4655: 4080
39473: 3037
564: 5426
10804: 3635
24116: 3199
22069: 3264
4662: 4078
8761: 3719
22075: 3263
36413: 3068
36415: 3062
576: 5422
578: 5407
57923: 2950
4676: 4075
226887: 2748
45640: 3009
81481: 2876
585: 5398
10826: 3634
587: 5393
170569: 2760
588: 5387
20045: 3319
591: 5374
4687: 4069
15951: 3471
22099: 3257
2646: 4369
1625: 4647
604: 5351
20060: 3314
98909: 2831
606: 5349
607: 5343
609: 5342
19045: 3330
3690: 4213
1643: 4641
18027: 3350
620: 5338
15981: 3460
76399: 2899
623: 5335
140909: 2793
2672: 4357
625: 5331
627: 5313
1652: 4640
87671: 2857
2680: 4355
12925: 3546
12928: 3544
16001: 3458
1668: 4633
645: 5311
17029: 3380
3718: 4208
2697: 4352
4747: 4064
16011: 3456
2701: 4351
4749: 4054
19085: 3329
16014: 3455
242317: 2742
1680: 4619
21136: 3300
19090: 3328
659: 5308
12947: 3542
3734: 4196
664: 5305
58009: 2948
1690: 4614
667: 5303
668: 5300
1693: 4606
10909: 3630
670: 5295
2719: 4348
12963: 3541
88738: 2856
676: 5286
5797: 3900
37541: 3059
86695: 2861
44711: 3015
1704: 4598
168618: 2766
4777: 4051
54954: 2989
683: 5285
684: 5284
29356: 3116
685: 5281
686: 5269
689: 5263
4790: 4049
73403: 2904
39616: 3035
2754: 4346
12994: 3540
16069: 3447
32453: 3100
31430: 3103
2760: 4345
5832: 3897
715: 5262
6859: 3825
53964: 2996
1741: 4594
4814: 4047
6862: 3818
1744: 4592
54992: 2984
156370: 2771
721: 5261
1746: 4588
3794: 4189
1749: 4582
1751: 4576
18136: 3349
207577: 2751
6878: 3817
1760: 4574
741: 5247
1765: 4573
191207: 2752
5862: 3892
2793: 4342
4846: 4042
5870: 3884
2799: 4341
15090: 3495
19189: 3324
37621: 3057
1782: 4572
2806: 4340
15094: 3491
16119: 3446
770: 5238
1795: 4566
94978: 2839
778: 5234
37645: 3052
782: 5231
15118: 3487
1808: 4565
787: 5223
7956: 3771
792: 5219
1817: 4564
7961: 3767
176923: 2755
3866: 4187
67355: 2937
795: 5200
13084: 3539
797: 5196
2845: 4336
23325: 3233
799: 5186
1825: 4552
4897: 4041
7972: 3765
805: 5182
3877: 4179
808: 5173
13101: 3536
1842: 4551
819: 5167
4916: 4033
11062: 3629
16182: 3441
823: 5155
5943: 3877
14135: 3528
17208: 3378
4921: 4029
10042: 3695
827: 5154
3899: 4178
4923: 4027
830: 5143
16191: 3433
832: 5142
1856: 4543
3904: 4172
6978: 3816
109379: 2819
2883: 4334
837: 5137
1861: 4542
3910: 4162
4935: 4018
8008: 3764
2894: 4328
56143: 2961
23377: 3232
8018: 3762
29522: 3115
55124: 2982
8022: 3761
9047: 3716
1881: 4538
11097: 3627
858: 5119
70492: 2922
862: 5114
4958: 4014
43870: 3018
11103: 3624
16229: 3426
72551: 2906
4968: 4013
873: 5113
2923: 4327
1900: 4537
877: 5110
5997: 3876
70508: 2920
151407: 2778
878: 5097
6001: 3875
883: 5087
885: 5083
886: 5077
13175: 3532
21368: 3296
2937: 4318
890: 5065
894: 5062
1919: 4535
2943: 4315
3967: 4161
897: 5060
899: 5051
3973: 4156
18309: 3346
902: 5049
153476: 2773
1927: 4533
17287: 3376
904: 5047
5002: 4010
153481: 2772
910: 5041
14222: 3527
113551: 2817
6031: 3874
8079: 3760
81806: 2875
1937: 4529
13201: 3531
35730: 3071
915: 5040
42899: 3029
140177: 2804
917: 5020
29589: 3114
5015: 4006
920: 5019
3992: 4154
1945: 4526
923: 5010
120730: 2813
7068: 3812
14237: 3519
1952: 4523
144290: 2789
929: 5007
934: 5004
71591: 2914
15272: 3483
38824: 3046
9130: 3715
17323: 3371
32683: 3093
2993: 4314
24497: 3189
58289: 2947
4019: 4148
948: 5002
76725: 2897
10165: 3693
2998: 4310
12217: 3576
3002: 4309
956: 4992
17342: 3370
959: 4986
28607: 3139
47039: 2999
960: 4982
3008: 4300
14274: 3518
1987: 4519
34755: 3082
10180: 3691
11204: 3614
965: 4977
1992: 4494
4041: 4146
62410: 2942
7115: 3809
32715: 3090
26572: 3158
9165: 3713
976: 4973
4048: 4145
17362: 3366
979: 4964
23508: 3226
78805: 2887
16345: 3422
6109: 3873
990: 4963
994: 4960
3043: 4294
1000: 4956
1002: 4952
1005: 4950
1006: 4945
3063: 4292
1016: 4935
7160: 3808
3066: 4284
4090: 4136
26620: 3157
Algorytm: Genetic Algorithm
Ilość wierzchołków: 403
Najkrótsza trasa: [150, 203, 295, 82, 256, 99, 389, 187, 127, 169, 27, 340, 174, 250, 397, 5, 314, 59, 189, 211, 212, 230, 382, 262, 261, 68, 33, 376, 104, 384, 383, 242, 117, 155, 7, 188, 299, 49, 37, 36, 333, 305, 296, 52, 401, 29, 137, 54, 97, 279, 207, 45, 21, 186, 53, 6, 220, 197, 103, 171, 63, 18, 238, 229, 225, 123, 402, 190, 100, 330, 290, 301, 120, 392, 200, 71, 85, 336, 292, 329, 173, 319, 77, 156, 210, 222, 185, 95, 55, 39, 102, 38, 144, 202, 108, 351, 107, 386, 175, 162, 48, 111, 369, 135, 270, 19, 266, 65, 217, 145, 79, 353, 364, 303, 337, 236, 227, 163, 3, 47, 170, 284, 91, 131, 133, 233, 380, 291, 204, 182, 50, 56, 92, 347, 352, 195, 235, 121, 87, 268, 16, 130, 64, 15, 287, 317, 206, 30, 387, 84, 293, 32, 274, 327, 164, 25, 94, 78, 226, 154, 234, 228, 297, 311, 263, 374, 377, 307, 143, 166, 67, 86, 11, 363, 379, 237, 196, 0, 267, 257, 251, 322, 370, 358, 83, 335, 90, 72, 105, 391, 258, 167, 289, 221, 199, 177, 231, 288, 247, 249, 248, 348, 140, 66, 74, 216, 159, 378, 181, 346, 23, 14, 62, 12, 172, 26, 183, 17, 241, 112, 2, 61, 272, 41, 399, 198, 201, 89, 334, 245, 304, 394, 239, 70, 81, 22, 124, 1, 398, 385, 300, 285, 282, 357, 280, 153, 271, 281, 128, 160, 365, 254, 223, 344, 179, 368, 149, 51, 259, 180, 359, 253, 312, 35, 142, 110, 209, 28, 58, 8, 161, 148, 325, 43, 34, 373, 355, 264, 113, 98, 332, 215, 400, 244, 80, 224, 308, 260, 139, 88, 96, 114, 393, 194, 324, 320, 42, 193, 232, 126, 10, 132, 243, 158, 269, 115, 338, 331, 323, 354, 342, 361, 146, 381, 316, 106, 165, 286, 273, 395, 176, 31, 366, 321, 362, 265, 275, 147, 141, 116, 136, 240, 302, 118, 310, 168, 375, 371, 134, 306, 214, 192, 109, 326, 205, 315, 345, 276, 298, 294, 93, 9, 208, 157, 339, 252, 191, 396, 350, 184, 4, 360, 69, 246, 125, 60, 44, 318, 178, 138, 57, 367, 75, 341, 151, 101, 283, 277, 119, 73, 213, 278, 122, 40, 388, 343, 152, 76, 129, 255, 218, 349, 309, 24, 13, 219, 328, 46, 313, 20, 372, 356, 390]
Długość trasy: 2742
Czas wykonania: 360001 ms

