19968: 5261
130561: 4810
49666: 5043
2053: 5964
45573: 5083
1542: 6695
32267: 5172
12301: 5362
77324: 4953
50191: 5038
2064: 5948
237587: 4642
344084: 4561
25618: 5202
322578: 4583
2075: 5946
107034: 4841
132639: 4796
1566: 6630
29728: 5175
3107: 5514
29220: 5180
2085: 5914
13350: 5353
32298: 5171
8747: 5401
313898: 4584
48: 7185
322615: 4582
1592: 6624
4666: 5454
17466: 5288
2107: 5888
51260: 5023
154174: 4758
224319: 4657
29248: 5176
55361: 5014
13384: 5349
2634: 5565
197710: 4666
2126: 5869
18003: 5284
86: 7182
2135: 5862
5207: 5442
30807: 5173
6747: 5432
13916: 5320
32351: 5170
2144: 5853
297061: 4595
154209: 4752
198757: 4661
327779: 4579
168549: 4698
193130: 4668
1643: 6618
2155: 5835
5741: 5441
285291: 4607
157296: 4719
2164: 5810
6772: 5429
6261: 5437
1142: 6888
46202: 5075
2172: 5788
154239: 4745
358523: 4552
1664: 6614
133250: 4786
2689: 5556
77954: 4948
134: 7179
3209: 5512
32393: 5169
2188: 5786
32398: 5165
68751: 4983
28306: 5190
32402: 5154
2195: 5729
6805: 5421
4758: 5452
5782: 5440
255636: 4634
55449: 5012
87707: 4898
2716: 5540
328347: 4567
216739: 4658
1699: 6603
43175: 5092
127144: 4818
683: 7005
2219: 5715
8366: 5402
175: 7171
154289: 4744
343734: 4565
1717: 6543
1206: 6875
70841: 4982
154299: 4740
2234: 5700
32443: 5148
18620: 5281
89791: 4888
89278: 4897
2241: 5688
16580: 5290
14021: 5317
1734: 6528
46278: 5068
7367: 5413
57543: 5005
2253: 5682
4818: 5448
42195: 5109
49363: 5062
212: 7149
2260: 5676
155348: 4733
78038: 4941
44760: 5091
1753: 6470
3292: 5498
2273: 5656
18658: 5268
101602: 4847
154340: 4739
2280: 5629
35048: 5141
1769: 6441
145645: 4761
1264: 6870
286964: 4600
163059: 4714
348916: 4557
21235: 5250
25333: 5218
36085: 5136
758: 6967
76023: 4961
249: 7009
268548: 4623
49410: 5046
177926: 4682
344320: 4559
1800: 6377
155402: 4726
89352: 4894
310029: 4585
97034: 4866
13582: 5342
2325: 5618
3863: 5458
6425: 5435
3354: 5496
15642: 5298
79131: 4931
1820: 6358
2332: 5616
84764: 4903
2848: 5539
180513: 4681
3364: 5484
23336: 5238
98604: 4855
111406: 4836
76091: 4955
1347: 6860
72002: 4977
1860: 6329
243531: 4637
51529: 5020
96075: 4879
35660: 5140
104268: 4844
20814: 5260
2383: 5613
22866: 5248
128853: 4812
119124: 4835
308049: 4593
3416: 5474
174426: 4684
4955: 5446
181593: 4676
36702: 5134
236893: 4643
1376: 6821
92514: 4885
13670: 5326
1897: 6259
236399: 4645
323434: 4580
2421: 5590
1912: 6168
889: 6919
3452: 5472
2941: 5533
59261: 4996
1406: 6775
17281: 5289
36742: 5131
10121: 5379
6538: 5434
34699: 5146
40843: 5118
10126: 5376
45966: 5078
12688: 5359
56208: 5007
120721: 4830
279958: 4609
83353: 4910
2460: 5587
143262: 4785
37789: 5119
41373: 5113
91551: 4887
2465: 5578
237988: 4640
268205: 4624
121772: 4820
1966: 6102
268715: 4622
257457: 4628
1459: 6769
23475: 5219
9141: 5392
10167: 5371
168373: 4705
11197: 5363
1990: 6083
226756: 4655
270284: 4617
172489: 4692
40910: 5117
1487: 6744
2512: 5571
2003: 6059
980: 6917
86491: 4900
23009: 5247
9192: 5390
132584: 4809
246254: 4635
30702: 5174
2031: 6038
42991: 5107
9712: 5381
23024: 5244
1011: 6905
188918: 4671
2042: 5996
2554: 5570
351225: 4555
Algorytm: Genetic Algorithm
Ilość wierzchołków: 403
Najkrótsza trasa: [287, 370, 235, 146, 154, 397, 326, 107, 382, 34, 49, 342, 122, 217, 229, 225, 232, 291, 173, 216, 118, 263, 103, 394, 361, 116, 251, 85, 378, 18, 92, 259, 248, 192, 114, 352, 111, 39, 32, 270, 3, 47, 256, 221, 203, 296, 365, 149, 282, 13, 113, 350, 244, 53, 333, 245, 388, 252, 218, 389, 376, 286, 162, 253, 171, 228, 283, 360, 69, 363, 36, 90, 401, 364, 10, 374, 224, 132, 65, 299, 340, 68, 78, 386, 317, 158, 211, 138, 193, 199, 197, 258, 336, 37, 29, 137, 320, 234, 156, 117, 14, 319, 24, 384, 38, 288, 351, 167, 54, 64, 7, 383, 15, 265, 46, 302, 315, 163, 101, 96, 178, 195, 210, 242, 67, 190, 19, 196, 43, 80, 309, 133, 128, 260, 343, 181, 223, 308, 169, 55, 214, 262, 392, 255, 249, 148, 100, 115, 189, 180, 284, 2, 355, 134, 215, 367, 76, 339, 373, 305, 295, 176, 44, 201, 9, 48, 204, 110, 121, 250, 72, 129, 219, 275, 227, 306, 198, 124, 341, 105, 257, 301, 130, 94, 372, 11, 75, 30, 337, 238, 349, 237, 267, 172, 164, 187, 331, 57, 208, 185, 26, 239, 145, 108, 348, 329, 380, 362, 236, 390, 202, 161, 151, 4, 136, 325, 206, 402, 166, 346, 231, 160, 157, 269, 307, 1, 393, 220, 356, 274, 83, 140, 112, 293, 87, 357, 381, 314, 70, 298, 63, 102, 88, 109, 328, 327, 174, 347, 119, 6, 86, 59, 82, 226, 205, 289, 246, 126, 41, 200, 377, 316, 213, 0, 233, 395, 91, 8, 354, 93, 22, 21, 209, 17, 279, 33, 271, 52, 71, 311, 45, 66, 20, 278, 50, 313, 321, 379, 79, 387, 74, 73, 182, 264, 391, 400, 155, 323, 99, 334, 297, 312, 89, 25, 207, 398, 230, 335, 353, 254, 368, 222, 194, 330, 5, 16, 98, 23, 175, 186, 396, 322, 147, 141, 95, 27, 168, 345, 332, 290, 170, 385, 300, 177, 366, 150, 188, 143, 40, 240, 61, 139, 183, 285, 369, 62, 212, 97, 51, 81, 159, 292, 120, 318, 371, 358, 153, 359, 344, 127, 277, 304, 294, 152, 310, 184, 266, 42, 123, 399, 106, 58, 104, 375, 191, 165, 241, 324, 281, 268, 28, 35, 144, 142, 56, 261, 338, 77, 31, 179, 276, 273, 303, 135, 84, 280, 12, 131, 125, 60, 243, 247, 272]
Długość trasy: 4552
Czas wykonania: 360003 ms

