129: 21687
962: 18822
6466: 17941
323: 20577
71: 22154
263: 20912
6151: 18219
456: 20026
139: 21647
204: 21072
13: 23483
398: 20448
783: 19479
6288: 18116
273: 20869
12818: 17290
21: 23388
28: 23309
6556: 17828
545: 19725
6434: 18093
36: 22986
165: 21626
205222: 17125
69990: 17176
105: 21879
233: 20975
44: 22648
172: 21368
9840: 17705
113: 21728
562: 19605
10098: 17473
1207: 18302
Algorytm: Genetic Algorithm
Ilość wierzchołków: 171
Najkrótsza trasa: [16, 11, 26, 160, 99, 162, 161, 8, 31, 149, 80, 22, 27, 151, 30, 33, 130, 104, 124, 116, 102, 70, 158, 170, 132, 147, 137, 128, 45, 155, 76, 39, 79, 115, 20, 23, 10, 38, 60, 34, 148, 166, 87, 153, 100, 121, 146, 144, 138, 139, 52, 55, 42, 41, 6, 68, 92, 93, 84, 51, 49, 110, 94, 108, 83, 43, 82, 71, 37, 61, 133, 81, 62, 65, 64, 57, 67, 69, 75, 12, 21, 157, 63, 56, 47, 1, 35, 32, 125, 4, 40, 169, 126, 145, 152, 74, 29, 28, 25, 142, 66, 168, 72, 143, 14, 9, 44, 159, 48, 117, 118, 123, 53, 59, 89, 91, 106, 105, 120, 122, 77, 101, 107, 135, 78, 165, 90, 88, 73, 15, 54, 58, 164, 127, 113, 17, 18, 156, 150, 2, 109, 111, 13, 7, 103, 95, 154, 19, 50, 112, 36, 5, 46, 167, 86, 96, 97, 163, 98, 85, 119, 129, 131, 3, 141, 136, 134, 114, 140, 24, 0]
Długość trasy: 17125
Czas wykonania: 240004 ms

