3: 5633
4: 5544
5: 5381
1800: 3004
16395: 2711
13: 5309
15: 5266
16: 5251
18: 5180
21: 5109
23: 5029
24: 4900
414: 3058
32: 4784
160: 3251
36: 4739
165: 3186
2853: 2955
166: 3181
39: 4549
169: 3116
43: 4464
45: 4438
48: 4172
49: 3990
55: 3871
57: 3805
58: 3684
59: 3534
61: 3493
190: 3084
64: 3487
65: 3423
67: 3421
68: 3372
69: 3368
70: 3362
207: 3083
2771: 2984
86: 3357
87: 3338
22234: 2692
91: 3333
10082: 2741
5606: 2831
5609: 2769
5359: 2858
53104: 2662
116: 3268
251: 3080
1278: 3054
Algorytm: Genetic Algorithm
Ilość wierzchołków: 48
Najkrótsza trasa: [19, 20, 38, 47, 43, 22, 40, 37, 18, 13, 46, 36, 35, 14, 16, 34, 23, 7, 31, 5, 4, 29, 27, 28, 2, 41, 44, 21, 42, 1, 9, 33, 3, 0, 25, 17, 12, 32, 24, 30, 6, 8, 11, 10, 15, 45, 39, 26]
Długość trasy: 2662
Czas wykonania: 120000 ms

