2: 5978
386: 2537
4: 5480
390: 2531
263: 2628
8: 5382
11: 5361
12: 5212
13: 4995
15: 4833
17: 4812
19: 4789
23: 4606
24: 4577
26: 4498
27: 4326
283: 2625
32: 4301
34: 4227
35: 4160
292: 2617
41898: 2392
43: 4159
44: 4157
172: 2993
45: 4137
173: 2985
46: 4098
302: 2615
48: 4037
49: 3917
50: 3890
51: 3879
179: 2949
52: 3809
181: 2930
182: 2894
55: 3796
316: 2601
63: 3791
64: 3740
193: 2892
66: 3733
68: 3637
69: 3532
70: 3525
71: 3400
199: 2855
455: 2459
72: 3380
328: 2598
74: 3281
204: 2847
80: 3219
209: 2783
82: 3155
466: 2438
211: 2749
598: 2412
215: 2716
88: 3154
473: 2433
92: 3115
223: 2686
108: 3062
116: 3040
118: 3001
375: 2561
248: 2658
249: 2653
765: 2401
255: 2648
Algorytm: Genetic Algorithm
Ilość wierzchołków: 48
Najkrótsza trasa: [1, 25, 47, 26, 22, 42, 28, 9, 33, 27, 2, 41, 43, 39, 19, 44, 15, 35, 34, 23, 32, 0, 40, 20, 17, 12, 7, 31, 4, 29, 30, 5, 6, 10, 11, 8, 24, 3, 37, 38, 18, 13, 46, 36, 14, 16, 45, 21]
Długość trasy: 2392
Czas wykonania: 120000 ms

