1159: 3131
1032: 3542
1290: 2661
1420: 2367
1681: 2247
1170: 3072
1427: 2343
1300: 2620
25: 5365
667: 4598
1310: 2611
1056: 3515
1442: 2315
39: 5157
551: 4722
1192: 3008
1321: 2565
1450: 2301
429: 4855
1204: 3006
568: 4706
1080: 3382
1341: 2548
319: 4915
831: 4345
1215: 2956
1727: 2242
1351: 2517
1479: 2289
457: 4768
1226: 2923
844: 4328
1615: 2257
1360: 2504
983: 3865
856: 4310
1370: 2459
1115: 3335
93: 5076
221: 4950
1247: 2803
1761: 2231
996: 3811
1380: 2393
869: 3973
1509: 2282
1767: 2224
106: 5033
1258: 2751
749: 4416
1008: 3646
1137: 3288
1268: 2684
1529: 2272
122: 4974
1020: 3600
1148: 3257
1404: 2391
895: 3883
Algorytm: Genetic Algorithm
Ilość wierzchołków: 48
Najkrótsza trasa: [31, 30, 5, 6, 10, 11, 37, 38, 20, 15, 35, 16, 45, 39, 47, 22, 41, 43, 42, 19, 44, 21, 40, 26, 8, 32, 9, 33, 27, 2, 28, 24, 4, 29, 3, 0, 25, 1, 18, 17, 13, 34, 46, 36, 14, 23, 12, 7]
Długość trasy: 2224
Czas wykonania: 120006 ms

