768: 3113
2048: 2685
1283: 2891
2307: 2658
2819: 2633
1543: 2791
51208: 2544
521: 3253
1801: 2728
3082: 2618
1035: 2995
271: 3375
9487: 2568
135441: 2527
788: 3101
2069: 2683
1302: 2883
6166: 2578
2328: 2656
2840: 2632
3611: 2606
541: 3241
1567: 2784
3104: 2616
1060: 2985
807: 3091
1831: 2724
2599: 2641
135461: 2525
2088: 2680
4905: 2584
1322: 2876
2348: 2654
301: 3359
47: 3512
561: 3229
129840: 2528
1587: 2779
3125: 2615
1080: 2976
827: 3079
2619: 2640
2108: 2676
1341: 2866
2368: 2652
2881: 2624
15426: 2551
116035: 2538
580: 3216
1861: 2720
1606: 2772
73: 3493
7754: 2569
331: 3346
1099: 2966
847: 3068
2639: 2639
2128: 2672
2388: 2651
1366: 2856
600: 3205
6744: 2574
1625: 2768
1119: 2958
1888: 2716
867: 3056
2147: 2670
2659: 2638
2408: 2650
361: 3332
1386: 2847
2923: 2623
108: 3476
1645: 2762
627: 3193
1139: 2950
1908: 2713
887: 3045
2167: 2668
3959: 2602
4986: 2583
2428: 2649
43901: 2548
1406: 2838
128: 3457
1664: 2758
12675: 2560
390: 3316
647: 3181
1930: 2709
2187: 2666
1165: 2942
120460: 2534
111758: 2541
1425: 2830
2449: 2648
2962: 2621
915: 3034
1684: 2753
12695: 2557
666: 3170
3228: 2613
1949: 2705
2206: 2665
1185: 2933
5026: 2581
420: 3304
2469: 2647
1446: 2823
1703: 2749
3751: 2605
12715: 2556
686: 3159
176: 3439
10672: 2562
945: 3025
1969: 2702
196019: 2516
2226: 2664
2739: 2637
1205: 2925
1465: 2818
2490: 2646
1723: 2745
46780: 2547
705: 3149
450: 3291
196: 3421
1989: 2700
4805: 2599
2246: 2663
1224: 2916
1485: 2810
1742: 2738
2510: 2645
3022: 2619
976: 3015
725: 3139
2009: 2697
4825: 2591
2266: 2661
2779: 2636
220: 3407
1244: 2907
3548: 2612
4060: 2601
1504: 2805
482: 3278
2530: 2643
745: 3127
1771: 2734
2028: 2688
1005: 3005
4845: 2590
1263: 2899
2287: 2659
240: 3392
1523: 2798
5107: 2579
502: 3266
2550: 2642
Algorytm: Tabu Search: Zamiana losowych miast
Ilość wierzchołków: 403
Najkrótsza trasa: [333, 267, 46, 23, 14, 62, 13, 205, 362, 137, 54, 241, 113, 350, 33, 376, 232, 211, 270, 19, 71, 402, 287, 107, 61, 293, 93, 203, 295, 65, 308, 394, 393, 58, 8, 168, 164, 3, 2, 386, 47, 112, 358, 272, 28, 352, 95, 55, 314, 59, 367, 310, 400, 397, 5, 312, 35, 218, 84, 327, 77, 31, 52, 40, 263, 78, 226, 258, 88, 96, 189, 81, 22, 21, 82, 247, 142, 172, 26, 130, 153, 75, 140, 334, 206, 30, 91, 66, 60, 98, 385, 67, 94, 79, 353, 341, 90, 72, 377, 163, 25, 108, 92, 51, 49, 37, 131, 301, 120, 392, 351, 257, 184, 4, 202, 106, 359, 246, 364, 303, 198, 248, 150, 349, 309, 221, 300, 128, 255, 373, 355, 115, 114, 69, 244, 80, 242, 70, 307, 20, 304, 260, 213, 278, 122, 119, 6, 253, 372, 41, 139, 43, 34, 217, 384, 383, 149, 146, 144, 105, 391, 154, 180, 165, 360, 374, 363, 204, 316, 256, 249, 109, 275, 210, 265, 326, 147, 254, 223, 214, 192, 338, 162, 48, 104, 9, 170, 284, 343, 286, 74, 216, 200, 224, 331, 323, 305, 215, 344, 252, 191, 187, 234, 228, 297, 240, 219, 177, 133, 129, 285, 282, 370, 328, 317, 193, 231, 288, 298, 291, 315, 161, 148, 325, 132, 306, 319, 135, 280, 279, 152, 76, 340, 103, 366, 292, 12, 236, 227, 212, 345, 173, 73, 141, 116, 166, 199, 169, 27, 361, 347, 401, 354, 342, 57, 99, 389, 178, 100, 44, 102, 332, 296, 171, 63, 18, 97, 176, 156, 390, 336, 321, 379, 159, 378, 398, 396, 357, 322, 157, 1, 235, 121, 251, 330, 329, 294, 388, 348, 290, 64, 15, 230, 382, 320, 182, 87, 179, 368, 68, 237, 375, 371, 395, 190, 138, 160, 365, 245, 335, 39, 124, 269, 110, 195, 268, 16, 233, 324, 381, 85, 181, 346, 183, 17, 186, 53, 29, 167, 194, 380, 289, 86, 101, 111, 369, 239, 117, 136, 209, 356, 220, 197, 127, 174, 250, 134, 243, 32, 38, 264, 274, 281, 387, 145, 311, 271, 83, 222, 185, 151, 11, 123, 399, 337, 262, 261, 175, 318, 283, 277, 125, 273, 201, 89, 313, 7, 50, 56, 155, 143, 266, 302, 118, 158, 339, 196, 0, 188, 299, 238, 229, 225, 24, 36, 207, 45, 126, 10, 208, 276, 259, 42]
Długość trasy: 2516
Czas wykonania: 360013 ms

3842: 2543
8450: 2526
1283: 2925
1795: 2738
2051: 2673
2310: 2613
3080: 2566
1034: 3007
227081: 2499
1547: 2812
782: 3124
271: 3370
2832: 2572
31760: 2513
2579: 2590
1302: 2917
1815: 2735
2071: 2670
538: 3258
2330: 2611
3100: 2565
1054: 2998
1567: 2805
2852: 2570
31780: 2512
2599: 2589
809: 3114
1322: 2908
1834: 2730
2091: 2666
301: 3357
558: 3245
2350: 2610
47: 3507
23857: 2514
1075: 2988
1587: 2800
7991: 2534
2619: 2588
829: 3106
1342: 2895
1854: 2726
2110: 2663
3390: 2560
2370: 2607
579: 3233
1607: 2792
73: 3489
331: 3342
8011: 2528
2892: 2569
2639: 2580
849: 3096
1105: 2979
1362: 2886
1874: 2722
2130: 2652
53843: 2502
2390: 2605
599: 3221
3160: 2564
1626: 2787
8031: 2527
2913: 2568
2659: 2579
869: 3086
1381: 2878
1893: 2715
2150: 2643
3430: 2558
361: 3328
106: 3471
619: 3212
1135: 2970
2419: 2604
31859: 2505
1654: 2780
888: 3076
1914: 2710
2170: 2636
3450: 2556
126: 3454
639: 3198
1409: 2870
2690: 2577
391: 3317
2440: 2602
9097: 2521
1674: 2774
1164: 2961
1933: 2706
3470: 2552
2191: 2633
912: 3066
16018: 2516
659: 3187
1429: 2862
2459: 2600
2973: 2567
1694: 2767
1953: 2702
2721: 2576
3490: 2551
2211: 2630
932: 3055
421: 3304
679: 3175
1448: 2855
1194: 2952
172: 3435
2479: 2599
1713: 2763
15795: 2518
1972: 2698
3510: 2550
2231: 2628
952: 3044
699: 3163
1468: 2844
192: 3420
2754: 2575
451: 3291
2499: 2596
1733: 2756
3781: 2545
9157: 2520
1224: 2944
1992: 2685
971: 3034
2251: 2623
1488: 2832
722: 3152
8914: 2523
2519: 2595
1753: 2750
220: 3402
2012: 2682
991: 3025
2271: 2619
481: 3280
1507: 2827
4069: 2538
742: 3142
1254: 2933
2539: 2593
3822: 2544
1775: 2743
240: 3386
2032: 2676
3570: 2549
2291: 2616
1013: 3017
1527: 2819
4089: 2536
762: 3132
2812: 2573
510: 3269
2559: 2592
Algorytm: Tabu Search: Zamiana losowych miast
Ilość wierzchołków: 403
Najkrótsza trasa: [333, 267, 46, 23, 14, 62, 13, 205, 315, 142, 103, 264, 274, 257, 33, 376, 68, 211, 270, 19, 224, 402, 287, 107, 61, 317, 218, 203, 295, 388, 397, 394, 225, 283, 8, 29, 164, 3, 2, 386, 47, 112, 358, 272, 41, 131, 311, 55, 152, 76, 153, 310, 309, 308, 260, 151, 11, 93, 84, 281, 77, 31, 52, 40, 39, 78, 226, 210, 79, 69, 91, 81, 22, 21, 82, 247, 249, 172, 26, 42, 367, 75, 160, 365, 245, 88, 96, 66, 60, 44, 166, 67, 114, 360, 353, 263, 90, 72, 71, 64, 15, 237, 92, 51, 49, 37, 36, 301, 120, 392, 351, 395, 43, 34, 163, 25, 340, 24, 364, 303, 198, 335, 387, 349, 168, 99, 389, 190, 100, 373, 355, 115, 94, 126, 10, 307, 7, 158, 269, 85, 207, 45, 209, 278, 122, 401, 6, 253, 177, 241, 113, 239, 70, 217, 384, 383, 361, 146, 144, 105, 391, 154, 180, 165, 97, 374, 363, 289, 193, 316, 256, 265, 275, 390, 110, 326, 147, 254, 223, 214, 192, 338, 162, 48, 136, 293, 170, 284, 343, 125, 74, 216, 200, 337, 331, 323, 305, 215, 319, 375, 191, 187, 234, 228, 377, 240, 219, 86, 101, 266, 285, 282, 370, 322, 327, 38, 231, 288, 175, 291, 204, 161, 148, 258, 132, 306, 344, 135, 280, 279, 108, 195, 196, 0, 366, 292, 329, 294, 227, 212, 188, 173, 400, 141, 116, 385, 199, 312, 35, 232, 127, 119, 354, 342, 297, 221, 300, 178, 138, 213, 28, 332, 296, 171, 63, 18, 102, 176, 156, 325, 181, 346, 189, 159, 378, 398, 396, 83, 184, 124, 1, 314, 59, 251, 330, 290, 137, 50, 56, 167, 54, 336, 321, 379, 235, 121, 222, 185, 183, 17, 12, 252, 371, 357, 328, 345, 299, 298, 128, 255, 130, 111, 369, 286, 273, 268, 16, 174, 250, 32, 106, 359, 179, 368, 246, 186, 53, 73, 129, 194, 324, 320, 302, 118, 140, 334, 242, 117, 304, 5, 150, 9, 220, 197, 182, 230, 382, 381, 233, 380, 362, 236, 98, 238, 229, 393, 139, 4, 109, 208, 276, 259, 123, 399, 57, 262, 261, 134, 243, 58, 277, 341, 202, 201, 89, 155, 143, 87, 244, 80, 95, 271, 350, 313, 20, 65, 169, 27, 206, 30, 149, 347, 352, 157, 339, 318, 372, 356, 104, 145, 133, 248, 348]
Długość trasy: 2499
Czas wykonania: 360006 ms

512: 3279
2304: 2700
4608: 2588
1026: 3051
3074: 2612
260: 3398
19206: 2534
2567: 2656
2823: 2628
2060: 2748
783: 3173
1807: 2789
8208: 2559
1297: 2946
3859: 2590
20755: 2530
1557: 2862
16917: 2541
2326: 2697
4631: 2587
1048: 3041
21273: 2527
93976: 2507
2588: 2652
2846: 2626
21027: 2528
2085: 2744
550: 3260
16938: 2535
811: 3162
2347: 2695
93996: 2505
1838: 2785
1585: 2854
2609: 2648
307: 3380
1075: 3031
3638: 2593
57: 3512
1337: 2937
2106: 2735
2877: 2624
832: 3150
2368: 2692
3137: 2611
21314: 2518
25922: 2509
6979: 2572
1605: 2846
4678: 2583
2631: 2645
585: 3247
1097: 3021
5961: 2575
331: 3362
1870: 2779
2128: 2731
1362: 2928
2899: 2623
2390: 2691
87: 3491
855: 3139
3159: 2610
1628: 2840
2652: 2643
1122: 3011
355: 3345
2148: 2723
2922: 2621
1387: 2919
2411: 2688
621: 3235
877: 3126
1901: 2770
3181: 2608
1649: 2834
2673: 2641
4978: 2581
121: 3473
2169: 2719
1146: 3001
379: 3331
2432: 2685
898: 3115
1413: 2910
1670: 2828
2695: 2639
7047: 2571
3211: 2605
1933: 2765
2190: 2715
656: 3223
1171: 2991
2454: 2675
919: 3103
152: 3457
2968: 2620
1691: 2822
7323: 2565
2716: 2637
1437: 2902
417: 3318
2219: 2712
2475: 2670
3243: 2604
940: 3092
1196: 2981
1965: 2761
2989: 2617
1712: 2815
10416: 2552
2737: 2635
690: 3210
3507: 2601
1462: 2895
5046: 2579
20919: 2529
184: 3443
441: 3305
2240: 2709
2496: 2668
961: 3081
3010: 2615
1221: 2972
1733: 2810
2759: 2634
1996: 2757
8653: 2558
5070: 2577
1487: 2889
208: 3428
721: 3197
466: 3291
2517: 2666
983: 3070
2263: 2705
3031: 2614
16856: 2543
1754: 2803
2781: 2632
307161: 2503
1246: 2963
4320: 2589
8674: 2557
1511: 2881
3816: 2592
234: 3411
1004: 3060
2028: 2753
2284: 2702
3052: 2613
752: 3186
1776: 2795
2546: 2657
2802: 2630
5875: 2576
3573: 2597
1271: 2955
6907: 2573
1535: 2873
8959: 2555
Algorytm: Tabu Search: Zamiana losowych miast
Ilość wierzchołków: 403
Najkrótsza trasa: [333, 267, 281, 23, 14, 62, 13, 205, 362, 301, 195, 241, 113, 257, 33, 376, 232, 38, 270, 19, 266, 402, 287, 107, 61, 350, 93, 203, 128, 255, 123, 151, 101, 58, 8, 29, 164, 3, 2, 386, 248, 32, 322, 272, 28, 86, 11, 237, 314, 59, 367, 310, 400, 397, 5, 312, 35, 43, 84, 46, 176, 31, 52, 40, 263, 230, 226, 258, 88, 69, 68, 81, 22, 21, 82, 247, 249, 172, 26, 246, 153, 75, 239, 70, 206, 30, 91, 66, 60, 98, 385, 67, 338, 360, 353, 352, 90, 72, 337, 97, 160, 15, 361, 51, 49, 296, 295, 108, 120, 392, 351, 293, 150, 34, 345, 299, 298, 202, 364, 303, 377, 318, 104, 349, 168, 99, 389, 106, 359, 131, 355, 115, 114, 96, 94, 335, 372, 41, 307, 143, 103, 253, 209, 278, 122, 119, 6, 102, 213, 356, 142, 137, 36, 217, 384, 383, 92, 146, 144, 105, 391, 325, 180, 165, 182, 374, 363, 289, 110, 24, 54, 109, 326, 147, 265, 275, 390, 254, 223, 214, 192, 189, 162, 48, 136, 327, 170, 334, 245, 125, 74, 216, 200, 71, 331, 323, 305, 215, 344, 375, 191, 187, 234, 228, 57, 240, 219, 133, 269, 65, 285, 282, 370, 358, 132, 243, 231, 288, 175, 291, 379, 161, 148, 154, 134, 306, 319, 135, 280, 12, 308, 394, 393, 139, 336, 292, 343, 236, 227, 381, 188, 173, 73, 141, 116, 166, 300, 311, 55, 149, 347, 401, 354, 342, 297, 221, 199, 190, 100, 44, 42, 332, 37, 171, 63, 224, 167, 77, 156, 210, 126, 271, 317, 313, 378, 398, 396, 357, 328, 124, 339, 177, 87, 56, 50, 264, 330, 388, 348, 290, 64, 365, 79, 179, 368, 174, 250, 233, 324, 212, 129, 252, 371, 83, 186, 53, 163, 25, 152, 76, 373, 157, 284, 329, 294, 268, 16, 47, 112, 111, 369, 181, 346, 183, 17, 279, 286, 273, 222, 185, 140, 207, 45, 316, 256, 85, 244, 80, 158, 1, 178, 138, 220, 197, 208, 78, 382, 320, 184, 4, 235, 121, 304, 260, 242, 117, 251, 274, 395, 193, 276, 259, 127, 399, 18, 262, 261, 218, 9, 283, 277, 39, 211, 201, 118, 159, 7, 169, 27, 95, 10, 198, 302, 89, 341, 196, 0, 366, 321, 204, 238, 229, 225, 155, 20, 340, 194, 380, 315, 387, 145, 309, 130]
Długość trasy: 2503
Czas wykonania: 360012 ms

3584: 2607
1793: 2743
1026: 3003
4100: 2599
2310: 2661
3079: 2628
777: 3129
1545: 2810
525: 3243
2573: 2646
1295: 2890
272: 3372
2069: 2691
1814: 2740
1047: 2994
4121: 2598
797: 3117
1566: 2805
2593: 2645
1315: 2883
2341: 2659
22824: 2557
30249: 2540
298: 3356
2090: 2689
555: 3230
1067: 2983
1837: 2736
47: 3506
26673: 2550
818: 3106
1586: 2800
3122: 2624
1336: 2875
3388: 2614
22845: 2556
318: 3342
2110: 2687
2622: 2644
1087: 2973
1858: 2733
2372: 2658
71: 3487
839: 3096
3143: 2623
1608: 2792
586: 3218
1356: 2869
5970: 2587
339: 3327
2131: 2684
2643: 2643
1108: 2965
1879: 2729
859: 3083
1629: 2785
3165: 2621
3933: 2602
4190: 2592
96: 3468
2403: 2656
9827: 2582
1380: 2861
12900: 2574
5990: 2586
18534: 2562
3687: 2606
616: 3207
1128: 2956
2152: 2681
2665: 2642
1900: 2726
33388: 2537
880: 3072
1649: 2777
371: 3309
4211: 2588
96118: 2524
9848: 2579
1401: 2853
2427: 2655
6011: 2584
2173: 2679
2686: 2641
1151: 2946
1920: 2719
900: 3062
30084: 2543
134: 3451
1670: 2771
647: 3196
1421: 2845
3214: 2619
2447: 2653
18575: 2561
402: 3296
1171: 2937
2195: 2677
2708: 2640
1941: 2715
1690: 2766
155: 3434
924: 3053
671: 3185
1442: 2840
15266: 2566
2468: 2652
18596: 2560
1192: 2928
27304: 2544
2217: 2675
2729: 2639
1962: 2711
30126: 2542
154284: 2521
1711: 2760
176: 3416
432: 3283
69297: 2533
945: 3042
14258: 2567
694: 3173
1463: 2833
2489: 2651
1212: 2920
2238: 2673
1983: 2708
2751: 2638
22720: 2559
1731: 2756
59587: 2534
965: 3030
17349: 2565
59337: 2536
715: 3162
1484: 2827
2510: 2650
463: 3268
26063: 2555
1233: 2913
2258: 2665
2003: 2704
2772: 2636
7636: 2583
1751: 2751
986: 3021
3036: 2629
736: 3150
1504: 2818
2531: 2649
230: 3402
1254: 2903
2279: 2663
2024: 2699
2793: 2631
3563: 2613
1772: 2747
494: 3256
1006: 3012
756: 3139
1525: 2814
2552: 2648
1274: 2896
3322: 2615
251: 3388
2045: 2696
Algorytm: Tabu Search: Zamiana losowych miast
Ilość wierzchołków: 403
Najkrótsza trasa: [333, 267, 281, 23, 14, 62, 13, 205, 289, 131, 241, 32, 113, 46, 33, 376, 68, 211, 270, 19, 337, 402, 287, 107, 61, 257, 43, 34, 295, 38, 308, 394, 393, 58, 8, 168, 163, 3, 2, 386, 47, 112, 136, 272, 41, 151, 101, 341, 179, 368, 86, 11, 88, 304, 5, 195, 127, 217, 84, 317, 77, 31, 52, 40, 39, 78, 226, 258, 137, 79, 69, 81, 22, 21, 140, 334, 245, 172, 26, 237, 153, 75, 24, 54, 206, 30, 91, 66, 60, 44, 385, 67, 189, 360, 353, 263, 90, 72, 266, 202, 64, 365, 92, 51, 49, 37, 36, 108, 120, 392, 351, 395, 93, 203, 332, 296, 397, 260, 364, 303, 198, 239, 117, 171, 63, 99, 389, 111, 369, 373, 355, 115, 114, 96, 94, 307, 20, 232, 155, 143, 262, 261, 213, 278, 122, 119, 319, 208, 372, 356, 322, 327, 387, 9, 384, 383, 361, 146, 381, 105, 391, 325, 180, 165, 65, 374, 363, 379, 301, 256, 247, 109, 275, 154, 265, 326, 390, 254, 223, 214, 192, 338, 97, 251, 274, 350, 170, 284, 343, 125, 74, 216, 200, 224, 159, 323, 305, 215, 73, 252, 191, 187, 234, 228, 71, 240, 219, 128, 196, 0, 285, 282, 357, 358, 370, 328, 132, 243, 175, 291, 204, 161, 148, 210, 134, 306, 6, 135, 280, 279, 388, 348, 329, 294, 366, 292, 193, 236, 227, 320, 345, 173, 29, 141, 116, 166, 300, 169, 27, 149, 347, 401, 354, 342, 18, 221, 199, 190, 100, 98, 87, 188, 299, 298, 184, 398, 396, 176, 156, 147, 336, 321, 362, 331, 378, 297, 194, 324, 212, 152, 310, 400, 182, 264, 330, 290, 178, 138, 162, 48, 160, 15, 230, 382, 144, 253, 110, 367, 76, 139, 4, 375, 371, 83, 186, 53, 164, 25, 42, 57, 103, 157, 269, 150, 174, 185, 268, 16, 102, 106, 359, 181, 346, 183, 17, 12, 126, 271, 293, 233, 380, 315, 311, 10, 335, 133, 242, 70, 85, 209, 28, 220, 197, 248, 222, 250, 231, 288, 104, 145, 235, 121, 316, 95, 55, 50, 56, 318, 312, 35, 130, 246, 123, 399, 377, 218, 349, 344, 142, 283, 277, 286, 273, 302, 118, 313, 7, 352, 244, 80, 82, 249, 201, 89, 309, 158, 1, 314, 59, 340, 238, 229, 225, 124, 339, 207, 45, 129, 255, 177, 276, 259, 167]
Długość trasy: 2521
Czas wykonania: 360007 ms

512: 3269
1538: 2833
1794: 2767
1027: 3001
21508: 2534
5383: 2554
2568: 2638
1289: 2909
779: 3127
5132: 2556
2317: 2680
2062: 2710
271: 3380
84245: 2522
1047: 2991
1815: 2761
21529: 2531
2588: 2636
5404: 2546
542: 3256
799: 3117
1569: 2827
2337: 2674
2082: 2707
3365: 2591
2855: 2618
1320: 2901
1067: 2981
1836: 2753
302: 3363
47: 3506
4400: 2576
2609: 2635
819: 3106
2102: 2704
2358: 2670
570: 3246
2875: 2617
1087: 2972
1600: 2820
4673: 2566
1858: 2749
2629: 2633
4421: 2574
1351: 2892
840: 3095
73: 3478
2378: 2664
2123: 2702
332: 3348
3661: 2586
590: 3233
1107: 2963
37972: 2527
1878: 2744
4694: 2563
2649: 2632
4442: 2572
860: 3084
2398: 2662
1631: 2814
4192: 2581
610: 3222
2916: 2616
1382: 2883
6247: 2542
2153: 2700
362: 3334
1899: 2740
4715: 2562
2670: 2631
880: 3072
1138: 2955
2418: 2660
116: 3460
4213: 2580
630: 3210
2937: 2614
1662: 2809
2174: 2698
1919: 2736
4735: 2557
2690: 2630
900: 3062
4484: 2571
6020: 2544
1413: 2875
2439: 2654
136: 3441
392: 3321
650: 3197
20874: 2535
2958: 2611
1168: 2946
2194: 2696
38034: 2525
1939: 2733
1684: 2796
2711: 2628
920: 3050
4505: 2567
219289: 2514
2459: 2647
671: 3185
1444: 2863
422: 3308
2214: 2694
3238: 2598
1960: 2729
1705: 2789
2986: 2609
2731: 2625
1198: 2937
2479: 2645
946: 3040
691: 3174
7605: 2540
3511: 2590
2234: 2690
3259: 2597
1980: 2725
37052: 2530
192: 3424
2752: 2624
1475: 2849
2499: 2643
452: 3296
1732: 2783
711: 3161
967: 3029
5320: 2555
1228: 2928
2254: 2687
3280: 2596
2001: 2720
3028: 2608
2773: 2623
214: 3408
1752: 2776
2520: 2642
731: 3149
987: 3019
482: 3283
1507: 2841
2021: 2717
2277: 2684
3301: 2594
2793: 2621
1258: 2918
2540: 2640
1773: 2772
37869: 2528
238: 3392
1007: 3010
759: 3137
2041: 2714
2297: 2682
3322: 2592
84220: 2524
2814: 2620
Algorytm: Tabu Search: Zamiana losowych miast
Ilość wierzchołków: 403
Najkrótsza trasa: [333, 267, 395, 23, 14, 62, 13, 205, 289, 335, 195, 251, 113, 281, 33, 376, 68, 38, 270, 19, 57, 402, 287, 107, 61, 83, 50, 56, 109, 24, 397, 394, 393, 58, 8, 400, 164, 3, 2, 386, 47, 112, 328, 272, 41, 126, 271, 169, 27, 127, 367, 310, 319, 308, 260, 312, 35, 217, 84, 350, 77, 31, 52, 40, 352, 230, 226, 390, 79, 69, 202, 81, 22, 21, 82, 247, 248, 172, 26, 218, 95, 10, 314, 59, 340, 88, 96, 66, 60, 98, 221, 67, 114, 360, 353, 39, 90, 72, 224, 163, 25, 341, 92, 51, 49, 37, 54, 316, 120, 392, 351, 357, 264, 330, 373, 180, 165, 65, 364, 303, 266, 150, 9, 349, 168, 99, 389, 187, 85, 131, 355, 115, 94, 237, 142, 102, 209, 356, 307, 143, 263, 208, 372, 278, 122, 119, 344, 139, 4, 32, 274, 293, 246, 93, 384, 383, 149, 146, 381, 105, 391, 210, 151, 11, 108, 374, 363, 362, 91, 129, 255, 265, 326, 325, 110, 275, 154, 254, 223, 214, 192, 338, 162, 48, 322, 327, 170, 284, 290, 125, 74, 216, 342, 198, 159, 323, 305, 215, 309, 123, 399, 71, 234, 228, 377, 240, 219, 106, 359, 103, 285, 282, 370, 358, 317, 182, 134, 288, 175, 291, 379, 161, 148, 258, 132, 306, 29, 135, 280, 279, 136, 257, 311, 55, 366, 292, 329, 294, 227, 144, 188, 173, 6, 141, 116, 385, 199, 140, 334, 361, 347, 401, 354, 200, 337, 242, 117, 190, 138, 18, 184, 332, 296, 171, 63, 297, 211, 176, 156, 147, 181, 346, 189, 331, 378, 398, 396, 231, 243, 124, 269, 157, 339, 232, 301, 256, 249, 388, 348, 343, 345, 299, 298, 133, 235, 121, 222, 250, 183, 17, 12, 42, 158, 1, 253, 128, 64, 365, 166, 300, 104, 203, 304, 5, 174, 185, 160, 15, 178, 100, 111, 369, 179, 368, 245, 186, 53, 73, 318, 233, 380, 204, 302, 118, 206, 30, 239, 70, 137, 36, 43, 34, 220, 197, 295, 78, 382, 212, 194, 324, 320, 236, 44, 130, 268, 16, 196, 0, 244, 80, 213, 28, 375, 371, 46, 262, 261, 387, 145, 283, 277, 286, 273, 201, 89, 155, 7, 97, 177, 313, 20, 167, 153, 75, 86, 101, 87, 336, 321, 315, 238, 229, 225, 152, 76, 207, 45, 252, 191, 193, 276, 259, 241]
Długość trasy: 2514
Czas wykonania: 360011 ms

2560: 2632
2307: 2652
105218: 2527
2823: 2617
1544: 2802
27657: 2568
104712: 2528
1290: 2885
779: 3123
2060: 2691
4364: 2593
270: 3368
1038: 2994
529: 3227
1810: 2740
2580: 2631
2328: 2650
1564: 2795
2844: 2615
1311: 2875
800: 3111
2080: 2688
4641: 2585
291: 3350
1059: 2983
1831: 2736
2600: 2629
8489: 2576
2348: 2648
45: 3512
560: 3214
1584: 2789
1332: 2867
2100: 2683
821: 3099
312: 3337
1080: 2973
1851: 2730
44348: 2556
2369: 2647
27970: 2566
42818: 2560
1605: 2785
70: 3492
1352: 2861
2121: 2679
843: 3087
1101: 2964
591: 3203
1872: 2726
2640: 2628
8787: 2575
2389: 2645
40278: 2561
343: 3318
1373: 2855
94: 3474
2142: 2676
864: 3076
4448: 2587
1121: 2955
104547: 2542
1636: 2780
2660: 2627
27748: 2567
1893: 2722
96359: 2543
2409: 2644
66411: 2550
364: 3305
621: 3191
2162: 2674
885: 3066
119: 3459
1143: 2948
1401: 2848
1913: 2717
2681: 2625
53625: 2551
2430: 2642
384: 3292
35968: 2565
116609: 2526
1666: 2766
2946: 2613
22658: 2569
2183: 2669
4489: 2586
6025: 2579
906: 3056
652: 3179
1164: 2938
1421: 2839
143: 3443
1935: 2713
66453: 2548
405: 3277
2966: 2612
2459: 2641
2204: 2665
927: 3045
1697: 2763
1186: 2930
1442: 2831
2722: 2624
3490: 2604
165: 3427
1957: 2709
36010: 2563
116651: 2522
683: 3167
2987: 2611
2479: 2638
2224: 2663
6066: 2577
436: 3265
1462: 2825
1207: 2921
3512: 2603
186: 3411
1978: 2706
44474: 2553
955: 3033
3262: 2608
1727: 2759
2499: 2637
708: 3156
2245: 2659
1483: 2820
1228: 2911
3532: 2598
1998: 2703
207: 3396
976: 3023
467: 3252
1748: 2752
3028: 2610
36052: 2562
2519: 2635
2265: 2656
2782: 2623
1503: 2814
104670: 2534
1248: 2903
5088: 2583
737: 3146
2019: 2698
997: 3013
1769: 2748
2539: 2633
4075: 2596
2286: 2654
498: 3240
1523: 2808
5108: 2581
1269: 2893
758: 3135
2039: 2694
248: 3382
1018: 3004
44285: 2558
1790: 2744
Algorytm: Tabu Search: Zamiana losowych miast
Ilość wierzchołków: 403
Najkrótsza trasa: [333, 267, 83, 23, 14, 62, 13, 205, 379, 88, 136, 357, 322, 293, 33, 376, 68, 38, 270, 19, 198, 402, 287, 107, 61, 281, 43, 34, 295, 301, 304, 394, 225, 283, 8, 309, 164, 3, 2, 386, 47, 32, 274, 257, 151, 101, 39, 137, 314, 59, 152, 310, 319, 308, 5, 102, 195, 104, 84, 317, 176, 31, 52, 40, 263, 78, 226, 147, 79, 96, 189, 81, 22, 21, 108, 256, 247, 172, 26, 182, 153, 75, 65, 24, 206, 30, 91, 66, 60, 44, 221, 67, 94, 360, 353, 341, 90, 72, 266, 163, 25, 93, 9, 299, 49, 37, 36, 316, 120, 392, 351, 46, 218, 145, 352, 106, 165, 193, 364, 303, 337, 335, 150, 349, 344, 99, 389, 187, 142, 131, 355, 115, 114, 69, 312, 35, 372, 41, 307, 7, 262, 261, 209, 278, 122, 119, 29, 42, 213, 356, 328, 272, 28, 217, 384, 383, 149, 146, 212, 105, 391, 325, 111, 369, 208, 374, 363, 315, 128, 255, 97, 265, 326, 210, 109, 275, 390, 254, 223, 214, 192, 338, 162, 48, 358, 370, 140, 334, 245, 125, 74, 354, 342, 377, 331, 323, 305, 215, 400, 252, 191, 388, 234, 228, 57, 240, 219, 73, 367, 76, 285, 282, 235, 121, 268, 16, 231, 288, 175, 291, 362, 161, 148, 154, 134, 306, 6, 135, 280, 12, 129, 373, 241, 112, 366, 292, 329, 294, 211, 144, 345, 173, 168, 141, 116, 385, 300, 169, 27, 92, 347, 401, 216, 200, 71, 166, 199, 178, 100, 98, 123, 332, 296, 171, 63, 224, 103, 77, 156, 258, 86, 11, 85, 313, 378, 398, 396, 82, 249, 158, 1, 167, 54, 251, 330, 290, 237, 248, 348, 343, 160, 15, 188, 276, 259, 132, 243, 230, 382, 320, 202, 375, 371, 327, 186, 53, 64, 365, 397, 260, 50, 126, 271, 395, 174, 250, 190, 138, 18, 179, 368, 181, 346, 183, 17, 279, 361, 51, 298, 233, 324, 381, 196, 0, 124, 269, 318, 157, 339, 253, 387, 203, 220, 197, 222, 185, 170, 284, 194, 380, 289, 246, 236, 227, 242, 117, 184, 4, 244, 80, 110, 177, 127, 399, 297, 133, 264, 113, 350, 58, 277, 286, 273, 302, 118, 155, 143, 311, 55, 95, 10, 232, 201, 89, 207, 45, 340, 336, 321, 204, 238, 229, 393, 159, 20, 180, 359, 139, 239, 70, 130, 87, 56]
Długość trasy: 2522
Czas wykonania: 360011 ms

257: 3388
1026: 3000
26114: 2562
772: 3126
2822: 2617
521: 3265
2058: 2696
1548: 2797
2318: 2654
1807: 2740
2576: 2629
1299: 2885
4372: 2588
278: 3372
1048: 2990
793: 3116
2843: 2616
2078: 2693
1568: 2791
2338: 2652
13605: 2579
551: 3252
1320: 2878
2603: 2628
1068: 2980
45: 3507
1837: 2736
816: 3104
2098: 2690
1588: 2785
309: 3359
2358: 2648
1340: 2867
2623: 2626
1089: 2970
2883: 2615
580: 3233
836: 3093
70: 3489
2118: 2688
1608: 2780
2378: 2646
1868: 2732
1361: 2860
339: 3346
2643: 2624
1110: 2961
212821: 2548
2904: 2614
857: 3081
2138: 2686
3163: 2604
1628: 2771
605: 3221
2397: 2644
1888: 2726
1382: 2853
3430: 2602
2663: 2622
15207: 2578
1131: 2953
2924: 2613
878: 3071
2158: 2684
2417: 2643
114: 3468
370: 3333
626: 3208
1908: 2722
24950: 2566
3191: 2603
1657: 2767
1402: 2846
3450: 2599
1151: 2945
2944: 2609
2178: 2681
899: 3060
2437: 2642
647: 3196
1928: 2718
140: 3452
25996: 2564
2702: 2621
3470: 2594
1423: 2837
15247: 2577
400: 3319
3984: 2592
212881: 2542
1172: 2938
2198: 2678
1687: 2761
920: 3049
668: 3184
1948: 2714
2722: 2620
165: 3435
2983: 2606
1192: 2928
1449: 2830
2218: 2672
940: 3039
2477: 2641
430: 3306
1968: 2710
689: 3172
67504: 2555
1717: 2753
4024: 2591
1469: 2824
2237: 2670
1214: 2919
2496: 2639
961: 3029
1988: 2706
709: 3160
4294: 2589
201: 3417
2762: 2619
15306: 2575
4043: 2590
460: 3292
1489: 2816
2257: 2667
152787: 2549
1747: 2749
2516: 2635
1237: 2910
982: 3020
731: 3149
2017: 2702
227: 3403
1508: 2811
2277: 2665
2536: 2633
1258: 2902
491: 3278
1003: 3011
752: 3137
1776: 2745
2038: 2699
28407: 2559
1528: 2802
2297: 2657
2556: 2631
21244: 2574
1278: 2893
Algorytm: Tabu Search: Zamiana losowych miast
Ilość wierzchołków: 403
Najkrótsza trasa: [333, 267, 281, 23, 14, 62, 13, 205, 362, 128, 255, 32, 113, 83, 33, 376, 68, 38, 270, 19, 377, 402, 287, 107, 61, 350, 150, 203, 295, 129, 308, 394, 225, 283, 8, 319, 164, 3, 2, 386, 367, 334, 136, 272, 41, 50, 56, 179, 368, 155, 143, 310, 400, 304, 260, 312, 35, 218, 84, 46, 176, 31, 52, 40, 263, 78, 226, 210, 79, 69, 109, 81, 22, 21, 82, 247, 204, 172, 26, 195, 91, 248, 151, 11, 340, 360, 96, 66, 60, 98, 385, 67, 114, 88, 353, 352, 90, 72, 266, 232, 141, 116, 361, 51, 49, 37, 54, 301, 120, 392, 351, 293, 43, 34, 163, 25, 235, 121, 364, 303, 71, 42, 104, 349, 73, 99, 389, 106, 359, 131, 355, 115, 94, 314, 59, 341, 372, 28, 159, 20, 171, 63, 213, 278, 122, 119, 168, 182, 209, 356, 322, 65, 85, 387, 384, 383, 149, 146, 144, 105, 391, 325, 180, 165, 207, 45, 363, 289, 237, 335, 316, 110, 326, 390, 265, 275, 258, 254, 223, 214, 192, 338, 162, 48, 24, 211, 170, 284, 290, 286, 74, 354, 200, 297, 313, 323, 305, 215, 344, 252, 191, 187, 234, 228, 57, 240, 219, 47, 86, 101, 285, 282, 395, 126, 271, 317, 231, 288, 175, 291, 315, 161, 148, 154, 132, 306, 29, 135, 280, 279, 236, 44, 93, 9, 366, 292, 329, 294, 227, 212, 345, 173, 309, 64, 15, 217, 145, 318, 373, 92, 347, 401, 216, 342, 337, 166, 199, 190, 138, 224, 177, 188, 299, 298, 374, 198, 253, 77, 156, 147, 336, 321, 379, 331, 378, 398, 396, 370, 328, 327, 202, 184, 4, 264, 330, 12, 133, 388, 348, 343, 332, 296, 230, 382, 320, 87, 222, 250, 102, 108, 256, 249, 127, 399, 18, 208, 160, 365, 245, 196, 0, 157, 269, 174, 185, 268, 16, 153, 75, 111, 369, 181, 346, 183, 17, 186, 53, 6, 103, 194, 324, 381, 311, 10, 158, 1, 242, 117, 124, 339, 220, 197, 137, 397, 5, 142, 239, 70, 233, 380, 251, 274, 357, 358, 257, 241, 112, 244, 80, 97, 276, 259, 58, 277, 39, 262, 261, 134, 243, 123, 140, 125, 273, 302, 89, 130, 193, 178, 100, 307, 7, 246, 201, 118, 167, 36, 152, 76, 206, 30, 238, 229, 393, 95, 55, 189, 375, 371, 221, 300, 169, 27, 139]
Długość trasy: 2542
Czas wykonania: 360011 ms

1794: 2762
3074: 2640
516: 3249
1288: 2901
2058: 2714
2570: 2657
2826: 2644
2315: 2674
5132: 2611
1039: 3005
784: 3120
1552: 2820
125719: 2535
1816: 2756
4893: 2621
2079: 2711
2335: 2673
2591: 2656
2847: 2642
547: 3236
16419: 2556
804: 3110
1060: 2996
1316: 2894
293: 3355
1837: 2752
1582: 2813
47: 3513
3888: 2634
4914: 2619
2867: 2641
2100: 2708
2356: 2671
2612: 2655
13620: 2558
7222: 2585
1080: 2985
1336: 2888
313: 3341
825: 3098
5436: 2602
577: 3224
3909: 2633
72: 3496
1864: 2747
2121: 2704
2377: 2670
5195: 2609
1357: 2880
1613: 2806
334: 3327
1102: 2977
847: 3088
13135: 2566
2653: 2654
1886: 2743
2398: 2668
607: 3213
1377: 2873
98: 3474
1123: 2968
2147: 2702
10339: 2567
13156: 2563
65383: 2546
5226: 2607
875: 3080
1643: 2801
125805: 2528
365: 3314
6509: 2590
8301: 2570
3951: 2632
2674: 2653
1908: 2740
1398: 2867
1143: 2960
632: 3200
2168: 2700
2425: 2667
122: 3456
16506: 2554
895: 3071
5249: 2606
125827: 2518
1670: 2795
1929: 2736
4745: 2625
1418: 2859
395: 3299
38283: 2547
1164: 2953
2700: 2651
2189: 2697
2446: 2664
143: 3437
65678: 2537
916: 3062
661: 3188
6038: 2601
5018: 2618
1691: 2789
1439: 2852
1951: 2732
1184: 2945
2721: 2649
2210: 2695
2466: 2663
163: 3420
936: 3051
425: 3286
681: 3178
1711: 2782
1459: 2845
13491: 2562
1205: 2939
1973: 2729
4789: 2624
2742: 2648
6326: 2598
2231: 2687
2487: 2662
957: 3042
702: 3166
1732: 2775
455: 3273
1480: 2838
1226: 2929
4810: 2623
6346: 2594
1995: 2725
2763: 2647
2252: 2684
2508: 2660
5069: 2617
722: 3154
978: 3033
211: 3402
5332: 2604
1753: 2771
4315: 2629
1500: 2834
3805: 2636
8157: 2576
1246: 2919
21214: 2551
2016: 2721
2528: 2659
2784: 2646
2273: 2679
22241: 2548
486: 3261
742: 3143
998: 3023
232: 3384
1774: 2766
1521: 2828
3826: 2635
1267: 2909
6387: 2592
2037: 2716
2549: 2658
2805: 2645
2294: 2676
7929: 2584
763: 3131
1019: 3014
10236: 2569
253: 3371
Algorytm: Tabu Search: Zamiana losowych miast
Ilość wierzchołków: 403
Najkrótsza trasa: [333, 267, 281, 23, 14, 62, 13, 205, 362, 171, 63, 32, 113, 293, 33, 376, 68, 211, 270, 19, 266, 402, 287, 107, 61, 83, 218, 203, 295, 97, 308, 394, 393, 58, 8, 319, 163, 3, 2, 386, 47, 112, 322, 272, 41, 340, 126, 271, 257, 65, 153, 310, 309, 397, 5, 301, 256, 387, 84, 318, 77, 31, 52, 40, 263, 78, 226, 147, 79, 69, 245, 81, 22, 21, 316, 249, 127, 172, 26, 142, 367, 75, 140, 334, 206, 30, 91, 66, 60, 98, 385, 67, 189, 88, 353, 39, 90, 72, 71, 102, 160, 365, 92, 51, 49, 37, 36, 108, 120, 392, 351, 395, 217, 145, 123, 106, 359, 136, 364, 303, 297, 335, 104, 349, 29, 99, 389, 187, 246, 131, 355, 115, 114, 96, 244, 80, 372, 356, 159, 7, 262, 261, 213, 278, 122, 119, 73, 130, 209, 28, 237, 150, 34, 43, 384, 383, 9, 146, 381, 105, 391, 390, 180, 165, 360, 374, 363, 315, 129, 255, 289, 265, 275, 325, 110, 326, 210, 254, 223, 214, 192, 94, 264, 251, 274, 46, 170, 284, 137, 286, 74, 216, 200, 224, 331, 323, 305, 215, 344, 252, 191, 373, 234, 228, 198, 240, 219, 24, 152, 76, 285, 282, 370, 358, 357, 328, 231, 288, 175, 291, 204, 161, 148, 154, 134, 306, 6, 135, 280, 12, 162, 48, 133, 85, 336, 292, 329, 294, 317, 42, 345, 173, 400, 141, 116, 221, 199, 95, 55, 149, 347, 401, 354, 342, 18, 166, 300, 190, 100, 44, 202, 188, 299, 298, 236, 227, 144, 176, 156, 258, 181, 346, 338, 307, 20, 398, 396, 350, 128, 158, 339, 82, 247, 241, 330, 343, 182, 388, 348, 290, 64, 15, 230, 382, 212, 174, 185, 86, 11, 139, 4, 207, 45, 399, 337, 103, 164, 25, 93, 38, 169, 27, 314, 59, 184, 268, 16, 239, 117, 179, 368, 366, 321, 379, 248, 186, 53, 168, 253, 194, 324, 320, 177, 124, 1, 50, 242, 70, 157, 269, 87, 56, 220, 197, 222, 250, 208, 195, 233, 380, 235, 121, 193, 183, 17, 279, 178, 138, 57, 361, 276, 259, 311, 10, 109, 304, 260, 132, 243, 283, 277, 125, 273, 302, 89, 155, 143, 352, 312, 35, 151, 101, 201, 118, 341, 232, 111, 369, 332, 296, 238, 229, 225, 313, 378, 377, 375, 371, 327, 167, 54, 196, 0]
Długość trasy: 2518
Czas wykonania: 360010 ms

2048: 2669
13313: 2547
1540: 2794
109060: 2531
2567: 2625
778: 3092
2315: 2638
20238: 2539
30223: 2532
528: 3230
1808: 2720
1042: 2972
276: 3360
2068: 2664
1301: 2881
1560: 2788
2587: 2624
10013: 2555
799: 3080
2335: 2637
547: 3218
1828: 2714
296: 3346
1320: 2873
2088: 2662
2857: 2596
4649: 2581
1580: 2782
46: 3512
2607: 2623
1072: 2962
109104: 2522
2355: 2636
820: 3070
567: 3205
1848: 2709
1340: 2865
2108: 2660
4668: 2580
1600: 2777
322: 3333
71: 3494
840: 3059
1868: 2703
1102: 2952
1360: 2857
2128: 2658
4688: 2578
2385: 2635
594: 3192
1620: 2772
343: 3318
2647: 2621
860: 3046
1888: 2700
1380: 2850
4708: 2577
4965: 2573
102: 3471
614: 3181
1640: 2765
13417: 2543
27754: 2535
2155: 2656
364: 3305
1132: 2943
2668: 2614
10094: 2554
2415: 2634
1908: 2696
1400: 2843
634: 3171
890: 3036
1660: 2761
2175: 2653
384: 3292
133: 3454
6279: 2557
1928: 2692
2696: 2613
1162: 2932
4234: 2583
1420: 2836
4748: 2574
2445: 2633
654: 3159
910: 3029
1680: 2757
2195: 2650
10134: 2553
2716: 2611
1949: 2688
159: 3435
1439: 2829
418: 3278
674: 3148
930: 3019
9890: 2556
1700: 2750
2215: 2647
1192: 2923
2475: 2630
1968: 2684
2736: 2609
4016: 2589
13232: 2549
113840: 2513
1459: 2821
949: 3010
694: 3135
184: 3419
2235: 2645
1214: 2915
3007: 2594
448: 3265
1728: 2741
1988: 2680
2756: 2608
1479: 2813
2504: 2628
969: 3000
714: 3124
2255: 2644
209: 3406
1234: 2906
13010: 2552
1748: 2735
2008: 2676
2776: 2601
5082: 2566
1499: 2806
989: 2991
478: 3253
2527: 2627
738: 3113
2275: 2642
1253: 2898
1768: 2729
27369: 2537
235: 3390
4075: 2585
2028: 2672
2797: 2600
13293: 2548
1520: 2800
1009: 2983
2547: 2626
758: 3102
2295: 2640
5879: 2564
1273: 2890
6139: 2562
508: 3241
1788: 2724
4094: 2584
255: 3372
Algorytm: Tabu Search: Zamiana losowych miast
Ilość wierzchołków: 403
Najkrótsza trasa: [0, 167, 36, 23, 14, 62, 13, 205, 204, 139, 4, 264, 113, 395, 33, 376, 194, 380, 289, 246, 177, 402, 287, 107, 61, 83, 43, 34, 295, 24, 397, 394, 393, 283, 8, 319, 163, 3, 2, 386, 47, 112, 358, 272, 41, 151, 101, 182, 179, 368, 153, 310, 73, 308, 260, 95, 10, 150, 84, 317, 77, 31, 52, 40, 341, 78, 226, 210, 79, 69, 68, 81, 22, 21, 108, 256, 247, 172, 26, 211, 314, 59, 127, 158, 1, 360, 96, 66, 60, 44, 385, 67, 189, 88, 353, 39, 90, 72, 266, 164, 25, 248, 149, 51, 49, 37, 54, 301, 120, 392, 351, 257, 333, 267, 188, 299, 298, 109, 364, 303, 18, 335, 93, 349, 29, 99, 389, 218, 9, 131, 355, 115, 338, 242, 70, 313, 7, 352, 307, 20, 104, 203, 372, 278, 122, 401, 309, 102, 209, 356, 136, 357, 328, 217, 384, 383, 361, 146, 320, 105, 391, 154, 106, 165, 91, 374, 363, 379, 253, 142, 373, 265, 326, 325, 110, 275, 390, 254, 223, 214, 192, 94, 162, 48, 232, 237, 170, 284, 343, 286, 74, 216, 342, 71, 331, 323, 305, 215, 400, 375, 191, 187, 234, 228, 297, 240, 219, 19, 224, 184, 285, 282, 370, 322, 235, 121, 132, 243, 175, 291, 362, 161, 148, 258, 231, 306, 6, 135, 280, 12, 236, 98, 195, 137, 366, 292, 329, 294, 227, 381, 345, 173, 168, 141, 116, 221, 300, 340, 42, 92, 347, 119, 354, 200, 57, 166, 199, 190, 138, 213, 28, 332, 296, 171, 63, 377, 129, 176, 156, 147, 181, 346, 114, 159, 378, 337, 230, 382, 212, 86, 11, 38, 270, 87, 56, 82, 249, 388, 348, 290, 160, 365, 245, 241, 344, 174, 250, 367, 75, 316, 255, 252, 371, 327, 186, 53, 64, 15, 32, 330, 169, 27, 103, 304, 5, 268, 16, 193, 178, 100, 180, 359, 202, 183, 17, 279, 125, 273, 46, 233, 324, 144, 111, 369, 206, 30, 198, 312, 35, 50, 387, 145, 220, 197, 222, 185, 133, 311, 55, 65, 251, 274, 293, 238, 229, 225, 128, 239, 117, 85, 276, 259, 124, 339, 130, 262, 261, 134, 288, 58, 277, 263, 318, 302, 118, 155, 143, 208, 244, 80, 152, 76, 201, 89, 126, 271, 350, 336, 321, 315, 97, 140, 334, 157, 269, 207, 45, 123, 399, 398, 396, 281, 196]
Długość trasy: 2513
Czas wykonania: 360011 ms

1792: 2765
290308: 2527
1282: 2922
4868: 2587
3077: 2625
1035: 3026
1550: 2827
527: 3234
3600: 2603
8208: 2586
273: 3367
2321: 2695
2833: 2641
786: 3140
1815: 2760
2583: 2662
3102: 2624
1055: 3016
1311: 2913
290596: 2521
1571: 2821
2085: 2713
3366: 2615
2855: 2639
8231: 2579
296: 3354
3625: 2602
1835: 2755
560: 3221
816: 3129
49: 3512
1331: 2905
2611: 2660
1592: 2813
3129: 2623
63545: 2538
14906: 2564
2363: 2691
316: 3338
1085: 3006
8253: 2577
1857: 2751
2881: 2637
837: 3119
1352: 2896
4168: 2598
75: 3494
1612: 2807
2124: 2710
3405: 2610
2638: 2659
36944: 2554
337: 3324
594: 3208
3155: 2622
1109: 2996
2389: 2688
1879: 2741
860: 3108
1373: 2887
2909: 2636
44128: 2547
1633: 2801
2664: 2656
8298: 2576
1131: 2986
3181: 2621
111: 3476
20079: 2559
368: 3311
625: 3198
1905: 2736
2417: 2685
2162: 2706
3443: 2606
884: 3098
1397: 2881
1654: 2796
2935: 2635
4731: 2596
1152: 2977
2690: 2652
389: 3297
906: 3088
1419: 2872
1675: 2791
140: 3449
1932: 2732
2444: 2682
656: 3186
2960: 2634
4753: 2594
1173: 2968
8343: 2574
2200: 2703
2716: 2651
413: 3285
927: 3077
1440: 2864
1696: 2786
166: 3433
1959: 2729
2471: 2680
4777: 2591
1194: 2959
2988: 2631
3500: 2605
688: 3175
2740: 2649
949: 3067
1461: 2856
1719: 2779
117433: 2530
189: 3414
445: 3272
19901: 2563
1214: 2951
37054: 2548
1983: 2725
2239: 2700
2499: 2678
3011: 2629
3267: 2617
970: 3057
1483: 2848
1740: 2773
2766: 2647
64464: 2531
210: 3399
722: 3163
468: 3259
1237: 2940
2008: 2721
3033: 2627
3547: 2604
2525: 2672
3294: 2616
991: 3047
1507: 2841
2788: 2643
231: 3382
1768: 2769
2280: 2697
19946: 2561
492: 3247
1262: 2931
3054: 2626
755: 3152
1014: 3037
1528: 2833
2554: 2664
2811: 2642
22780: 2558
8702: 2570
2047: 2717
Algorytm: Tabu Search: Zamiana losowych miast
Ilość wierzchołków: 403
Najkrótsza trasa: [0, 102, 137, 23, 14, 62, 13, 205, 315, 104, 9, 251, 113, 395, 33, 376, 68, 211, 270, 19, 18, 402, 287, 107, 61, 327, 93, 84, 281, 142, 397, 394, 393, 58, 8, 309, 163, 3, 2, 386, 322, 357, 358, 272, 28, 24, 54, 314, 59, 232, 367, 310, 6, 304, 260, 312, 35, 218, 145, 340, 176, 31, 52, 40, 341, 230, 226, 390, 88, 69, 245, 81, 22, 21, 82, 247, 129, 172, 26, 131, 179, 368, 160, 15, 206, 30, 91, 66, 60, 44, 166, 67, 94, 360, 353, 39, 90, 72, 224, 164, 25, 79, 361, 51, 49, 37, 36, 316, 120, 392, 249, 177, 42, 318, 133, 180, 165, 237, 364, 303, 297, 242, 117, 139, 4, 99, 389, 111, 369, 373, 355, 115, 114, 96, 244, 80, 209, 356, 159, 20, 262, 261, 213, 278, 122, 119, 168, 193, 372, 41, 136, 370, 328, 150, 384, 383, 149, 146, 144, 105, 391, 210, 43, 349, 319, 374, 363, 362, 85, 276, 298, 265, 275, 154, 109, 326, 325, 254, 223, 214, 192, 338, 162, 48, 140, 334, 170, 284, 110, 286, 74, 354, 342, 71, 307, 323, 305, 215, 344, 252, 191, 187, 234, 228, 57, 240, 219, 47, 217, 203, 285, 282, 128, 255, 235, 121, 134, 243, 175, 291, 379, 161, 148, 147, 132, 306, 400, 135, 280, 279, 387, 34, 178, 138, 336, 292, 329, 294, 38, 212, 345, 173, 73, 141, 116, 221, 300, 236, 227, 92, 347, 401, 216, 200, 198, 385, 199, 190, 100, 98, 208, 332, 296, 171, 63, 266, 97, 77, 156, 258, 181, 346, 189, 331, 378, 398, 396, 83, 182, 158, 339, 126, 55, 264, 330, 343, 202, 388, 348, 290, 130, 188, 299, 259, 231, 288, 268, 16, 183, 17, 12, 124, 269, 377, 186, 53, 64, 365, 151, 101, 169, 27, 29, 246, 222, 185, 335, 174, 250, 65, 106, 359, 313, 7, 123, 103, 125, 273, 293, 233, 324, 381, 86, 11, 333, 267, 152, 76, 263, 167, 241, 112, 220, 197, 295, 78, 382, 320, 194, 380, 32, 274, 317, 195, 239, 70, 87, 308, 5, 301, 256, 289, 127, 399, 337, 108, 351, 350, 184, 283, 277, 352, 253, 201, 118, 155, 143, 311, 10, 95, 271, 46, 302, 89, 157, 1, 248, 366, 321, 204, 238, 229, 225, 153, 75, 207, 45, 375, 371, 257, 50, 56, 196]
Długość trasy: 2521
Czas wykonania: 360011 ms

