119808: 3116
146432: 2834
103426: 3429
88071: 3988
81926: 4387
113670: 3229
124941: 3039
133135: 2963
130065: 2981
118800: 3123
139283: 2897
65557: 5358
34841: 6672
95258: 3619
42012: 6523
147486: 2825
116764: 3147
106527: 3353
94242: 3656
132134: 2970
68647: 5188
115752: 3166
80939: 4458
108587: 3316
36909: 6639
41005: 6582
93233: 3694
85043: 4189
6197: 6961
102452: 3440
114740: 3201
140343: 2888
119864: 3115
57403: 5886
149561: 2809
340024: 2726
107583: 3340
112705: 3239
12354: 6868
124997: 3036
127044: 3017
103495: 3426
100426: 3499
160844: 2774
148557: 2821
91217: 3758
123987: 3052
96341: 3601
60502: 5725
109664: 3289
77923: 4618
128099: 3000
90210: 3871
94306: 3652
105570: 3372
97380: 3577
156772: 2785
1130: 7088
114795: 3193
120941: 3091
119919: 3114
143469: 2859
51315: 6186
99447: 3520
155764: 2790
113782: 3225
87163: 4053
74876: 4812
93308: 3675
103550: 3423
133245: 2961
100480: 3494
137351: 2914
83080: 4306
66699: 5353
126090: 3021
96397: 3600
106636: 3352
129167: 2989
95376: 3616
73875: 4878
153745: 2795
70805: 5019
105627: 3370
50334: 6231
104609: 3395
174243: 2762
114850: 3192
131233: 2977
62628: 5567
94372: 3650
119975: 3111
71846: 4996
98470: 3548
101542: 3470
72879: 4924
99503: 3517
113838: 3220
127153: 3014
64690: 5464
103604: 3422
92346: 3727
111807: 3254
138438: 2901
147652: 2824
129222: 2988
177349: 2756
86217: 4125
108751: 3311
115919: 3164
198861: 2742
24785: 6861
226512: 2741
97493: 3572
157910: 2781
338129: 2729
335071: 2730
123103: 3064
101598: 3469
98528: 3547
89314: 3932
162023: 2772
94439: 3647
127207: 3012
173284: 2763
133355: 2960
122090: 3078
67824: 5259
81139: 4420
144630: 2852
111863: 3250
137461: 2912
158974: 2777
116988: 3140
27906: 6805
132352: 2969
124166: 3050
115976: 3161
104719: 3394
97550: 3570
105742: 3369
87313: 4033
143634: 2857
61713: 5624
114962: 3188
135441: 2940
58644: 5797
101653: 3466
123157: 3063
98585: 3538
107803: 3334
122145: 3076
103714: 3416
100645: 3492
139558: 2894
155946: 2789
94504: 3646
142635: 2868
145704: 2844
76079: 4770
68913: 5163
106801: 3348
120112: 3110
99635: 3514
110904: 3271
78141: 4614
83260: 4300
44355: 6299
131399: 2974
63814: 5514
90439: 3867
140618: 2885
102730: 3438
115018: 3182
101708: 3464
123212: 3061
53590: 6082
32088: 6752
43358: 6378
89441: 3915
137572: 2908
144740: 2851
92518: 3726
94568: 3642
99690: 3512
57708: 5863
151918: 2799
119148: 3122
132461: 2968
96627: 3598
110962: 3265
124276: 3049
11638: 6941
109943: 3286
136564: 2925
105853: 3367
41341: 6579
3455: 6982
104830: 3391
146816: 2832
101762: 3461
140673: 2883
84357: 4258
60805: 5712
82310: 4322
39308: 6621
74124: 4876
95628: 3614
40337: 6599
38290: 6635
100755: 3489
149904: 2808
161174: 2773
121236: 3090
152980: 2797
79257: 4577
142745: 2866
114080: 3218
66978: 5308
93602: 3665
125350: 3031
329122: 2736
148906: 2812
136619: 2923
96685: 3595
108973: 3307
118193: 3128
110000: 3283
355764: 2724
80307: 4494
104886: 3387
97721: 3568
90554: 3860
140729: 2882
134591: 2946
127425: 3009
331205: 2731
77251: 4649
188875: 2751
100810: 3488
62925: 5534
121292: 3086
142800: 2865
120277: 3108
51672: 6118
172507: 2764
89570: 3908
124386: 3046
128482: 2996
96743: 3592
141796: 2876
228843: 2738
135663: 2939
147954: 2823
83443: 4281
101875: 3457
97778: 3567
123378: 3060
157169: 2783
94710: 3631
146943: 2829
68097: 5238
103936: 3410
153089: 2796
1541: 7047
86536: 4084
92680: 3713
55819: 5955
142857: 2863
114189: 3215
120332: 3105
129550: 2987
99857: 3508
119312: 3120
49682: 6267
98834: 3537
155158: 2792
145943: 2841
113175: 3236
78363: 4608
102939: 3437
76314: 4731
96800: 3589
106020: 3362
144935: 2848
90665: 3840
48682: 6298
117290: 3139
25132: 6841
85548: 4173
97836: 3563
127535: 3008
84526: 4227
109109: 3306
122420: 3073
88632: 3982
100920: 3484
91707: 3751
95803: 3613
330299: 2732
120387: 3103
129605: 2985
69188: 5119
114244: 3211
58954: 5761
112206: 3248
145997: 2836
107092: 3347
54870: 6052
118359: 3126
75359: 4782
116322: 3159
127589: 3004
110183: 3281
150123: 2807
133737: 2956
64109: 5486
109164: 3305
115308: 3181
79471: 4536
139890: 2891
108147: 3330
156276: 2788
103030: 3436
105080: 3386
119422: 3118
80512: 4470
81536: 4398
70275: 5088
74371: 4850
98948: 3535
124551: 3045
112262: 3246
149125: 2811
151178: 2805
131731: 2972
135831: 2938
117400: 3138
2714: 7008
141980: 2874
134813: 2942
109219: 3302
115363: 3170
122530: 3071
58020: 5849
72357: 4971
83623: 4272
96935: 3585
92840: 3708
43690: 6343
105132: 3383
160428: 2775
126640: 3018
137907: 2907
120499: 3098
95922: 3612
61108: 5657
42678: 6486
100022: 3507
99003: 3528
113340: 3235
88768: 3979
136897: 2918
41677: 6576
123598: 3058
116432: 3155
85716: 4170
106199: 3361
144085: 2855
52953: 6113
84698: 4198
36574: 6651
89822: 3904
108257: 3329
121568: 3084
87779: 3999
98018: 3562
114409: 3209
104170: 3407
94957: 3630
132846: 2965
95980: 3605
102124: 3449
103151: 3433
152300: 2798
113395: 3234
143089: 2862
149233: 2810
93941: 3661
128756: 2995
57081: 5902
78584: 4586
158457: 2779
118524: 3125
65279: 5408
131843: 2971
76549: 4728
123652: 3055
135943: 2937
116487: 3150
117512: 3135
163595: 2771
142089: 2873
122641: 3069
130833: 2979
105241: 3382
98075: 3561
156441: 2787
119587: 3117
60199: 5750
107309: 3342
124716: 3041
128812: 2994
193339: 2744
111419: 3262
137021: 2916
79683: 4504
110405: 3280
109385: 3297
103240: 3432
130888: 2978
228170: 2740
93007: 3702
136012: 2936
75601: 4779
105296: 3379
141139: 2880
88917: 3964
98132: 3558
50007: 6257
89945: 3893
104280: 3406
100187: 3502
155487: 2791
125791: 3026
113505: 3233
95078: 3628
154469: 2794
62312: 5579
90995: 3812
111475: 3258
123763: 3054
85880: 4143
147323: 2827
142200: 2869
144248: 2854
49022: 6281
122751: 3068
109441: 3294
164736: 2766
59267: 5760
228224: 2739
108421: 3324
121733: 3081
156551: 2786
141195: 2877
70539: 5069
98188: 3551
64399: 5485
55186: 5969
101267: 3482
159637: 2776
99225: 3522
113561: 3230
112539: 3243
128923: 2993
73628: 4880
95138: 3625
103333: 3431
27562: 6835
148392: 2822
92077: 3741
117677: 3133
106417: 3360
97202: 3581
110516: 3274
122806: 3066
176057: 2761
105405: 3375
114629: 3205
104390: 3398
120774: 3095
143306: 2860
10186: 6952
101322: 3476
54221: 6055
94156: 3657
67534: 5285
82894: 4309
151506: 2801
154578: 2793
134097: 2948
78805: 4585
118744: 3124
89051: 3946
91099: 3759
171992: 2765
58331: 5846
130012: 2984
95198: 3624
145373: 2845
111585: 3255
87008: 4072
29666: 6763
96228: 3602
93158: 3698
76778: 4681
129005: 2990
90094: 3884
115696: 3167
136179: 2928
105460: 3374
108532: 3322
114685: 3202
Algorytm: Genetic Algorithm
Ilość wierzchołków: 403
Najkrótsza trasa: [197, 34, 295, 161, 148, 147, 170, 284, 329, 142, 162, 48, 335, 43, 384, 383, 203, 238, 229, 14, 92, 146, 144, 211, 270, 294, 386, 47, 112, 133, 246, 276, 259, 155, 20, 130, 105, 391, 124, 339, 376, 398, 396, 395, 125, 273, 281, 385, 67, 338, 333, 267, 46, 209, 41, 150, 9, 312, 35, 24, 54, 248, 348, 127, 192, 94, 102, 397, 260, 349, 168, 65, 58, 8, 319, 372, 278, 18, 139, 336, 321, 379, 163, 25, 123, 399, 71, 313, 378, 377, 157, 1, 88, 182, 330, 236, 227, 320, 217, 239, 117, 218, 171, 63, 91, 66, 74, 188, 173, 52, 331, 323, 176, 31, 73, 253, 126, 271, 83, 195, 325, 149, 51, 298, 64, 15, 86, 11, 340, 87, 268, 16, 2, 264, 322, 293, 159, 7, 353, 352, 141, 392, 351, 107, 332, 215, 214, 387, 135, 280, 12, 233, 380, 204, 244, 80, 38, 169, 27, 165, 318, 251, 274, 327, 90, 72, 237, 29, 375, 371, 317, 222, 185, 360, 96, 189, 193, 23, 225, 301, 256, 247, 50, 56, 174, 250, 60, 98, 240, 219, 308, 5, 103, 110, 207, 45, 77, 156, 210, 132, 243, 178, 100, 44, 196, 0, 216, 342, 57, 232, 134, 288, 343, 373, 355, 400, 136, 61, 252, 191, 179, 368, 167, 13, 306, 285, 282, 140, 40, 39, 241, 113, 357, 19, 122, 119, 115, 114, 69, 364, 303, 266, 104, 145, 334, 224, 131, 344, 316, 255, 138, 337, 231, 183, 17, 279, 128, 95, 55, 388, 290, 202, 78, 226, 154, 186, 53, 6, 374, 363, 315, 194, 324, 381, 221, 300, 305, 37, 151, 101, 81, 22, 21, 97, 286, 49, 296, 109, 275, 258, 42, 283, 108, 120, 401, 309, 242, 70, 235, 121, 208, 307, 143, 32, 358, 350, 164, 3, 390, 345, 299, 277, 263, 361, 347, 341, 160, 116, 175, 291, 289, 262, 261, 297, 166, 199, 84, 370, 328, 272, 354, 200, 201, 89, 82, 249, 205, 362, 106, 402, 287, 257, 158, 269, 79, 62, 36, 99, 389, 180, 359, 187, 93, 304, 394, 393, 314, 59, 365, 245, 177, 230, 382, 212, 254, 223, 181, 346, 206, 30, 68, 184, 4, 367, 310, 152, 76, 356, 213, 28, 302, 118, 85, 311, 10, 366, 292, 111, 369, 129, 33, 153, 75, 190, 172, 26, 137, 234, 228, 198, 265, 326, 220]
Długość trasy: 2724
Czas wykonania: 360032 ms

