24896: 1992
1: 2621
24386: 2102
25861: 1898
23366: 2312
23942: 2245
25862: 1858
25865: 1840
26185: 1826
25802: 1926
24910: 1965
24463: 2048
24911: 1955
24272: 2138
24464: 2005
22999: 2611
23832: 2286
24028: 2243
25888: 1837
26336: 1799
26848: 1791
25633: 1943
25889: 1834
26849: 1790
26338: 1798
24037: 2220
23335: 2569
24048: 2193
25841: 1925
23219: 2575
24243: 2160
25653: 1929
25845: 1920
25847: 1918
23354: 2420
Algorytm: Symulowane wyżarzanie: Zamiana losowych miast
Ilość wierzchołków: 48
Najkrótsza trasa: [32, 7, 23, 34, 13, 46, 36, 14, 35, 15, 16, 45, 39, 19, 44, 21, 47, 26, 41, 43, 42, 22, 40, 20, 38, 0, 25, 1, 9, 33, 27, 2, 28, 3, 24, 4, 29, 30, 31, 5, 6, 10, 8, 11, 37, 18, 17, 12]
Długość trasy: 1790
Czas wykonania: 120001 ms

0: 2560
26432: 1803
23844: 2319
24069: 2311
24553: 2170
24554: 2105
25578: 1860
26445: 1800
23758: 2347
25742: 1845
26222: 1807
25105: 1932
23059: 2540
25109: 1918
25111: 1864
24186: 2246
24794: 2063
23484: 2379
24798: 1989
Algorytm: Symulowane wyżarzanie: Zamiana losowych miast
Ilość wierzchołków: 48
Najkrótsza trasa: [31, 6, 9, 33, 27, 28, 2, 41, 43, 42, 22, 20, 38, 37, 0, 25, 18, 17, 12, 7, 23, 34, 13, 46, 36, 35, 14, 15, 16, 45, 39, 19, 44, 21, 40, 47, 26, 1, 10, 11, 8, 32, 3, 24, 4, 29, 30, 5]
Długość trasy: 1800
Czas wykonania: 120000 ms

0: 2544
24386: 2145
25801: 1912
25871: 1879
24656: 2134
24657: 2041
24598: 2141
25047: 2039
26135: 1842
26519: 1838
25433: 2008
23582: 2482
23135: 2506
23584: 2457
23649: 2366
25121: 2030
26530: 1835
26532: 1804
23529: 2488
24243: 2308
25716: 1938
24245: 2188
25718: 1931
23932: 2349
23933: 2345
23934: 2310
25598: 1982
25919: 1847
Algorytm: Symulowane wyżarzanie: Zamiana losowych miast
Ilość wierzchołków: 48
Najkrótsza trasa: [29, 30, 31, 5, 6, 8, 11, 10, 0, 25, 1, 9, 33, 27, 2, 41, 43, 20, 37, 38, 18, 17, 12, 32, 7, 23, 34, 13, 46, 36, 14, 35, 15, 16, 45, 39, 19, 44, 21, 40, 47, 26, 22, 42, 28, 3, 24, 4]
Długość trasy: 1804
Czas wykonania: 120001 ms

0: 2918
23296: 2568
24320: 2156
25156: 1996
25932: 1933
23821: 2319
25933: 1930
25934: 1917
25999: 1818
26000: 1802
26002: 1799
26003: 1798
22744: 2815
25944: 1878
24220: 2199
25948: 1854
21934: 2828
23406: 2416
23282: 2675
25204: 1934
22901: 2778
23221: 2715
26101: 1789
24438: 2041
23927: 2312
25143: 2036
23928: 2275
22908: 2743
23039: 2732
Algorytm: Symulowane wyżarzanie: Zamiana losowych miast
Ilość wierzchołków: 48
Najkrótsza trasa: [18, 17, 13, 46, 36, 35, 14, 34, 23, 12, 32, 7, 31, 30, 5, 24, 4, 29, 3, 6, 8, 11, 10, 0, 25, 47, 26, 1, 9, 33, 27, 28, 2, 41, 43, 42, 22, 19, 44, 15, 16, 45, 39, 21, 40, 20, 38, 37]
Długość trasy: 1789
Czas wykonania: 120000 ms

1: 2562
23841: 2298
24801: 2035
26562: 1832
25991: 1886
23275: 2445
25420: 1917
26252: 1838
24205: 2069
25421: 1900
25262: 1996
26255: 1837
23762: 2409
25076: 2001
26103: 1866
26106: 1846
24123: 2186
25307: 1994
26011: 1885
26107: 1840
24796: 2067
25309: 1987
26045: 1869
Algorytm: Symulowane wyżarzanie: Zamiana losowych miast
Ilość wierzchołków: 48
Najkrótsza trasa: [39, 19, 44, 21, 47, 26, 1, 0, 25, 28, 2, 41, 43, 42, 22, 40, 20, 38, 37, 18, 17, 12, 32, 6, 8, 11, 10, 9, 33, 27, 3, 24, 4, 29, 30, 5, 31, 7, 23, 34, 13, 46, 36, 14, 35, 15, 16, 45]
Długość trasy: 1832
Czas wykonania: 120001 ms

0: 2559
24641: 2185
24034: 2296
25188: 2051
24486: 2283
25639: 1943
25640: 1928
23625: 2557
25641: 1873
25162: 2107
24493: 2253
24943: 2180
24944: 2119
23667: 2376
25207: 2018
23992: 2345
25692: 1871
25565: 2017
25566: 1971
Algorytm: Symulowane wyżarzanie: Zamiana losowych miast
Ilość wierzchołków: 48
Najkrótsza trasa: [45, 39, 44, 19, 20, 37, 38, 10, 11, 8, 24, 3, 4, 29, 30, 31, 5, 6, 9, 33, 27, 28, 2, 41, 43, 22, 42, 21, 40, 47, 26, 1, 0, 25, 18, 17, 12, 32, 7, 23, 34, 13, 46, 36, 35, 14, 15, 16]
Długość trasy: 1871
Czas wykonania: 120000 ms

1: 2509
26947: 1887
26948: 1873
24650: 2307
24651: 2263
26065: 1917
25751: 2027
26136: 1908
24796: 2228
26524: 1903
26525: 1889
24927: 2215
25375: 2049
27679: 1853
24097: 2505
27685: 1851
25126: 2141
25254: 2092
25127: 2106
27692: 1842
24239: 2349
25331: 2082
25780: 1932
24569: 2323
24123: 2462
Algorytm: Symulowane wyżarzanie: Zamiana losowych miast
Ilość wierzchołków: 48
Najkrótsza trasa: [25, 37, 18, 17, 46, 36, 35, 14, 15, 16, 45, 39, 19, 44, 21, 20, 38, 13, 34, 23, 12, 32, 7, 31, 5, 3, 24, 4, 29, 30, 6, 10, 11, 8, 9, 33, 27, 28, 2, 41, 43, 42, 22, 40, 47, 26, 1, 0]
Długość trasy: 1842
Czas wykonania: 120001 ms

0: 2578
25664: 1958
25921: 1899
25923: 1892
25160: 2073
25102: 2094
25935: 1875
23440: 2360
25936: 1873
24025: 2308
26074: 1852
25947: 1862
25758: 1945
25380: 2034
25381: 2023
25702: 1951
24615: 2159
25383: 1977
24622: 2109
25006: 2104
24495: 2265
24500: 2222
25337: 2039
24570: 2205
25663: 1975
Algorytm: Symulowane wyżarzanie: Zamiana losowych miast
Ilość wierzchołków: 48
Najkrótsza trasa: [38, 0, 25, 1, 9, 33, 27, 28, 2, 41, 43, 42, 22, 20, 18, 17, 12, 32, 7, 23, 34, 13, 46, 36, 35, 14, 15, 16, 45, 39, 19, 44, 21, 40, 47, 26, 10, 8, 6, 24, 4, 3, 29, 30, 5, 31, 11, 37]
Długość trasy: 1852
Czas wykonania: 120000 ms

0: 2893
25984: 1963
23681: 2363
26017: 1952
26850: 1834
23619: 2465
26851: 1833
23140: 2844
26086: 1886
23241: 2713
23625: 2399
25164: 2017
25165: 2000
23407: 2530
23408: 2479
25520: 1966
24177: 2028
23219: 2796
23157: 2818
26650: 1881
23261: 2671
23070: 2869
25247: 1994
Algorytm: Symulowane wyżarzanie: Zamiana losowych miast
Ilość wierzchołków: 48
Najkrótsza trasa: [47, 26, 0, 25, 1, 10, 11, 8, 3, 24, 4, 29, 30, 5, 31, 7, 23, 12, 32, 6, 9, 33, 27, 28, 2, 41, 43, 42, 22, 20, 38, 37, 18, 17, 34, 13, 46, 36, 35, 14, 15, 16, 45, 39, 19, 44, 21, 40]
Długość trasy: 1833
Czas wykonania: 120000 ms

0: 2828
24960: 2096
23234: 2627
23298: 2595
25859: 1829
23561: 2278
24521: 2130
23562: 2262
26059: 1816
26702: 1797
25110: 2049
25112: 2041
22745: 2734
25113: 1966
24283: 2168
23070: 2645
22495: 2768
26721: 1796
23397: 2538
23398: 2487
25063: 2064
24687: 2126
24305: 2148
25843: 1862
25460: 1959
25844: 1840
23029: 2730
25461: 1867
22391: 2802
23290: 2621
23676: 2179
24895: 2109
26047: 1817
Algorytm: Symulowane wyżarzanie: Zamiana losowych miast
Ilość wierzchołków: 48
Najkrótsza trasa: [3, 24, 4, 29, 30, 5, 31, 9, 33, 27, 28, 2, 41, 43, 42, 22, 20, 37, 38, 18, 17, 12, 32, 7, 23, 34, 13, 46, 36, 14, 35, 15, 16, 45, 39, 19, 44, 21, 40, 47, 26, 0, 25, 1, 10, 11, 8, 6]
Długość trasy: 1796
Czas wykonania: 120001 ms

