52225: 6029
152576: 2917
133124: 3036
99337: 3392
82955: 3911
106507: 3308
61454: 5370
87057: 3651
88087: 3603
96280: 3444
140312: 2993
38942: 6564
71711: 4699
159772: 2883
131107: 3051
147491: 2943
134183: 3029
187429: 2811
80938: 4036
108590: 3286
173101: 2847
120880: 3147
57400: 5710
107576: 3296
121915: 3136
145464: 2964
268350: 2741
150585: 2933
59454: 5583
118846: 3162
86080: 3700
81997: 3984
136272: 3009
174160: 2843
151639: 2926
95322: 3461
147548: 2941
34911: 6666
157794: 2888
216167: 2775
54374: 5866
87146: 3647
88170: 3602
130157: 3070
85100: 3776
150640: 2930
189558: 2809
105593: 3318
155768: 2899
33915: 6677
129149: 3075
72830: 4603
126080: 3099
152707: 2916
100484: 3371
320642: 2734
70794: 4728
204940: 2795
147607: 2940
108700: 3283
191647: 2807
19614: 6849
120991: 3146
76960: 4308
127136: 3087
50339: 6063
114850: 3206
113831: 3219
123047: 3126
86182: 3675
257194: 2744
122027: 3133
119980: 3152
250030: 2755
65713: 5127
69808: 4811
106672: 3307
98486: 3409
93369: 3487
136378: 3008
165051: 2856
62653: 5353
25791: 6798
75970: 4324
159940: 2880
102598: 3341
60618: 5477
139464: 2994
58571: 5602
146637: 2953
91346: 3520
112853: 3231
82135: 3977
85214: 3769
53472: 5957
66785: 5039
89313: 3560
119009: 3160
3297: 7037
49377: 6166
156899: 2896
68837: 4889
92389: 3501
144615: 2972
214246: 2776
43238: 6437
101613: 3353
175340: 2839
87282: 3644
97522: 3427
96502: 3442
177403: 2827
192760: 2806
78074: 4222
109821: 3267
71935: 4687
104702: 3325
94467: 3474
8451: 6924
108810: 3278
114963: 3200
79122: 4098
145685: 2963
198942: 2802
149788: 2937
88350: 3594
207138: 2785
84259: 3833
101669: 3352
186660: 2812
83241: 3906
110891: 3255
136489: 3005
55596: 5779
135470: 3014
99632: 3389
52532: 5992
95543: 3460
105785: 3317
124216: 3106
41275: 6533
94525: 3472
146748: 2952
142658: 2980
259395: 2742
252224: 2754
116039: 3189
130376: 3056
111947: 3241
85324: 3755
133455: 3035
141647: 2981
132439: 3044
73049: 4570
63835: 5281
57692: 5675
59744: 5492
82274: 3952
100706: 3366
110946: 3253
47461: 6300
122219: 3131
88426: 3593
323945: 2733
106862: 3306
128369: 3085
134514: 3022
154995: 2903
159088: 2887
87413: 3634
12662: 6888
94582: 3468
97657: 3421
90488: 3539
137602: 3003
74121: 4491
38285: 6617
161167: 2869
37267: 6664
171423: 2851
99743: 3388
143772: 2974
117150: 3174
46497: 6338
70051: 4806
89511: 3558
91559: 3519
83368: 3879
105896: 3314
146857: 2951
84397: 3811
78252: 4214
80300: 4092
116149: 3183
154039: 2909
65975: 5100
88503: 3589
162236: 2867
95681: 3456
119235: 3158
197056: 2805
118215: 3168
132549: 3043
33224: 6725
2505: 7052
121291: 3143
85450: 3746
101837: 3345
246222: 2765
100817: 3363
102865: 3338
45524: 6399
164314: 2862
72155: 4622
156127: 2897
50654: 6060
98783: 3404
104929: 3322
67040: 4979
60898: 5458
81385: 4015
96745: 3438
176618: 2837
82411: 3950
89578: 3555
125418: 3102
113133: 3230
29165: 6726
173554: 2846
145907: 2962
151024: 2929
159223: 2884
133620: 3034
144890: 2971
123387: 3125
23035: 6838
129533: 3073
87551: 3622
92675: 3499
88580: 3587
62982: 5316
136708: 3004
108040: 3291
175631: 2838
44558: 6402
206349: 2794
99854: 3387
26129: 6773
77332: 4250
146967: 2948
134680: 3018
84517: 3810
137767: 3002
112167: 3240
154149: 2908
89645: 3552
110124: 3265
115246: 3199
123443: 3123
73268: 4530
85558: 3741
150069: 2934
153146: 2911
92731: 3496
166462: 2854
121404: 3139
253501: 2753
135748: 3013
99910: 3386
140875: 2985
80459: 4077
128587: 3083
152137: 2920
209480: 2777
88656: 3580
174673: 2841
71255: 4712
74328: 4423
124513: 3104
148066: 2939
91749: 3516
3687: 7014
75366: 4418
115302: 3196
109161: 3276
52841: 5987
64107: 5203
120430: 3151
325227: 2731
89712: 3549
254576: 2749
82551: 3922
104054: 3333
117370: 3171
126586: 3091
1667: 7057
208512: 2784
57993: 5668
155272: 2901
160393: 2879
179849: 2824
70295: 4737
110231: 3263
113302: 3229
88731: 3579
86682: 3667
84636: 3804
85665: 3738
91809: 3510
114336: 3212
146086: 2956
157354: 2889
65193: 5145
40619: 6563
171698: 2850
90807: 3534
107191: 3301
72377: 4617
47803: 6231
174783: 2840
54975: 5829
99006: 3400
106176: 3313
125634: 3101
97988: 3418
93895: 3482
96966: 3436
116425: 3178
95946: 3452
69325: 4880
110285: 3261
133841: 3033
163543: 2863
114391: 3211
123607: 3110
199387: 2801
118491: 3163
119517: 3157
37598: 6649
120543: 3150
102113: 3342
67296: 4912
46818: 6317
92899: 3491
88805: 3574
101093: 3360
80615: 4043
122606: 3127
144120: 2973
86778: 3666
98044: 3416
130812: 3053
93951: 3479
97022: 3435
96003: 3449
173830: 2844
115464: 3192
85770: 3729
188169: 2810
132878: 3038
139022: 3000
78604: 4180
84753: 3797
81680: 4009
57106: 5730
153367: 2910
182036: 2815
87833: 3612
172826: 2849
104216: 3326
101149: 3355
59167: 5593
63266: 5289
100133: 3380
45864: 6378
141096: 2984
83759: 3871
75566: 4397
239412: 2770
54074: 5895
154425: 2905
147267: 2944
109382: 3274
120654: 3148
851: 7133
126805: 3089
113494: 3220
111451: 3252
105316: 3319
106342: 3312
169832: 2853
87917: 3608
97133: 3430
50029: 6137
90988: 3531
131948: 3045
184172: 2813
134006: 3032
85876: 3728
143221: 2975
6008: 6925
64379: 5149
56192: 5741
316293: 2735
77698: 4223
82821: 3921
84869: 3794
119690: 3156
43920: 6413
92048: 3507
145299: 2965
100243: 3377
107410: 3300
111506: 3251
206736: 2786
72598: 4616
53144: 5972
60314: 5486
99227: 3395
208796: 2783
128929: 3081
49061: 6167
164775: 2857
42919: 6444
96169: 3448
65450: 5140
58283: 5625
91050: 3522
83885: 3842
134061: 3031
86964: 3659
109492: 3269
139192: 2995
148415: 2938
89023: 3562
291780: 2736
66499: 5048
117700: 3170
92107: 3505
136136: 3010
121802: 3137
217036: 2771
85978: 3721
151518: 2928
97244: 3429
41952: 6522
76769: 4316
110561: 3259
10212: 6903
116712: 3175
138217: 3001
179184: 2825
108535: 3289
112631: 3232
84985: 3783
4090: 6979
103419: 3334
115706: 3191
90111: 3544
162812: 2866
55295: 5824
Algorytm: Genetic Algorithm
Ilość wierzchołków: 403
Najkrótsza trasa: [70, 81, 22, 21, 307, 7, 208, 364, 368, 23, 225, 151, 11, 271, 46, 221, 253, 206, 162, 48, 102, 92, 51, 58, 277, 241, 112, 2, 226, 258, 233, 280, 67, 189, 170, 284, 60, 98, 133, 122, 40, 314, 59, 301, 351, 281, 285, 282, 293, 333, 267, 357, 328, 380, 362, 157, 339, 64, 365, 262, 261, 238, 229, 393, 201, 89, 240, 219, 387, 203, 316, 249, 290, 90, 71, 155, 143, 14, 69, 360, 62, 54, 99, 389, 180, 165, 242, 117, 245, 331, 323, 309, 202, 65, 127, 192, 94, 372, 41, 334, 68, 166, 300, 119, 344, 123, 396, 257, 181, 342, 57, 164, 25, 401, 29, 178, 138, 152, 76, 161, 148, 390, 82, 247, 246, 308, 5, 159, 20, 340, 126, 10, 235, 113, 272, 28, 96, 66, 95, 332, 296, 179, 42, 190, 100, 44, 177, 276, 259, 136, 327, 367, 75, 39, 251, 330, 343, 50, 153, 310, 305, 188, 173, 73, 85, 397, 260, 236, 227, 144, 175, 291, 379, 248, 329, 304, 394, 32, 121, 322, 395, 196, 0, 88, 128, 294, 370, 274, 317, 244, 80, 352, 149, 347, 263, 254, 223, 319, 86, 101, 283, 8, 115, 338, 111, 369, 172, 26, 110, 194, 324, 104, 145, 134, 306, 400, 193, 207, 45, 132, 243, 176, 31, 214, 232, 286, 74, 168, 218, 384, 383, 84, 350, 139, 4, 33, 376, 209, 278, 18, 135, 270, 268, 16, 105, 19, 198, 335, 264, 43, 349, 354, 346, 114, 353, 220, 197, 171, 63, 366, 292, 131, 355, 6, 230, 252, 191, 187, 38, 212, 93, 49, 37, 311, 55, 313, 378, 266, 108, 256, 120, 392, 12, 217, 9, 182, 402, 287, 163, 3, 47, 130, 77, 156, 210, 160, 15, 213, 356, 391, 154, 265, 275, 147, 91, 399, 297, 109, 326, 325, 137, 13, 288, 142, 97, 186, 53, 52, 341, 125, 273, 87, 56, 373, 150, 34, 237, 224, 141, 116, 24, 374, 363, 204, 169, 27, 222, 185, 215, 216, 200, 377, 388, 348, 336, 321, 315, 302, 118, 72, 337, 174, 250, 79, 183, 17, 279, 312, 35, 303, 398, 345, 299, 298, 234, 228, 106, 359, 103, 129, 255, 140, 195, 124, 1, 231, 205, 289, 385, 199, 295, 361, 146, 320, 318, 375, 371, 61, 107, 386, 358, 83, 184, 78, 382, 381, 211, 167, 36, 158, 269, 30, 239]
Długość trasy: 2731
Czas wykonania: 360045 ms

