19522: 3418
8902: 3459
139: 3498
9228: 3433
30796: 3409
8847: 3485
9174: 3436
70934: 3406
90: 3516
19549: 3416
8929: 3458
19298: 3429
9255: 3430
19495: 3419
9065: 3447
8874: 3467
34476: 3408
1713: 3486
9201: 3435
9011: 3448
181: 3495
1589: 3489
54: 3522
19576: 3415
9147: 3444
8956: 3452
Algorytm: Tabu Search: Odwrócenie losowej ścieżki
Ilość wierzchołków: 403
Najkrótsza trasa: [0, 267, 46, 23, 14, 62, 13, 205, 204, 24, 36, 32, 274, 83, 33, 376, 68, 38, 270, 19, 18, 42, 287, 107, 61, 257, 43, 34, 295, 50, 56, 394, 225, 58, 8, 6, 64, 3, 2, 386, 47, 112, 322, 272, 28, 11, 101, 10, 55, 59, 76, 310, 29, 65, 5, 260, 35, 9, 84, 281, 77, 31, 52, 40, 39, 78, 226, 147, 79, 69, 245, 81, 22, 21, 82, 247, 54, 85, 26, 12, 86, 75, 27, 15, 1, 30, 96, 66, 60, 44, 87, 67, 94, 88, 353, 263, 90, 72, 57, 91, 25, 116, 92, 51, 49, 37, 249, 256, 120, 392, 351, 293, 93, 145, 143, 365, 165, 187, 95, 303, 71, 97, 70, 349, 73, 99, 389, 359, 369, 4, 355, 115, 114, 393, 102, 80, 7, 41, 118, 89, 20, 261, 269, 278, 122, 119, 168, 103, 117, 356, 328, 317, 104, 203, 384, 383, 197, 146, 144, 105, 391, 154, 106, 340, 339, 45, 363, 289, 108, 255, 212, 109, 275, 210, 110, 326, 258, 111, 223, 214, 192, 189, 123, 48, 358, 327, 124, 284, 290, 125, 74, 216, 200, 198, 126, 323, 305, 215, 309, 127, 191, 338, 128, 228, 224, 129, 219, 350, 130, 341, 131, 282, 370, 121, 357, 395, 132, 243, 288, 291, 315, 133, 148, 325, 134, 306, 319, 135, 280, 279, 136, 98, 137, 320, 139, 292, 329, 294, 227, 381, 140, 173, 344, 141, 259, 142, 199, 229, 352, 149, 347, 401, 354, 342, 266, 150, 300, 273, 100, 138, 297, 151, 296, 298, 63, 337, 152, 16, 156, 390, 153, 346, 377, 155, 378, 398, 396, 324, 362, 157, 334, 400, 158, 271, 330, 343, 159, 276, 348, 379, 160, 321, 299, 178, 17, 195, 113, 167, 170, 194, 380, 190, 382, 163, 175, 188, 166, 180, 179, 368, 174, 250, 177, 185, 193, 172, 176, 181, 196, 371, 169, 277, 183, 184, 171, 164, 182, 161, 186, 53, 313, 366, 331, 241, 220, 345, 231, 246, 388, 252, 399, 302, 221, 307, 364, 387, 301, 268, 333, 402, 311, 222, 332, 206, 244, 367, 254, 240, 213, 385, 374, 217, 312, 361, 201, 335, 253, 248, 373, 202, 208, 237, 230, 316, 397, 265, 304, 233, 238, 162, 234, 286, 262, 372, 251, 336, 211, 308, 239, 314, 232, 242, 235, 285, 218, 264, 236, 318, 209, 375, 360, 283, 207]
Długość trasy: 3406
Czas wykonania: 360002 ms

17952: 3504
17923: 3505
80452: 3466
85383: 3463
80425: 3467
96459: 3456
80369: 3473
96432: 3457
96627: 3452
115: 3515
215: 3511
18009: 3497
186: 3514
80315: 3475
34203: 3495
17980: 3499
80287: 3494
63: 3521
Algorytm: Tabu Search: Odwrócenie losowej ścieżki
Ilość wierzchołków: 403
Najkrótsza trasa: [0, 267, 46, 23, 14, 62, 13, 205, 204, 24, 36, 32, 274, 83, 33, 376, 68, 38, 270, 19, 18, 42, 287, 107, 61, 257, 43, 34, 295, 50, 56, 394, 225, 58, 8, 6, 64, 3, 2, 386, 47, 112, 322, 272, 28, 11, 101, 10, 55, 59, 76, 310, 29, 65, 5, 260, 35, 9, 84, 281, 77, 31, 52, 40, 39, 78, 226, 147, 79, 69, 245, 81, 22, 21, 82, 247, 54, 85, 26, 12, 86, 75, 27, 15, 1, 30, 96, 66, 60, 44, 87, 67, 94, 88, 353, 263, 90, 72, 57, 91, 25, 116, 92, 51, 49, 37, 249, 256, 120, 392, 351, 293, 93, 145, 143, 365, 165, 187, 95, 303, 71, 97, 70, 349, 73, 99, 389, 369, 359, 4, 355, 115, 114, 393, 102, 80, 7, 41, 118, 20, 89, 261, 269, 278, 122, 119, 168, 103, 117, 356, 328, 317, 104, 203, 384, 383, 197, 146, 144, 105, 391, 154, 106, 340, 339, 45, 363, 289, 108, 255, 212, 109, 275, 210, 110, 326, 258, 111, 223, 214, 192, 189, 123, 48, 358, 327, 124, 284, 290, 125, 74, 216, 200, 198, 126, 323, 305, 215, 309, 127, 191, 338, 128, 228, 224, 129, 219, 350, 130, 341, 131, 282, 357, 370, 121, 395, 132, 243, 288, 291, 315, 133, 148, 325, 134, 306, 319, 135, 280, 279, 136, 98, 137, 320, 139, 292, 329, 294, 227, 381, 140, 173, 344, 141, 259, 142, 199, 229, 352, 149, 347, 401, 354, 342, 266, 150, 300, 273, 100, 138, 297, 151, 296, 298, 63, 337, 152, 16, 156, 390, 153, 346, 377, 155, 378, 398, 396, 324, 362, 157, 334, 400, 158, 271, 330, 343, 159, 276, 348, 379, 160, 321, 299, 211, 382, 113, 380, 53, 222, 185, 17, 318, 221, 250, 179, 368, 313, 371, 248, 253, 171, 166, 183, 402, 308, 262, 208, 242, 238, 201, 235, 331, 202, 182, 312, 241, 176, 161, 364, 217, 237, 366, 169, 163, 302, 195, 375, 277, 162, 360, 311, 180, 234, 174, 307, 236, 372, 268, 239, 286, 244, 207, 316, 373, 333, 240, 374, 336, 209, 388, 252, 399, 186, 385, 213, 233, 301, 164, 231, 254, 264, 332, 194, 251, 230, 387, 285, 172, 206, 246, 232, 220, 335, 177, 175, 193, 170, 283, 367, 314, 184, 188, 397, 181, 190, 345, 361, 304, 265, 167, 178, 218, 196]
Długość trasy: 3452
Czas wykonania: 360011 ms

6752: 3511
109792: 3481
125571: 3415
163: 3514
112133: 3470
6725: 3513
136: 3515
112105: 3480
116616: 3469
118251: 3458
118506: 3457
122154: 3430
122126: 3435
83: 3522
122098: 3448
52: 3528
122070: 3452
122265: 3419
6809: 3509
125656: 3410
16378: 3503
91930: 3497
6781: 3510
125599: 3413
Algorytm: Tabu Search: Odwrócenie losowej ścieżki
Ilość wierzchołków: 403
Najkrótsza trasa: [0, 267, 46, 23, 14, 62, 13, 205, 204, 24, 36, 32, 274, 83, 33, 376, 68, 38, 270, 19, 18, 42, 287, 107, 61, 257, 43, 34, 295, 50, 56, 394, 225, 58, 8, 6, 64, 3, 2, 386, 47, 112, 322, 272, 28, 11, 101, 10, 55, 76, 59, 310, 29, 65, 260, 5, 35, 9, 84, 281, 77, 31, 52, 40, 39, 78, 226, 147, 79, 69, 245, 81, 22, 21, 82, 247, 54, 85, 26, 12, 86, 75, 27, 15, 1, 30, 96, 66, 60, 44, 87, 67, 94, 88, 353, 263, 90, 72, 57, 91, 25, 116, 92, 51, 49, 37, 249, 256, 120, 392, 351, 293, 93, 145, 143, 365, 165, 187, 95, 303, 71, 97, 70, 349, 73, 99, 389, 359, 369, 4, 355, 115, 114, 393, 102, 80, 7, 41, 118, 89, 20, 261, 269, 278, 122, 119, 168, 103, 117, 356, 328, 317, 104, 203, 384, 383, 197, 146, 144, 105, 391, 154, 106, 340, 339, 45, 363, 289, 108, 255, 212, 109, 275, 210, 110, 326, 258, 111, 223, 214, 192, 189, 123, 48, 358, 327, 124, 284, 290, 125, 74, 216, 200, 198, 126, 323, 305, 215, 309, 127, 191, 338, 128, 228, 224, 129, 219, 350, 130, 341, 131, 282, 357, 370, 121, 395, 132, 243, 288, 291, 315, 133, 148, 325, 134, 306, 319, 135, 280, 279, 136, 98, 137, 320, 139, 292, 329, 294, 227, 381, 140, 173, 344, 141, 259, 142, 199, 229, 352, 149, 347, 401, 354, 342, 266, 150, 300, 273, 100, 138, 297, 151, 296, 298, 63, 337, 152, 16, 156, 390, 153, 346, 377, 155, 378, 398, 396, 324, 362, 157, 334, 400, 158, 271, 330, 343, 159, 276, 348, 379, 160, 299, 321, 113, 380, 230, 382, 240, 312, 250, 241, 207, 235, 169, 174, 185, 213, 17, 236, 253, 179, 368, 268, 163, 333, 222, 209, 361, 375, 371, 206, 180, 170, 238, 202, 172, 313, 201, 220, 402, 283, 277, 286, 175, 307, 387, 183, 367, 285, 237, 314, 176, 181, 195, 331, 218, 304, 211, 265, 239, 345, 242, 373, 254, 171, 332, 234, 246, 335, 177, 194, 244, 233, 336, 397, 164, 316, 311, 252, 399, 262, 178, 302, 360, 248, 188, 232, 162, 385, 301, 366, 208, 190, 186, 53, 184, 251, 364, 264, 318, 372, 388, 193, 182, 374, 161, 221, 231, 217, 167, 166, 308, 196]
Długość trasy: 3410
Czas wykonania: 360004 ms

1027: 3470
136: 3497
1930: 3452
972: 3484
26574: 3416
4367: 3434
912: 3493
4560: 3432
84: 3515
1813: 3456
4309: 3440
26519: 3421
294429: 3409
1691: 3469
1756: 3459
999: 3481
1959: 3441
4395: 3433
1841: 3455
26546: 3417
884: 3494
53: 3521
1784: 3458
26491: 3431
294456: 3398
26686: 3415
1727: 3461
Algorytm: Tabu Search: Odwrócenie losowej ścieżki
Ilość wierzchołków: 403
Najkrótsza trasa: [0, 267, 46, 23, 14, 62, 13, 205, 204, 24, 36, 32, 274, 83, 33, 376, 68, 38, 270, 19, 18, 42, 287, 107, 61, 257, 43, 34, 295, 50, 56, 394, 225, 58, 8, 6, 64, 3, 2, 386, 47, 112, 322, 272, 28, 11, 101, 10, 55, 59, 76, 310, 29, 65, 5, 260, 35, 9, 84, 281, 77, 31, 52, 40, 39, 78, 226, 147, 79, 69, 245, 81, 22, 21, 82, 247, 54, 85, 26, 12, 86, 75, 27, 15, 1, 30, 96, 66, 60, 44, 87, 67, 94, 88, 353, 263, 90, 72, 57, 91, 25, 116, 92, 51, 49, 37, 249, 256, 120, 392, 351, 293, 93, 145, 143, 365, 165, 187, 95, 303, 71, 97, 70, 349, 73, 99, 389, 369, 359, 4, 355, 115, 114, 393, 102, 80, 20, 41, 89, 118, 7, 261, 269, 278, 122, 119, 168, 103, 117, 356, 328, 317, 104, 203, 384, 383, 197, 146, 144, 105, 391, 154, 106, 340, 339, 45, 363, 289, 108, 255, 212, 109, 275, 210, 110, 326, 258, 111, 223, 214, 192, 189, 123, 48, 358, 327, 124, 284, 290, 125, 74, 216, 200, 198, 126, 323, 305, 215, 309, 127, 191, 338, 128, 228, 224, 129, 219, 350, 130, 341, 131, 282, 370, 357, 121, 395, 132, 243, 288, 291, 315, 133, 148, 325, 134, 306, 319, 135, 280, 279, 136, 98, 137, 320, 139, 292, 329, 294, 227, 381, 140, 173, 344, 141, 259, 142, 199, 229, 352, 149, 347, 401, 354, 342, 266, 150, 300, 273, 100, 138, 297, 151, 296, 298, 63, 337, 152, 16, 156, 390, 153, 346, 377, 155, 378, 398, 396, 324, 362, 157, 334, 400, 158, 271, 330, 343, 159, 276, 348, 379, 233, 380, 232, 299, 246, 185, 251, 113, 382, 248, 268, 169, 234, 285, 179, 368, 331, 312, 302, 17, 387, 166, 318, 332, 178, 314, 321, 160, 235, 388, 361, 254, 237, 171, 250, 236, 364, 231, 283, 277, 167, 345, 335, 367, 181, 374, 240, 177, 360, 242, 183, 336, 163, 182, 174, 252, 308, 164, 286, 316, 194, 402, 195, 161, 253, 375, 371, 244, 172, 311, 262, 304, 190, 239, 385, 238, 176, 265, 301, 170, 333, 373, 180, 372, 241, 264, 307, 313, 188, 193, 175, 366, 397, 184, 186, 53, 162, 399, 213, 221, 211, 222, 206, 209, 207, 220, 201, 218, 217, 208, 202, 230, 196]
Długość trasy: 3398
Czas wykonania: 360005 ms

10353: 3478
4706: 3487
52: 3521
84: 3515
247: 3512
377: 3497
140: 3513
4733: 3484
Algorytm: Tabu Search: Odwrócenie losowej ścieżki
Ilość wierzchołków: 403
Najkrótsza trasa: [0, 267, 46, 23, 14, 62, 13, 205, 204, 24, 36, 32, 274, 83, 33, 376, 68, 38, 270, 19, 18, 42, 287, 107, 61, 257, 43, 34, 295, 50, 56, 394, 225, 58, 8, 6, 64, 3, 2, 386, 47, 112, 322, 272, 28, 11, 101, 10, 55, 59, 76, 310, 29, 65, 5, 260, 35, 9, 84, 281, 77, 31, 52, 40, 39, 78, 226, 147, 79, 69, 245, 81, 22, 21, 82, 247, 54, 85, 26, 12, 86, 75, 27, 15, 1, 30, 96, 66, 60, 44, 87, 67, 94, 88, 353, 263, 90, 72, 57, 91, 25, 116, 92, 51, 49, 37, 249, 256, 120, 392, 351, 293, 93, 145, 143, 365, 165, 187, 95, 303, 71, 97, 70, 349, 73, 99, 389, 359, 369, 4, 355, 115, 114, 393, 102, 80, 7, 118, 20, 89, 41, 261, 269, 278, 122, 119, 168, 103, 117, 356, 328, 317, 104, 203, 384, 383, 197, 146, 144, 105, 391, 154, 106, 340, 339, 45, 363, 289, 108, 255, 212, 109, 275, 210, 110, 326, 258, 111, 223, 214, 192, 189, 123, 48, 358, 327, 124, 284, 290, 125, 74, 216, 200, 198, 126, 323, 305, 215, 309, 127, 191, 338, 128, 228, 224, 129, 219, 350, 130, 341, 131, 282, 370, 121, 357, 395, 132, 243, 288, 291, 315, 133, 148, 325, 134, 306, 319, 135, 280, 279, 136, 98, 137, 320, 139, 292, 329, 294, 227, 381, 140, 173, 344, 141, 259, 142, 199, 229, 352, 149, 347, 401, 354, 342, 266, 150, 300, 273, 100, 138, 297, 151, 296, 298, 63, 337, 152, 16, 156, 390, 153, 346, 377, 155, 378, 398, 396, 324, 362, 157, 334, 400, 158, 271, 330, 343, 159, 276, 348, 379, 160, 299, 321, 382, 380, 113, 185, 17, 190, 250, 188, 368, 193, 194, 371, 195, 161, 277, 186, 53, 183, 178, 176, 174, 177, 175, 181, 170, 167, 211, 388, 248, 239, 241, 235, 316, 361, 217, 285, 345, 366, 251, 335, 208, 254, 372, 220, 242, 240, 332, 207, 336, 286, 283, 360, 387, 265, 244, 209, 246, 201, 262, 333, 331, 308, 304, 375, 202, 222, 314, 231, 397, 218, 318, 238, 385, 311, 221, 206, 234, 264, 374, 301, 268, 236, 312, 233, 302, 373, 253, 402, 313, 237, 364, 213, 230, 367, 252, 399, 162, 172, 169, 163, 184, 164, 166, 171, 180, 179, 182, 232, 307, 196]
Długość trasy: 3478
Czas wykonania: 360000 ms

1601: 3465
1573: 3472
14949: 3427
135: 3509
1832: 3440
19400: 3417
8265: 3435
1869: 3436
19087: 3420
50607: 3412
950: 3487
55: 3521
88: 3515
920: 3488
20538: 3414
188: 3497
892: 3489
1628: 3447
317: 3491
1757: 3446
330106: 3410
Algorytm: Tabu Search: Odwrócenie losowej ścieżki
Ilość wierzchołków: 403
Najkrótsza trasa: [0, 267, 46, 23, 14, 62, 13, 205, 204, 24, 36, 32, 274, 83, 33, 376, 68, 38, 270, 19, 18, 42, 287, 107, 61, 257, 43, 34, 295, 50, 56, 394, 225, 58, 8, 6, 64, 3, 2, 386, 47, 112, 322, 272, 28, 11, 101, 10, 55, 76, 59, 310, 29, 65, 5, 260, 35, 9, 84, 281, 77, 31, 52, 40, 39, 78, 226, 147, 79, 69, 245, 81, 22, 21, 82, 247, 54, 85, 26, 12, 86, 75, 27, 15, 1, 30, 96, 66, 60, 44, 87, 67, 94, 88, 353, 263, 90, 72, 57, 91, 25, 116, 92, 51, 49, 37, 249, 256, 120, 392, 351, 293, 93, 145, 143, 365, 165, 187, 95, 303, 71, 97, 70, 349, 73, 99, 389, 359, 369, 4, 355, 115, 114, 393, 102, 80, 20, 89, 41, 118, 7, 261, 269, 278, 122, 119, 168, 103, 117, 356, 328, 317, 104, 203, 384, 383, 197, 146, 144, 105, 391, 154, 106, 340, 339, 45, 363, 289, 108, 255, 212, 109, 275, 210, 110, 326, 258, 111, 223, 214, 192, 189, 123, 48, 358, 327, 124, 284, 290, 125, 74, 216, 200, 198, 126, 323, 305, 215, 309, 127, 191, 338, 128, 228, 224, 129, 219, 350, 130, 341, 131, 282, 370, 357, 121, 395, 132, 243, 288, 291, 315, 133, 148, 325, 134, 306, 319, 135, 280, 279, 136, 98, 137, 320, 139, 292, 329, 294, 227, 381, 140, 173, 344, 141, 259, 142, 199, 366, 345, 286, 388, 229, 332, 194, 318, 314, 312, 374, 307, 311, 302, 360, 285, 264, 333, 316, 304, 375, 268, 308, 253, 397, 193, 162, 254, 195, 301, 190, 265, 331, 352, 149, 347, 401, 354, 342, 266, 150, 300, 273, 100, 138, 297, 151, 296, 298, 63, 337, 152, 16, 156, 390, 153, 346, 377, 155, 378, 398, 396, 324, 362, 157, 334, 400, 158, 271, 330, 343, 159, 276, 348, 379, 160, 321, 238, 299, 182, 239, 170, 171, 232, 17, 240, 181, 163, 233, 380, 113, 242, 218, 177, 246, 251, 382, 201, 184, 368, 174, 185, 175, 169, 230, 234, 241, 178, 206, 231, 179, 248, 172, 211, 167, 164, 183, 161, 166, 213, 371, 176, 208, 220, 222, 250, 244, 209, 277, 180, 221, 202, 237, 236, 207, 217, 235, 186, 53, 387, 313, 373, 283, 372, 385, 364, 361, 252, 399, 367, 335, 402, 262, 336, 188, 196]
Długość trasy: 3410
Czas wykonania: 360018 ms

4608: 3495
5667: 3466
5640: 3472
235: 3498
5612: 3477
12078: 3445
8143: 3458
4691: 3481
54: 3525
87: 3519
4664: 3482
121: 3501
4636: 3494
10781: 3446
5695: 3464
Algorytm: Tabu Search: Odwrócenie losowej ścieżki
Ilość wierzchołków: 403
Najkrótsza trasa: [0, 267, 46, 23, 14, 62, 13, 205, 204, 24, 36, 32, 274, 83, 33, 376, 68, 38, 270, 19, 18, 42, 287, 107, 61, 257, 43, 34, 295, 50, 56, 394, 225, 58, 8, 6, 64, 3, 2, 386, 47, 112, 322, 272, 28, 11, 101, 10, 55, 59, 76, 310, 29, 65, 5, 260, 35, 9, 84, 281, 77, 31, 52, 40, 39, 78, 226, 147, 79, 69, 245, 81, 22, 21, 82, 247, 54, 85, 26, 12, 86, 75, 27, 15, 1, 30, 96, 66, 60, 44, 87, 67, 94, 88, 353, 263, 90, 72, 57, 91, 25, 116, 92, 51, 49, 37, 249, 256, 120, 392, 351, 293, 93, 145, 143, 365, 165, 187, 95, 303, 71, 97, 70, 349, 73, 99, 389, 359, 369, 4, 355, 115, 114, 393, 102, 80, 7, 41, 89, 20, 118, 261, 269, 278, 122, 119, 168, 103, 117, 356, 328, 317, 104, 203, 384, 383, 197, 146, 144, 105, 391, 154, 106, 340, 339, 45, 363, 289, 108, 255, 212, 109, 275, 210, 110, 326, 258, 111, 223, 214, 192, 189, 123, 48, 358, 327, 124, 284, 290, 125, 74, 216, 200, 198, 126, 323, 305, 215, 309, 127, 191, 338, 128, 228, 224, 129, 219, 350, 130, 341, 131, 282, 357, 121, 370, 395, 132, 243, 288, 291, 315, 133, 148, 325, 134, 306, 319, 135, 280, 279, 136, 98, 137, 320, 139, 292, 329, 294, 227, 381, 140, 173, 344, 141, 259, 142, 199, 229, 352, 149, 347, 401, 354, 342, 266, 150, 300, 273, 100, 138, 297, 151, 296, 298, 63, 337, 152, 16, 156, 390, 153, 346, 377, 155, 378, 398, 396, 324, 362, 157, 334, 400, 158, 271, 330, 343, 159, 276, 348, 379, 160, 299, 321, 382, 380, 113, 185, 375, 371, 335, 388, 345, 336, 17, 190, 372, 331, 368, 184, 194, 366, 174, 250, 177, 195, 176, 167, 171, 314, 193, 385, 364, 201, 179, 332, 374, 277, 161, 196, 367, 169, 188, 181, 180, 178, 312, 316, 170, 182, 183, 397, 402, 373, 361, 202, 360, 313, 172, 318, 175, 164, 387, 166, 163, 333, 186, 53, 246, 308, 211, 244, 253, 311, 208, 206, 304, 241, 251, 254, 268, 265, 230, 248, 218, 222, 237, 238, 307, 234, 232, 242, 231, 209, 220, 301, 233, 240, 283, 235, 285, 217, 302, 286, 221, 239, 252, 399, 264, 236, 213, 162, 262, 207]
Długość trasy: 3445
Czas wykonania: 360021 ms

115330: 3429
99077: 3441
14860: 3461
115213: 3437
115470: 3424
6868: 3491
90: 3518
14747: 3471
2716: 3494
9253: 3489
115302: 3430
14888: 3460
115242: 3435
115498: 3423
9197: 3490
115185: 3438
60851: 3451
98994: 3445
15028: 3455
6581: 3492
14775: 3467
56: 3524
115386: 3428
125: 3500
6526: 3493
14719: 3488
Algorytm: Tabu Search: Odwrócenie losowej ścieżki
Ilość wierzchołków: 403
Najkrótsza trasa: [0, 267, 46, 23, 14, 62, 13, 205, 204, 24, 36, 32, 274, 83, 33, 376, 68, 38, 270, 19, 18, 42, 287, 107, 61, 257, 43, 34, 295, 50, 56, 394, 225, 58, 8, 6, 64, 3, 2, 386, 47, 112, 322, 272, 28, 11, 101, 10, 55, 76, 59, 310, 29, 65, 5, 260, 35, 9, 84, 281, 77, 31, 52, 40, 39, 78, 226, 147, 79, 69, 245, 81, 22, 21, 82, 247, 54, 85, 26, 12, 86, 75, 27, 15, 1, 30, 96, 66, 60, 44, 87, 67, 94, 88, 353, 263, 90, 72, 57, 91, 25, 116, 92, 51, 49, 37, 249, 256, 120, 392, 351, 293, 93, 145, 143, 365, 165, 187, 95, 303, 71, 97, 70, 349, 73, 99, 389, 359, 369, 4, 355, 115, 114, 393, 102, 80, 41, 89, 7, 118, 20, 261, 269, 278, 122, 119, 168, 103, 117, 356, 328, 317, 104, 203, 384, 383, 197, 146, 144, 105, 391, 154, 106, 340, 339, 45, 363, 289, 108, 255, 212, 109, 275, 210, 110, 326, 258, 111, 223, 214, 192, 189, 123, 48, 358, 327, 124, 284, 290, 125, 74, 216, 200, 198, 126, 323, 305, 215, 309, 127, 191, 338, 128, 228, 224, 129, 219, 350, 130, 341, 131, 282, 357, 370, 121, 395, 132, 243, 288, 291, 315, 133, 148, 325, 134, 306, 319, 135, 280, 279, 136, 98, 137, 320, 139, 292, 329, 294, 227, 381, 140, 173, 344, 141, 259, 142, 199, 229, 352, 149, 347, 401, 354, 342, 266, 150, 300, 273, 100, 138, 297, 151, 296, 298, 63, 337, 152, 16, 156, 390, 153, 346, 377, 155, 378, 398, 396, 324, 362, 157, 334, 400, 158, 271, 330, 343, 159, 276, 348, 379, 160, 321, 171, 217, 299, 176, 380, 182, 382, 113, 169, 222, 250, 208, 170, 368, 177, 209, 201, 17, 218, 202, 178, 167, 172, 164, 180, 220, 221, 174, 185, 206, 371, 213, 277, 195, 179, 196, 193, 183, 181, 190, 184, 163, 175, 207, 188, 166, 211, 194, 161, 186, 53, 304, 388, 345, 264, 246, 231, 232, 332, 331, 375, 316, 335, 262, 239, 372, 311, 237, 318, 333, 364, 302, 387, 312, 366, 234, 252, 399, 307, 241, 265, 336, 268, 286, 244, 254, 236, 397, 238, 361, 402, 251, 162, 301, 313, 242, 253, 385, 314, 233, 235, 240, 360, 248, 230, 308, 374, 283, 285, 367, 373]
Długość trasy: 3423
Czas wykonania: 360017 ms

17040: 3482
193: 3510
850: 3509
84: 3515
60660: 3481
53: 3521
934: 3504
136: 3511
877: 3505
2894: 3498
Algorytm: Tabu Search: Odwrócenie losowej ścieżki
Ilość wierzchołków: 403
Najkrótsza trasa: [0, 267, 46, 23, 14, 62, 13, 205, 204, 24, 36, 32, 274, 83, 33, 376, 68, 38, 270, 19, 18, 42, 287, 107, 61, 257, 43, 34, 295, 50, 56, 394, 225, 58, 8, 6, 64, 3, 2, 386, 47, 112, 322, 272, 28, 11, 101, 10, 55, 59, 76, 310, 29, 65, 5, 260, 35, 9, 84, 281, 77, 31, 52, 40, 39, 78, 226, 147, 79, 69, 245, 81, 22, 21, 82, 247, 54, 85, 26, 12, 86, 75, 27, 15, 1, 30, 96, 66, 60, 44, 87, 67, 94, 88, 353, 263, 90, 72, 57, 91, 25, 116, 92, 51, 49, 37, 249, 256, 120, 392, 351, 293, 93, 145, 143, 365, 165, 187, 95, 303, 71, 97, 70, 349, 73, 99, 389, 359, 369, 4, 355, 115, 114, 393, 102, 80, 7, 41, 89, 20, 118, 261, 269, 278, 122, 119, 168, 103, 117, 356, 328, 317, 104, 203, 384, 383, 197, 146, 144, 105, 391, 154, 106, 340, 339, 45, 363, 289, 108, 255, 212, 109, 275, 210, 110, 326, 258, 111, 223, 214, 192, 189, 123, 48, 358, 327, 124, 284, 290, 125, 74, 216, 200, 198, 126, 323, 305, 215, 309, 127, 191, 338, 128, 228, 224, 129, 219, 350, 130, 341, 131, 282, 370, 357, 121, 395, 132, 243, 288, 291, 315, 133, 148, 325, 134, 306, 319, 135, 280, 279, 136, 98, 137, 320, 139, 292, 329, 294, 227, 381, 140, 173, 344, 141, 259, 142, 199, 229, 352, 149, 347, 401, 354, 342, 266, 150, 300, 273, 100, 138, 297, 151, 296, 298, 63, 337, 152, 16, 156, 390, 153, 346, 377, 155, 378, 398, 396, 324, 362, 157, 334, 400, 158, 271, 330, 343, 159, 276, 348, 379, 160, 299, 321, 382, 380, 113, 185, 250, 17, 163, 277, 167, 164, 368, 166, 161, 331, 371, 169, 186, 53, 213, 332, 162, 375, 399, 233, 183, 333, 201, 253, 188, 220, 221, 360, 184, 218, 313, 374, 373, 194, 241, 237, 268, 387, 207, 180, 316, 222, 264, 190, 248, 385, 304, 174, 301, 252, 364, 335, 239, 265, 286, 262, 302, 170, 367, 285, 251, 312, 402, 361, 206, 318, 311, 336, 283, 181, 308, 209, 314, 242, 235, 182, 397, 178, 208, 234, 240, 345, 193, 211, 238, 236, 388, 232, 217, 202, 246, 307, 254, 230, 175, 179, 366, 195, 177, 171, 244, 172, 372, 176, 231, 196]
Długość trasy: 3481
Czas wykonania: 360011 ms

2944: 3473
17024: 3415
3139: 3447
133: 3510
2181: 3475
3079: 3453
1100: 3508
2127: 3478
3025: 3463
3220: 3441
2971: 3468
3166: 3442
8031: 3424
3106: 3449
3300: 3436
3494: 3435
105: 3516
1129: 3491
2154: 3477
19691: 3403
3052: 3462
174: 3509
2100: 3489
53: 3522
2998: 3465
Algorytm: Tabu Search: Odwrócenie losowej ścieżki
Ilość wierzchołków: 403
Najkrótsza trasa: [0, 267, 46, 23, 14, 62, 13, 205, 204, 24, 36, 32, 274, 83, 33, 376, 68, 38, 270, 19, 18, 42, 287, 107, 61, 257, 43, 34, 295, 50, 56, 394, 225, 58, 8, 6, 64, 3, 2, 386, 47, 112, 322, 272, 28, 11, 101, 10, 55, 59, 76, 310, 29, 65, 5, 260, 35, 9, 84, 281, 77, 31, 52, 40, 39, 78, 226, 147, 79, 69, 245, 81, 22, 21, 82, 247, 54, 85, 26, 12, 86, 75, 27, 15, 1, 30, 96, 66, 60, 44, 87, 67, 94, 88, 353, 263, 90, 72, 57, 91, 25, 116, 92, 51, 49, 37, 256, 249, 120, 392, 351, 293, 93, 145, 143, 365, 165, 187, 95, 303, 71, 97, 70, 349, 73, 99, 389, 369, 359, 4, 355, 115, 114, 393, 102, 80, 7, 41, 118, 89, 20, 261, 269, 278, 122, 119, 168, 103, 117, 356, 328, 317, 104, 203, 384, 383, 197, 146, 144, 105, 391, 154, 106, 340, 339, 45, 363, 289, 108, 255, 212, 109, 275, 210, 110, 326, 258, 111, 223, 214, 192, 189, 123, 48, 358, 327, 124, 284, 290, 125, 74, 216, 200, 198, 126, 323, 305, 215, 309, 127, 191, 338, 128, 228, 224, 129, 219, 350, 130, 341, 131, 282, 357, 370, 121, 395, 132, 243, 288, 291, 315, 133, 148, 325, 134, 306, 319, 135, 280, 279, 136, 98, 137, 320, 139, 292, 329, 294, 227, 381, 140, 173, 344, 141, 259, 142, 199, 229, 352, 149, 347, 401, 354, 342, 266, 150, 300, 273, 100, 138, 297, 151, 296, 298, 63, 337, 152, 16, 156, 390, 153, 346, 377, 155, 378, 398, 396, 324, 362, 157, 334, 400, 158, 271, 330, 343, 159, 276, 348, 379, 160, 185, 299, 237, 236, 250, 235, 113, 373, 374, 286, 265, 318, 360, 333, 17, 268, 312, 239, 332, 285, 233, 380, 251, 382, 234, 311, 262, 308, 232, 368, 316, 238, 372, 361, 254, 345, 231, 307, 321, 283, 277, 240, 304, 301, 364, 367, 246, 244, 161, 331, 375, 371, 314, 302, 313, 222, 335, 242, 264, 366, 230, 253, 241, 336, 248, 252, 399, 190, 193, 170, 211, 174, 188, 194, 178, 164, 167, 163, 207, 184, 169, 166, 209, 220, 217, 213, 387, 162, 195, 183, 218, 186, 53, 206, 176, 181, 201, 179, 208, 397, 221, 172, 385, 180, 202, 177, 388, 402, 175, 171, 182, 196]
Długość trasy: 3403
Czas wykonania: 360008 ms

