103424: 3457
35842: 6739
87042: 4300
100356: 3524
39943: 6480
36872: 6733
107531: 3339
119819: 3097
187410: 2714
118802: 3114
141329: 2863
110612: 3274
112660: 3231
109593: 3302
132123: 2934
114716: 3175
97310: 3639
123934: 3034
98336: 3594
134176: 2922
133156: 2929
94248: 3825
146475: 2809
163886: 2722
61486: 5785
121903: 3064
148530: 2802
164914: 2719
104498: 3434
162868: 2724
103480: 3456
90177: 4101
107587: 3337
96322: 3670
100421: 3521
106565: 3368
101444: 3494
159815: 2740
111691: 3250
125002: 3014
136265: 2905
112716: 3230
64593: 5658
109648: 3300
123989: 3030
131159: 2946
93272: 3897
85085: 4446
60516: 5910
143462: 2834
151655: 2785
128104: 2975
89194: 4159
148585: 2797
147564: 2806
126073: 3001
106621: 3366
99455: 3547
135299: 2913
73858: 5133
136321: 2904
54404: 6153
112773: 3229
100484: 3520
91271: 3995
109703: 3298
117896: 3130
156811: 2755
167051: 2717
116879: 3150
92306: 3959
113810: 3195
145563: 2820
150683: 2790
132249: 2931
97437: 3638
143518: 2831
152733: 2774
95395: 3702
104610: 3431
74919: 5062
102567: 3467
103590: 3455
142507: 2851
161967: 2725
59568: 5931
119985: 3096
126129: 2997
94384: 3813
98485: 3588
105653: 3399
106676: 3365
125113: 3012
135355: 2911
159929: 2739
157887: 2748
112830: 3224
140482: 2868
76995: 4885
100546: 3519
124100: 3026
75974: 4992
28874: 6810
155848: 2759
144595: 2829
153809: 2771
122069: 3060
93398: 3879
128216: 2971
103647: 3454
58591: 6015
127198: 2987
90337: 4095
120041: 3089
105709: 3396
106733: 3364
141550: 2861
119024: 3110
158967: 2745
112887: 3219
81145: 4690
118008: 3129
108795: 3315
116989: 3149
98559: 3582
100606: 3513
133378: 2927
65794: 5560
123138: 3047
101637: 3493
139526: 2876
88326: 4217
62730: 5776
114955: 3170
147731: 2805
138513: 2886
69908: 5333
103703: 3451
171284: 2715
121110: 3077
145690: 2819
92445: 3948
97564: 3630
104738: 3429
105765: 3393
85286: 4409
107814: 3336
125224: 3010
67883: 5482
110895: 3270
109873: 3292
1329: 7113
161075: 2731
117045: 3147
73017: 5157
155960: 2758
131395: 2944
153921: 2770
127311: 2983
129361: 2955
35153: 6786
120151: 3087
104793: 3428
80218: 4702
96605: 3643
105822: 3389
118119: 3127
158057: 2747
157037: 2754
154996: 2762
111990: 3245
64891: 5645
97658: 3624
151935: 2777
121220: 3075
74122: 5108
71053: 5332
143759: 2830
104848: 3424
128400: 2969
94611: 3762
106900: 3363
105878: 3386
142746: 2846
99736: 3538
60829: 5904
118174: 3125
134560: 2920
160166: 2738
101796: 3491
92582: 3942
123306: 3043
116140: 3157
139693: 2875
75185: 5056
131506: 2942
122291: 3054
88500: 4216
89527: 4158
121275: 3074
69057: 5421
100801: 3512
103873: 3448
78272: 4788
145859: 2815
54725: 6140
76228: 4916
86468: 4340
107974: 3333
106957: 3356
119245: 3109
97743: 3612
93651: 3869
117210: 3146
98783: 3578
99806: 3535
109022: 3313
111077: 3265
139750: 2870
115175: 3169
159205: 2743
131561: 2940
114157: 3192
85484: 4346
113135: 3215
130543: 2951
63990: 5682
84470: 4451
146933: 2807
145914: 2813
72191: 5250
104959: 3421
107013: 3354
142855: 2844
118284: 3123
124435: 3023
117266: 3145
160277: 2735
101913: 3488
111133: 3264
112158: 3242
108068: 3331
109092: 3308
114212: 3184
5670: 6942
130599: 2949
90665: 4087
66088: 5545
138792: 2885
92718: 3929
164397: 2721
145970: 2811
87609: 4280
142910: 2840
106046: 3385
135751: 2909
91718: 3983
117321: 3144
93772: 3852
116306: 3156
112213: 3240
115285: 3166
110166: 3285
89689: 4141
124505: 3021
165466: 2718
211545: 2706
149086: 2796
82527: 4532
88671: 4199
121443: 3070
129638: 2953
145001: 2824
128620: 2968
137836: 2893
105072: 3416
127603: 2981
119413: 3103
98932: 3573
106102: 3379
97912: 3606
79487: 4782
108161: 3330
117377: 3139
141954: 2857
107142: 3346
48776: 6379
86664: 4315
102031: 3483
151190: 2788
153239: 2773
113304: 3212
83613: 4497
7843: 6920
95906: 3693
128676: 2965
138919: 2882
101031: 3506
120486: 3083
1705: 6998
104108: 3447
75445: 5032
126644: 2989
135863: 2908
167610: 2716
134840: 2918
125629: 3007
71356: 5273
38590: 6555
81601: 4674
90817: 4056
133825: 2924
84677: 4447
93893: 3830
115397: 3163
140998: 2866
111300: 3263
112324: 3237
131783: 2938
97995: 3595
109260: 3307
113360: 3211
121555: 3066
15061: 6829
154331: 2764
91867: 3979
61149: 5876
101088: 3503
104163: 3444
94946: 3746
127714: 2979
67300: 5500
136937: 2903
118508: 3121
135919: 2907
87792: 4247
111355: 3260
159481: 2741
124668: 3019
132861: 2930
114435: 3179
157440: 2752
130821: 2948
149255: 2791
55047: 6052
88841: 4182
155402: 2761
148233: 2803
72467: 5203
128787: 2961
105239: 3414
104219: 3439
99107: 3567
118564: 3119
125740: 3003
137007: 2895
116530: 3155
158518: 2746
112436: 3236
82745: 4501
157496: 2751
100154: 3532
92989: 3915
108348: 3327
123711: 3041
156477: 2757
102209: 3477
139084: 2881
153421: 2772
105296: 3411
143184: 2837
138071: 2890
119639: 3102
90971: 4018
103258: 3463
161629: 2730
106344: 3376
111467: 3259
68461: 5446
79725: 4759
112492: 3232
59249: 5971
73587: 5147
63347: 5711
66418: 5524
130933: 2947
83828: 4477
113527: 3203
123767: 3036
105353: 3409
138126: 2887
120723: 3079
103314: 3461
117658: 3135
74653: 5076
107420: 3343
119708: 3099
90015: 4108
116641: 3151
141219: 2864
58274: 6033
87971: 4242
81826: 4625
110500: 3281
135079: 2915
157607: 2750
136100: 2906
936: 7125
132010: 2937
109482: 3304
99246: 3566
50098: 6171
122807: 3050
323506: 2703
89014: 4172
77752: 4846
145337: 2823
93121: 3909
105409: 3404
151488: 2787
100290: 3531
104386: 3438
96199: 3691
103369: 3460
142285: 2852
71635: 5256
107475: 3340
117714: 3132
125906: 3002
65495: 5600
106454: 3369
33755: 6787
111578: 3252
132066: 2936
156643: 2756
108517: 3320
101350: 3498
130028: 2952
154607: 2763
47086: 6431
129011: 2956
139249: 2880
163830: 2723
151543: 2786
273393: 2704
127993: 2977
69626: 5420
105466: 3400
Algorytm: Genetic Algorithm
Ilość wierzchołków: 403
Najkrótsza trasa: [231, 288, 91, 94, 43, 84, 350, 93, 349, 73, 373, 240, 219, 72, 71, 251, 274, 317, 308, 5, 58, 209, 41, 159, 7, 48, 149, 347, 244, 80, 24, 161, 148, 154, 285, 282, 357, 358, 395, 208, 195, 280, 279, 316, 256, 249, 33, 376, 211, 144, 213, 278, 377, 142, 82, 247, 315, 222, 250, 335, 201, 89, 202, 283, 277, 115, 114, 29, 139, 128, 236, 227, 212, 130, 92, 146, 134, 306, 105, 391, 390, 160, 365, 245, 239, 70, 137, 23, 14, 172, 26, 298, 291, 362, 304, 394, 225, 179, 64, 15, 388, 348, 343, 79, 62, 54, 314, 76, 248, 217, 241, 19, 337, 366, 292, 342, 398, 194, 324, 320, 186, 53, 6, 110, 275, 147, 42, 126, 271, 293, 397, 260, 238, 229, 393, 364, 303, 18, 171, 63, 106, 165, 163, 3, 47, 112, 88, 353, 39, 332, 215, 214, 157, 1, 400, 237, 246, 174, 185, 184, 4, 90, 224, 123, 192, 189, 221, 199, 95, 10, 352, 193, 206, 30, 68, 77, 31, 254, 223, 375, 191, 187, 313, 378, 122, 162, 399, 297, 164, 25, 340, 38, 98, 233, 380, 204, 125, 74, 168, 81, 22, 8, 354, 16, 61, 370, 328, 302, 118, 21, 301, 120, 96, 338, 182, 232, 367, 75, 284, 329, 294, 107, 386, 2, 121, 318, 131, 355, 319, 86, 11, 196, 0, 345, 173, 309, 167, 36, 170, 334, 119, 216, 200, 198, 361, 51, 49, 234, 228, 286, 273, 374, 363, 289, 109, 141, 116, 252, 371, 327, 268, 151, 59, 253, 65, 97, 276, 259, 50, 56, 87, 230, 226, 210, 176, 156, 258, 333, 267, 272, 356, 99, 389, 265, 326, 325, 103, 155, 20, 188, 299, 336, 321, 111, 369, 66, 60, 44, 402, 287, 52, 40, 263, 136, 257, 180, 359, 152, 310, 305, 37, 13, 205, 379, 262, 261, 129, 218, 203, 295, 307, 143, 104, 145, 392, 255, 133, 158, 269, 85, 296, 312, 35, 102, 372, 28, 135, 270, 331, 323, 242, 117, 178, 100, 108, 351, 360, 69, 57, 150, 384, 383, 34, 124, 339, 220, 197, 190, 138, 266, 140, 101, 177, 183, 17, 12, 264, 330, 290, 175, 385, 67, 166, 300, 401, 344, 235, 113, 83, 387, 9, 132, 243, 127, 396, 281, 169, 27, 341, 181, 346, 207, 45, 311, 55, 32, 322, 46, 153, 368, 78, 382, 381]
Długość trasy: 2703
Czas wykonania: 360030 ms

