8865: 3617
387: 3652
324: 3704
325: 3672
392: 3642
12: 3846
397: 3630
15: 3844
272: 3762
273: 3731
8881: 3613
8882: 3595
8914: 3586
22: 3810
311: 3708
695: 3627
24: 3771
Algorytm: Tabu Search: Zamiana losowych miast
Ilość wierzchołków: 171
Najkrótsza trasa: [0, 1, 2, 77, 73, 170, 49, 50, 51, 52, 53, 43, 55, 54, 58, 59, 60, 61, 68, 67, 167, 70, 87, 85, 86, 83, 84, 69, 66, 63, 64, 56, 57, 62, 65, 88, 153, 154, 89, 90, 91, 94, 96, 97, 99, 98, 95, 92, 93, 166, 108, 107, 106, 105, 165, 163, 100, 102, 103, 117, 118, 119, 120, 121, 122, 123, 162, 101, 115, 104, 114, 113, 164, 127, 126, 125, 124, 129, 128, 130, 131, 132, 133, 134, 141, 6, 7, 8, 9, 10, 76, 74, 75, 11, 12, 18, 19, 20, 158, 32, 21, 23, 26, 27, 28, 30, 31, 33, 34, 156, 40, 39, 38, 37, 35, 36, 157, 41, 155, 42, 45, 44, 46, 47, 48, 168, 72, 78, 82, 79, 80, 81, 3, 4, 5, 169, 110, 109, 71, 22, 16, 17, 29, 24, 25, 150, 161, 160, 151, 142, 149, 148, 144, 143, 147, 137, 136, 138, 135, 139, 140, 152, 14, 15, 159, 13, 112, 116, 146, 145, 111]
Długość trasy: 3586
Czas wykonania: 240002 ms

2784: 3663
2754: 3691
3: 3887
100: 3809
5: 3879
2693: 3735
103: 3806
8: 3873
2728: 3716
6280: 3643
13: 3834
77: 3818
1520: 3793
6289: 3635
6291: 3621
21: 3822
2716: 3733
2686: 3768
2783: 3672
Algorytm: Tabu Search: Zamiana losowych miast
Ilość wierzchołków: 171
Najkrótsza trasa: [2, 0, 1, 77, 73, 170, 49, 50, 51, 52, 53, 43, 55, 54, 58, 59, 60, 61, 68, 67, 69, 167, 70, 87, 85, 86, 83, 84, 66, 63, 64, 56, 57, 62, 65, 88, 153, 154, 89, 90, 91, 94, 96, 97, 99, 98, 95, 92, 93, 108, 166, 107, 106, 105, 165, 163, 100, 102, 103, 117, 118, 119, 120, 121, 122, 162, 123, 101, 104, 114, 109, 113, 164, 127, 126, 125, 124, 129, 128, 130, 131, 111, 112, 132, 134, 6, 7, 8, 9, 10, 76, 74, 75, 11, 12, 18, 19, 158, 32, 21, 23, 26, 27, 28, 29, 30, 31, 33, 34, 156, 40, 39, 38, 37, 35, 36, 157, 155, 41, 42, 45, 44, 46, 47, 48, 168, 72, 78, 82, 79, 80, 81, 3, 4, 5, 133, 169, 110, 71, 20, 22, 16, 17, 24, 25, 150, 161, 160, 151, 152, 142, 149, 148, 144, 143, 147, 136, 137, 135, 138, 139, 141, 14, 15, 159, 13, 115, 116, 146, 145, 140]
Długość trasy: 3621
Czas wykonania: 240001 ms

1056: 3733
8097: 3608
3: 3921
10723: 3508
4: 3844
1060: 3732
6: 3840
1062: 3730
1063: 3702
4583: 3652
8: 3801
1065: 3672
4586: 3630
11: 3781
8267: 3523
18: 3771
5332: 3627
8185: 3601
1055: 3745
Algorytm: Tabu Search: Zamiana losowych miast
Ilość wierzchołków: 171
Najkrótsza trasa: [0, 81, 80, 79, 82, 78, 71, 50, 51, 52, 53, 43, 55, 54, 58, 59, 60, 61, 68, 67, 167, 70, 87, 85, 86, 83, 84, 69, 66, 63, 64, 56, 57, 62, 65, 88, 153, 154, 89, 90, 91, 94, 96, 97, 99, 98, 95, 92, 93, 108, 166, 107, 106, 105, 165, 163, 100, 102, 103, 117, 118, 119, 120, 121, 122, 162, 123, 101, 104, 114, 109, 113, 164, 127, 126, 125, 124, 129, 128, 130, 131, 132, 169, 111, 112, 133, 6, 7, 9, 10, 76, 74, 75, 11, 12, 18, 19, 158, 32, 29, 22, 23, 26, 27, 28, 30, 31, 33, 34, 156, 40, 45, 39, 38, 35, 36, 157, 41, 155, 42, 44, 46, 47, 48, 49, 170, 168, 72, 73, 77, 1, 2, 3, 4, 5, 134, 141, 8, 14, 15, 159, 16, 21, 24, 25, 150, 161, 160, 151, 152, 142, 149, 148, 144, 143, 147, 137, 136, 135, 138, 139, 13, 17, 20, 37, 110, 115, 116, 146, 145, 140]
Długość trasy: 3508
Czas wykonania: 240001 ms

28289: 3507
32193: 3470
5: 3915
6: 3876
7: 3874
20936: 3602
32137: 3500
10: 3868
32203: 3459
30222: 3503
18: 3866
21075: 3575
25: 3852
21081: 3573
21082: 3543
28: 3832
284: 3804
20636: 3607
32157: 3492
32158: 3483
31: 3822
18144: 3681
18146: 3650
18402: 3648
483: 3795
484: 3764
23012: 3539
485: 3740
2342: 3735
2344: 3727
23017: 3527
18410: 3628
2989: 3724
Algorytm: Tabu Search: Zamiana losowych miast
Ilość wierzchołków: 171
Najkrótsza trasa: [2, 1, 77, 73, 168, 72, 71, 50, 51, 52, 53, 43, 55, 54, 58, 59, 60, 61, 68, 69, 67, 167, 70, 87, 85, 86, 83, 84, 66, 63, 64, 56, 57, 62, 65, 88, 153, 154, 89, 90, 91, 94, 96, 97, 99, 98, 95, 92, 93, 108, 166, 107, 106, 105, 165, 163, 101, 100, 102, 117, 118, 119, 120, 121, 122, 123, 162, 103, 104, 110, 109, 114, 164, 127, 126, 125, 124, 129, 128, 130, 131, 132, 133, 134, 141, 6, 7, 8, 9, 10, 76, 74, 75, 11, 12, 18, 19, 20, 158, 32, 21, 22, 26, 27, 28, 29, 30, 31, 34, 156, 40, 39, 38, 35, 36, 157, 33, 41, 155, 42, 45, 44, 46, 47, 48, 49, 170, 78, 82, 79, 80, 81, 0, 5, 169, 111, 3, 4, 15, 159, 16, 17, 23, 24, 25, 150, 161, 160, 151, 152, 142, 149, 148, 144, 143, 147, 137, 136, 138, 135, 139, 14, 13, 37, 112, 113, 115, 116, 146, 145, 140]
Długość trasy: 3459
Czas wykonania: 240002 ms

576: 3739
36226: 3693
3: 3921
5: 3882
37: 3803
7: 3878
8: 3870
9: 3852
36297: 3688
11: 3822
16332: 3707
16335: 3704
2200: 3727
572: 3766
573: 3742
2719: 3724
Algorytm: Tabu Search: Zamiana losowych miast
Ilość wierzchołków: 171
Najkrótsza trasa: [141, 2, 1, 77, 73, 170, 49, 50, 51, 52, 53, 43, 55, 54, 58, 59, 60, 61, 68, 67, 69, 167, 70, 87, 85, 86, 83, 84, 66, 63, 64, 56, 57, 62, 65, 88, 153, 154, 89, 90, 91, 94, 96, 165, 163, 98, 95, 92, 93, 108, 166, 107, 106, 105, 97, 99, 101, 100, 103, 117, 118, 102, 120, 121, 122, 123, 162, 115, 104, 114, 109, 113, 164, 127, 126, 125, 124, 129, 128, 130, 131, 132, 133, 134, 6, 151, 7, 8, 9, 10, 76, 74, 75, 11, 12, 18, 19, 20, 158, 32, 22, 23, 26, 27, 28, 29, 30, 31, 34, 156, 40, 39, 38, 35, 36, 157, 33, 155, 41, 42, 44, 45, 46, 47, 48, 168, 72, 78, 82, 79, 80, 81, 3, 4, 5, 169, 111, 110, 71, 37, 159, 16, 17, 21, 24, 25, 150, 161, 160, 152, 142, 149, 148, 144, 143, 147, 136, 137, 135, 138, 139, 14, 15, 13, 0, 112, 116, 119, 146, 145, 140]
Długość trasy: 3688
Czas wykonania: 240001 ms

11136: 3470
3: 3887
4: 3879
9031: 3512
9: 3840
393: 3762
10: 3822
203: 3779
17869: 3456
207: 3771
400: 3745
465: 3662
408: 3721
409: 3708
17882: 3449
416: 3694
3105: 3622
98: 3816
3108: 3540
495: 3660
11122: 3499
11123: 3493
501: 3630
3701: 3526
441: 3689
11193: 3467
3067: 3626
11196: 3458
9021: 3520
Algorytm: Tabu Search: Zamiana losowych miast
Ilość wierzchołków: 171
Najkrótsza trasa: [73, 77, 1, 2, 78, 72, 71, 50, 51, 52, 53, 43, 55, 54, 58, 59, 60, 61, 68, 67, 167, 70, 87, 85, 86, 83, 84, 69, 66, 63, 64, 56, 57, 62, 65, 88, 153, 154, 89, 90, 91, 94, 96, 97, 99, 98, 95, 92, 93, 108, 166, 107, 106, 105, 165, 163, 100, 104, 115, 116, 117, 120, 121, 122, 162, 123, 101, 102, 103, 110, 109, 114, 113, 127, 126, 125, 118, 119, 124, 128, 132, 111, 112, 133, 134, 6, 7, 8, 9, 10, 76, 74, 75, 11, 12, 18, 19, 20, 158, 32, 21, 22, 26, 27, 28, 30, 31, 40, 39, 37, 38, 35, 36, 157, 33, 34, 156, 155, 41, 42, 44, 45, 46, 47, 48, 49, 170, 168, 82, 79, 80, 81, 0, 3, 4, 5, 169, 15, 159, 16, 17, 29, 23, 24, 25, 150, 161, 160, 151, 152, 142, 149, 148, 144, 143, 147, 137, 129, 136, 138, 139, 140, 141, 131, 164, 130, 135, 146, 145, 14, 13]
Długość trasy: 3449
Czas wykonania: 240000 ms

1954: 3745
1955: 3742
4: 3921
9412: 3689
7: 3844
9: 3805
1963: 3718
1964: 3707
9489: 3687
7154: 3704
9495: 3679
24: 3779
9498: 3667
31: 3771
Algorytm: Tabu Search: Zamiana losowych miast
Ilość wierzchołków: 171
Najkrótsza trasa: [2, 0, 1, 77, 78, 72, 71, 50, 51, 52, 53, 43, 55, 54, 58, 59, 60, 61, 68, 67, 167, 70, 87, 85, 86, 83, 84, 69, 66, 63, 64, 56, 57, 62, 65, 88, 153, 154, 89, 90, 91, 94, 96, 97, 99, 98, 95, 92, 93, 166, 108, 107, 106, 105, 165, 163, 101, 100, 103, 117, 118, 119, 120, 121, 122, 123, 162, 102, 104, 110, 109, 114, 164, 127, 126, 125, 124, 129, 128, 131, 112, 132, 133, 134, 141, 6, 7, 8, 9, 10, 76, 74, 75, 11, 12, 18, 19, 20, 158, 32, 29, 22, 26, 27, 28, 30, 31, 33, 34, 156, 40, 39, 37, 38, 35, 36, 157, 41, 155, 42, 44, 45, 46, 47, 48, 49, 170, 168, 82, 79, 80, 81, 3, 4, 5, 169, 111, 152, 151, 14, 13, 21, 23, 24, 25, 150, 160, 142, 143, 144, 147, 148, 149, 161, 113, 130, 135, 136, 137, 138, 139, 15, 159, 16, 17, 73, 115, 116, 146, 145, 140]
Długość trasy: 3667
Czas wykonania: 240001 ms

32: 3813
64: 3723
33: 3784
35: 3782
36: 3781
6: 3884
9: 3876
4011: 3672
13: 3868
1774: 3692
17: 3840
49: 3751
18: 3822
4018: 3650
180: 3704
26550: 3635
26554: 3617
Algorytm: Tabu Search: Zamiana losowych miast
Ilość wierzchołków: 171
Najkrótsza trasa: [0, 1, 2, 77, 73, 170, 49, 50, 51, 52, 53, 43, 55, 54, 58, 59, 60, 61, 68, 67, 69, 167, 70, 87, 85, 86, 83, 84, 66, 63, 64, 56, 57, 62, 65, 88, 153, 154, 89, 90, 91, 94, 96, 165, 163, 98, 95, 92, 93, 108, 166, 107, 106, 105, 97, 99, 101, 100, 103, 117, 118, 119, 124, 121, 122, 123, 162, 120, 102, 104, 109, 114, 113, 115, 116, 129, 146, 145, 140, 131, 132, 112, 133, 134, 141, 6, 7, 8, 9, 10, 76, 74, 75, 11, 12, 18, 19, 158, 32, 21, 22, 23, 26, 27, 28, 29, 30, 31, 33, 34, 156, 40, 39, 38, 35, 36, 157, 41, 155, 42, 45, 44, 46, 47, 48, 168, 72, 78, 82, 79, 80, 81, 3, 4, 5, 169, 111, 110, 71, 15, 159, 16, 17, 24, 25, 150, 161, 160, 151, 152, 142, 149, 148, 144, 143, 147, 136, 137, 135, 138, 139, 14, 13, 20, 37, 164, 127, 126, 125, 128, 130]
Długość trasy: 3617
Czas wykonania: 240001 ms

4: 3884
485: 3735
6502: 3612
7: 3807
711: 3662
6535: 3554
6505: 3598
490: 3723
12: 3771
498: 3707
500: 3697
504: 3694
728: 3630
473: 3756
6524: 3574
605: 3689
Algorytm: Tabu Search: Zamiana losowych miast
Ilość wierzchołków: 171
Najkrótsza trasa: [2, 1, 0, 77, 73, 170, 49, 50, 51, 52, 53, 43, 55, 54, 58, 59, 60, 61, 68, 67, 167, 70, 87, 85, 86, 83, 84, 69, 66, 63, 64, 56, 57, 62, 65, 88, 153, 154, 89, 90, 91, 94, 96, 97, 99, 98, 95, 92, 93, 166, 108, 107, 106, 105, 165, 163, 100, 102, 103, 117, 118, 119, 120, 121, 122, 123, 162, 101, 104, 109, 114, 113, 164, 127, 126, 125, 124, 129, 128, 130, 131, 132, 133, 134, 141, 6, 7, 8, 9, 10, 76, 74, 75, 11, 12, 18, 19, 20, 158, 32, 23, 26, 27, 28, 29, 30, 31, 33, 34, 156, 40, 39, 37, 38, 35, 36, 157, 41, 155, 42, 44, 45, 46, 47, 48, 168, 72, 78, 82, 79, 80, 81, 3, 4, 5, 169, 111, 110, 71, 21, 22, 16, 17, 24, 25, 150, 161, 160, 151, 152, 142, 149, 148, 144, 143, 147, 137, 136, 135, 138, 139, 14, 15, 159, 13, 112, 115, 116, 146, 145, 140]
Długość trasy: 3554
Czas wykonania: 240001 ms

5: 3846
7: 3844
1448: 3630
778: 3730
1418: 3652
2452: 3627
22: 3810
790: 3703
791: 3675
760: 3745
17624: 3626
27: 3771
795: 3672
17627: 3623
764: 3733
1436: 3644
766: 3732
Algorytm: Tabu Search: Zamiana losowych miast
Ilość wierzchołków: 171
Najkrótsza trasa: [141, 2, 1, 0, 77, 73, 170, 50, 51, 52, 53, 43, 55, 54, 58, 59, 60, 61, 68, 67, 167, 70, 87, 85, 86, 83, 84, 69, 66, 63, 64, 56, 57, 62, 65, 88, 153, 154, 89, 90, 91, 94, 96, 97, 99, 98, 95, 92, 93, 166, 108, 107, 106, 105, 165, 104, 109, 113, 115, 117, 118, 119, 120, 121, 122, 123, 162, 103, 163, 100, 101, 102, 114, 164, 127, 116, 124, 129, 128, 130, 131, 132, 133, 134, 6, 7, 8, 9, 10, 76, 74, 75, 37, 11, 12, 18, 19, 20, 158, 32, 22, 23, 26, 27, 28, 29, 30, 31, 33, 34, 156, 40, 39, 38, 35, 36, 157, 41, 155, 42, 45, 44, 46, 47, 48, 168, 72, 78, 82, 79, 80, 81, 3, 4, 5, 169, 111, 110, 71, 49, 13, 17, 21, 24, 25, 150, 161, 160, 151, 152, 142, 149, 148, 144, 143, 147, 136, 137, 135, 138, 139, 14, 15, 159, 16, 112, 126, 125, 146, 145, 140]
Długość trasy: 3623
Czas wykonania: 240001 ms

