14912: 1826
70: 2044
7: 2326
71: 2028
14919: 1812
14921: 1807
75: 2012
14924: 1805
13: 2324
1294: 1885
16: 2317
1168: 1890
17: 2316
18: 2288
1302: 1878
1303: 1877
24: 2197
1304: 1872
25: 2171
3161: 1838
26: 2148
1306: 1844
3162: 1837
27: 2082
97: 2011
34: 2081
110: 1937
111: 1891
110321: 1795
59: 2065
14910: 1827
Algorytm: Tabu Search: Zamiana losowych miast
Ilość wierzchołków: 48
Najkrótsza trasa: [37, 18, 17, 12, 32, 6, 24, 4, 3, 29, 30, 5, 31, 7, 23, 34, 13, 46, 36, 14, 35, 15, 16, 45, 39, 19, 44, 21, 47, 26, 0, 25, 1, 10, 11, 8, 9, 33, 27, 28, 2, 41, 43, 42, 22, 40, 20, 38]
Długość trasy: 1795
Czas wykonania: 120004 ms

1: 2339
2: 2269
66: 2082
3: 2235
7: 2194
9: 2193
11: 2182
12: 2128
332: 1920
13: 2109
334: 1842
115: 2007
339: 1833
40947: 1829
85: 2068
87: 2054
120: 1924
52733: 1786
62: 2106
Algorytm: Tabu Search: Zamiana losowych miast
Ilość wierzchołków: 48
Najkrótsza trasa: [18, 17, 12, 32, 7, 23, 34, 13, 46, 36, 35, 14, 15, 16, 45, 20, 39, 19, 44, 21, 40, 47, 26, 22, 41, 43, 42, 1, 9, 33, 27, 2, 28, 3, 24, 4, 29, 30, 5, 31, 6, 8, 11, 10, 0, 25, 37, 38]
Długość trasy: 1786
Czas wykonania: 120000 ms

1: 2227
2: 2210
3: 2140
1219: 1836
4: 2117
12998: 1822
8: 2097
14: 2083
1102: 1917
16: 2013
17: 2003
914: 1940
20: 1973
724: 1971
916: 1929
50645: 1811
727: 1961
729: 1960
735: 1952
1183: 1888
738: 1951
739: 1942
41827: 1819
59619: 1802
59620: 1797
1209: 1878
1210: 1876
1212: 1858
1215: 1838
Algorytm: Tabu Search: Zamiana losowych miast
Ilość wierzchołków: 48
Najkrótsza trasa: [17, 12, 32, 7, 23, 34, 13, 46, 36, 14, 35, 15, 16, 45, 39, 19, 44, 21, 40, 47, 26, 42, 28, 3, 24, 4, 29, 30, 5, 31, 6, 8, 10, 11, 37, 38, 0, 25, 1, 9, 33, 27, 2, 41, 43, 22, 20, 18]
Długość trasy: 1797
Czas wykonania: 120001 ms

1: 2225
2: 2210
3: 2199
4: 2197
5: 2175
6: 2147
7: 2131
9: 2118
10: 2108
75: 1961
3532: 1843
14: 2094
83: 1960
20: 2063
25: 2008
2265: 1853
3481: 1845
26: 1964
3484: 1844
25248: 1836
10725: 1841
83887: 1812
25265: 1823
83888: 1795
119: 1937
120: 1914
121: 1912
955: 1887
956: 1861
Algorytm: Tabu Search: Zamiana losowych miast
Ilość wierzchołków: 48
Najkrótsza trasa: [7, 23, 34, 13, 46, 36, 35, 14, 16, 45, 39, 21, 40, 20, 38, 37, 0, 25, 47, 26, 1, 10, 11, 8, 3, 24, 4, 29, 30, 5, 31, 6, 9, 33, 27, 28, 2, 41, 43, 42, 22, 19, 44, 15, 18, 17, 12, 32]
Długość trasy: 1795
Czas wykonania: 120001 ms

44096: 1816
1: 2285
2: 2216
4: 2213
20516: 1826
5: 2181
6: 2081
678: 1899
296: 1961
298: 1960
12: 2022
13: 1977
16: 1968
657: 1937
3025: 1898
626: 1944
658: 1911
3096: 1864
667: 1910
44123: 1808
44093: 1818
44126: 1807
3103: 1842
Algorytm: Tabu Search: Zamiana losowych miast
Ilość wierzchołków: 48
Najkrótsza trasa: [40, 47, 26, 10, 3, 24, 4, 29, 30, 31, 5, 6, 8, 11, 0, 25, 1, 9, 33, 27, 28, 2, 41, 43, 42, 22, 20, 38, 37, 18, 17, 12, 32, 7, 23, 34, 13, 46, 36, 35, 14, 15, 16, 45, 39, 19, 44, 21]
Długość trasy: 1807
Czas wykonania: 120001 ms

1: 2241
3: 2239
4: 2121
6: 2094
12: 2081
14: 2074
5551: 1815
9647: 1808
9648: 1807
18: 1925
722: 1857
691: 1861
20: 1908
502: 1888
505: 1886
734: 1817
Algorytm: Tabu Search: Zamiana losowych miast
Ilość wierzchołków: 48
Najkrótsza trasa: [33, 27, 28, 2, 41, 43, 42, 3, 24, 4, 29, 30, 31, 5, 6, 10, 8, 11, 37, 18, 17, 12, 32, 7, 23, 34, 13, 46, 36, 14, 35, 15, 16, 45, 39, 21, 40, 47, 26, 22, 19, 44, 20, 38, 0, 25, 1, 9]
Długość trasy: 1807
Czas wykonania: 120000 ms

1: 2301
2: 2206
3: 2146
5: 2128
7: 2118
4039: 1853
8: 2089
9: 2031
10: 2019
330: 1858
75: 1916
12: 1979
76: 1892
5580: 1840
5581: 1833
16: 1947
7889: 1828
7892: 1827
7893: 1826
91612: 1798
994: 1854
29102: 1819
33134: 1816
29103: 1818
126: 1863
127: 1861
Algorytm: Tabu Search: Zamiana losowych miast
Ilość wierzchołków: 48
Najkrótsza trasa: [39, 19, 44, 21, 40, 20, 38, 37, 18, 17, 12, 32, 6, 8, 11, 10, 0, 25, 47, 26, 22, 41, 43, 42, 1, 9, 33, 27, 2, 28, 3, 24, 4, 29, 30, 5, 31, 7, 23, 34, 13, 46, 36, 35, 14, 15, 16, 45]
Długość trasy: 1798
Czas wykonania: 120001 ms

1: 2211
2: 2178
3: 2150
4: 2135
5: 2124
88198: 1826
8: 2102
3464: 1857
9: 2001
10: 1975
96397: 1816
14: 1964
2894: 1869
3470: 1856
2897: 1860
282: 1954
57373: 1828
97633: 1805
165: 1963
3498: 1854
45034: 1830
1899: 1916
3501: 1835
1909: 1907
1912: 1892
314: 1944
2042: 1871
637: 1919
Algorytm: Tabu Search: Zamiana losowych miast
Ilość wierzchołków: 48
Najkrótsza trasa: [23, 12, 32, 7, 31, 30, 5, 24, 4, 29, 3, 6, 8, 11, 10, 0, 25, 1, 9, 33, 27, 28, 2, 41, 43, 22, 19, 44, 15, 16, 45, 39, 21, 40, 47, 26, 42, 20, 37, 38, 18, 17, 13, 34, 46, 36, 14, 35]
Długość trasy: 1805
Czas wykonania: 120001 ms

0: 2292
1: 2192
59009: 1790
2: 2167
3: 2113
1283: 1881
5: 2105
1031: 1901
3015: 1826
3016: 1825
31050: 1803
204: 1980
17: 2099
18: 2072
338: 1924
23: 2063
1047: 1892
88: 2029
91: 2028
13086: 1823
31070: 1799
161: 2025
34: 2045
36: 2036
13093: 1822
2795: 1844
2098: 1869
377: 1907
Algorytm: Tabu Search: Zamiana losowych miast
Ilość wierzchołków: 48
Najkrótsza trasa: [7, 23, 34, 13, 46, 36, 35, 14, 15, 16, 45, 39, 19, 44, 21, 47, 26, 1, 10, 11, 8, 24, 3, 4, 29, 30, 31, 5, 6, 9, 33, 27, 28, 2, 41, 43, 42, 22, 40, 20, 37, 38, 0, 25, 18, 17, 12, 32]
Długość trasy: 1790
Czas wykonania: 120000 ms

1: 2183
2: 2122
3: 2105
7: 2073
8: 2056
16: 2049
17: 2037
1873: 1922
19729: 1864
18: 1954
1875: 1921
112405: 1804
22: 1939
1050: 1924
987: 1930
92: 1938
223: 1933
2411: 1920
56108: 1807
43950: 1829
19765: 1862
3895: 1875
19831: 1851
33207: 1840
2616: 1888
3896: 1868
7800: 1865
19835: 1841
Algorytm: Tabu Search: Zamiana losowych miast
Ilość wierzchołków: 48
Najkrótsza trasa: [38, 18, 17, 13, 34, 46, 36, 14, 35, 23, 12, 32, 7, 31, 30, 5, 24, 4, 29, 3, 6, 9, 33, 27, 28, 2, 41, 43, 42, 22, 20, 19, 44, 15, 16, 45, 39, 21, 40, 47, 26, 1, 10, 8, 11, 0, 25, 37]
Długość trasy: 1804
Czas wykonania: 120001 ms

