166402: 3374
189954: 2513
166403: 3352
166400: 3411
166401: 3394
183809: 2613
166415: 3328
177167: 2820
177168: 2816
166417: 3325
166422: 3307
181270: 2692
166423: 3305
196119: 2501
166421: 3321
177173: 2813
24: 3536
181274: 2691
181277: 2690
185891: 2565
177191: 2811
177194: 2790
177192: 2799
182322: 2661
164913: 3517
164406: 3534
164407: 3530
196156: 2500
181829: 2669
190028: 2510
182354: 2657
182352: 2660
182356: 2655
185940: 2564
185950: 2560
182367: 2653
185948: 2563
185949: 2561
185954: 2559
182368: 2647
175206: 2960
181863: 2667
175205: 2968
181865: 2666
185965: 2558
182386: 2645
185970: 2556
182387: 2643
171121: 3097
175222: 2947
175223: 2946
182388: 2641
182389: 2638
175225: 2945
182411: 2636
182414: 2635
185998: 2545
185997: 2546
179346: 2774
179345: 2779
182943: 2624
182941: 2627
179362: 2771
182944: 2617
165031: 3504
176810: 2886
176811: 2884
165032: 3502
199337: 2491
176814: 2861
176815: 2860
176813: 2862
179373: 2770
176817: 2859
176823: 2850
179383: 2768
176820: 2858
176821: 2854
174778: 2997
174267: 3019
176827: 2844
176825: 2848
174270: 3005
174782: 2989
174268: 3009
174269: 3007
174781: 2995
179393: 2763
174276: 3000
174277: 2998
196311: 2499
196314: 2497
196313: 2498
196319: 2496
174819: 2986
196323: 2494
174822: 2985
174823: 2979
174824: 2969
196332: 2492
171762: 3096
186096: 2543
186097: 2542
180983: 2737
180981: 2739
175354: 2939
184058: 2611
175355: 2938
184059: 2609
171775: 3072
171772: 3083
171776: 3048
184070: 2605
177934: 2784
179470: 2761
184079: 2603
165650: 3469
165651: 3463
181520: 2688
184081: 2602
181526: 2682
165653: 3444
181525: 2685
165656: 3443
179997: 2760
189730: 2536
189728: 2540
189729: 2537
189732: 2534
181035: 2736
184111: 2596
181036: 2735
181037: 2734
189746: 2533
189751: 2532
184122: 2591
175419: 2934
184121: 2595
184124: 2590
184125: 2582
189757: 2530
225090: 2478
175431: 2925
189764: 2525
176970: 2834
181579: 2676
169295: 3290
176975: 2828
181580: 2674
181581: 2673
176978: 2825
175446: 2906
184150: 2581
175447: 2904
175444: 2913
175449: 2902
175454: 2888
225117: 2476
189792: 2522
189798: 2520
189799: 2518
169322: 3289
177016: 2823
185721: 2573
208254: 2484
185724: 2572
180610: 2755
185728: 2571
180609: 2757
201092: 2488
201099: 2485
181135: 2730
180624: 2753
181136: 2721
180625: 2752
181137: 2716
180630: 2746
180634: 2741
170911: 3162
169378: 3283
170914: 3137
169376: 3285
170912: 3144
170918: 3116
213415: 2483
170919: 3114
170916: 3134
170917: 3122
170922: 3101
170923: 3099
170921: 3103
169398: 3262
191927: 2506
181172: 2714
181173: 2712
181178: 2706
181177: 2709
191936: 2505
169414: 3258
169415: 3257
171980: 3043
170458: 3179
172506: 3033
172508: 3031
223709: 2482
169443: 3237
170464: 3173
169441: 3239
169447: 3231
169445: 3236
169450: 3205
169451: 3190
169448: 3230
185832: 2570
169455: 3189
172534: 3024
181236: 2703
181237: 2699
166394: 3438
181242: 2698
183802: 2616
189946: 2516
189947: 2515
189944: 2517
181246: 2696
181247: 2693
166396: 3423
166397: 3416
Algorytm: Symulowane wyżarzanie: Zamiana losowych miast
Ilość wierzchołków: 403
Najkrótsza trasa: [398, 396, 281, 133, 137, 111, 369, 201, 89, 230, 382, 381, 174, 185, 237, 333, 267, 257, 164, 3, 47, 113, 357, 358, 350, 194, 324, 320, 385, 300, 236, 227, 144, 23, 393, 193, 373, 355, 6, 65, 170, 284, 207, 45, 397, 5, 179, 368, 262, 261, 160, 15, 387, 349, 115, 189, 92, 347, 341, 77, 156, 147, 184, 4, 332, 215, 29, 85, 162, 48, 2, 386, 252, 371, 336, 292, 343, 209, 41, 40, 39, 253, 276, 49, 296, 42, 206, 30, 283, 277, 263, 79, 69, 68, 202, 331, 378, 224, 155, 143, 335, 141, 392, 256, 247, 134, 306, 319, 361, 51, 298, 291, 289, 307, 20, 313, 323, 73, 301, 351, 107, 61, 395, 304, 260, 142, 105, 19, 18, 254, 223, 354, 200, 57, 182, 208, 163, 25, 364, 303, 377, 235, 121, 87, 56, 82, 249, 233, 380, 204, 139, 52, 119, 216, 342, 266, 268, 16, 322, 370, 328, 317, 232, 95, 55, 129, 211, 391, 325, 158, 269, 244, 80, 103, 302, 118, 169, 27, 149, 146, 212, 135, 270, 181, 346, 114, 62, 13, 205, 362, 153, 310, 400, 188, 299, 259, 402, 287, 136, 90, 72, 337, 50, 186, 53, 344, 178, 100, 44, 166, 67, 94, 195, 32, 280, 12, 221, 199, 108, 246, 81, 22, 21, 312, 35, 251, 274, 83, 131, 151, 11, 177, 161, 148, 390, 172, 26, 248, 367, 75, 99, 389, 239, 117, 231, 288, 86, 101, 124, 339, 187, 314, 59, 218, 9, 238, 229, 14, 353, 352, 159, 7, 388, 348, 329, 294, 272, 28, 340, 93, 384, 383, 203, 295, 110, 326, 154, 91, 264, 330, 290, 311, 271, 293, 167, 54, 104, 265, 275, 258, 88, 125, 60, 98, 222, 250, 130, 183, 17, 279, 318, 375, 191, 234, 228, 71, 308, 394, 225, 24, 126, 10, 345, 173, 168, 213, 356, 196, 0, 180, 359, 217, 84, 46, 128, 255, 33, 376, 245, 102, 132, 243, 242, 70, 64, 365, 109, 171, 63, 198, 123, 106, 165, 374, 363, 315, 157, 1, 58, 8, 214, 192, 338, 240, 219, 316, 120, 116, 190, 138, 122, 401, 372, 278, 297, 97, 150, 145, 285, 282, 366, 321, 379, 241, 112, 38, 140, 334, 286, 273, 327, 220, 197, 152, 76, 43, 34, 175, 360, 96, 66, 74, 309, 176, 31, 305, 37, 36, 78, 226, 210, 127, 399]
Długość trasy: 2476
Czas wykonania: 360002 ms

174082: 2840
174083: 2839
179712: 2651
168961: 3162
169476: 3101
174084: 2827
169477: 3085
187400: 2535
194574: 2506
199183: 2490
168460: 3199
168461: 3196
206860: 2481
168467: 3188
168979: 3159
24: 3638
209435: 2476
174107: 2821
194587: 2505
170014: 3046
177694: 2733
179742: 2650
199197: 2488
170013: 3048
177693: 2737
170018: 3033
167459: 3213
167456: 3220
170016: 3037
167460: 3206
167461: 3203
191534: 2508
168499: 3186
191546: 2507
184891: 2552
174662: 2783
179782: 2649
174661: 2785
179784: 2648
179785: 2646
174669: 2781
184397: 2577
174672: 2777
174673: 2775
174679: 2769
174680: 2760
201817: 2487
174681: 2751
185433: 2550
209510: 2474
203374: 2484
206451: 2482
209015: 2478
168574: 3183
209023: 2477
211069: 2473
182402: 2593
182403: 2591
188035: 2534
182401: 2594
168583: 3180
188037: 2533
168586: 3168
182411: 2590
181896: 2606
168585: 3171
181897: 2604
179859: 2642
179856: 2644
182421: 2588
179866: 2641
177819: 2732
179870: 2636
179871: 2634
186012: 2549
177821: 2731
179869: 2637
179874: 2628
177824: 2729
169638: 3084
177830: 2721
169639: 3077
161962: 3612
189097: 2515
167599: 3202
163507: 3476
166064: 3334
166069: 3318
163514: 3473
165050: 3412
169658: 3058
169656: 3073
165049: 3416
169657: 3061
165052: 3384
173763: 2868
169668: 3057
169669: 3050
173765: 2867
173770: 2865
215242: 2470
186067: 2548
166107: 3308
166108: 3283
166109: 3279
162022: 3600
165094: 3347
167142: 3241
166119: 3273
165092: 3376
166117: 3274
167141: 3263
179429: 2671
167154: 3240
173812: 2856
188666: 2531
179451: 2669
188667: 2529
182008: 2603
182014: 2600
182015: 2599
182017: 2596
179461: 2664
167178: 3238
188682: 2526
188680: 2527
194824: 2503
194825: 2501
194831: 2500
212749: 2471
188690: 2524
173841: 2850
176407: 2749
188695: 2523
176409: 2744
181535: 2625
196893: 2498
176413: 2739
178466: 2683
178464: 2693
178465: 2685
188714: 2522
170795: 3019
170793: 3025
170798: 3009
170799: 3007
211244: 2472
188720: 2520
170801: 3003
169270: 3143
162615: 3553
171319: 2968
162613: 3577
169269: 3149
162618: 3540
171323: 2955
171320: 2966
162617: 3545
170809: 2990
171321: 2960
171326: 2921
170812: 2987
171324: 2939
162621: 3533
170813: 2986
171325: 2927
163649: 3456
186182: 2545
186183: 2543
186181: 2547
181578: 2624
162635: 3527
186187: 2541
186184: 2542
177998: 2716
170831: 2982
177999: 2711
162636: 3510
177996: 2720
181580: 2622
186189: 2540
178000: 2703
162641: 3482
170833: 2979
181590: 2621
171348: 2912
171349: 2903
171354: 2886
181594: 2618
171355: 2869
171352: 2895
171353: 2891
181593: 2620
187231: 2538
181597: 2615
179047: 2680
178026: 2699
179051: 2675
178024: 2702
179048: 2676
179054: 2672
178028: 2696
179052: 2673
181626: 2612
184184: 2585
178041: 2694
184702: 2575
184707: 2571
181636: 2611
181637: 2607
184714: 2569
190345: 2514
184718: 2568
190367: 2512
184226: 2583
184227: 2582
190368: 2511
184229: 2579
184748: 2566
184749: 2565
174515: 2816
184755: 2564
174518: 2806
184758: 2563
170932: 2970
174516: 2809
184762: 2554
160699: 3629
184761: 2558
163774: 3443
163775: 3437
174524: 2803
198077: 2497
160701: 3613
187330: 2537
198082: 2495
163776: 3433
163777: 3425
187337: 2536
198095: 2493
198094: 2494
174540: 2800
203218: 2485
198096: 2491
191448: 2509
181218: 2627
202727: 2486
181220: 2626
208881: 2480
179702: 2661
169463: 3138
179703: 2660
188919: 2519
188923: 2516
179705: 2657
169470: 3128
174590: 2798
169471: 3108
174591: 2791
Algorytm: Symulowane wyżarzanie: Zamiana losowych miast
Ilość wierzchołków: 403
Najkrótsza trasa: [270, 242, 70, 109, 387, 145, 42, 374, 363, 204, 373, 355, 400, 92, 347, 263, 232, 308, 5, 301, 351, 357, 328, 209, 278, 266, 180, 165, 193, 231, 205, 289, 345, 299, 298, 402, 287, 370, 358, 327, 137, 13, 243, 246, 132, 306, 115, 189, 124, 339, 397, 260, 178, 138, 57, 139, 4, 164, 25, 340, 221, 199, 366, 321, 315, 157, 1, 110, 275, 147, 222, 250, 23, 14, 62, 90, 72, 224, 239, 117, 201, 89, 136, 159, 7, 85, 163, 3, 2, 61, 317, 126, 55, 202, 111, 369, 127, 192, 338, 175, 291, 362, 65, 78, 226, 258, 238, 229, 225, 313, 323, 73, 206, 30, 128, 161, 148, 210, 233, 324, 144, 150, 34, 172, 26, 286, 60, 44, 167, 24, 54, 254, 223, 216, 342, 398, 396, 46, 235, 121, 177, 125, 74, 214, 285, 282, 107, 386, 93, 384, 383, 84, 395, 58, 8, 168, 97, 307, 143, 318, 364, 303, 122, 40, 341, 335, 119, 319, 252, 371, 350, 372, 28, 236, 227, 320, 251, 322, 293, 241, 112, 47, 113, 272, 356, 169, 27, 302, 118, 160, 15, 162, 48, 244, 80, 151, 11, 105, 391, 154, 211, 361, 51, 49, 296, 262, 261, 68, 183, 17, 12, 268, 16, 385, 300, 399, 337, 106, 359, 64, 365, 152, 76, 336, 292, 290, 179, 368, 245, 133, 33, 376, 32, 274, 158, 269, 194, 380, 379, 304, 394, 393, 240, 219, 102, 312, 35, 155, 20, 91, 140, 334, 50, 170, 284, 343, 311, 10, 149, 146, 212, 234, 228, 377, 213, 41, 375, 191, 187, 130, 188, 173, 305, 215, 6, 43, 141, 392, 153, 310, 344, 95, 271, 83, 104, 349, 354, 200, 297, 88, 171, 63, 18, 176, 156, 325, 108, 256, 82, 249, 332, 37, 36, 123, 283, 277, 352, 182, 230, 382, 381, 388, 181, 346, 114, 69, 217, 203, 142, 248, 348, 190, 100, 98, 316, 120, 116, 166, 67, 66, 273, 281, 314, 59, 99, 389, 186, 53, 52, 401, 309, 367, 75, 79, 96, 94, 333, 267, 257, 174, 185, 134, 288, 247, 77, 31, 29, 103, 86, 101, 87, 56, 184, 264, 330, 329, 294, 195, 280, 279, 207, 45, 265, 326, 390, 360, 353, 39, 81, 22, 21, 253, 276, 259, 218, 9, 331, 378, 198, 131, 196, 0, 129, 255, 237, 38, 19, 71, 208, 220, 197, 295, 135]
Długość trasy: 2470
Czas wykonania: 360002 ms

196611: 2482
175104: 2804
172033: 2980
164358: 3503
164359: 3483
175111: 2801
193543: 2506
175108: 2802
172043: 2976
168974: 3213
181774: 2624
181775: 2622
172045: 2975
181778: 2616
185362: 2578
168979: 3183
168976: 3203
168977: 3193
177686: 2779
185364: 2577
177685: 2783
25: 3599
164376: 3477
164377: 3473
163870: 3588
164382: 3471
181790: 2615
163871: 3578
164383: 3459
163869: 3597
181792: 2611
163873: 3568
181793: 2610
166955: 3441
193576: 2505
166953: 3442
166958: 3411
196655: 2481
166956: 3422
166957: 3421
196663: 2480
172599: 2973
172600: 2970
172601: 2957
196664: 2478
196162: 2495
196194: 2494
196198: 2489
196199: 2487
172663: 2940
169082: 3161
167544: 3347
167545: 3332
167550: 3304
169086: 3159
167551: 3300
169087: 3157
167549: 3322
209024: 2467
180363: 2662
210056: 2466
180367: 2661
199319: 2476
199316: 2477
180379: 2654
199322: 2475
180377: 2655
180382: 2651
199327: 2474
199331: 2472
199330: 2473
180391: 2644
177834: 2771
177835: 2770
186027: 2574
180392: 2642
177833: 2774
180393: 2641
177839: 2766
186028: 2572
177840: 2755
186032: 2571
193719: 2501
180404: 2639
177845: 2754
180405: 2638
188610: 2567
177860: 2748
188616: 2565
180425: 2637
189647: 2543
189645: 2545
186065: 2568
167639: 3297
189663: 2541
189664: 2540
211685: 2465
199405: 2471
175347: 2799
189681: 2539
189687: 2533
195322: 2500
207099: 2468
195323: 2499
177913: 2747
189689: 2531
177918: 2728
195327: 2497
175356: 2786
177916: 2737
189692: 2530
195330: 2496
177921: 2722
177926: 2716
177925: 2720
184593: 2589
174874: 2884
169755: 3141
192795: 2515
174873: 2897
184607: 2585
184604: 2587
174882: 2879
174883: 2878
169760: 3138
192811: 2514
184616: 2584
192814: 2513
192819: 2511
169268: 3144
173886: 2927
173885: 2932
173386: 2937
173387: 2934
173896: 2915
167758: 3290
167759: 3287
169810: 3136
173907: 2910
167760: 3280
167761: 3262
180054: 2705
173908: 2903
167765: 3258
173909: 2901
180058: 2695
169819: 3126
191323: 2517
169816: 3135
180056: 2703
169817: 3127
180057: 2696
169820: 3124
180060: 2694
169826: 3123
174946: 2859
190306: 2529
203107: 2469
169827: 3118
174947: 2846
190307: 2527
174945: 2872
180070: 2687
169831: 3104
174951: 2834
174948: 2842
190309: 2525
174954: 2822
174955: 2819
169832: 3094
174952: 2831
183656: 2604
169833: 3086
183662: 2602
183661: 2603
183675: 2601
180088: 2685
180089: 2684
188798: 2564
188799: 2563
183690: 2592
183689: 2594
180113: 2683
180127: 2682
167330: 3406
167331: 3399
180131: 2664
180128: 2674
193444: 2508
167343: 3393
175023: 2811
167341: 3395
188854: 2560
188855: 2559
171962: 3062
171960: 3083
171961: 3067
181692: 2636
181698: 2635
176577: 2784
179654: 2712
179655: 2709
179652: 2714
181701: 2632
188869: 2557
193477: 2507
167370: 3365
188875: 2554
188872: 2556
188873: 2555
188879: 2550
179660: 2707
188876: 2552
188882: 2549
196563: 2485
196566: 2483
171988: 3042
171989: 3033
171998: 3030
164327: 3529
164324: 3564
164325: 3532
164328: 3521
168431: 3254
168435: 3223
168433: 3234
185329: 2582
172022: 3022
168436: 3215
172021: 3028
172027: 3004
202234: 2470
172024: 3012
181752: 2631
185336: 2579
181753: 2626
167422: 3353
172030: 2988
167423: 3348
172031: 2982
167420: 3359
172028: 2999
172029: 2997
Algorytm: Symulowane wyżarzanie: Zamiana losowych miast
Ilość wierzchołków: 403
Najkrótsza trasa: [200, 122, 40, 263, 166, 67, 189, 77, 156, 154, 174, 250, 402, 287, 272, 278, 266, 239, 117, 307, 143, 361, 146, 381, 23, 225, 150, 349, 400, 179, 368, 245, 201, 89, 196, 0, 105, 391, 210, 106, 359, 129, 110, 275, 258, 217, 384, 383, 84, 142, 97, 91, 286, 60, 44, 136, 176, 31, 29, 318, 158, 1, 285, 282, 357, 358, 46, 345, 173, 214, 192, 66, 273, 207, 45, 141, 116, 213, 28, 93, 233, 380, 204, 79, 62, 242, 70, 38, 19, 18, 335, 332, 37, 54, 132, 243, 88, 96, 114, 69, 231, 306, 168, 374, 363, 315, 167, 36, 124, 269, 33, 376, 68, 385, 300, 340, 237, 264, 113, 317, 64, 365, 130, 190, 100, 98, 140, 334, 183, 17, 12, 178, 138, 377, 311, 271, 350, 125, 74, 52, 119, 319, 367, 75, 222, 185, 81, 22, 21, 372, 356, 202, 32, 274, 163, 3, 331, 323, 73, 137, 13, 205, 379, 155, 7, 161, 148, 147, 208, 276, 49, 215, 216, 342, 398, 396, 83, 206, 30, 232, 134, 288, 218, 203, 43, 34, 157, 339, 65, 236, 227, 212, 182, 252, 371, 370, 328, 257, 92, 347, 341, 95, 55, 171, 63, 297, 82, 247, 249, 211, 313, 20, 253, 375, 191, 187, 169, 27, 172, 26, 364, 303, 337, 160, 15, 240, 219, 336, 292, 290, 220, 197, 230, 226, 325, 388, 373, 246, 283, 8, 6, 397, 5, 316, 235, 121, 387, 145, 244, 80, 24, 238, 229, 14, 353, 39, 177, 265, 326, 390, 194, 324, 320, 180, 165, 262, 261, 149, 51, 298, 291, 289, 139, 4, 251, 322, 107, 386, 47, 330, 221, 199, 104, 9, 42, 131, 355, 344, 111, 369, 127, 184, 90, 72, 224, 128, 255, 103, 360, 78, 382, 144, 50, 126, 10, 152, 76, 333, 267, 293, 99, 389, 87, 56, 312, 35, 304, 394, 393, 308, 260, 209, 41, 133, 123, 399, 57, 175, 234, 228, 71, 162, 48, 241, 112, 2, 61, 327, 102, 301, 256, 135, 270, 86, 101, 186, 53, 309, 109, 151, 11, 302, 118, 254, 223, 305, 296, 295, 248, 348, 343, 366, 321, 362, 268, 16, 195, 280, 279, 108, 120, 392, 351, 395, 188, 299, 259, 85, 159, 378, 198, 314, 59, 164, 25, 401, 115, 94, 193, 181, 346, 338, 170, 284, 329, 294, 281, 58, 277, 352, 153, 310, 354]
Długość trasy: 2465
Czas wykonania: 360003 ms

178690: 2740
180738: 2667
180736: 2671
189447: 2536
179205: 2713
189450: 2534
203272: 2483
189454: 2533
190477: 2517
189458: 2532
24: 3580
179226: 2700
179225: 2708
179228: 2697
177693: 2742
193583: 2507
190517: 2516
163386: 3531
171576: 3077
175676: 2877
175677: 2876
172610: 2927
188480: 2541
172609: 2929
163910: 3480
172614: 2917
163911: 3473
172615: 2916
163908: 3499
172613: 2918
201284: 2485
171595: 3076
188495: 2538
189521: 2530
189524: 2527
189529: 2526
203864: 2482
172124: 3018
189532: 2524
172125: 3016
189533: 2520
171616: 3069
203873: 2481
179809: 2690
172134: 3014
179815: 2685
189540: 2519
172133: 3015
179818: 2683
196715: 2487
167016: 3290
171624: 3067
188520: 2537
196713: 2489
171625: 3064
172142: 3004
172140: 3012
172144: 2981
172145: 2978
181370: 2663
181374: 2659
181373: 2661
175746: 2875
181379: 2657
192647: 2513
172170: 2963
192650: 2512
183947: 2569
211602: 2477
183956: 2565
179866: 2679
183962: 2559
179867: 2677
183961: 2561
183966: 2558
195741: 2493
171683: 3060
183968: 2556
171687: 3054
193707: 2506
171688: 3038
171689: 3030
193715: 2504
193713: 2505
182966: 2623
193716: 2503
182965: 2625
193717: 2501
172218: 2943
172219: 2942
182980: 2618
182981: 2617
167112: 3275
172233: 2938
182985: 2616
181455: 2653
172236: 2936
172237: 2931
181453: 2654
206050: 2479
206054: 2478
193786: 2499
169723: 3160
171771: 3028
169720: 3161
193784: 2500
195833: 2491
169727: 3151
195837: 2490
171267: 3105
169728: 3140
169729: 3138
171270: 3099
171269: 3101
162574: 3561
179470: 2696
162575: 3558
166671: 3383
162572: 3568
162573: 3567
166672: 3377
166673: 3375
171286: 3089
169748: 3127
171285: 3093
166685: 3372
171298: 3081
171810: 3021
183074: 2615
164131: 3471
193827: 2497
171297: 3084
171809: 3022
193825: 2498
164134: 3437
181030: 2666
169767: 3111
169764: 3121
164133: 3447
169258: 3199
183083: 2607
181032: 2664
183081: 2611
164142: 3436
169262: 3182
164143: 3424
193839: 2496
169260: 3192
169261: 3185
169779: 3107
164144: 3411
164145: 3404
175921: 2869
175926: 2851
183094: 2602
175927: 2849
183092: 2604
193845: 2495
175930: 2847
175931: 2843
175929: 2848
175932: 2831
175933: 2830
183106: 2598
183105: 2599
183109: 2596
183114: 2591
183115: 2590
165710: 3401
183116: 2586
166221: 3390
183117: 2581
183122: 2575
193362: 2510
165715: 3396
181590: 2650
168279: 3260
181591: 2648
181589: 2652
183125: 2571
181594: 2646
168280: 3252
179039: 2736
168285: 3242
179037: 2738
179549: 2691
168288: 3228
179040: 2732
168289: 3219
179041: 2730
180586: 2675
193386: 2509
180585: 2676
181627: 2645
175998: 2828
171388: 3078
173955: 2898
173953: 2910
168327: 3207
173956: 2893
176004: 2824
173957: 2882
181642: 2644
176015: 2814
184716: 2553
176013: 2820
176017: 2813
166810: 3371
166811: 3351
229278: 2475
166812: 3342
186787: 2551
166820: 3332
186788: 2549
166821: 3331
186789: 2545
186794: 2543
181678: 2642
175021: 2881
186797: 2542
166835: 3323
166836: 3302
204220: 2480
181696: 2637
181697: 2636
177606: 2778
177604: 2791
177605: 2779
203210: 2484
176082: 2795
181715: 2633
176080: 2811
184784: 2552
176081: 2802
177622: 2770
176084: 2794
177620: 2776
181716: 2629
176085: 2792
181717: 2626
177624: 2767
177625: 2766
177633: 2765
168939: 3201
177654: 2756
231415: 2470
177652: 2764
177653: 2759
177656: 2753
177657: 2747
168958: 3200
179198: 2721
180732: 2674
179197: 2722
Algorytm: Symulowane wyżarzanie: Zamiana losowych miast
Ilość wierzchołków: 403
Najkrótsza trasa: [125, 74, 319, 99, 389, 130, 374, 363, 379, 251, 330, 343, 103, 126, 10, 150, 145, 340, 196, 0, 239, 117, 206, 30, 174, 250, 33, 376, 245, 232, 332, 215, 305, 37, 13, 288, 247, 195, 280, 12, 217, 349, 52, 40, 39, 152, 76, 127, 192, 66, 60, 98, 302, 89, 372, 356, 233, 324, 320, 218, 140, 334, 182, 184, 367, 310, 29, 176, 31, 6, 333, 267, 395, 169, 27, 160, 15, 364, 303, 377, 183, 17, 279, 316, 120, 392, 351, 107, 386, 38, 373, 314, 59, 43, 34, 141, 116, 234, 228, 57, 222, 185, 24, 151, 11, 58, 277, 263, 221, 199, 304, 260, 86, 101, 142, 209, 41, 331, 378, 398, 396, 46, 286, 273, 317, 307, 7, 360, 96, 94, 166, 67, 189, 155, 143, 399, 71, 42, 111, 369, 177, 159, 20, 388, 171, 63, 122, 119, 168, 235, 121, 391, 154, 237, 179, 368, 91, 82, 249, 92, 347, 341, 90, 72, 18, 79, 62, 54, 181, 346, 338, 208, 213, 28, 253, 88, 353, 352, 387, 384, 383, 84, 272, 278, 224, 104, 203, 242, 70, 265, 326, 147, 65, 385, 300, 110, 132, 243, 301, 256, 193, 276, 259, 336, 292, 290, 134, 306, 214, 312, 35, 207, 45, 401, 400, 397, 5, 149, 146, 212, 244, 80, 268, 16, 108, 255, 77, 156, 390, 93, 9, 105, 19, 337, 133, 157, 269, 32, 322, 293, 163, 3, 106, 165, 64, 365, 87, 231, 205, 289, 241, 112, 172, 26, 190, 100, 44, 109, 275, 258, 345, 299, 49, 296, 295, 129, 23, 225, 162, 48, 2, 61, 327, 135, 270, 178, 138, 297, 201, 118, 366, 321, 204, 85, 158, 1, 81, 22, 21, 318, 248, 348, 329, 294, 102, 164, 25, 211, 139, 4, 153, 75, 78, 382, 144, 313, 323, 115, 114, 161, 148, 210, 97, 361, 51, 298, 137, 236, 227, 381, 220, 197, 335, 167, 36, 308, 394, 393, 123, 131, 355, 354, 200, 266, 50, 56, 180, 359, 262, 261, 68, 246, 375, 371, 370, 328, 357, 358, 281, 285, 282, 186, 53, 344, 283, 8, 309, 188, 173, 216, 342, 198, 175, 291, 362, 128, 136, 252, 191, 187, 311, 271, 83, 194, 380, 315, 264, 274, 95, 55, 238, 229, 14, 69, 230, 226, 325, 254, 223, 73, 402, 287, 257, 240, 219, 47, 113, 350, 202, 170, 284, 124, 339]
Długość trasy: 2470
Czas wykonania: 360003 ms

184326: 2564
170500: 3110
170501: 3105
184329: 2562
184334: 2558
184332: 2561
183309: 2596
170515: 3101
183312: 2594
197655: 2487
168468: 3215
170516: 3095
24: 3615
168472: 3211
168473: 3203
175129: 2837
197663: 2486
170525: 3082
170533: 3078
197668: 2485
163886: 3550
180782: 2638
163887: 3548
180786: 2634
163891: 3526
180787: 2632
166960: 3352
180784: 2637
163895: 3514
180788: 2631
171573: 3013
171580: 3007
198204: 2481
197707: 2483
178254: 2700
197198: 2490
194124: 2491
178253: 2702
171610: 3002
171611: 2997
171615: 2979
171612: 2983
170081: 3115
171617: 2976
182375: 2620
176746: 2793
185450: 2545
180843: 2628
178280: 2698
212072: 2475
176750: 2786
178286: 2687
180846: 2625
185454: 2544
191598: 2496
176748: 2789
178284: 2697
178285: 2696
180845: 2627
176755: 2784
180848: 2624
178289: 2680
180849: 2622
178295: 2674
178292: 2679
176762: 2782
184443: 2556
176761: 2783
176770: 2774
178306: 2672
176771: 2769
178305: 2673
184449: 2555
184454: 2553
214148: 2474
191634: 2494
169123: 3191
169121: 3197
169124: 3183
169129: 3161
169135: 3140
169132: 3153
169133: 3145
169137: 3127
176822: 2766
176823: 2764
191676: 2492
174274: 2875
174275: 2873
176835: 2763
174273: 2876
176836: 2759
170696: 3072
170697: 3066
176851: 2751
184534: 2551
175316: 2833
176852: 2750
175317: 2832
184533: 2552
164579: 3434
176871: 2746
164580: 3426
176874: 2736
176872: 2741
186601: 2531
164589: 3407
186608: 2530
207094: 2476
162036: 3597
204021: 2478
162037: 3581
204020: 2479
162043: 3579
164097: 3512
184074: 2587
204042: 2477
164105: 3498
184073: 2593
201480: 2480
184076: 2586
175885: 2827
184077: 2580
164626: 3389
175891: 2819
175888: 2825
164625: 3400
175889: 2824
176913: 2734
170774: 3055
162583: 3572
184087: 2578
170772: 3057
175892: 2816
176916: 2732
176917: 2725
175896: 2812
184092: 2574
184093: 2572
182049: 2621
163115: 3562
176937: 2724
170798: 3042
176942: 2718
170799: 3025
174895: 2870
163116: 3561
170796: 3046
174898: 2866
170800: 3022
167222: 3331
174902: 2864
167223: 3328
174903: 2861
190775: 2508
167220: 3348
167221: 3345
170805: 3019
174906: 2852
190778: 2507
190779: 2503
174904: 2854
174905: 2853
174911: 2844
190783: 2502
174909: 2851
174913: 2840
173382: 2970
184646: 2550
174919: 2838
176456: 2810
173385: 2963
176457: 2806
164687: 3373
164684: 3374
176464: 2804
163153: 3552
164689: 3355
184666: 2547
176476: 2803
176477: 2799
173410: 2941
173411: 2940
173408: 2962
173409: 2953
178022: 2717
197478: 2488
173424: 2939
173425: 2937
189812: 2512
167802: 3257
183168: 2612
186246: 2541
186247: 2538
186245: 2542
186255: 2536
178067: 2711
183187: 2609
178064: 2714
178065: 2713
178068: 2709
183188: 2606
187285: 2529
186267: 2533
173986: 2935
168352: 3256
173984: 2936
168353: 3254
187303: 2527
173988: 2912
164266: 3495
187304: 2526
173998: 2890
187310: 2524
173996: 2903
164269: 3484
167341: 3319
173997: 2896
174002: 2882
180658: 2670
174003: 2880
187317: 2521
214459: 2473
186300: 2532
187324: 2520
180674: 2666
166851: 3354
184256: 2568
180673: 2667
167367: 3315
187332: 2514
167370: 3310
175562: 2831
167371: 3304
175563: 2830
167369: 3311
167374: 3290
180686: 2657
167375: 3289
180687: 2649
167372: 3301
167378: 3258
180690: 2646
167376: 3278
183248: 2605
167377: 3259
180695: 2644
168415: 3252
183260: 2602
168418: 3243
168417: 3249
164326: 3478
180709: 2640
164328: 3451
184300: 2567
198125: 2482
Algorytm: Symulowane wyżarzanie: Zamiana losowych miast
Ilość wierzchołków: 403
Najkrótsza trasa: [318, 285, 282, 327, 207, 45, 232, 140, 334, 68, 361, 51, 259, 169, 27, 40, 263, 91, 332, 296, 166, 199, 268, 16, 136, 221, 67, 338, 160, 365, 245, 32, 274, 46, 345, 299, 49, 215, 319, 65, 333, 267, 50, 56, 181, 346, 94, 142, 237, 262, 261, 397, 5, 335, 152, 76, 151, 11, 178, 100, 98, 311, 271, 350, 90, 72, 122, 119, 29, 336, 321, 315, 253, 128, 255, 95, 55, 175, 374, 363, 289, 375, 191, 235, 121, 248, 195, 280, 12, 196, 0, 314, 59, 150, 145, 340, 129, 364, 303, 297, 126, 10, 366, 292, 329, 294, 77, 31, 6, 64, 15, 86, 101, 137, 54, 125, 273, 357, 328, 370, 322, 293, 360, 353, 352, 240, 219, 216, 342, 71, 82, 247, 201, 118, 127, 399, 337, 85, 211, 130, 87, 388, 348, 343, 331, 378, 377, 33, 376, 105, 19, 224, 174, 250, 171, 63, 18, 264, 330, 290, 234, 228, 266, 172, 26, 102, 131, 149, 347, 39, 110, 326, 390, 213, 356, 47, 112, 135, 270, 391, 210, 308, 394, 225, 304, 260, 385, 300, 367, 75, 153, 310, 354, 200, 198, 38, 23, 14, 313, 20, 99, 389, 187, 123, 192, 189, 252, 371, 395, 387, 34, 163, 25, 209, 41, 218, 349, 305, 37, 108, 120, 116, 177, 276, 298, 291, 379, 162, 48, 202, 157, 269, 111, 369, 184, 4, 316, 249, 42, 81, 22, 21, 141, 392, 256, 155, 143, 88, 62, 36, 402, 287, 134, 288, 79, 96, 114, 69, 186, 53, 214, 302, 89, 124, 339, 190, 138, 57, 217, 84, 257, 283, 277, 341, 242, 117, 206, 30, 231, 243, 241, 113, 83, 372, 278, 398, 396, 317, 233, 380, 362, 132, 306, 115, 66, 60, 44, 159, 7, 236, 227, 212, 239, 70, 307, 323, 309, 109, 92, 146, 144, 286, 74, 73, 251, 358, 281, 183, 17, 279, 58, 8, 194, 324, 381, 43, 384, 383, 164, 3, 2, 61, 107, 386, 312, 35, 301, 351, 272, 28, 103, 97, 222, 185, 161, 148, 154, 238, 229, 393, 93, 203, 158, 1, 220, 197, 295, 106, 359, 78, 382, 320, 167, 13, 205, 204, 24, 193, 139, 208, 246, 254, 223, 52, 401, 168, 133, 104, 9, 230, 226, 147, 182, 170, 284, 244, 80, 373, 355, 400, 188, 173, 344, 180, 165, 179, 368, 176, 156, 258, 265, 275, 325]
Długość trasy: 2473
Czas wykonania: 360002 ms

181763: 2695
181761: 2696
184326: 2617
168455: 3390
180231: 2740
184327: 2616
180228: 2754
180229: 2744
181765: 2694
181771: 2693
184328: 2614
184334: 2607
166415: 3533
168463: 3385
184335: 2606
188431: 2552
166419: 3529
168464: 3376
180240: 2739
188432: 2551
166417: 3531
180241: 2734
188433: 2550
180247: 2726
187415: 2562
166420: 3522
181780: 2690
23: 3578
168469: 3373
180245: 2727
166426: 3519
181786: 2687
166427: 3502
181787: 2685
180248: 2723
181784: 2688
181791: 2680
183327: 2651
191516: 2515
201245: 2484
181789: 2681
183325: 2652
201244: 2485
175650: 2914
175651: 2911
201249: 2482
175649: 2925
177702: 2836
175652: 2908
207909: 2474
175653: 2899
180261: 2718
177710: 2833
187438: 2561
187439: 2559
208946: 2472
187440: 2558
201265: 2480
188470: 2549
191542: 2514
187445: 2557
187450: 2555
188473: 2546
183358: 2645
175679: 2888
183356: 2650
188482: 2541
175683: 2878
188483: 2540
175680: 2882
183360: 2644
188480: 2544
173642: 3034
180298: 2715
183370: 2640
188490: 2532
173643: 3032
183371: 2638
188491: 2530
173640: 3067
183368: 2641
188489: 2533
169550: 3318
172623: 3184
183372: 2637
169549: 3322
183373: 2634
191569: 2512
168535: 3372
184404: 2605
168536: 3365
168542: 3360
172638: 3181
168540: 3364
200800: 2486
167018: 3443
167019: 3427
172139: 3199
167016: 3491
167017: 3466
167023: 3415
170095: 3277
178802: 2818
167024: 3413
170096: 3274
172657: 3176
183925: 2633
183930: 2618
183928: 2625
183929: 2619
173190: 3110
173191: 3091
191621: 2511
173192: 3086
173193: 3084
169616: 3312
173214: 3070
169638: 3298
169636: 3311
169637: 3305
173738: 3023
173739: 3000
173737: 3026
173742: 2983
173743: 2982
173740: 2998
173741: 2997
173746: 2970
173747: 2969
173744: 2976
173748: 2962
173749: 2961
205492: 2476
187578: 2553
185539: 2584
185537: 2585
191169: 2517
180422: 2714
185540: 2583
185541: 2580
180428: 2707
180429: 2702
179414: 2800
179415: 2796
172756: 3174
179412: 2804
179413: 2801
172763: 3170
179416: 2787
172767: 3169
172769: 3162
172775: 3154
177892: 2832
172773: 3158
172782: 3134
176879: 2877
196335: 2502
168685: 3345
172781: 3146
176880: 2876
172785: 3133
176881: 2871
196341: 2501
192250: 2508
189179: 2527
192249: 2510
189182: 2525
172799: 3126
175370: 2942
175371: 2941
192267: 2506
175372: 2940
192268: 2505
177426: 2869
177434: 2868
177435: 2863
179486: 2782
179487: 2773
196383: 2500
177436: 2860
179485: 2786
177443: 2854
177446: 2843
177444: 2845
196388: 2499
177448: 2842
179503: 2768
185137: 2602
185142: 2599
185140: 2601
185144: 2595
172863: 3123
172866: 3120
172867: 3115
190275: 2524
172865: 3121
179012: 2813
179524: 2762
179525: 2759
179529: 2757
196437: 2498
179547: 2756
196440: 2496
196445: 2494
196451: 2493
190309: 2519
201577: 2478
190317: 2518
177521: 2839
206717: 2475
234381: 2469
196499: 2491
196503: 2489
183194: 2676
196510: 2487
183196: 2672
183210: 2667
211371: 2471
183211: 2664
183209: 2669
215981: 2470
183213: 2662
183217: 2661
183224: 2655
170431: 3261
170434: 3238
170435: 3237
170432: 3251
170433: 3244
172486: 3196
205254: 2477
170436: 3234
170437: 3202
186314: 2577
175567: 2931
172503: 3190
174551: 2960
185301: 2592
174554: 2956
174552: 2959
185304: 2591
178146: 2831
187362: 2576
165859: 3560
187366: 2574
165860: 3548
165861: 3542
187371: 2568
187369: 2571
187374: 2565
181748: 2700
187380: 2564
181749: 2697
169982: 3280
169983: 3278
169981: 3284
Algorytm: Symulowane wyżarzanie: Zamiana losowych miast
Ilość wierzchołków: 403
Najkrótsza trasa: [314, 59, 167, 54, 110, 183, 17, 279, 153, 75, 92, 51, 298, 291, 204, 316, 256, 249, 90, 72, 71, 220, 197, 331, 378, 18, 155, 143, 340, 79, 69, 190, 100, 44, 158, 1, 193, 162, 48, 240, 219, 2, 386, 307, 7, 172, 26, 157, 269, 175, 129, 255, 385, 300, 242, 70, 252, 191, 23, 225, 85, 42, 50, 360, 96, 114, 353, 263, 375, 371, 317, 108, 120, 116, 253, 276, 259, 361, 146, 144, 186, 53, 214, 372, 356, 217, 145, 364, 303, 398, 396, 327, 213, 41, 136, 161, 148, 154, 137, 36, 302, 118, 244, 80, 135, 270, 151, 11, 65, 221, 67, 338, 177, 102, 133, 99, 389, 187, 188, 173, 354, 342, 224, 318, 128, 38, 248, 348, 329, 294, 357, 322, 395, 304, 5, 335, 64, 365, 245, 254, 223, 168, 86, 101, 124, 339, 332, 296, 196, 0, 232, 104, 349, 305, 37, 238, 229, 14, 62, 174, 250, 366, 292, 343, 152, 76, 88, 32, 274, 293, 206, 30, 207, 45, 87, 56, 24, 13, 288, 43, 384, 383, 345, 299, 49, 215, 52, 119, 29, 91, 171, 63, 377, 166, 199, 164, 25, 312, 35, 111, 369, 251, 330, 367, 310, 309, 181, 346, 66, 60, 98, 230, 382, 381, 246, 264, 280, 12, 241, 112, 328, 107, 61, 83, 233, 380, 362, 211, 163, 3, 160, 15, 402, 287, 281, 33, 376, 141, 392, 351, 272, 28, 184, 4, 265, 326, 325, 109, 275, 210, 239, 117, 222, 185, 236, 227, 212, 159, 20, 401, 73, 125, 273, 350, 123, 192, 189, 176, 31, 319, 268, 16, 194, 324, 320, 286, 74, 400, 208, 333, 267, 370, 358, 285, 282, 58, 277, 352, 131, 388, 387, 84, 19, 198, 180, 165, 149, 347, 341, 132, 306, 216, 200, 57, 311, 55, 397, 260, 169, 27, 182, 218, 9, 178, 138, 266, 170, 284, 290, 140, 334, 283, 8, 115, 94, 179, 368, 134, 243, 195, 150, 34, 142, 81, 22, 21, 105, 391, 147, 308, 394, 393, 201, 89, 93, 203, 295, 209, 278, 337, 262, 261, 68, 130, 373, 355, 6, 301, 336, 321, 289, 237, 235, 121, 47, 113, 257, 231, 205, 379, 97, 374, 363, 315, 234, 228, 122, 40, 39, 313, 323, 344, 139, 78, 226, 258, 103, 77, 156, 390, 202, 127, 399, 297, 82, 247, 106, 359, 126, 271, 46, 95, 10]
Długość trasy: 2469
Czas wykonania: 360002 ms

181763: 2635
187910: 2533
171022: 3106
171023: 3092
171024: 3088
171025: 3086
173590: 3016
173591: 3014
187413: 2566
24: 3558
173595: 3011
173599: 3005
173597: 3008
174119: 3004
194597: 2511
174120: 2994
174121: 2985
202290: 2484
194613: 2510
183361: 2622
183367: 2621
171589: 3074
171594: 3065
171595: 3064
171592: 3066
171598: 3037
180814: 2699
183375: 2619
171597: 3039
180813: 2700
171603: 3036
183376: 2618
183377: 2617
176214: 2844
183382: 2610
183383: 2609
171605: 3029
176213: 2849
183381: 2614
183386: 2608
192091: 2516
176216: 2837
183390: 2604
176223: 2834
183391: 2603
176224: 2833
187489: 2564
165478: 3489
171630: 3022
171631: 3017
195695: 2501
177777: 2789
187510: 2563
183412: 2602
195700: 2500
195701: 2499
183418: 2601
183419: 2599
177784: 2787
187512: 2562
183422: 2598
177789: 2783
183426: 2596
215171: 2477
169603: 3213
183427: 2595
194689: 2508
183430: 2592
169604: 3209
169605: 3191
194693: 2507
169610: 3172
169611: 3169
174219: 2983
194699: 2506
169608: 3176
183433: 2591
169614: 3163
183438: 2583
169615: 3152
174220: 2978
174221: 2973
183437: 2589
169616: 3150
183444: 2581
168601: 3321
181918: 2632
177821: 2782
181917: 2634
191650: 2522
206499: 2480
197287: 2492
181931: 2627
168622: 3303
168623: 3290
181423: 2673
177837: 2763
180909: 2692
168626: 3266
185523: 2573
168624: 3287
180912: 2688
168625: 3269
185527: 2571
197300: 2489
174270: 2967
174271: 2966
174783: 2954
204989: 2483
174269: 2972
174786: 2934
174787: 2933
174272: 2957
174784: 2945
174785: 2943
209607: 2478
174794: 2932
174795: 2916
179915: 2714
185547: 2570
179913: 2719
185551: 2567
197325: 2488
194765: 2504
178906: 2743
178907: 2733
178905: 2748
196824: 2497
177886: 2752
201951: 2487
205022: 2481
178908: 2730
177885: 2762
178909: 2722
191714: 2521
201953: 2486
191722: 2518
191721: 2519
168172: 3348
175358: 2904
175359: 2898
164098: 3535
164099: 3499
164100: 3491
181002: 2682
181006: 2680
181007: 2677
181008: 2674
168209: 3333
168214: 3323
183066: 2624
187687: 2561
187701: 2560
192827: 2515
196922: 2496
187704: 2559
180031: 2711
192828: 2513
180047: 2709
174938: 2908
174939: 2907
178026: 2749
178025: 2750
175994: 2870
175995: 2867
175992: 2879
165763: 3488
165766: 3473
176006: 2857
181638: 2669
181639: 2666
176004: 2861
176005: 2859
176522: 2832
197002: 2495
165768: 3464
176008: 2852
176009: 2850
165774: 3415
181646: 2659
176524: 2830
165773: 3458
181648: 2658
215441: 2476
165782: 3413
176534: 2823
176535: 2817
176533: 2826
165786: 3382
181658: 2655
187802: 2557
181659: 2653
187803: 2555
176536: 2813
181662: 2646
187807: 2552
181661: 2650
187808: 2548
187809: 2546
187814: 2545
187819: 2544
168882: 3260
168881: 3263
168890: 3259
168891: 3230
180158: 2708
190398: 2532
190399: 2528
168898: 3224
190415: 2525
180178: 2702
180176: 2705
190417: 2524
197079: 2494
181716: 2645
181724: 2643
168925: 3217
181725: 2639
168928: 3216
170976: 3144
181732: 2638
181733: 2637
197092: 2493
208868: 2479
170986: 3141
187881: 2543
170990: 3112
176622: 2806
176623: 2805
187887: 2541
166892: 3357
170988: 3122
175596: 2888
170989: 3116
187890: 2540
176624: 2792
187892: 2539
Algorytm: Symulowane wyżarzanie: Zamiana losowych miast
Ilość wierzchołków: 403
Najkrótsza trasa: [373, 91, 158, 339, 237, 179, 368, 161, 32, 328, 317, 366, 292, 343, 335, 142, 264, 274, 46, 313, 323, 115, 66, 74, 354, 342, 71, 162, 48, 314, 59, 152, 76, 77, 156, 147, 332, 296, 232, 132, 243, 218, 9, 93, 163, 25, 79, 62, 372, 41, 148, 210, 130, 149, 347, 263, 50, 385, 67, 94, 222, 250, 193, 221, 199, 295, 65, 85, 23, 14, 69, 68, 86, 11, 183, 17, 279, 178, 100, 98, 141, 116, 331, 378, 266, 254, 223, 305, 37, 13, 205, 289, 246, 176, 31, 73, 157, 1, 209, 356, 2, 386, 391, 390, 134, 288, 126, 10, 239, 70, 207, 45, 58, 277, 39, 42, 364, 303, 297, 167, 36, 251, 330, 329, 294, 257, 160, 15, 111, 369, 361, 146, 381, 133, 164, 3, 47, 112, 140, 334, 82, 247, 169, 27, 88, 96, 189, 92, 51, 298, 95, 271, 327, 253, 276, 259, 139, 186, 53, 214, 192, 338, 397, 394, 393, 336, 321, 379, 208, 180, 165, 125, 60, 44, 128, 387, 34, 308, 260, 136, 177, 236, 227, 212, 110, 326, 258, 202, 283, 8, 168, 333, 267, 357, 358, 107, 61, 181, 346, 114, 353, 341, 194, 324, 144, 151, 101, 153, 75, 285, 282, 350, 252, 371, 370, 322, 272, 28, 388, 402, 287, 293, 137, 54, 217, 145, 64, 365, 235, 121, 360, 105, 19, 122, 40, 352, 38, 124, 269, 43, 384, 383, 84, 83, 307, 143, 213, 278, 337, 195, 280, 12, 150, 203, 109, 220, 197, 135, 270, 375, 191, 187, 211, 33, 376, 155, 20, 242, 117, 262, 261, 245, 301, 351, 104, 349, 309, 318, 316, 120, 392, 255, 265, 275, 154, 97, 81, 22, 21, 127, 119, 52, 401, 344, 238, 229, 225, 103, 175, 291, 315, 367, 310, 29, 170, 284, 244, 80, 248, 348, 290, 302, 118, 201, 89, 340, 374, 363, 204, 268, 16, 87, 56, 129, 166, 300, 172, 26, 184, 4, 108, 256, 249, 312, 35, 196, 0, 24, 190, 138, 398, 396, 395, 90, 72, 224, 99, 389, 231, 306, 216, 200, 18, 182, 345, 299, 49, 215, 400, 131, 355, 6, 286, 273, 123, 241, 113, 281, 188, 173, 319, 159, 7, 304, 5, 240, 219, 206, 30, 230, 382, 320, 106, 359, 102, 234, 228, 198, 78, 226, 325, 233, 380, 362, 311, 55, 399, 377, 174, 185, 171, 63, 57]
Długość trasy: 2476
Czas wykonania: 360002 ms

185859: 2619
189955: 2577
189959: 2574
189957: 2576
174602: 3083
174601: 3088
186895: 2606
186892: 2608
183826: 2673
185879: 2611
183828: 2672
24: 3555
183832: 2667
185880: 2609
179231: 2808
201246: 2497
177698: 2866
179234: 2778
183842: 2665
184354: 2661
177699: 2863
201250: 2495
179232: 2783
184353: 2662
177702: 2839
179238: 2770
177700: 2860
179236: 2777
177701: 2850
179237: 2774
184357: 2642
179240: 2766
179241: 2758
176174: 2975
168495: 3401
176175: 2967
179244: 2755
177712: 2837
196656: 2509
177204: 2910
169531: 3352
176187: 2962
190014: 2572
190015: 2567
176188: 2958
169533: 3346
184381: 2640
190013: 2573
190019: 2563
201282: 2494
190016: 2566
201287: 2493
213575: 2471
186948: 2604
169541: 3330
190021: 2558
169546: 3318
169547: 3312
169544: 3327
169545: 3325
177225: 2901
177231: 2898
169548: 3308
169549: 3304
169555: 3282
169552: 3302
194640: 2515
169553: 3299
191067: 2555
176217: 2951
176226: 2950
191074: 2552
191075: 2550
169569: 3274
167538: 3474
178290: 2823
177264: 2897
178288: 2833
178294: 2821
169594: 3269
169595: 3258
177273: 2891
177276: 2889
177277: 2887
209532: 2474
169602: 3256
203910: 2480
175755: 2982
175757: 2978
197793: 2508
175269: 3082
175274: 3076
176810: 2939
176811: 2938
175273: 3078
175279: 3072
173228: 3109
176812: 2934
175282: 3068
176819: 2933
173232: 3103
192176: 2538
173233: 3098
176822: 2917
190646: 2557
197815: 2507
175287: 3063
176823: 2911
175284: 3064
176820: 2930
176821: 2923
175288: 3043
194236: 2518
194237: 2516
166607: 3535
177359: 2885
201934: 2491
201933: 2492
166605: 3542
180947: 2728
178390: 2811
177367: 2872
166613: 3534
177365: 2876
180954: 2723
180955: 2714
180440: 2754
180952: 2725
180446: 2736
180958: 2711
166623: 3530
180447: 2733
180959: 2701
180444: 2753
180956: 2713
180445: 2746
166626: 3529
167138: 3509
180962: 2699
166627: 3524
180963: 2697
180448: 2731
180961: 2700
180966: 2680
180967: 2679
201958: 2490
166628: 3520
180964: 2694
180965: 2688
197867: 2503
197866: 2506
171245: 3246
171249: 3234
167162: 3484
167160: 3493
171267: 3233
167688: 3444
167689: 3443
194831: 2513
194845: 2512
194849: 2511
203563: 2488
175403: 3030
204079: 2476
204076: 2479
180529: 2730
204089: 2475
175422: 3021
175423: 3017
171330: 3232
171331: 3216
175424: 3016
171335: 3201
171332: 3208
171350: 3199
171351: 3187
171349: 3200
171352: 3182
172888: 3111
193880: 2520
171353: 3179
199535: 2499
203630: 2487
192876: 2523
175474: 2999
175478: 2988
191862: 2539
175477: 2991
191861: 2544
199540: 2498
194950: 2510
198024: 2502
171411: 3173
193939: 2519
203665: 2486
171412: 3153
171413: 3148
185237: 2638
185240: 2628
168862: 3354
168860: 3375
168861: 3369
185257: 2625
203688: 2485
168377: 3437
168380: 3433
192444: 2532
203709: 2484
192445: 2531
168387: 3410
171462: 3115
192454: 2530
171463: 3113
187335: 2603
171460: 3139
202181: 2489
171461: 3137
187339: 2602
192462: 2529
187343: 2598
192463: 2527
189901: 2579
213452: 2473
187346: 2589
187344: 2590
203738: 2482
203736: 2483
187358: 2587
187359: 2586
190943: 2556
175585: 2986
187361: 2580
185833: 2622
174582: 3097
174585: 3095
Algorytm: Symulowane wyżarzanie: Zamiana losowych miast
Ilość wierzchołków: 403
Najkrótsza trasa: [146, 320, 183, 17, 279, 286, 74, 214, 192, 114, 353, 352, 58, 277, 341, 130, 149, 347, 39, 235, 121, 47, 112, 251, 274, 350, 136, 314, 59, 65, 99, 389, 201, 118, 129, 158, 1, 50, 23, 14, 69, 245, 402, 287, 257, 106, 359, 264, 113, 317, 32, 358, 327, 236, 227, 212, 186, 53, 168, 131, 233, 380, 204, 182, 43, 34, 295, 126, 10, 169, 27, 82, 249, 132, 243, 335, 336, 321, 315, 161, 148, 154, 172, 26, 77, 156, 390, 232, 367, 310, 216, 200, 398, 396, 123, 242, 117, 301, 120, 116, 64, 365, 111, 369, 85, 208, 139, 141, 392, 244, 80, 184, 4, 170, 284, 343, 178, 138, 297, 24, 364, 303, 122, 401, 354, 342, 266, 202, 159, 7, 119, 52, 40, 263, 265, 326, 258, 155, 143, 239, 70, 360, 135, 270, 262, 261, 372, 28, 225, 211, 78, 226, 325, 252, 371, 107, 61, 357, 322, 152, 76, 302, 89, 240, 219, 391, 147, 133, 207, 45, 283, 8, 29, 221, 67, 189, 345, 173, 6, 196, 0, 175, 374, 363, 379, 179, 368, 108, 256, 247, 104, 203, 213, 41, 397, 394, 393, 318, 162, 48, 38, 128, 255, 193, 105, 19, 337, 33, 376, 333, 267, 46, 218, 384, 383, 145, 340, 237, 137, 54, 157, 269, 222, 185, 253, 276, 49, 215, 400, 134, 306, 309, 311, 271, 293, 176, 31, 319, 385, 300, 234, 228, 224, 92, 51, 259, 174, 250, 164, 3, 307, 20, 248, 348, 329, 294, 272, 278, 71, 246, 181, 346, 338, 140, 334, 68, 150, 349, 305, 296, 171, 63, 18, 268, 16, 42, 304, 5, 206, 30, 177, 151, 101, 375, 191, 187, 308, 260, 188, 299, 298, 291, 362, 167, 36, 217, 9, 180, 165, 95, 55, 91, 163, 25, 124, 339, 102, 316, 351, 83, 238, 229, 231, 205, 289, 285, 282, 281, 220, 197, 81, 22, 21, 230, 382, 381, 97, 166, 199, 241, 330, 103, 127, 399, 57, 110, 275, 210, 195, 280, 12, 142, 125, 273, 370, 328, 109, 254, 223, 73, 331, 323, 115, 66, 60, 44, 366, 292, 290, 373, 355, 344, 90, 72, 198, 93, 84, 395, 86, 11, 190, 100, 98, 209, 356, 2, 386, 388, 153, 75, 88, 62, 13, 288, 79, 96, 94, 194, 324, 144, 312, 35, 313, 378, 377, 387, 87, 56, 332, 37, 160, 15, 361]
Długość trasy: 2471
Czas wykonania: 360002 ms

197139: 2505
197137: 2506
24: 3550
163358: 3524
163359: 3480
198180: 2500
173104: 2909
173105: 2907
173114: 2905
177210: 2737
179770: 2695
173115: 2891
177211: 2733
177209: 2739
179769: 2703
173118: 2867
173116: 2880
173117: 2871
177213: 2732
173123: 2854
173120: 2861
173121: 2855
212544: 2487
208974: 2488
172625: 2934
172630: 2932
189524: 2534
172629: 2933
178266: 2718
191064: 2524
178268: 2716
178269: 2713
170594: 3032
179810: 2693
179811: 2692
170598: 3029
170602: 3026
177774: 2729
202350: 2499
170604: 3019
168048: 3226
168049: 3225
195702: 2510
170622: 3014
174206: 2836
203901: 2494
170626: 3001
170624: 3004
170625: 3002
177814: 2726
174231: 2835
191636: 2523
165534: 3406
165533: 3417
188578: 2544
188579: 2542
203945: 2493
188590: 2540
188594: 2537
179889: 2687
221872: 2486
179894: 2682
187575: 2558
179892: 2685
179893: 2684
187578: 2557
188602: 2535
179899: 2679
187579: 2556
179897: 2681
182457: 2601
182463: 2599
187587: 2555
182465: 2598
179911: 2677
167109: 3266
170705: 2999
163543: 3450
164055: 3438
170714: 2974
172251: 2940
189659: 2533
164056: 3422
170713: 2993
175838: 2805
172253: 2939
183010: 2596
164064: 3421
204006: 2492
175844: 2798
183012: 2594
175845: 2794
179947: 2673
175849: 2792
179950: 2664
181999: 2639
179949: 2672
189677: 2532
204012: 2491
179953: 2663
170742: 2959
174326: 2815
170743: 2956
179959: 2661
170740: 2970
174325: 2826
170746: 2943
179963: 2653
170744: 2947
189688: 2531
189689: 2530
175871: 2788
175872: 2780
189697: 2529
187142: 2562
187140: 2563
197385: 2503
187145: 2560
190226: 2526
188180: 2553
169754: 3106
169753: 3109
183582: 2589
188194: 2552
169763: 3102
178471: 2711
189732: 2528
188197: 2551
169770: 3066
191787: 2521
169768: 3101
169769: 3094
169772: 3049
169778: 3037
191794: 2520
169779: 3034
169777: 3040
191799: 2515
191800: 2512
191810: 2511
175951: 2775
182092: 2638
175952: 2773
182103: 2637
166746: 3286
166747: 3283
166745: 3291
182105: 2636
175965: 2771
204130: 2489
190305: 2525
175974: 2767
196964: 2509
179054: 2710
179059: 2706
182128: 2633
182129: 2632
182134: 2621
179060: 2704
182138: 2617
182136: 2620
182137: 2618
167303: 3263
167307: 3237
167304: 3251
197001: 2508
178063: 2722
167308: 3230
167309: 3227
165794: 3394
165795: 3365
165793: 3397
165799: 3363
166823: 3280
165796: 3364
181669: 2652
165802: 3349
197546: 2502
165801: 3354
181673: 2651
165806: 3346
181678: 2640
181676: 2646
178093: 2721
181677: 2645
165810: 3338
168882: 3155
168883: 3150
168881: 3183
166327: 3336
168890: 3146
166331: 3322
166328: 3326
168889: 3147
166332: 3308
197565: 2501
168903: 3139
185290: 2566
168904: 3131
185288: 2577
168905: 3110
185289: 2573
176078: 2764
176077: 2765
176082: 2760
166355: 3296
176081: 2761
168406: 3216
168407: 3210
166356: 3293
168410: 3199
174042: 2846
176090: 2754
168411: 3196
174043: 2839
168409: 3203
174041: 2851
174046: 2837
168412: 3189
203741: 2498
172514: 2936
182242: 2615
203747: 2497
176099: 2752
176100: 2750
182245: 2613
184293: 2587
182249: 2607
203756: 2496
176113: 2747
173050: 2925
173051: 2920
173052: 2917
173053: 2910
186877: 2564
Algorytm: Symulowane wyżarzanie: Zamiana losowych miast
Ilość wierzchołków: 403
Najkrótsza trasa: [192, 94, 88, 96, 338, 231, 288, 167, 13, 205, 362, 246, 182, 239, 70, 32, 274, 272, 41, 148, 258, 77, 156, 210, 128, 42, 209, 356, 280, 279, 402, 287, 236, 227, 212, 301, 252, 371, 293, 208, 164, 25, 169, 27, 142, 179, 368, 245, 103, 387, 218, 84, 107, 61, 357, 322, 285, 282, 317, 375, 191, 187, 183, 17, 12, 124, 269, 304, 394, 14, 69, 68, 43, 34, 372, 28, 158, 1, 268, 16, 364, 303, 266, 195, 126, 271, 395, 316, 256, 249, 86, 101, 207, 45, 160, 15, 171, 63, 377, 132, 243, 24, 211, 175, 291, 204, 251, 330, 329, 294, 240, 219, 19, 71, 188, 299, 298, 262, 261, 155, 143, 222, 250, 134, 306, 354, 342, 337, 150, 349, 214, 345, 173, 168, 313, 378, 57, 244, 80, 388, 230, 382, 381, 104, 203, 105, 391, 390, 130, 366, 321, 315, 133, 361, 347, 39, 233, 380, 379, 177, 129, 255, 176, 31, 309, 106, 165, 135, 270, 38, 234, 228, 398, 396, 46, 79, 353, 352, 360, 81, 22, 21, 111, 369, 311, 55, 367, 76, 93, 384, 383, 145, 401, 216, 200, 198, 125, 60, 98, 283, 8, 344, 220, 197, 295, 65, 170, 284, 343, 201, 89, 206, 30, 108, 351, 281, 238, 229, 149, 146, 320, 110, 275, 147, 64, 365, 131, 92, 51, 49, 215, 400, 87, 56, 166, 300, 225, 33, 376, 153, 75, 184, 4, 90, 72, 297, 213, 278, 122, 40, 341, 253, 58, 277, 263, 85, 174, 185, 109, 308, 5, 286, 273, 350, 23, 393, 137, 36, 217, 9, 196, 0, 181, 346, 114, 62, 123, 399, 224, 186, 53, 6, 172, 26, 193, 157, 339, 307, 7, 95, 10, 151, 11, 232, 162, 48, 47, 112, 331, 323, 305, 296, 78, 226, 325, 336, 292, 290, 140, 334, 190, 100, 44, 136, 180, 359, 178, 138, 18, 235, 121, 2, 386, 358, 370, 328, 327, 242, 117, 161, 332, 37, 54, 159, 20, 374, 363, 289, 97, 276, 259, 302, 118, 102, 82, 247, 373, 355, 319, 99, 389, 221, 199, 139, 141, 392, 120, 116, 50, 248, 348, 237, 152, 310, 29, 312, 35, 265, 326, 154, 318, 264, 91, 163, 3, 397, 260, 333, 267, 83, 241, 113, 257, 335, 254, 223, 115, 189, 385, 67, 66, 74, 52, 119, 73, 194, 324, 144, 202, 314, 59, 340, 127]
Długość trasy: 2486
Czas wykonania: 360003 ms

185859: 2597
185857: 2598
185860: 2587
175627: 3008
197129: 2506
185865: 2580
189455: 2555
197134: 2505
175628: 3004
197138: 2504
189456: 2553
182295: 2708
189463: 2550
24: 3597
171546: 3258
182296: 2702
171545: 3260
182297: 2700
194079: 2512
189475: 2547
189473: 2549
209440: 2480
176678: 2942
176679: 2940
182308: 2699
197669: 2498
197678: 2497
173101: 3180
173106: 3170
173107: 3155
173110: 3137
173109: 3154
197684: 2496
175162: 3063
173115: 3136
175161: 3075
179769: 2802
179775: 2793
173116: 3129
179772: 2796
179773: 2794
209475: 2479
179777: 2791
182343: 2697
179781: 2773
197194: 2502
175176: 3061
197192: 2503
182351: 2692
182357: 2684
182363: 2680
182361: 2683
169055: 3486
181343: 2746
182364: 2670
184924: 2669
184925: 2665
175715: 3001
184931: 2662
184929: 2663
175718: 2989
184934: 2660
175716: 2997
184933: 2661
191601: 2545
191606: 2544
191607: 2543
172154: 3231
172152: 3250
191608: 2542
172158: 3220
172159: 3211
175740: 2988
172157: 3226
175741: 2986
172160: 3207
172161: 3181
209551: 2478
175762: 2985
209554: 2477
175766: 2954
175764: 2980
175765: 2960
175775: 2948
180898: 2772
180899: 2767
175776: 2945
180900: 2761
180907: 2751
180909: 2749
207541: 2490
170695: 3353
171207: 3328
171210: 3327
178890: 2882
185034: 2659
171211: 3314
170696: 3342
185043: 2658
185046: 2650
185047: 2646
185044: 2656
185051: 2637
170712: 3337
185048: 2645
185049: 2639
185054: 2634
185055: 2633
185053: 2635
181474: 2744
196321: 2511
196324: 2510
181477: 2743
185061: 2631
196330: 2509
181481: 2740
185072: 2630
185078: 2629
178935: 2878
185082: 2613
185080: 2620
185081: 2617
209154: 2482
196356: 2507
209162: 2481
181516: 2735
171282: 3309
181520: 2731
171281: 3312
171287: 3298
175383: 3044
181527: 2728
175381: 3046
168218: 3498
181530: 2713
181531: 2710
171288: 3290
181528: 2723
193304: 2517
211737: 2474
171289: 3287
181529: 2718
178978: 2873
178979: 2864
193315: 2514
171297: 3284
168231: 3495
178980: 2862
178987: 2857
175400: 3035
178991: 2836
178989: 2853
207660: 2489
211761: 2473
175419: 3018
192313: 2537
175421: 3009
204622: 2491
208716: 2486
192336: 2536
192343: 2533
208731: 2485
177000: 2934
192374: 2529
192372: 2532
192376: 2528
192386: 2525
208774: 2484
192388: 2524
192394: 2522
202635: 2495
207758: 2487
169366: 3446
169367: 3441
169365: 3463
202644: 2494
169368: 3440
166302: 3591
169374: 3432
166303: 3571
169373: 3438
168866: 3487
169378: 3427
166304: 3534
169382: 3376
169380: 3396
169381: 3392
169384: 3357
202678: 2492
189385: 2578
189394: 2570
189395: 2568
192467: 2520
208854: 2483
174548: 3122
189397: 2567
174554: 3100
177114: 2932
174555: 3092
179163: 2830
174553: 3115
177113: 2933
179161: 2831
174558: 3077
177118: 2925
179166: 2821
192478: 2518
189404: 2566
174557: 3084
179165: 2823
177122: 2916
177123: 2915
177121: 2922
210406: 2476
177124: 2911
177130: 2899
189419: 2561
177129: 2902
171502: 3272
177132: 2895
171501: 3281
177133: 2892
189421: 2558
171507: 3267
185843: 2610
177137: 2887
179185: 2817
179190: 2804
179191: 2803
185847: 2602
189431: 2557
171508: 3262
179188: 2810
179189: 2808
185845: 2608
177146: 2886
197627: 2500
185848: 2601
197631: 2499
Algorytm: Symulowane wyżarzanie: Zamiana losowych miast
Ilość wierzchołków: 403
Najkrótsza trasa: [136, 265, 326, 325, 126, 55, 164, 25, 95, 271, 370, 322, 153, 75, 188, 173, 354, 200, 198, 178, 100, 98, 162, 48, 331, 378, 224, 311, 10, 402, 287, 357, 328, 293, 333, 267, 350, 105, 19, 377, 85, 23, 225, 125, 60, 44, 109, 275, 154, 106, 165, 301, 251, 358, 317, 316, 120, 116, 195, 280, 12, 157, 339, 33, 376, 264, 274, 395, 387, 235, 121, 232, 183, 17, 279, 375, 191, 187, 149, 51, 49, 37, 248, 231, 243, 79, 96, 189, 366, 321, 204, 141, 392, 351, 46, 130, 308, 394, 393, 242, 70, 360, 111, 369, 246, 104, 145, 222, 185, 364, 303, 71, 211, 206, 30, 336, 292, 290, 252, 371, 257, 373, 355, 115, 338, 163, 3, 47, 112, 175, 64, 15, 388, 348, 329, 294, 272, 356, 186, 53, 214, 135, 270, 391, 147, 150, 384, 383, 34, 295, 81, 22, 21, 184, 4, 312, 35, 78, 382, 320, 87, 56, 190, 138, 266, 127, 142, 158, 269, 129, 201, 118, 332, 215, 73, 133, 108, 256, 304, 5, 244, 80, 283, 277, 155, 143, 399, 398, 396, 83, 236, 227, 381, 238, 229, 14, 69, 245, 318, 159, 7, 40, 263, 313, 20, 217, 9, 307, 323, 319, 151, 101, 180, 359, 167, 13, 205, 362, 140, 334, 314, 59, 361, 347, 341, 335, 202, 93, 203, 218, 349, 344, 286, 74, 29, 268, 16, 86, 11, 352, 220, 197, 182, 241, 330, 343, 97, 32, 113, 281, 262, 261, 24, 123, 192, 114, 62, 54, 50, 160, 365, 128, 255, 139, 152, 310, 168, 171, 63, 297, 285, 282, 327, 254, 223, 216, 342, 337, 385, 199, 176, 31, 52, 119, 6, 88, 353, 39, 196, 0, 253, 239, 117, 132, 306, 309, 161, 148, 258, 131, 177, 193, 209, 41, 233, 380, 289, 302, 89, 65, 90, 72, 57, 103, 367, 76, 42, 374, 363, 379, 234, 228, 18, 174, 250, 372, 28, 340, 172, 26, 102, 207, 45, 345, 299, 298, 291, 315, 82, 247, 99, 389, 179, 368, 68, 124, 1, 208, 276, 259, 166, 300, 169, 27, 194, 324, 212, 240, 219, 2, 61, 92, 146, 144, 110, 221, 67, 94, 134, 288, 249, 170, 284, 237, 91, 38, 230, 226, 390, 58, 8, 305, 296, 77, 156, 210, 137, 36, 43, 84, 181, 346, 66, 273, 107, 386, 397, 260, 213, 278, 122, 401, 400]
Długość trasy: 2473
Czas wykonania: 360002 ms

