2448: 2284
1: 2424
2389: 2360
2504: 2088
2442: 2304
2458: 2280
2506: 2016
2459: 2251
2491: 2119
2460: 2243
2509: 1934
Algorytm: Symulowane wyżarzanie: Zamiana losowych miast
Ilość wierzchołków: 48
Najkrótsza trasa: [19, 44, 21, 26, 1, 10, 6, 9, 33, 27, 2, 28, 3, 24, 4, 29, 30, 5, 31, 7, 23, 13, 12, 32, 8, 11, 0, 25, 47, 41, 43, 42, 22, 40, 20, 38, 37, 18, 17, 34, 46, 36, 14, 35, 15, 16, 45, 39]
Długość trasy: 1934
Czas wykonania: 120001 ms

2560: 1944
1: 2784
2497: 2098
2561: 1928
2562: 1884
2499: 2038
2308: 2614
2500: 1996
2568: 1872
2574: 1869
2575: 1868
2321: 2605
2322: 2602
2262: 2782
2460: 2213
2401: 2364
2346: 2568
2413: 2328
2352: 2488
2418: 2309
2419: 2282
2547: 1984
2420: 2254
2484: 2156
2301: 2754
Algorytm: Symulowane wyżarzanie: Zamiana losowych miast
Ilość wierzchołków: 48
Najkrótsza trasa: [32, 7, 31, 30, 5, 6, 24, 4, 29, 3, 8, 11, 10, 0, 25, 37, 40, 20, 38, 18, 17, 34, 13, 46, 36, 14, 16, 45, 39, 21, 47, 26, 1, 9, 33, 27, 28, 2, 41, 43, 42, 22, 19, 44, 15, 35, 23, 12]
Długość trasy: 1868
Czas wykonania: 120001 ms

2432: 2303
1: 2871
2498: 2141
2499: 2093
2500: 2087
2822: 1860
2536: 2030
2313: 2777
2537: 2019
2538: 1892
2318: 2618
2352: 2587
2357: 2549
2453: 2256
2358: 2506
2295: 2868
2583: 1874
2714: 1871
2398: 2503
2399: 2371
2431: 2343
Algorytm: Symulowane wyżarzanie: Zamiana losowych miast
Ilość wierzchołków: 48
Najkrótsza trasa: [23, 12, 32, 7, 31, 30, 5, 6, 24, 4, 29, 3, 9, 33, 27, 28, 2, 41, 43, 42, 47, 26, 22, 19, 44, 15, 45, 39, 21, 40, 20, 38, 0, 25, 1, 10, 8, 11, 37, 18, 46, 36, 35, 14, 16, 17, 13, 34]
Długość trasy: 1860
Czas wykonania: 120001 ms

1: 3064
2241: 2986
2337: 2613
2401: 2360
2499: 2187
2404: 2354
2500: 2161
2438: 2281
2534: 2113
2441: 2207
2316: 2766
2542: 1978
2546: 1975
2548: 1928
2549: 1921
2518: 2125
2328: 2651
2553: 1861
2300: 2954
2335: 2625
Algorytm: Symulowane wyżarzanie: Zamiana losowych miast
Ilość wierzchołków: 48
Najkrótsza trasa: [21, 40, 47, 26, 41, 43, 42, 28, 2, 22, 20, 38, 37, 0, 25, 1, 11, 8, 9, 33, 27, 3, 24, 4, 29, 30, 31, 5, 6, 10, 18, 17, 12, 32, 7, 23, 34, 13, 46, 36, 35, 14, 15, 16, 45, 39, 19, 44]
Długość trasy: 1861
Czas wykonania: 120001 ms

2560: 2102
2688: 1936
1: 2622
2433: 2255
2561: 2092
2690: 1934
2565: 2072
2375: 2459
2633: 1966
2638: 1964
2581: 2069
2519: 2170
2520: 2167
2521: 2118
2587: 2041
2588: 2008
2594: 1996
2595: 1989
2473: 2213
2601: 1988
2602: 1976
2412: 2439
2413: 2288
2669: 1956
2354: 2478
2360: 2474
Algorytm: Symulowane wyżarzanie: Zamiana losowych miast
Ilość wierzchołków: 48
Najkrótsza trasa: [15, 16, 45, 39, 19, 44, 21, 40, 20, 38, 47, 26, 22, 41, 43, 42, 28, 2, 3, 24, 4, 29, 30, 5, 31, 7, 23, 34, 13, 12, 32, 6, 10, 0, 25, 1, 9, 33, 27, 8, 11, 37, 18, 17, 46, 36, 35, 14]
Długość trasy: 1934
Czas wykonania: 120001 ms

1: 2743
2402: 2371
2403: 2318
2501: 2166
2597: 1968
2566: 1989
2598: 1954
2503: 2150
2379: 2545
2508: 2057
2734: 1947
2385: 2541
2546: 2015
2547: 2013
2740: 1936
2454: 2237
2395: 2475
2396: 2425
2365: 2679
2366: 2631
2462: 2184
2431: 2278
Algorytm: Symulowane wyżarzanie: Zamiana losowych miast
Ilość wierzchołków: 48
Najkrótsza trasa: [3, 6, 8, 9, 33, 27, 28, 2, 41, 43, 42, 40, 26, 1, 10, 11, 0, 25, 47, 22, 19, 44, 39, 21, 20, 38, 37, 18, 46, 36, 15, 16, 45, 17, 13, 34, 35, 14, 23, 12, 32, 7, 31, 30, 5, 24, 4, 29]
Długość trasy: 1936
Czas wykonania: 120001 ms

1: 2394
2442: 2133
2570: 2008
2443: 2120
2418: 2248
2485: 2015
2616: 1970
2617: 1955
2364: 2391
2620: 1921
2621: 1907
2590: 1984
2623: 1902
Algorytm: Symulowane wyżarzanie: Zamiana losowych miast
Ilość wierzchołków: 48
Najkrótsza trasa: [27, 28, 2, 41, 43, 42, 22, 44, 19, 20, 37, 38, 18, 17, 45, 39, 21, 40, 47, 26, 1, 0, 25, 11, 10, 24, 3, 4, 29, 30, 5, 31, 7, 23, 34, 13, 46, 36, 14, 35, 15, 16, 12, 32, 6, 8, 9, 33]
Długość trasy: 1902
Czas wykonania: 120001 ms

0: 3017
2689: 1931
2435: 2414
2308: 2836
2251: 2856
2318: 2684
2640: 1997
2641: 1987
2451: 2409
2393: 2583
2395: 2463
2460: 2339
2461: 2319
2462: 2278
2464: 2215
2465: 2190
2657: 1956
2218: 3009
2349: 2664
2352: 2658
2480: 2135
2418: 2437
2355: 2654
2419: 2418
2483: 2084
2485: 2012
2486: 2008
Algorytm: Symulowane wyżarzanie: Zamiana losowych miast
Ilość wierzchołków: 48
Najkrótsza trasa: [28, 2, 3, 24, 4, 29, 30, 5, 31, 6, 10, 11, 37, 38, 0, 25, 1, 9, 33, 27, 8, 32, 7, 23, 12, 13, 34, 35, 14, 18, 17, 46, 36, 15, 16, 45, 20, 39, 19, 44, 21, 40, 47, 26, 22, 41, 43, 42]
Długość trasy: 1931
Czas wykonania: 120000 ms

0: 2540
2640: 2030
2402: 2386
2466: 2342
2451: 2351
2723: 2023
2356: 2466
2470: 2306
2471: 2294
2553: 2032
2474: 2179
2475: 2169
Algorytm: Symulowane wyżarzanie: Zamiana losowych miast
Ilość wierzchołków: 48
Najkrótsza trasa: [2, 41, 43, 1, 9, 33, 27, 3, 6, 10, 0, 25, 22, 20, 17, 13, 34, 35, 23, 12, 32, 7, 31, 5, 24, 4, 29, 30, 8, 11, 37, 38, 18, 46, 36, 14, 15, 16, 45, 39, 19, 44, 21, 40, 47, 26, 42, 28]
Długość trasy: 2023
Czas wykonania: 120000 ms

2592: 1925
1: 3103
2308: 2781
2533: 2059
2278: 2991
2442: 2450
2284: 2784
2444: 2387
2350: 2669
2542: 2028
2319: 2706
2351: 2561
2449: 2357
2483: 2169
2484: 2117
2358: 2525
2551: 1991
2552: 1985
2584: 1937
2553: 1973
2268: 3095
2462: 2331
2367: 2453
2463: 2211
Algorytm: Symulowane wyżarzanie: Zamiana losowych miast
Ilość wierzchołków: 48
Najkrótsza trasa: [1, 10, 37, 38, 18, 17, 13, 34, 46, 36, 35, 14, 15, 16, 45, 39, 19, 44, 21, 40, 47, 26, 11, 8, 4, 29, 30, 5, 31, 7, 23, 12, 32, 6, 24, 3, 9, 33, 27, 28, 2, 41, 43, 42, 22, 20, 0, 25]
Długość trasy: 1925
Czas wykonania: 120001 ms

