0: 2373
1: 2254
2: 2134
194: 1869
67: 1974
131: 1899
643: 1790
4: 2127
68: 1926
5: 2085
197: 1867
134: 1880
135: 1879
199: 1866
8: 2074
6344: 1780
9: 2012
10: 2003
6346: 1777
6347: 1776
77: 1911
141: 1871
80: 1908
26: 1996
410: 1857
28: 1985
412: 1852
30: 1982
40: 1979
1962: 1782
556: 1829
557: 1825
558: 1816
559: 1794
629: 1791
Algorytm: Tabu Search: Insercja losowego miasta
Ilość wierzchołków: 48
Najkrótsza trasa: [47, 26, 42, 28, 3, 24, 4, 29, 30, 5, 31, 6, 8, 11, 10, 0, 25, 1, 9, 33, 27, 2, 41, 43, 22, 20, 38, 37, 18, 17, 12, 32, 7, 23, 34, 13, 46, 36, 14, 35, 15, 16, 45, 39, 19, 44, 21, 40]
Długość trasy: 1776
Czas wykonania: 120000 ms

1: 2167
97: 1912
129: 1881
2: 2068
3: 1992
387: 1833
4: 1968
420: 1830
5: 1957
997: 1784
6: 1935
7: 1933
455: 1816
107: 1888
108: 1887
942: 1795
400: 1831
22: 1920
216: 1863
3769: 1776
382: 1849
383: 1838
Algorytm: Tabu Search: Insercja losowego miasta
Ilość wierzchołków: 48
Najkrótsza trasa: [15, 16, 45, 39, 19, 44, 21, 47, 26, 42, 28, 3, 24, 4, 29, 30, 5, 31, 6, 8, 11, 10, 0, 25, 1, 9, 33, 27, 2, 41, 43, 22, 40, 20, 38, 37, 18, 17, 12, 32, 7, 23, 34, 13, 46, 36, 35, 14]
Długość trasy: 1776
Czas wykonania: 120001 ms

1: 2172
2: 2140
3: 2042
4: 1991
5: 1966
7750: 1779
71: 1857
135: 1837
7880: 1777
14: 1965
1184: 1820
1185: 1816
3617: 1790
98: 1851
99: 1843
1190: 1814
1192: 1803
747: 1831
11884: 1776
2992: 1796
3955: 1783
3956: 1782
693: 1832
2997: 1791
118: 1839
55: 1934
119: 1838
56: 1867
Algorytm: Tabu Search: Insercja losowego miasta
Ilość wierzchołków: 48
Najkrótsza trasa: [37, 38, 18, 17, 12, 32, 7, 23, 34, 13, 46, 36, 35, 14, 15, 16, 45, 39, 19, 44, 21, 47, 26, 42, 28, 3, 24, 4, 29, 30, 31, 5, 6, 8, 11, 10, 0, 25, 1, 9, 33, 27, 2, 41, 43, 22, 40, 20]
Długość trasy: 1776
Czas wykonania: 120001 ms

1: 2152
2: 2045
5: 2041
6: 1973
201: 1813
617: 1777
10: 1971
202: 1804
11: 1957
12: 1918
13: 1853
14: 1830
46: 1817
9519: 1776
208: 1801
217: 1797
223: 1784
Algorytm: Tabu Search: Insercja losowego miasta
Ilość wierzchołków: 48
Najkrótsza trasa: [23, 34, 13, 46, 36, 14, 35, 15, 16, 45, 39, 19, 44, 21, 47, 26, 42, 28, 3, 24, 4, 29, 30, 5, 31, 6, 8, 11, 10, 0, 25, 1, 9, 33, 27, 2, 41, 43, 22, 40, 20, 38, 37, 18, 17, 12, 32, 7]
Długość trasy: 1776
Czas wykonania: 120001 ms

0: 2252
1: 2081
3: 2018
4: 1994
8: 1993
9: 1937
10: 1903
43: 1832
46: 1800
47: 1798
847: 1783
851: 1776
56: 1785
Algorytm: Tabu Search: Insercja losowego miasta
Ilość wierzchołków: 48
Najkrótsza trasa: [27, 2, 41, 43, 22, 20, 37, 38, 18, 17, 12, 32, 7, 23, 34, 13, 46, 36, 14, 35, 15, 16, 45, 39, 19, 44, 21, 40, 47, 26, 42, 28, 3, 24, 4, 29, 30, 5, 31, 6, 8, 11, 10, 0, 25, 1, 9, 33]
Długość trasy: 1776
Czas wykonania: 120001 ms

0: 2302
32: 1881
1: 2148
2: 1978
835: 1833
4: 1912
871: 1817
2313: 1782
10: 1903
7083: 1776
12: 1901
14: 1882
878: 1814
114: 1879
917: 1808
1720: 1791
858: 1826
316: 1877
317: 1864
1727: 1790
Algorytm: Tabu Search: Insercja losowego miasta
Ilość wierzchołków: 48
Najkrótsza trasa: [43, 22, 20, 37, 38, 18, 17, 12, 32, 7, 23, 34, 13, 46, 36, 14, 35, 15, 16, 45, 39, 19, 44, 21, 40, 47, 26, 42, 28, 3, 24, 4, 29, 30, 31, 5, 6, 8, 11, 10, 0, 25, 1, 9, 33, 27, 2, 41]
Długość trasy: 1776
Czas wykonania: 120001 ms

1: 2182
33: 1837
2: 2067
3: 2064
1187: 1789
4: 1952
5: 1859
6: 1850
9: 1848
74: 1816
21514: 1776
77: 1815
14: 1841
15: 1840
145: 1808
20: 1838
1172: 1796
153: 1797
3837: 1783
3838: 1782
Algorytm: Tabu Search: Insercja losowego miasta
Ilość wierzchołków: 48
Najkrótsza trasa: [29, 30, 5, 31, 6, 8, 11, 10, 0, 25, 1, 9, 33, 27, 2, 41, 43, 22, 20, 38, 37, 18, 17, 12, 32, 7, 23, 34, 13, 46, 36, 14, 35, 15, 16, 45, 39, 19, 44, 21, 40, 47, 26, 42, 28, 3, 24, 4]
Długość trasy: 1776
Czas wykonania: 120001 ms

0: 2221
64: 1849
1: 2083
6: 2062
8: 2030
488: 1785
9: 1977
75: 1840
492: 1784
1516: 1776
14: 1957
46: 1922
80: 1831
337: 1815
82: 1830
118: 1817
56: 1915
59: 1852
29: 1954
Algorytm: Tabu Search: Insercja losowego miasta
Ilość wierzchołków: 48
Najkrótsza trasa: [24, 4, 29, 30, 5, 31, 6, 8, 11, 10, 0, 25, 1, 9, 33, 27, 2, 41, 43, 22, 20, 37, 38, 18, 17, 12, 32, 7, 23, 34, 13, 46, 36, 35, 14, 15, 16, 45, 39, 19, 44, 21, 40, 47, 26, 42, 28, 3]
Długość trasy: 1776
Czas wykonania: 120001 ms

0: 2227
1: 2156
2: 2106
66: 1884
3: 2090
67: 1880
5: 2089
7: 2025
71: 1875
8: 1994
72: 1807
73: 1798
11: 1972
14: 1904
17: 1903
118: 1785
24: 1896
25: 1890
956: 1777
957: 1776
Algorytm: Tabu Search: Insercja losowego miasta
Ilość wierzchołków: 48
Najkrótsza trasa: [17, 12, 32, 7, 23, 34, 13, 46, 36, 35, 14, 15, 16, 45, 39, 19, 44, 21, 40, 47, 26, 42, 28, 3, 24, 4, 29, 30, 5, 31, 6, 8, 11, 10, 0, 25, 1, 9, 33, 27, 2, 41, 43, 22, 20, 37, 38, 18]
Długość trasy: 1776
Czas wykonania: 120000 ms

0: 2284
1: 2187
2: 2173
3: 2058
355: 1824
4: 2033
36: 1907
228: 1844
2853: 1776
6: 2029
38: 1896
7: 2020
39: 1883
8: 1954
9: 1947
41: 1875
748: 1789
13: 1908
52: 1874
308: 1840
725: 1796
313: 1839
346: 1837
61: 1846
Algorytm: Tabu Search: Insercja losowego miasta
Ilość wierzchołków: 48
Najkrótsza trasa: [35, 14, 15, 16, 45, 39, 19, 44, 21, 40, 47, 26, 42, 28, 3, 24, 4, 29, 30, 31, 5, 6, 8, 11, 10, 0, 25, 1, 9, 33, 27, 2, 41, 43, 22, 20, 37, 38, 18, 17, 12, 32, 7, 23, 34, 13, 46, 36]
Długość trasy: 1776
Czas wykonania: 120000 ms

