50178: 4719
80898: 3657
144385: 2980
121860: 3109
99335: 3360
102407: 3320
113671: 3171
70664: 3911
116744: 3147
136203: 3028
44045: 5492
47120: 5084
151571: 2929
40978: 5751
323600: 2722
89113: 3527
123929: 3100
36889: 6272
72728: 3861
58395: 4281
61471: 4174
48162: 4955
140321: 3002
67620: 3986
85031: 3591
180261: 2847
63530: 4127
86063: 3580
92208: 3457
80947: 3654
154672: 2913
69682: 3941
199735: 2795
87094: 3566
93240: 3442
113720: 3165
158776: 2907
51259: 4613
75838: 3754
112702: 3188
101441: 3341
223298: 2768
55365: 4387
71751: 3883
56393: 4353
115784: 3156
76875: 3739
60491: 4216
72780: 3860
10318: 6883
141394: 2994
148562: 2959
161872: 2901
31828: 6528
77911: 3719
153690: 2918
42076: 5734
125021: 3079
143455: 2986
194652: 2811
109662: 3229
74849: 3782
86113: 3578
107616: 3246
54370: 4435
92259: 3456
79975: 3683
93290: 3437
59502: 4253
264299: 2743
75889: 3753
52343: 4524
88182: 3542
137333: 3023
267389: 2740
65660: 4062
72831: 3859
89214: 3524
91265: 3475
61572: 4171
47237: 5065
62597: 4151
73863: 3817
235659: 2754
45194: 5352
77962: 3716
100490: 3351
142473: 2992
108687: 3240
153741: 2915
43153: 5548
120979: 3111
78996: 3701
80025: 3682
87195: 3565
44188: 5463
111775: 3202
36000: 6425
112801: 3186
205987: 2791
97442: 3385
39077: 6089
88233: 3540
104616: 3300
115883: 3155
50348: 4711
57519: 4313
60592: 4212
89265: 3523
224433: 2763
150711: 2941
94393: 3409
62649: 4147
269496: 2739
52414: 4513
49344: 4816
63683: 4122
79045: 3699
92358: 3455
82121: 3635
101576: 3340
67786: 3985
87245: 3562
133327: 3040
209101: 2785
54482: 4429
114898: 3161
123099: 3104
153816: 2914
103644: 3309
124131: 3093
217313: 2774
56548: 4350
89316: 3522
193770: 2817
37099: 6198
94444: 3408
140525: 2997
65777: 4061
109813: 3228
38134: 6174
79095: 3697
92409: 3451
42233: 5697
69883: 3940
157950: 2908
82172: 3627
64767: 4082
66814: 4006
101635: 3338
239873: 2750
84226: 3604
112901: 3184
114949: 3160
59653: 4248
85254: 3590
70920: 3906
68877: 3961
118028: 3132
103695: 3305
88334: 3537
45328: 5324
168210: 2882
77077: 3737
147734: 2965
139543: 3014
60694: 4209
89367: 3520
135444: 3030
51480: 4607
91417: 3467
169242: 2878
72984: 3851
90392: 3492
55583: 4385
74016: 3816
65827: 4056
136480: 3025
109863: 3226
175397: 2853
63785: 4119
44331: 5375
75053: 3781
119084: 3123
58671: 4280
133426: 3036
66864: 4005
257330: 2748
84275: 3602
93492: 3435
112951: 3183
59704: 4246
96570: 3398
101692: 3337
167228: 2885
183613: 2841
54595: 4428
11590: 6876
60745: 4201
72008: 3877
73035: 3850
99658: 3357
61774: 4166
62800: 4146
74067: 3811
78163: 3715
22868: 6732
65877: 4052
55638: 4377
50520: 4709
63837: 4118
81247: 3648
58722: 4274
51555: 4579
84325: 3601
126308: 3069
220518: 2769
111975: 3201
93545: 3432
174442: 2854
127338: 3063
97644: 3383
67955: 3984
123251: 3103
70005: 3930
86388: 3575
102776: 3319
4474: 6892
40314: 5906
54650: 4422
124282: 3091
48508: 4946
89469: 3518
73087: 3849
36227: 6292
71046: 3898
74118: 3809
130438: 3052
218500: 2771
65928: 4049
194955: 2810
108939: 3236
55691: 4372
109965: 3222
125326: 3078
119184: 3119
75155: 3776
110995: 3207
143760: 2984
224656: 2760
139670: 3011
80276: 3677
83348: 3609
152980: 2924
45463: 5247
56727: 4348
66966: 4004
145819: 2976
85403: 3588
122266: 3108
166297: 2889
59805: 4245
113052: 3179
115100: 3159
76193: 3752
42403: 5660
116133: 3154
98727: 3368
101803: 3336
102827: 3312
161192: 2902
50603: 4682
184745: 2838
149934: 2947
25005: 6669
53677: 4465
77230: 3736
3504: 6966
150962: 2937
54705: 4421
270773: 2738
73138: 3846
43447: 5510
74169: 3808
78265: 3712
117177: 3143
137658: 3022
151995: 2928
189883: 2827
51643: 4571
173503: 2859
88511: 3536
164285: 2891
75207: 3772
68038: 3975
292291: 2729
56777: 4336
112076: 3200
115150: 3158
97745: 3382
93648: 3429
134608: 3033
63955: 4117
52698: 4511
49631: 4815
77280: 3732
148963: 2958
73189: 3842
87525: 3557
100837: 3350
48614: 4922
57831: 4310
62952: 4141
130538: 3051
66029: 4044
104941: 3295
191984: 2821
47603: 5046
125426: 3072
143862: 2983
139767: 3010
105977: 3271
133627: 3035
53754: 4463
67067: 3996
58875: 4273
112126: 3198
113153: 3175
59907: 4239
85506: 3586
64005: 4114
93700: 3425
69126: 3957
86539: 3571
172552: 2865
526: 7022
101905: 3333
77331: 3731
99859: 3354
24087: 6705
60951: 4191
65047: 4081
40474: 5841
57882: 4309
71194: 3897
52764: 4498
74270: 3803
89633: 3511
138787: 3020
177699: 2851
88611: 3534
81447: 3646
90665: 3486
80427: 3669
92715: 3449
294447: 2728
39468: 5958
153132: 2923
67118: 3995
84526: 3600
201265: 2794
107063: 3255
64055: 4111
97846: 3370
42553: 5659
76346: 3747
147004: 2975
102979: 3311
49734: 4802
322115: 2726
87625: 3555
122441: 3107
159307: 2906
62029: 4164
57934: 4304
137810: 3021
66130: 4042
88661: 3532
117332: 3140
79448: 3696
90714: 3484
125530: 3070
80479: 3663
84575: 3599
124510: 3090
75360: 3768
36450: 6279
58978: 4270
63076: 4139
112228: 3194
107111: 3250
50791: 4647
120425: 3116
60009: 4237
64105: 4110
70257: 3929
98928: 3365
102004: 3330
148087: 2963
38519: 6173
77432: 3730
87675: 3553
100987: 3347
189054: 2829
72323: 3874
105091: 3294
130691: 3050
78469: 3708
138886: 3018
66180: 4037
88711: 3529
89734: 3502
190085: 2826
224907: 2759
79498: 3691
54924: 4418
140942: 2996
73356: 3837
110220: 3221
83599: 3608
124559: 3089
67219: 3994
59029: 4263
134807: 3032
115351: 3157
141972: 2993
261784: 2744
64156: 4105
69276: 3951
116383: 3151
76449: 3746
118436: 3131
197291: 2803
75435: 3765
35500: 6445
71346: 3895
136881: 3024
58037: 4302
190135: 2822
223926: 2767
66231: 4032
72374: 3872
123579: 3102
132799: 3043
139967: 3006
170687: 2876
106174: 3268
53952: 4451
153282: 2920
82624: 3623
54979: 4405
83650: 3607
84676: 3597
227013: 2758
114374: 3163
57034: 4335
85707: 3585
91850: 3465
108236: 3245
42702: 5631
96975: 3396
60111: 4224
143053: 2991
51921: 4558
47830: 5010
70358: 3921
44760: 5358
92889: 3448
135899: 3029
150238: 2945
25310: 6609
77535: 3727
48863: 4883
52959: 4490
151266: 2936
65251: 4080
58088: 4301
66282: 4029
93934: 3422
73457: 3832
140018: 3003
94960: 3407
106224: 3265
62194: 4158
193265: 2818
19188: 6817
22260: 6735
49913: 4774
63225: 4137
59130: 4262
57086: 4327
64255: 4099
74494: 3802
97025: 3395
157446: 2910
50949: 4621
86791: 3569
128774: 3057
92938: 3444
118538: 3127
75535: 3760
56080: 4364
149267: 2955
87826: 3551
65301: 4071
151317: 2933
224027: 2764
93984: 3421
31524: 6534
61220: 4182
62244: 4157
153383: 2919
132900: 3041
233252: 2755
114475: 3162
63275: 4135
112429: 3192
68399: 3971
91951: 3458
113454: 3173
124720: 3082
38707: 6151
143153: 2987
156470: 2911
97076: 3391
60214: 4223
110390: 3220
207668: 2786
86841: 3568
211771: 2784
55101: 4404
95036: 3400
111423: 3205
1855: 7000
99134: 3363
102206: 3327
15168: 6825
145216: 2978
24387: 6703
87877: 3544
101188: 3345
104263: 3303
151368: 2931
72525: 3870
130893: 3049
58190: 4293
66383: 4026
88911: 3528
160588: 2905
325451: 2714
94035: 3420
218967: 2770
51029: 4619
170839: 2866
79703: 3685
73558: 3830
81752: 3637
21340: 6814
52060: 4547
77661: 3725
53085: 4489
63325: 4133
84828: 3595
166751: 2886
67423: 3987
59232: 4259
74595: 3798
85859: 3583
194400: 2812
40803: 5786
64357: 4091
97127: 3388
49000: 4872
78697: 3706
110440: 3213
144235: 2982
86891: 3567
121709: 3110
70510: 3919
55154: 4402
101239: 3344
150389: 2944
56185: 4361
122744: 3106
149368: 2954
165752: 2890
65403: 4066
71549: 3890
72576: 3869
60290: 4221
169857: 2877
128903: 3054
91014: 3476
73609: 3827
117641: 3135
83851: 3605
63377: 4131
80784: 3660
129936: 3053
108435: 3244
59283: 4257
85909: 3581
124821: 3081
109460: 3233
68502: 3969
74646: 3797
120726: 3115
57240: 4322
69529: 3946
195482: 2809
53147: 4479
182174: 2845
280473: 2737
93088: 3443
102306: 3326
188326: 2834
54182: 4445
75687: 3759
103335: 3310
126886: 3064
50090: 4741
96170: 3399
101290: 3343
122794: 3105
56237: 4356
45998: 5130
105391: 3290
65455: 4065
76723: 3740
72626: 3864
58292: 4291
66485: 4015
123829: 3101
139190: 3015
152502: 2927
94137: 3414
12217: 6849
23482: 6724
82876: 3615
134082: 3034
77760: 3723
84930: 3594
63428: 4128
124871: 3080
59335: 4254
68553: 3967
74697: 3789
228303: 2757
34766: 6474
144336: 2981
70612: 3917
53207: 4471
112600: 3190
100315: 3353
118746: 3124
55260: 4394
127968: 3060
105443: 3280
151520: 2930
71650: 3888
60388: 4220
147428: 2971
58343: 4287
90089: 3494
149483: 2951
52202: 4528
38891: 6128
152553: 2925
61420: 4178
62444: 4154
106476: 3256
73711: 3821
109561: 3230
43002: 5606
68603: 3966
78844: 3704
131068: 3046
57342: 4319
Algorytm: Genetic Algorithm
Ilość wierzchołków: 403
Najkrótsza trasa: [322, 281, 137, 13, 288, 247, 81, 22, 21, 195, 280, 279, 105, 391, 172, 26, 388, 93, 349, 168, 155, 323, 29, 240, 219, 231, 205, 362, 301, 123, 40, 352, 139, 307, 143, 189, 176, 156, 154, 193, 208, 236, 98, 175, 291, 315, 182, 32, 113, 272, 159, 20, 90, 72, 377, 237, 196, 0, 333, 267, 107, 61, 46, 108, 351, 317, 64, 25, 341, 246, 180, 194, 380, 379, 217, 9, 169, 27, 192, 66, 273, 124, 339, 171, 63, 312, 35, 296, 286, 74, 400, 302, 118, 363, 204, 242, 117, 332, 215, 73, 88, 69, 68, 77, 31, 52, 401, 115, 94, 106, 165, 38, 147, 82, 249, 58, 277, 39, 264, 274, 293, 131, 355, 344, 318, 222, 185, 253, 111, 369, 345, 173, 214, 85, 259, 153, 334, 308, 394, 225, 385, 300, 278, 398, 151, 11, 305, 37, 387, 152, 310, 309, 238, 229, 14, 96, 43, 84, 83, 202, 79, 186, 396, 227, 212, 254, 223, 6, 230, 382, 320, 78, 226, 325, 374, 18, 24, 36, 23, 393, 335, 65, 211, 19, 224, 220, 197, 295, 102, 402, 397, 260, 92, 146, 144, 128, 255, 304, 5, 103, 132, 243, 283, 8, 367, 75, 119, 216, 200, 122, 241, 112, 2, 386, 86, 101, 251, 328, 166, 199, 178, 100, 161, 148, 390, 232, 375, 191, 184, 4, 218, 203, 109, 91, 213, 41, 150, 34, 252, 371, 395, 174, 250, 188, 299, 49, 16, 47, 326, 256, 289, 331, 378, 266, 265, 275, 258, 42, 373, 142, 336, 321, 53, 354, 342, 198, 164, 3, 330, 290, 183, 17, 287, 327, 167, 54, 110, 95, 10, 157, 269, 48, 210, 221, 67, 114, 353, 235, 121, 163, 181, 346, 262, 261, 160, 365, 245, 104, 384, 383, 145, 129, 360, 62, 99, 389, 187, 316, 120, 116, 127, 244, 80, 141, 392, 228, 297, 364, 303, 179, 368, 233, 324, 381, 87, 56, 361, 51, 158, 1, 162, 399, 57, 136, 133, 311, 55, 340, 372, 356, 370, 358, 268, 125, 60, 44, 239, 70, 170, 284, 329, 294, 257, 97, 276, 298, 12, 314, 76, 177, 201, 89, 59, 359, 140, 366, 292, 343, 207, 45, 338, 190, 138, 337, 33, 376, 71, 248, 348, 234, 149, 347, 263, 134, 209, 28, 15, 135, 270, 306, 319, 206, 30, 313, 7, 126, 271, 350, 50, 130, 285, 282, 357]
Długość trasy: 2714
Czas wykonania: 360013 ms

