2052: 2843
2055: 2837
2056: 2834
2057: 2833
2059: 2831
2061: 2830
2063: 2829
3088: 2573
2067: 2823
2068: 2820
24: 3585
2073: 2819
2074: 2813
2077: 2802
2078: 2801
4126: 2556
2079: 2795
2080: 2794
2081: 2793
2083: 2789
2084: 2788
2085: 2785
2089: 2784
2092: 2773
2607: 2600
2608: 2596
2097: 2764
2102: 2763
2614: 2594
2103: 2761
2615: 2593
2105: 2759
2106: 2754
2109: 2750
2112: 2742
2114: 2738
2125: 2736
2126: 2725
29266: 2508
2139: 2719
2141: 2717
2146: 2716
2156: 2710
2159: 2708
2162: 2699
6773: 2522
2169: 2698
2170: 2696
2172: 2695
2689: 2592
2180: 2694
2184: 2685
8328: 2516
2200: 2684
29339: 2506
2205: 2680
2206: 2679
2209: 2671
3233: 2572
2211: 2661
2220: 2653
2221: 2652
2240: 2651
2253: 2641
2256: 2637
2783: 2591
4325: 2552
3310: 2570
2800: 2589
1779: 3565
1782: 3549
1783: 3533
1784: 3526
2808: 2588
1785: 3482
1786: 3459
1788: 3447
1789: 3445
1790: 3430
1791: 3405
1792: 3395
1793: 3381
2308: 2636
1797: 3363
2821: 2586
1798: 3356
1800: 3338
1802: 3334
2828: 2585
2319: 2634
1809: 3321
1812: 3317
3864: 2567
1818: 3313
1819: 3294
1820: 3282
1828: 3281
1829: 3277
4389: 2551
1830: 3272
1832: 3270
1833: 3253
1834: 3236
2861: 2584
1839: 3235
1840: 3218
1841: 3206
1842: 3196
1849: 3195
1850: 3193
1853: 3184
1855: 3183
1856: 3179
2371: 2633
2883: 2581
2374: 2631
4424: 2549
1865: 3166
1866: 3164
1867: 3162
2385: 2630
1874: 3160
1875: 3147
1880: 3129
1881: 3115
1883: 3114
1884: 3103
1885: 3095
1886: 3088
1888: 3087
2912: 2580
1889: 3068
1893: 3062
1894: 3053
2406: 2628
2918: 2578
1895: 3051
1896: 3050
2415: 2624
1904: 3049
1906: 3045
1907: 3042
1910: 3041
1912: 3039
2430: 2623
1919: 3038
2943: 2576
1920: 3036
1921: 3030
1922: 3029
1923: 3026
1924: 3025
1928: 3022
1929: 3021
3980: 2564
1935: 3008
1937: 3003
1938: 3001
1939: 3000
3987: 2562
6549: 2523
1943: 2999
1944: 2991
1945: 2990
1946: 2976
1950: 2974
29086: 2512
1951: 2970
5535: 2539
5537: 2537
1954: 2964
1956: 2961
29094: 2511
29095: 2510
4529: 2548
1970: 2949
5555: 2535
1973: 2943
2485: 2617
6069: 2524
1974: 2941
1978: 2940
1979: 2938
1983: 2936
1985: 2935
1986: 2933
1988: 2930
1989: 2928
3014: 2575
1991: 2922
4039: 2560
2507: 2611
2000: 2917
2003: 2913
2005: 2911
2517: 2610
2006: 2908
2518: 2609
2007: 2907
2008: 2906
2009: 2898
2010: 2892
2012: 2891
2022: 2889
2024: 2887
2539: 2606
24555: 2515
2029: 2883
2030: 2877
2542: 2601
2031: 2872
5106: 2540
2038: 2859
2040: 2857
2041: 2853
7161: 2521
2043: 2852
3579: 2569
5627: 2533
2044: 2851
2045: 2847
2046: 2846
Algorytm: Symulowane wyżarzanie: Zamiana losowych miast
Ilość wierzchołków: 403
Najkrótsza trasa: [100, 44, 367, 75, 135, 270, 150, 136, 388, 348, 343, 217, 384, 383, 203, 301, 351, 281, 64, 365, 159, 20, 283, 277, 40, 263, 194, 324, 144, 129, 181, 346, 114, 24, 13, 288, 65, 206, 30, 68, 268, 16, 241, 280, 12, 108, 256, 220, 197, 295, 397, 394, 225, 23, 14, 96, 338, 124, 269, 91, 331, 378, 71, 385, 199, 262, 261, 245, 211, 180, 165, 238, 229, 234, 228, 198, 125, 74, 344, 231, 205, 315, 207, 45, 313, 7, 393, 85, 316, 120, 392, 172, 26, 221, 67, 66, 37, 36, 188, 173, 400, 93, 349, 309, 332, 296, 175, 291, 362, 387, 34, 171, 63, 297, 169, 27, 141, 116, 308, 260, 201, 118, 345, 299, 298, 252, 371, 107, 386, 209, 41, 79, 69, 109, 183, 17, 242, 117, 318, 111, 369, 307, 143, 33, 376, 87, 56, 375, 191, 110, 275, 390, 42, 86, 101, 78, 382, 212, 236, 227, 320, 167, 54, 196, 0, 106, 359, 130, 132, 306, 115, 189, 81, 22, 21, 374, 363, 379, 336, 321, 204, 126, 271, 83, 218, 9, 232, 265, 326, 325, 142, 161, 148, 258, 177, 285, 282, 350, 105, 391, 210, 95, 55, 157, 339, 38, 19, 122, 119, 29, 186, 53, 216, 200, 18, 139, 4, 92, 51, 259, 244, 80, 131, 153, 310, 354, 342, 224, 97, 208, 170, 284, 290, 162, 48, 237, 302, 89, 360, 353, 352, 311, 10, 160, 15, 90, 72, 377, 402, 287, 293, 82, 247, 249, 155, 323, 52, 341, 104, 145, 264, 113, 327, 304, 5, 246, 230, 226, 147, 102, 103, 276, 49, 215, 168, 152, 76, 340, 213, 356, 322, 357, 358, 151, 11, 149, 146, 381, 166, 300, 134, 243, 88, 62, 32, 274, 317, 182, 176, 31, 319, 58, 8, 305, 273, 370, 328, 240, 219, 47, 112, 133, 361, 347, 39, 43, 84, 239, 70, 312, 35, 251, 330, 329, 294, 395, 179, 368, 178, 138, 398, 396, 257, 248, 286, 60, 98, 333, 267, 272, 28, 222, 250, 99, 389, 187, 235, 121, 2, 61, 46, 253, 366, 292, 279, 233, 380, 289, 193, 372, 278, 337, 174, 185, 254, 223, 6, 364, 303, 266, 158, 1, 137, 77, 156, 154, 373, 355, 73, 140, 334, 123, 192, 94, 127, 399, 57, 163, 3, 128, 255, 195, 314, 59, 202, 184, 50, 164, 25, 335, 401, 214, 190]
Długość trasy: 2506
Czas wykonania: 360002 ms

2563: 2692
2054: 3106
2566: 2691
2055: 3103
2056: 3099
2057: 3098
2058: 3093
2063: 3091
2064: 3082
2576: 2688
2065: 3074
2578: 2687
2071: 3063
2585: 2686
26: 3535
2076: 3056
2077: 3054
2589: 2685
5149: 2587
2078: 3043
3102: 2630
2080: 3035
2081: 3034
4139: 2597
3127: 2628
2106: 3028
2108: 3026
2110: 3025
2111: 3024
2115: 3021
2627: 2681
2116: 3020
2117: 3018
2118: 3012
2121: 3008
2123: 3003
2129: 2999
2130: 2994
2131: 2989
2643: 2675
2135: 2988
2136: 2986
2648: 2674
5208: 2586
2137: 2984
2141: 2981
2142: 2980
5214: 2585
2144: 2975
2656: 2672
2146: 2974
3684: 2606
2151: 2969
2152: 2958
2153: 2956
2154: 2955
2155: 2954
2156: 2951
2160: 2944
8304: 2566
2161: 2937
3697: 2604
2162: 2935
2165: 2930
2166: 2924
2167: 2920
2679: 2670
2169: 2912
3708: 2603
2173: 2910
11901: 2545
2688: 2669
8320: 2563
8321: 2562
3203: 2627
11907: 2544
2180: 2905
2181: 2904
2693: 2665
2182: 2903
3718: 2601
2695: 2657
11911: 2541
2184: 2902
7304: 2572
2698: 2654
2189: 2899
11917: 2538
2198: 2895
8345: 2556
2206: 2892
2208: 2891
2209: 2889
2210: 2886
2211: 2884
2727: 2652
2219: 2882
3756: 2599
2224: 2881
2225: 2880
2231: 2879
2743: 2651
2753: 2650
2242: 2878
2756: 2646
5321: 2580
2252: 2877
2258: 2866
2260: 2861
2263: 2856
2264: 2855
2269: 2853
2272: 2851
2274: 2843
2281: 2836
12010: 2536
2285: 2835
2293: 2834
2805: 2644
2301: 2832
2302: 2831
2309: 2830
2313: 2827
2825: 2639
2315: 2826
2318: 2825
2319: 2822
2321: 2821
2323: 2818
2837: 2637
2328: 2817
2330: 2805
2844: 2636
36124: 2531
278809: 2525
3370: 2626
2357: 2799
2870: 2635
2359: 2798
2364: 2797
2365: 2796
3398: 2620
2375: 2786
2380: 2776
3404: 2611
2382: 2772
2383: 2764
2391: 2763
8541: 2553
2408: 2759
8559: 2551
2419: 2757
2434: 2756
2437: 2755
2952: 2634
2443: 2753
1937: 3520
36241: 2530
1943: 3519
2456: 2750
2457: 2746
2461: 2742
2464: 2738
2466: 2732
1956: 3481
1957: 3474
1961: 3471
1962: 3470
1963: 3456
1964: 3445
2476: 2730
1966: 3437
1967: 3431
8623: 2550
1970: 3429
42418: 2528
132528: 2527
1971: 3425
6067: 2574
3002: 2633
2491: 2728
1980: 3411
1981: 3409
1982: 3402
2496: 2727
1985: 3401
2497: 2720
1986: 3399
1989: 3397
1990: 3388
1991: 3369
1992: 3368
1993: 3352
1994: 3343
1995: 3326
2507: 2714
1996: 3322
2508: 2713
1997: 3313
1998: 3308
2511: 2712
2000: 3305
4560: 2596
2001: 3296
2002: 3289
2003: 3282
2004: 3273
2006: 3271
2518: 2703
2519: 2699
2008: 3265
2009: 3259
2522: 2698
2011: 3237
2012: 3221
2013: 3212
2014: 3206
2526: 2697
2016: 3202
2017: 3192
2018: 3191
2020: 3183
2024: 3176
2025: 3166
2026: 3165
2027: 3158
5099: 2588
2028: 3146
2029: 3141
28653: 2534
2030: 3139
2031: 3138
2032: 3131
2033: 3130
2548: 2695
2038: 3124
2039: 3119
2041: 3114
2555: 2694
2556: 2693
2045: 3112
2046: 3110
Algorytm: Symulowane wyżarzanie: Zamiana losowych miast
Ilość wierzchołków: 403
Najkrótsza trasa: [334, 245, 238, 229, 225, 158, 339, 104, 9, 217, 145, 360, 69, 190, 138, 57, 211, 144, 301, 351, 317, 188, 299, 298, 253, 163, 3, 102, 153, 310, 214, 192, 189, 50, 179, 368, 81, 22, 21, 304, 260, 364, 303, 297, 233, 324, 306, 344, 307, 143, 48, 2, 61, 107, 386, 268, 16, 106, 165, 399, 266, 254, 223, 361, 347, 39, 248, 348, 329, 294, 241, 112, 318, 374, 363, 315, 336, 321, 204, 160, 15, 110, 230, 382, 320, 373, 141, 392, 111, 369, 142, 202, 161, 148, 210, 264, 358, 285, 282, 99, 389, 105, 391, 154, 222, 250, 124, 1, 366, 292, 313, 7, 149, 51, 49, 215, 319, 155, 323, 29, 262, 261, 159, 20, 372, 28, 172, 26, 242, 70, 150, 203, 64, 365, 108, 256, 247, 88, 265, 326, 325, 133, 206, 30, 68, 220, 197, 402, 287, 46, 127, 316, 120, 116, 58, 8, 91, 354, 200, 198, 132, 243, 87, 56, 234, 228, 122, 40, 352, 335, 195, 280, 12, 388, 42, 171, 63, 18, 95, 10, 82, 249, 367, 75, 401, 73, 167, 36, 166, 300, 194, 380, 362, 23, 14, 96, 94, 79, 62, 13, 38, 19, 71, 251, 330, 290, 221, 199, 129, 255, 134, 288, 314, 59, 240, 219, 182, 152, 76, 397, 5, 181, 346, 338, 231, 205, 379, 162, 169, 27, 6, 151, 101, 196, 0, 123, 286, 60, 98, 86, 11, 331, 378, 398, 396, 83, 137, 157, 269, 244, 80, 130, 32, 274, 357, 322, 103, 387, 384, 383, 213, 41, 237, 135, 270, 258, 43, 34, 174, 185, 78, 226, 33, 376, 184, 4, 109, 275, 390, 92, 146, 212, 65, 183, 17, 279, 139, 170, 284, 343, 85, 276, 259, 126, 55, 52, 119, 305, 37, 54, 193, 90, 72, 377, 345, 173, 115, 66, 273, 370, 328, 350, 180, 359, 209, 278, 337, 385, 67, 114, 353, 341, 131, 355, 216, 342, 224, 177, 207, 45, 340, 175, 291, 289, 93, 349, 168, 239, 117, 308, 394, 393, 208, 77, 156, 147, 246, 333, 267, 293, 232, 332, 296, 295, 178, 100, 44, 283, 277, 263, 128, 201, 89, 164, 25, 218, 84, 281, 136, 272, 356, 97, 186, 53, 309, 302, 118, 252, 191, 187, 176, 31, 311, 271, 327, 235, 121, 47, 113, 395, 375, 371, 257, 125, 74, 400, 312, 35, 24, 236, 227, 381, 140]
Długość trasy: 2525
Czas wykonania: 360001 ms

2560: 2674
2049: 3164
2050: 3151
2052: 3146
2053: 3127
2054: 3126
2055: 3125
2056: 3124
2057: 3117
2058: 3114
2059: 3112
2060: 3110
2061: 3109
2069: 3107
2070: 3100
2582: 2673
3606: 2614
2071: 3097
2073: 3096
2074: 3091
2590: 2672
3105: 2642
2084: 3088
2086: 3081
2091: 3075
2092: 3071
2094: 3070
2097: 3062
50: 3596
2100: 3055
2101: 3054
3639: 2609
4665: 2592
2106: 3046
2107: 3040
2109: 3030
2111: 3025
2112: 3021
2113: 3020
2114: 3019
2115: 3018
3139: 2636
4164: 2604
2119: 3017
2121: 3016
2123: 3015
3659: 2608
2124: 3014
2125: 3001
2126: 2999
2127: 2986
2128: 2978
2130: 2969
2132: 2961
2134: 2960
2136: 2959
2137: 2957
19545: 2552
2139: 2955
2651: 2671
5214: 2589
19553: 2546
2149: 2940
2150: 2937
2151: 2932
2153: 2930
2154: 2928
2156: 2922
2157: 2921
2158: 2920
2164: 2912
2169: 2905
2170: 2904
2171: 2903
2176: 2898
2177: 2894
2191: 2892
2192: 2890
2195: 2883
13461: 2553
2198: 2882
3734: 2607
2201: 2879
2714: 2667
2203: 2878
2204: 2876
2205: 2874
4256: 2602
4258: 2600
7842: 2559
2212: 2868
6309: 2567
2215: 2863
2216: 2854
2217: 2853
2221: 2852
2738: 2656
2229: 2848
2231: 2846
2237: 2843
2239: 2842
2240: 2838
5314: 2586
2243: 2836
2259: 2830
2264: 2829
2268: 2828
2277: 2827
2278: 2826
2280: 2819
2285: 2816
2291: 2815
2294: 2813
2295: 2811
2297: 2806
2809: 2652
2298: 2804
2299: 2803
2301: 2797
2303: 2787
2307: 2783
2309: 2777
3335: 2635
2312: 2776
2313: 2774
2314: 2772
5386: 2584
2316: 2771
2317: 2770
2319: 2769
2321: 2768
2326: 2767
2327: 2766
2328: 2765
2855: 2651
2351: 2764
2354: 2763
2355: 2762
2357: 2761
2869: 2647
5431: 2583
2360: 2760
2363: 2758
2369: 2757
2372: 2756
2384: 2754
2387: 2753
2390: 2751
4440: 2598
2394: 2748
2396: 2747
2398: 2746
2400: 2743
2405: 2742
2407: 2738
2408: 2737
2413: 2727
2417: 2726
2419: 2724
2935: 2644
5495: 2578
2430: 2722
2435: 2721
2440: 2719
2445: 2718
2453: 2717
3478: 2629
5527: 2576
5529: 2569
2977: 2643
1955: 3594
1956: 3582
1957: 3558
2470: 2713
4006: 2605
1959: 3557
5543: 2568
1960: 3522
1967: 3514
1968: 3507
1969: 3505
1970: 3503
1973: 3495
2485: 2709
1975: 3483
2487: 2707
1976: 3480
1977: 3449
2489: 2702
1978: 3437
1979: 3435
2496: 2700
1989: 3429
1991: 3419
1992: 3417
2504: 2699
6602: 2562
1996: 3399
1997: 3395
2509: 2698
1998: 3388
1999: 3373
2000: 3363
2512: 2689
2001: 3359
2002: 3358
2004: 3350
2007: 3344
2008: 3340
2009: 3334
2010: 3325
2012: 3320
2525: 2681
2016: 3319
2019: 3296
2020: 3288
2021: 3281
2022: 3273
3562: 2624
2032: 3268
32752: 2541
2033: 3266
2034: 3265
2546: 2680
2035: 3253
2036: 3247
2037: 3207
2038: 3197
2039: 3196
2553: 2675
2042: 3179
2044: 3170
2045: 3168
2047: 3167
Algorytm: Symulowane wyżarzanie: Zamiana losowych miast
Ilość wierzchołków: 403
Najkrótsza trasa: [55, 127, 40, 352, 331, 378, 18, 79, 96, 338, 177, 90, 72, 337, 333, 267, 395, 32, 322, 107, 61, 317, 345, 299, 259, 388, 343, 213, 41, 372, 356, 47, 330, 221, 67, 94, 33, 376, 206, 30, 316, 351, 370, 328, 46, 366, 292, 158, 269, 375, 191, 163, 3, 149, 51, 298, 279, 201, 118, 87, 56, 254, 223, 400, 125, 273, 268, 16, 318, 233, 380, 289, 65, 172, 26, 182, 170, 284, 329, 294, 110, 326, 147, 166, 300, 283, 277, 263, 385, 199, 207, 45, 23, 14, 69, 161, 148, 390, 184, 218, 145, 123, 192, 114, 99, 389, 187, 194, 324, 212, 193, 153, 75, 139, 4, 131, 355, 305, 296, 77, 31, 6, 285, 282, 350, 211, 381, 157, 1, 168, 222, 250, 374, 398, 396, 82, 249, 141, 392, 256, 247, 183, 17, 64, 15, 109, 190, 100, 98, 308, 5, 181, 200, 198, 150, 9, 332, 215, 319, 42, 253, 286, 60, 44, 302, 89, 119, 29, 159, 20, 142, 402, 287, 293, 220, 197, 295, 136, 236, 227, 144, 230, 382, 387, 384, 383, 203, 174, 185, 202, 240, 219, 391, 154, 43, 34, 132, 306, 115, 189, 108, 120, 116, 234, 228, 209, 28, 102, 188, 173, 214, 399, 122, 401, 309, 217, 84, 257, 97, 162, 48, 2, 386, 248, 348, 290, 242, 117, 373, 304, 260, 397, 394, 393, 88, 62, 231, 243, 124, 339, 179, 368, 246, 276, 49, 37, 36, 137, 54, 235, 121, 186, 53, 73, 312, 35, 58, 8, 216, 346, 66, 74, 314, 59, 360, 353, 39, 244, 80, 160, 365, 245, 195, 280, 12, 169, 27, 171, 63, 266, 241, 112, 180, 359, 135, 270, 232, 238, 229, 225, 196, 0, 130, 93, 349, 344, 92, 347, 95, 271, 357, 358, 83, 129, 255, 311, 10, 178, 138, 57, 237, 239, 70, 91, 262, 261, 367, 76, 363, 204, 128, 264, 113, 327, 105, 19, 224, 140, 334, 68, 301, 155, 323, 354, 342, 297, 134, 288, 38, 151, 11, 133, 307, 143, 167, 13, 205, 379, 208, 265, 275, 258, 85, 152, 310, 52, 341, 176, 156, 210, 78, 226, 325, 335, 81, 22, 21, 103, 336, 321, 315, 86, 101, 24, 252, 371, 272, 278, 71, 251, 274, 281, 164, 25, 104, 364, 303, 377, 111, 369, 313, 7, 340, 106, 165, 361, 146, 320, 50, 175, 291, 362, 126]
Długość trasy: 2541
Czas wykonania: 360001 ms

2048: 2846
2049: 2845
2561: 2690
2051: 2843
2057: 2841
2065: 2840
2578: 2689
3090: 2639
2067: 2837
2068: 2829
2069: 2827
2071: 2824
24: 3609
2073: 2822
2074: 2820
25629: 2543
3615: 2597
2081: 2818
2087: 2816
2088: 2815
2089: 2814
2094: 2813
2096: 2811
3120: 2638
2097: 2805
2611: 2688
2100: 2802
4662: 2569
3130: 2637
4155: 2574
4667: 2568
2109: 2801
2110: 2799
2112: 2798
2118: 2796
2119: 2792
2125: 2789
3669: 2596
2134: 2788
29783: 2541
2651: 2687
2140: 2787
2653: 2685
2144: 2786
2146: 2785
2150: 2783
3178: 2634
3693: 2595
2673: 2679
2172: 2780
2175: 2779
2179: 2778
2691: 2678
2183: 2772
3719: 2594
2185: 2769
2188: 2768
3730: 2593
2195: 2764
2197: 2763
4245: 2573
41625: 2532
2714: 2677
3231: 2632
2223: 2762
2230: 2757
2233: 2756
49851: 2531
2236: 2754
2248: 2749
2253: 2746
6861: 2545
2263: 2745
158426: 2524
1753: 3603
1754: 3592
1755: 3583
1756: 3582
2268: 2744
2783: 2675
2784: 2672
2273: 2742
2274: 2739
1764: 3574
158438: 2517
1765: 3557
1766: 3537
1767: 3519
2279: 2733
1768: 3517
2792: 2671
1769: 3509
1773: 3491
2285: 2732
2287: 2730
2293: 2728
2806: 2670
2296: 2727
1791: 3488
1792: 3482
2304: 2725
1793: 3480
1794: 3467
1795: 3451
1796: 3422
1797: 3420
1799: 3419
1800: 3416
2312: 2721
1805: 3413
1806: 3409
1809: 3407
1810: 3399
158486: 2516
1814: 3386
1815: 3384
1816: 3383
1819: 3379
1820: 3377
1821: 3366
4893: 2566
4897: 2564
2850: 2664
1832: 3347
1833: 3343
1834: 3342
1835: 3324
1836: 3312
1837: 3305
1838: 3261
1839: 3238
1840: 3222
1841: 3211
49969: 2530
1842: 3203
1846: 3194
1847: 3190
49975: 2528
2362: 2720
2365: 2719
1856: 3184
1859: 3174
1860: 3170
2372: 2717
1861: 3159
1862: 3157
1863: 3150
1864: 3135
1865: 3134
2889: 2662
1868: 3127
1869: 3126
6989: 2544
1870: 3124
3407: 2631
2397: 2715
1889: 3117
1890: 3102
1891: 3081
2403: 2714
1892: 3078
4964: 2562
1893: 3066
1894: 3063
3430: 2629
4966: 2556
1895: 3054
1896: 3052
1899: 3043
1900: 3039
1902: 3037
1905: 3027
1906: 3026
1919: 3018
2434: 2712
1924: 3014
1926: 3012
2953: 2661
1930: 3005
3466: 2628
3468: 2627
1936: 2995
2961: 2659
3985: 2587
1940: 2992
1941: 2979
1942: 2978
1945: 2966
1946: 2965
2461: 2710
1952: 2956
4000: 2585
1953: 2953
2466: 2706
2467: 2701
3493: 2621
1960: 2951
1962: 2949
3500: 2620
3501: 2616
1966: 2946
4017: 2582
2483: 2700
1972: 2944
1973: 2940
2485: 2698
1974: 2939
2998: 2649
1976: 2938
4539: 2572
1980: 2932
1982: 2931
6078: 2547
3007: 2643
1984: 2930
1985: 2929
2499: 2697
4036: 2575
1992: 2927
1993: 2921
2505: 2696
3529: 2608
1994: 2917
2511: 2695
2002: 2913
2003: 2905
3028: 2641
2006: 2894
2012: 2886
2524: 2692
2014: 2882
2016: 2880
2017: 2879
2018: 2878
2019: 2876
2020: 2875
2022: 2870
3558: 2599
2024: 2869
2029: 2861
2032: 2860
3056: 2640
2039: 2857
3577: 2598
50171: 2526
Algorytm: Symulowane wyżarzanie: Zamiana losowych miast
Ilość wierzchołków: 403
Najkrótsza trasa: [359, 24, 388, 186, 53, 309, 79, 62, 54, 166, 199, 295, 236, 227, 381, 387, 203, 360, 353, 341, 235, 121, 19, 71, 43, 34, 308, 5, 135, 270, 85, 304, 260, 172, 26, 32, 113, 357, 322, 107, 61, 272, 278, 297, 124, 269, 231, 243, 13, 205, 362, 239, 70, 139, 65, 374, 363, 204, 97, 276, 49, 215, 29, 184, 4, 150, 9, 285, 282, 293, 127, 38, 108, 120, 392, 188, 173, 52, 39, 207, 45, 119, 400, 316, 256, 247, 129, 255, 50, 56, 174, 250, 178, 138, 109, 326, 210, 265, 275, 154, 361, 51, 259, 111, 369, 262, 261, 132, 306, 214, 192, 114, 69, 244, 80, 42, 208, 155, 143, 95, 271, 317, 220, 197, 332, 296, 202, 305, 37, 237, 209, 41, 340, 92, 146, 144, 397, 394, 225, 99, 389, 251, 274, 169, 27, 233, 380, 289, 194, 324, 320, 246, 162, 48, 248, 348, 343, 375, 191, 187, 110, 106, 165, 81, 22, 21, 241, 112, 23, 393, 161, 148, 147, 179, 368, 103, 221, 67, 189, 286, 74, 168, 134, 288, 311, 10, 33, 376, 367, 76, 190, 100, 98, 345, 299, 298, 291, 315, 128, 152, 310, 216, 342, 377, 177, 126, 55, 314, 59, 133, 318, 331, 323, 344, 181, 346, 338, 160, 365, 245, 333, 267, 46, 312, 35, 159, 378, 198, 373, 86, 11, 238, 229, 125, 60, 44, 149, 347, 263, 253, 90, 72, 122, 401, 73, 254, 223, 115, 130, 171, 63, 224, 102, 364, 303, 18, 104, 145, 213, 28, 66, 273, 395, 163, 3, 175, 264, 358, 350, 234, 228, 266, 140, 334, 68, 307, 20, 57, 240, 219, 2, 386, 47, 330, 193, 336, 321, 379, 402, 287, 257, 196, 0, 201, 89, 157, 1, 337, 151, 101, 222, 185, 252, 371, 217, 384, 383, 385, 300, 137, 313, 7, 87, 268, 16, 195, 280, 12, 372, 356, 211, 170, 284, 290, 153, 75, 183, 17, 279, 167, 36, 230, 382, 212, 335, 88, 64, 15, 142, 366, 292, 329, 294, 301, 351, 281, 302, 118, 14, 96, 94, 176, 31, 158, 339, 105, 391, 325, 91, 131, 355, 354, 200, 218, 84, 83, 206, 30, 283, 277, 40, 352, 123, 399, 398, 396, 78, 226, 258, 93, 349, 6, 164, 25, 77, 156, 390, 242, 117, 136, 370, 328, 327, 182, 82, 249, 232, 58, 8, 319, 141, 116, 180]
Długość trasy: 2516
Czas wykonania: 360002 ms

2049: 2877
2050: 2876
2054: 2875
2065: 2862
2067: 2860
2068: 2859
24: 3590
2072: 2858
2074: 2851
2075: 2850
2080: 2845
2085: 2842
2088: 2841
2089: 2840
10793: 2518
2091: 2838
2095: 2835
4655: 2570
2096: 2834
2099: 2833
2101: 2824
155191: 2489
2103: 2823
2106: 2818
2107: 2813
2113: 2810
2627: 2644
29252: 2512
2118: 2808
2119: 2807
2121: 2804
2128: 2803
2131: 2802
2132: 2800
2134: 2798
2146: 2796
2147: 2795
3684: 2587
2156: 2791
2157: 2788
2158: 2787
2159: 2785
3185: 2619
2164: 2784
2165: 2783
2166: 2778
2174: 2771
2178: 2770
2700: 2639
2196: 2769
3221: 2618
2198: 2760
2199: 2759
5278: 2561
7842: 2542
2215: 2750
6826: 2543
15018: 2513
2226: 2749
9906: 2533
2227: 2746
2228: 2740
2745: 2633
2234: 2738
14011: 2515
7872: 2537
5314: 2554
2250: 2737
2253: 2735
146130: 2497
3282: 2613
2264: 2734
8924: 2536
10460: 2528
2276: 2731
2278: 2724
2281: 2719
2284: 2718
2285: 2717
30960: 2507
2291: 2715
2292: 2714
10489: 2527
2811: 2632
12543: 2516
3328: 2612
2309: 2713
1801: 3586
1802: 3581
1803: 3563
1804: 3556
1805: 3555
1806: 3531
1807: 3529
2319: 2712
2831: 2631
2321: 2711
1813: 3501
2325: 2706
1814: 3465
1815: 3447
2328: 2704
3352: 2610
1817: 3441
1818: 3426
3354: 2601
2331: 2701
2332: 2700
1821: 3423
1822: 3416
1823: 3415
1824: 3411
3362: 2600
1830: 3399
1831: 3397
2344: 2699
1834: 3373
10538: 2526
1835: 3372
2347: 2697
2352: 2685
2359: 2684
1848: 3353
1849: 3336
2361: 2683
1850: 3327
1851: 3320
2364: 2682
2876: 2626
1854: 3314
1855: 3298
2374: 2681
146244: 2496
2375: 2680
2378: 2679
5450: 2553
2380: 2677
11088: 2517
1876: 3291
2388: 2667
1877: 3280
1878: 3254
1879: 3239
2903: 2624
1880: 3227
2392: 2666
1881: 3214
1882: 3208
1883: 3204
1890: 3201
1891: 3188
1893: 3187
1894: 3184
1895: 3175
1896: 3174
1897: 3171
1898: 3166
1900: 3165
1901: 3161
141167: 2502
1902: 3157
1903: 3149
141171: 2498
1907: 3144
1908: 3126
1910: 3120
1911: 3116
2423: 2664
1913: 3112
2427: 2662
1922: 3110
1923: 3103
1931: 3099
1932: 3090
1934: 3084
2446: 2661
1935: 3071
1936: 3065
2960: 2621
2961: 2620
1939: 3055
1948: 3050
1949: 3048
1950: 3038
1955: 3031
3493: 2595
1968: 3028
1969: 3027
1970: 3023
1972: 3019
5557: 2547
1975: 3018
1977: 3017
2489: 2660
1978: 3013
1979: 3011
1981: 3007
3520: 2594
9153: 2534
1986: 3002
1987: 3001
1990: 2985
1991: 2984
1992: 2983
1993: 2979
1994: 2975
1995: 2963
1996: 2956
1999: 2952
2000: 2939
2001: 2938
2005: 2930
2006: 2916
2009: 2915
2011: 2914
2014: 2909
4574: 2580
2015: 2907
2528: 2652
2017: 2906
5089: 2568
2018: 2901
2019: 2897
2023: 2896
2025: 2894
2027: 2891
3563: 2593
5099: 2567
2029: 2887
2032: 2886
2035: 2885
4086: 2581
3580: 2591
2045: 2884
2559: 2650
4607: 2579
Algorytm: Symulowane wyżarzanie: Zamiana losowych miast
Ilość wierzchołków: 403
Najkrótsza trasa: [392, 351, 46, 397, 260, 104, 145, 340, 184, 4, 375, 371, 272, 41, 155, 143, 253, 264, 274, 293, 109, 167, 36, 103, 285, 282, 317, 336, 292, 235, 121, 330, 329, 294, 350, 137, 135, 270, 150, 84, 357, 328, 232, 241, 112, 2, 61, 370, 358, 83, 65, 196, 0, 335, 174, 250, 86, 11, 244, 80, 236, 227, 144, 42, 345, 299, 49, 37, 54, 242, 70, 126, 55, 175, 291, 289, 318, 252, 191, 108, 312, 35, 162, 48, 130, 142, 265, 275, 258, 178, 138, 377, 153, 75, 106, 165, 316, 120, 116, 385, 300, 333, 267, 257, 209, 278, 198, 134, 288, 38, 19, 57, 169, 27, 237, 140, 334, 221, 67, 189, 231, 306, 168, 313, 323, 305, 215, 309, 311, 271, 132, 243, 201, 89, 372, 28, 40, 39, 366, 321, 379, 234, 228, 18, 92, 51, 298, 151, 101, 254, 223, 367, 310, 214, 192, 338, 217, 384, 383, 9, 208, 79, 353, 341, 127, 262, 261, 188, 173, 186, 53, 29, 97, 123, 172, 26, 166, 199, 111, 369, 160, 365, 68, 374, 363, 362, 220, 197, 77, 156, 325, 136, 81, 22, 21, 193, 99, 389, 187, 251, 322, 395, 91, 302, 118, 207, 45, 388, 158, 1, 194, 380, 204, 82, 247, 93, 203, 295, 32, 159, 7, 399, 71, 230, 226, 390, 218, 308, 394, 225, 128, 255, 387, 349, 319, 157, 269, 360, 96, 66, 74, 6, 190, 100, 98, 152, 76, 344, 307, 20, 139, 133, 110, 326, 210, 402, 287, 327, 163, 25, 233, 324, 320, 222, 185, 195, 280, 279, 314, 59, 183, 17, 12, 286, 60, 44, 161, 148, 154, 246, 304, 5, 182, 88, 62, 13, 205, 315, 248, 348, 290, 331, 378, 398, 396, 206, 30, 90, 72, 122, 401, 73, 33, 376, 301, 256, 249, 171, 63, 266, 129, 164, 3, 240, 219, 23, 14, 180, 359, 332, 296, 238, 229, 393, 213, 356, 47, 113, 107, 386, 102, 276, 259, 176, 31, 115, 94, 58, 8, 400, 364, 303, 224, 268, 16, 211, 105, 391, 147, 43, 34, 95, 10, 361, 146, 212, 78, 382, 381, 202, 85, 179, 368, 245, 50, 56, 149, 347, 263, 373, 355, 354, 342, 297, 170, 284, 343, 24, 177, 64, 15, 283, 277, 352, 181, 346, 114, 69, 239, 117, 87, 131, 52, 119, 216, 200, 337, 125, 273, 281, 124, 339, 141]
Długość trasy: 2489
Czas wykonania: 360000 ms

2049: 2819
2052: 2817
2054: 2815
179204: 2492
2055: 2808
2056: 2807
2058: 2805
2060: 2804
2061: 2802
2062: 2801
2063: 2798
2065: 2796
2068: 2792
2069: 2786
24: 3599
2073: 2781
2077: 2780
2078: 2779
2591: 2623
2081: 2778
2084: 2776
2086: 2775
2087: 2774
2090: 2773
2607: 2612
2101: 2770
2102: 2769
3648: 2562
2113: 2767
3137: 2578
2114: 2766
2115: 2763
2119: 2757
2121: 2752
2635: 2611
2126: 2751
2128: 2750
179290: 2490
2139: 2749
2141: 2747
2154: 2740
2157: 2738
3181: 2568
2160: 2737
2165: 2736
2166: 2735
2167: 2734
2172: 2733
2173: 2732
2174: 2729
2176: 2728
2178: 2726
2186: 2721
2190: 2720
2195: 2719
7318: 2536
8342: 2534
2204: 2714
8865: 2532
2211: 2712
2214: 2711
2217: 2710
2232: 2706
2235: 2705
9403: 2530
2238: 2698
2245: 2696
2254: 2695
2258: 2694
2266: 2693
2779: 2610
2269: 2690
2277: 2689
4333: 2544
25840: 2508
4345: 2543
6910: 2537
3331: 2567
2308: 2682
3332: 2566
2311: 2681
1802: 3584
1803: 3582
2317: 2680
2318: 2679
179468: 2488
3857: 2561
3858: 2560
2325: 2678
2839: 2609
1816: 3578
2330: 2675
1819: 3574
1820: 3563
1821: 3557
2335: 2674
1824: 3544
1825: 3538
2337: 2670
1826: 3525
3362: 2564
1827: 3497
2340: 2669
1830: 3494
1832: 3486
1833: 3482
1834: 3473
1835: 3466
2350: 2668
1839: 3458
1840: 3456
1841: 3443
1849: 3436
1850: 3435
2364: 2666
1854: 3432
1856: 3395
1857: 3388
1858: 3386
1859: 3376
25923: 2504
1860: 3370
2372: 2664
1861: 3363
1862: 3362
2886: 2608
2375: 2663
2888: 2607
3914: 2556
1868: 3343
1869: 3335
2381: 2658
1870: 3332
2894: 2606
1872: 3324
1873: 3322
1874: 3312
1875: 3308
1876: 3305
1877: 3302
1880: 3297
1881: 3296
3929: 2554
1885: 3285
2398: 2656
1887: 3270
2399: 2654
2401: 2648
3425: 2563
1891: 3264
1892: 3247
2919: 2598
1896: 3238
1897: 3225
1898: 3210
1900: 3209
1901: 3195
2413: 2647
1902: 3188
1903: 3176
1904: 3168
1905: 3165
1906: 3157
1907: 3138
1908: 3132
2420: 2646
1909: 3128
1911: 3125
1912: 3123
1914: 3113
2427: 2645
1916: 3106
1917: 3097
1918: 3094
2432: 2641
1921: 3087
1922: 3078
19842: 2528
1923: 3075
1924: 3048
1929: 3033
1930: 3031
3978: 2548
1935: 3030
2961: 2597
24465: 2515
1938: 3025
1939: 3020
1940: 3014
1941: 3008
1942: 3004
1943: 3003
1946: 3002
1947: 2994
1948: 2990
1952: 2989
1953: 2970
1954: 2967
1955: 2966
1958: 2953
1959: 2952
1960: 2942
1961: 2936
1964: 2926
1965: 2919
1968: 2903
1969: 2894
1970: 2892
1974: 2890
1975: 2879
1982: 2873
1983: 2871
19905: 2526
1987: 2865
1988: 2863
8644: 2533
1998: 2862
26064: 2496
2002: 2860
2003: 2854
2006: 2851
2008: 2850
2011: 2849
2523: 2633
2012: 2848
2524: 2624
9696: 2529
2030: 2847
2036: 2843
2038: 2842
2039: 2841
2040: 2835
2041: 2834
2044: 2830
3069: 2586
2046: 2828
Algorytm: Symulowane wyżarzanie: Zamiana losowych miast
Ilość wierzchołków: 403
Najkrótsza trasa: [326, 210, 171, 63, 198, 318, 133, 236, 227, 320, 207, 45, 125, 74, 400, 130, 102, 313, 7, 340, 188, 276, 49, 299, 259, 239, 70, 208, 301, 351, 370, 328, 272, 356, 47, 99, 389, 187, 190, 138, 337, 311, 10, 218, 233, 324, 381, 111, 369, 331, 378, 224, 158, 269, 159, 323, 344, 177, 23, 393, 241, 112, 2, 386, 160, 15, 196, 0, 283, 8, 168, 235, 121, 286, 273, 134, 288, 249, 128, 153, 310, 216, 200, 266, 182, 81, 22, 21, 109, 397, 260, 103, 174, 185, 345, 173, 309, 124, 339, 194, 380, 289, 152, 76, 87, 56, 164, 3, 322, 209, 278, 398, 396, 178, 100, 44, 181, 346, 114, 96, 94, 104, 203, 50, 93, 9, 136, 58, 277, 263, 238, 229, 225, 373, 355, 319, 248, 348, 290, 163, 25, 304, 5, 91, 33, 376, 268, 16, 231, 205, 379, 195, 280, 279, 139, 201, 118, 175, 291, 204, 252, 371, 350, 135, 270, 64, 365, 183, 17, 12, 302, 89, 126, 55, 123, 192, 189, 170, 284, 329, 294, 107, 61, 293, 176, 156, 147, 316, 256, 387, 384, 383, 34, 240, 219, 86, 11, 213, 28, 179, 368, 157, 1, 367, 75, 335, 106, 359, 38, 325, 336, 292, 343, 253, 43, 349, 354, 342, 57, 230, 382, 212, 388, 246, 385, 67, 66, 60, 98, 193, 222, 250, 184, 4, 332, 215, 305, 37, 13, 306, 29, 82, 247, 140, 334, 68, 24, 129, 155, 143, 251, 330, 361, 51, 298, 186, 53, 115, 338, 95, 271, 395, 162, 48, 151, 101, 97, 296, 307, 20, 78, 226, 308, 394, 14, 360, 69, 245, 85, 364, 303, 122, 401, 214, 202, 265, 275, 154, 161, 148, 390, 366, 321, 362, 137, 54, 206, 30, 149, 146, 144, 172, 26, 234, 228, 18, 65, 244, 80, 119, 73, 141, 392, 255, 372, 41, 254, 223, 6, 375, 191, 105, 19, 297, 264, 113, 257, 32, 274, 317, 217, 84, 357, 358, 281, 166, 199, 92, 347, 39, 333, 267, 327, 142, 285, 282, 83, 232, 374, 363, 315, 131, 314, 59, 42, 312, 35, 237, 90, 72, 377, 169, 27, 77, 31, 52, 40, 341, 180, 165, 150, 145, 242, 117, 79, 62, 36, 88, 353, 352, 221, 300, 167, 211, 391, 258, 220, 197, 295, 127, 399, 71, 262, 261, 132, 243, 108, 120, 116, 402, 287, 46, 110]
Długość trasy: 2488
Czas wykonania: 360001 ms

2049: 2881
2050: 2877
2051: 2872
2052: 2868
2056: 2867
2057: 2866
2060: 2861
2063: 2857
2065: 2850
2067: 2848
2069: 2845
2071: 2844
24: 3535
2075: 2842
21531: 2553
2082: 2841
4130: 2600
2084: 2839
2085: 2838
6181: 2586
2086: 2833
2088: 2832
27692: 2549
2606: 2679
3640: 2623
2107: 2829
3644: 2619
2621: 2677
2624: 2675
2113: 2822
2115: 2820
2121: 2816
2634: 2674
2636: 2670
2133: 2815
3158: 2642
2647: 2661
3672: 2616
2653: 2660
2146: 2812
2148: 2802
2662: 2659
2155: 2791
3694: 2615
2161: 2781
2164: 2774
2165: 2773
2166: 2772
2174: 2769
2686: 2658
2180: 2768
11909: 2559
2182: 2767
2184: 2766
2185: 2759
12436: 2554
3222: 2641
93335: 2548
2712: 2657
2201: 2758
2715: 2654
2212: 2749
2724: 2652
2213: 2744
2223: 2740
2225: 2739
2227: 2735
2229: 2734
2231: 2729
2236: 2725
8381: 2571
8386: 2567
2759: 2650
2765: 2643
2258: 2720
2262: 2719
2264: 2718
3290: 2639
2268: 2717
2273: 2716
2276: 2715
3812: 2614
1769: 3526
1770: 3516
1771: 3486
1772: 3479
1773: 3456
1775: 3454
1776: 3443
1778: 3438
1779: 3405
1780: 3391
3830: 2606
3327: 2638
1794: 3377
3842: 2605
1795: 3360
1796: 3352
1797: 3333
1798: 3327
1802: 3319
2315: 2714
1813: 3315
1814: 3299
1816: 3297
1817: 3290
1819: 3287
1820: 3280
1824: 3273
1825: 3266
2337: 2713
3370: 2636
2351: 2709
1842: 3263
1843: 3260
1844: 3241
1848: 3234
1849: 3225
2361: 2707
1850: 3218
1851: 3211
1852: 3209
1853: 3206
1854: 3202
1856: 3193
1857: 3180
1858: 3178
3395: 2635
2375: 2706
1865: 3176
1866: 3167
2378: 2705
1867: 3166
1881: 3165
3417: 2634
1882: 3158
1885: 3152
1886: 3151
1887: 3145
1888: 3141
1891: 3126
1894: 3125
1895: 3114
1897: 3113
1898: 3099
1900: 3098
1901: 3094
1902: 3092
5487: 2591
1904: 3085
1905: 3084
2418: 2700
1908: 3070
1909: 3064
1913: 3058
1914: 3055
2435: 2698
2437: 2693
1935: 3054
1936: 3052
1937: 3051
1938: 3047
1939: 3045
1940: 3044
2456: 2687
2459: 2683
3484: 2633
1953: 3035
1954: 3032
1955: 3031
1956: 3029
2468: 2682
3497: 2627
1964: 3018
1967: 2999
1968: 2998
1969: 2992
1975: 2991
2487: 2681
1980: 2990
1983: 2983
1984: 2982
1985: 2981
1986: 2978
1987: 2976
1989: 2975
1990: 2972
1991: 2971
1992: 2970
1993: 2954
2505: 2680
1994: 2948
1995: 2947
1996: 2942
1998: 2938
2002: 2936
2003: 2935
2004: 2933
2005: 2928
2006: 2926
2007: 2925
6618: 2576
2011: 2922
2013: 2921
2015: 2915
10209: 2566
2027: 2913
6636: 2573
2029: 2912
4079: 2603
2032: 2905
4082: 2602
2035: 2903
2036: 2901
2037: 2900
2038: 2899
2039: 2890
2040: 2887
Algorytm: Symulowane wyżarzanie: Zamiana losowych miast
Ilość wierzchołków: 403
Najkrótsza trasa: [372, 278, 224, 99, 389, 187, 207, 45, 208, 150, 384, 383, 203, 374, 266, 64, 365, 184, 4, 170, 284, 343, 137, 36, 124, 1, 283, 8, 52, 119, 344, 238, 229, 190, 100, 44, 211, 232, 307, 7, 58, 277, 352, 135, 270, 98, 375, 371, 107, 386, 2, 220, 197, 246, 97, 171, 63, 71, 364, 303, 18, 159, 378, 297, 140, 334, 181, 200, 57, 202, 385, 300, 361, 146, 381, 81, 22, 21, 92, 51, 298, 182, 162, 48, 47, 280, 12, 111, 369, 91, 39, 180, 359, 134, 288, 387, 145, 240, 219, 328, 370, 322, 194, 324, 212, 176, 156, 154, 388, 329, 294, 281, 264, 113, 357, 358, 83, 108, 256, 178, 138, 337, 253, 209, 41, 103, 183, 17, 279, 85, 367, 310, 115, 189, 262, 261, 82, 247, 249, 201, 89, 373, 216, 342, 286, 60, 105, 19, 377, 239, 117, 131, 355, 305, 296, 158, 269, 213, 356, 241, 112, 23, 14, 96, 66, 273, 302, 118, 32, 330, 290, 331, 323, 214, 242, 70, 104, 349, 73, 130, 206, 30, 151, 101, 248, 348, 88, 69, 68, 129, 255, 217, 84, 46, 366, 321, 204, 172, 26, 195, 304, 260, 152, 76, 136, 61, 293, 175, 291, 289, 95, 271, 317, 43, 34, 110, 139, 318, 336, 292, 188, 173, 168, 93, 9, 141, 392, 351, 395, 86, 11, 335, 397, 5, 193, 244, 80, 301, 332, 37, 54, 254, 223, 29, 196, 0, 157, 339, 149, 347, 153, 75, 65, 132, 243, 218, 402, 287, 257, 79, 221, 67, 94, 233, 380, 379, 237, 234, 228, 398, 396, 327, 128, 90, 72, 198, 265, 275, 325, 50, 285, 282, 126, 55, 316, 120, 116, 177, 252, 191, 230, 382, 144, 142, 78, 226, 390, 179, 368, 245, 77, 31, 354, 346, 338, 87, 56, 160, 15, 308, 394, 393, 102, 235, 121, 360, 62, 13, 268, 16, 306, 6, 231, 205, 315, 186, 53, 309, 42, 236, 227, 320, 163, 25, 125, 74, 174, 185, 133, 161, 148, 210, 169, 27, 363, 362, 38, 222, 250, 215, 319, 24, 345, 276, 49, 299, 259, 167, 127, 399, 122, 401, 400, 314, 59, 340, 313, 20, 40, 263, 166, 199, 295, 33, 376, 164, 3, 391, 147, 333, 267, 272, 28, 311, 10, 155, 143, 225, 123, 192, 114, 353, 341, 312, 35, 109, 326, 258, 106, 165, 251, 274, 350]
Długość trasy: 2548
Czas wykonania: 360003 ms

2048: 2793
2061: 2790
12815: 2538
2065: 2789
23: 3616
5656: 2574
2074: 2788
3098: 2594
2077: 2786
2079: 2781
2083: 2780
2084: 2776
7716: 2567
2095: 2775
2096: 2774
2097: 2771
2098: 2770
20530: 2526
2108: 2768
2109: 2767
2110: 2765
2112: 2763
2113: 2758
2116: 2757
2117: 2749
3142: 2590
13382: 2537
2119: 2748
2122: 2746
3149: 2587
3154: 2586
2644: 2631
2133: 2745
2134: 2744
16983: 2535
2138: 2743
2139: 2735
2141: 2734
2144: 2731
2154: 2729
2672: 2630
2162: 2728
2173: 2718
2174: 2717
2689: 2625
2191: 2716
9360: 2555
2193: 2715
7826: 2565
9367: 2554
7842: 2562
2212: 2714
9381: 2551
2215: 2713
2217: 2712
2225: 2711
2746: 2624
4810: 2578
7886: 2560
2255: 2702
1745: 3610
7889: 2559
1746: 3589
1747: 3584
1748: 3574
1749: 3567
1751: 3558
10455: 2543
1752: 3552
2264: 2698
4312: 2581
1753: 3545
2778: 2619
2268: 2695
1758: 3534
2270: 2694
1759: 3516
1760: 3498
1761: 3485
1762: 3481
1763: 3475
1764: 3444
1766: 3426
1767: 3407
2279: 2693
1769: 3400
2795: 2611
1772: 3395
2798: 2602
2288: 2691
1777: 3390
7409: 2568
1779: 3369
1781: 3349
2296: 2689
1787: 3346
1788: 3343
1789: 3331
1790: 3326
2302: 2688
1794: 3324
12550: 2540
2311: 2687
1801: 3315
1802: 3311
1804: 3309
1811: 3275
1812: 3271
1814: 3264
2326: 2686
2327: 2680
1816: 3247
1817: 3243
1818: 3235
1819: 3234
2331: 2679
1820: 3211
1821: 3203
1822: 3198
2334: 2678
1823: 3196
1826: 3194
1828: 3184
1829: 3178
1838: 3177
2350: 2677
1839: 3160
1840: 3155
2356: 2667
1845: 3153
1846: 3142
1848: 3133
1849: 3127
2361: 2666
1850: 3126
1852: 3125
2364: 2665
1853: 3117
2365: 2657
1854: 3099
1855: 3094
2367: 2655
2368: 2654
1859: 3093
1860: 3085
1863: 3080
1864: 3074
1865: 3069
1866: 3068
2890: 2600
1867: 3065
55116: 2512
1869: 3062
1870: 3060
1873: 3057
1874: 3025
1875: 3017
49491: 2523
1876: 3013
1877: 3007
1878: 3001
1879: 2995
1884: 2994
1885: 2990
1886: 2985
9566: 2549
1887: 2972
1889: 2968
1890: 2966
1891: 2965
2405: 2649
1894: 2964
2406: 2648
1896: 2962
1899: 2961
1901: 2958
1903: 2955
2415: 2647
1904: 2954
2419: 2645
1909: 2950
1911: 2941
2423: 2641
1912: 2937
1913: 2936
1915: 2934
1917: 2931
2429: 2640
1922: 2922
55170: 2510
1923: 2919
1924: 2914
1925: 2913
2439: 2639
1933: 2906
1934: 2904
1935: 2901
1936: 2899
1938: 2895
1939: 2892
1940: 2891
1941: 2887
2453: 2636
1942: 2883
8087: 2556
1944: 2880
1948: 2879
190878: 2505
1950: 2875
1951: 2874
1953: 2873
1960: 2868
1976: 2864
1988: 2855
1989: 2849
1991: 2848
1992: 2847
1994: 2844
1995: 2841
49612: 2518
1997: 2840
12749: 2539
1999: 2837
2512: 2635
2004: 2832
2019: 2830
2021: 2829
2027: 2825
2029: 2823
2030: 2822
2032: 2811
2033: 2809
2035: 2808
16374: 2536
2043: 2804
2044: 2803
2047: 2794
Algorytm: Symulowane wyżarzanie: Zamiana losowych miast
Ilość wierzchołków: 403
Najkrótsza trasa: [52, 40, 352, 91, 222, 185, 32, 322, 357, 358, 257, 50, 105, 391, 147, 134, 306, 354, 200, 266, 108, 268, 16, 47, 112, 43, 34, 92, 146, 212, 311, 55, 42, 150, 384, 383, 203, 374, 363, 204, 111, 369, 233, 324, 144, 285, 282, 46, 238, 229, 14, 96, 94, 312, 35, 221, 300, 194, 380, 362, 102, 364, 303, 122, 401, 216, 342, 377, 95, 271, 370, 328, 272, 28, 190, 100, 98, 375, 371, 83, 213, 356, 182, 159, 323, 6, 361, 347, 39, 152, 310, 309, 253, 170, 284, 343, 206, 30, 142, 237, 109, 90, 72, 157, 339, 38, 336, 321, 315, 162, 48, 248, 348, 299, 259, 265, 326, 154, 131, 176, 31, 73, 235, 121, 367, 76, 208, 333, 267, 124, 1, 99, 389, 385, 199, 184, 4, 174, 250, 231, 288, 201, 89, 198, 132, 243, 158, 269, 297, 209, 41, 314, 59, 179, 368, 245, 78, 382, 320, 140, 334, 106, 165, 318, 240, 219, 97, 127, 192, 66, 273, 395, 79, 69, 251, 274, 327, 387, 349, 400, 82, 249, 195, 280, 279, 33, 376, 175, 294, 107, 386, 65, 402, 287, 252, 191, 187, 264, 330, 290, 307, 20, 24, 188, 173, 305, 215, 344, 177, 335, 164, 25, 135, 270, 19, 398, 396, 293, 239, 70, 130, 397, 394, 393, 332, 296, 125, 74, 319, 345, 276, 49, 37, 54, 211, 301, 120, 392, 351, 350, 88, 331, 378, 71, 81, 22, 21, 236, 227, 381, 86, 11, 160, 15, 87, 56, 77, 156, 258, 149, 51, 298, 291, 289, 202, 360, 353, 263, 103, 169, 27, 137, 241, 113, 217, 145, 286, 60, 44, 246, 126, 10, 232, 129, 255, 180, 359, 133, 262, 261, 313, 7, 153, 75, 119, 168, 302, 118, 372, 278, 337, 254, 223, 214, 151, 101, 104, 172, 26, 304, 260, 186, 53, 115, 189, 166, 67, 114, 62, 13, 205, 379, 193, 283, 277, 341, 207, 45, 85, 155, 143, 340, 373, 355, 29, 183, 17, 141, 116, 171, 63, 57, 196, 0, 167, 36, 230, 226, 325, 388, 12, 218, 84, 281, 93, 9, 110, 275, 210, 139, 64, 365, 68, 366, 292, 329, 308, 5, 244, 80, 163, 3, 2, 61, 317, 23, 225, 181, 346, 338, 123, 399, 224, 234, 228, 18, 136, 242, 117, 178, 138, 220, 197, 295, 161, 148, 390, 316, 256, 247, 128, 58, 8]
Długość trasy: 2505
Czas wykonania: 360002 ms

2053: 2806
10245: 2563
2055: 2801
2059: 2800
2060: 2799
2061: 2795
2063: 2794
2064: 2792
2065: 2791
2068: 2789
23: 3597
2073: 2783
2075: 2781
2076: 2780
2588: 2611
2592: 2610
2081: 2777
2082: 2775
2084: 2774
2088: 2773
2090: 2764
2092: 2763
2095: 2762
2098: 2761
2108: 2760
2620: 2608
2111: 2758
2112: 2756
2113: 2755
2114: 2754
2123: 2753
10834: 2559
2132: 2745
2134: 2743
2141: 2734
2142: 2733
2143: 2730
2149: 2729
2157: 2720
2675: 2607
2189: 2719
2198: 2714
2208: 2712
2209: 2711
2221: 2710
2226: 2709
2233: 2704
2234: 2703
2236: 2702
2755: 2606
1733: 3577
1734: 3566
1740: 3540
2252: 2701
2256: 2700
1749: 3533
1750: 3502
1753: 3490
2265: 2697
1754: 3479
1756: 3471
1757: 3470
2269: 2692
2270: 2691
1760: 3463
1762: 3458
4322: 2586
2275: 2690
4323: 2584
1765: 3451
1766: 3448
1767: 3446
2279: 2689
1768: 3444
1769: 3441
1772: 3438
1773: 3431
1774: 3413
1775: 3411
1776: 3409
1780: 3406
1781: 3399
1782: 3383
1783: 3381
1784: 3380
2297: 2688
6905: 2572
1786: 3361
1791: 3360
1793: 3359
1794: 3342
1797: 3339
1798: 3317
1799: 3312
2311: 2687
1801: 3288
1802: 3279
1803: 3277
1804: 3276
1805: 3260
1806: 3254
1813: 3249
2325: 2679
1814: 3243
1815: 3228
2841: 2604
1818: 3217
2330: 2671
1819: 3216
10523: 2561
2333: 2668
6430: 2573
2338: 2666
1829: 3212
1830: 3210
1831: 3205
1832: 3202
1833: 3198
1834: 3194
1836: 3189
1837: 3185
1838: 3184
1839: 3180
1840: 3179
1841: 3172
1842: 3165
1843: 3160
2355: 2664
1848: 3150
1849: 3135
1850: 3123
1851: 3109
1852: 3108
1853: 3100
10557: 2560
1858: 3096
9538: 2567
1859: 3089
1860: 3086
1861: 3077
1864: 3067
1866: 3065
1867: 3054
1868: 3050
1870: 3049
2384: 2662
2390: 2653
1879: 3047
10071: 2564
1882: 3044
1884: 3042
1885: 3034
2397: 2647
2911: 2603
1888: 3024
1889: 3023
1890: 3020
1891: 3011
1892: 3006
1893: 3003
1894: 2997
1896: 2993
1897: 2980
2409: 2645
1898: 2979
5994: 2575
1904: 2973
1909: 2972
2422: 2641
1911: 2971
1912: 2968
2426: 2633
1920: 2966
2432: 2630
1921: 2960
1922: 2958
3461: 2595
1926: 2955
2441: 2629
1931: 2952
1936: 2950
1941: 2941
1942: 2940
1946: 2937
2458: 2628
1947: 2930
1949: 2918
1952: 2913
1953: 2888
1954: 2880
1956: 2875
1961: 2873
1962: 2868
1963: 2858
1964: 2857
1971: 2853
1972: 2844
1973: 2839
1974: 2837
4026: 2593
2493: 2623
1989: 2835
4049: 2590
4050: 2589
2520: 2613
2009: 2829
3034: 2599
2527: 2612
2027: 2823
2033: 2822
2036: 2813
2037: 2808
6139: 2574
2046: 2807
Algorytm: Symulowane wyżarzanie: Zamiana losowych miast
Ilość wierzchołków: 403
Najkrótsza trasa: [226, 147, 137, 13, 288, 336, 321, 315, 374, 41, 22, 21, 184, 4, 387, 34, 218, 345, 173, 29, 38, 381, 126, 271, 281, 152, 310, 354, 342, 377, 316, 43, 84, 395, 166, 67, 196, 0, 32, 274, 357, 322, 313, 7, 248, 348, 222, 185, 42, 149, 146, 291, 379, 254, 223, 305, 37, 176, 156, 325, 88, 96, 94, 64, 15, 268, 16, 155, 143, 97, 276, 259, 201, 118, 127, 192, 189, 265, 326, 390, 87, 56, 93, 349, 214, 50, 177, 234, 228, 266, 211, 212, 158, 1, 122, 401, 216, 239, 117, 39, 331, 378, 297, 108, 256, 208, 172, 26, 171, 63, 402, 287, 293, 361, 347, 263, 134, 306, 6, 312, 35, 246, 252, 371, 257, 179, 368, 245, 301, 351, 272, 363, 362, 242, 70, 103, 230, 382, 144, 91, 360, 353, 352, 373, 355, 73, 188, 299, 49, 296, 160, 365, 136, 174, 250, 302, 89, 181, 346, 338, 285, 282, 46, 139, 251, 358, 350, 231, 205, 204, 182, 367, 76, 284, 290, 286, 273, 317, 253, 169, 27, 232, 102, 332, 215, 400, 131, 304, 394, 225, 23, 14, 62, 36, 128, 194, 380, 289, 129, 255, 90, 72, 18, 99, 389, 187, 33, 376, 264, 330, 329, 294, 107, 61, 370, 328, 83, 82, 247, 249, 195, 280, 12, 366, 292, 343, 65, 375, 191, 159, 20, 244, 80, 132, 243, 186, 53, 141, 392, 120, 116, 372, 356, 47, 113, 163, 3, 19, 224, 183, 17, 164, 25, 142, 283, 277, 77, 31, 344, 206, 30, 68, 151, 101, 92, 51, 298, 209, 278, 398, 396, 109, 275, 210, 81, 200, 337, 135, 270, 44, 175, 217, 145, 40, 341, 161, 148, 258, 236, 227, 397, 5, 153, 75, 110, 125, 60, 98, 130, 150, 203, 111, 369, 79, 69, 238, 229, 393, 385, 199, 295, 364, 303, 71, 178, 138, 57, 241, 112, 2, 386, 335, 95, 55, 340, 170, 334, 235, 121, 167, 54, 314, 59, 85, 58, 8, 319, 318, 104, 384, 383, 9, 262, 261, 105, 391, 154, 308, 260, 237, 124, 269, 233, 324, 320, 311, 10, 307, 323, 309, 123, 399, 198, 193, 240, 219, 52, 119, 168, 140, 221, 300, 207, 45, 220, 197, 190, 100, 213, 28, 66, 74, 115, 114, 180, 165, 86, 11, 202, 162, 48, 133, 333, 267, 327, 24, 157, 339, 388, 279, 106, 359, 78]
Długość trasy: 2559
Czas wykonania: 360002 ms

9729: 2552
2055: 2846
2058: 2842
2062: 2840
2063: 2839
2064: 2829
9745: 2543
24: 3601
2072: 2828
2073: 2826
2587: 2660
2076: 2823
2589: 2659
2078: 2821
2079: 2819
2082: 2816
2092: 2815
2093: 2812
2094: 2810
2103: 2807
3639: 2580
53303: 2522
2105: 2806
2108: 2804
2621: 2657
2630: 2647
2123: 2803
3663: 2574
2129: 2795
2646: 2646
2136: 2792
3672: 2570
2653: 2645
2152: 2788
2155: 2787
2163: 2785
2166: 2784
2167: 2783
2170: 2782
2171: 2781
3214: 2588
2195: 2780
2199: 2779
2200: 2778
2213: 2777
2729: 2639
2733: 2637
3246: 2587
12472: 2532
2237: 2776
2240: 2775
2243: 2774
3268: 2586
2764: 2627
2254: 2773
2258: 2767
2262: 2762
2264: 2756
2266: 2755
2271: 2754
1760: 3582
2276: 2753
2280: 2744
1769: 3566
1770: 3564
1773: 3556
2285: 2734
1774: 3533
1775: 3530
2287: 2730
3823: 2568
6383: 2558
2289: 2729
1780: 3524
1784: 3508
1786: 3505
1787: 3494
1789: 3487
2308: 2725
1799: 3481
1803: 3467
1804: 3461
1805: 3454
1807: 3446
1808: 3433
1809: 3425
1811: 3418
1812: 3416
3348: 2585
1813: 3414
2325: 2716
1814: 3409
1815: 3394
1816: 3380
1817: 3341
1818: 3334
1819: 3315
1820: 3312
2334: 2708
8482: 2553
2853: 2618
3367: 2584
2858: 2617
1837: 3307
2349: 2706
1838: 3288
1839: 3286
1841: 3279
1842: 3274
12082: 2540
1844: 3270
1845: 3259
1846: 3258
2358: 2703
1847: 3255
2359: 2698
1848: 3253
1849: 3229
1850: 3216
1852: 3213
1853: 3206
2367: 2697
1857: 3204
1858: 3203
1859: 3202
1861: 3196
1862: 3182
1863: 3180
1866: 3172
1867: 3151
1868: 3148
1869: 3132
1870: 3123
1871: 3110
1872: 3108
6480: 2554
1875: 3107
1876: 3105
1878: 3104
1879: 3103
1880: 3088
1887: 3085
2911: 2615
1891: 3078
1892: 3066
1893: 3060
1894: 3058
1896: 3057
1897: 3048
2921: 2609
1898: 3045
2922: 2607
1899: 3042
1901: 3037
1902: 3026
1903: 3024
1904: 3021
2416: 2696
1906: 3020
1907: 3016
1908: 3010
2420: 2694
1909: 3004
1910: 3001
1911: 2987
1913: 2986
2425: 2692
1914: 2981
2427: 2691
2940: 2606
2941: 2604
1919: 2974
1920: 2965
1921: 2960
1922: 2953
2434: 2690
1924: 2946
1929: 2942
1930: 2937
1933: 2933
1934: 2930
2446: 2689
2960: 2603
2452: 2688
1942: 2927
1943: 2916
1948: 2915
2465: 2685
2468: 2683
1959: 2913
1960: 2901
1961: 2900
1962: 2898
2988: 2601
1965: 2890
1966: 2885
2480: 2680
1971: 2884
1972: 2883
1976: 2880
1978: 2879
2493: 2678
1984: 2877
1986: 2876
1987: 2875
1993: 2873
2508: 2676
2514: 2675
2013: 2869
2525: 2666
2014: 2868
4065: 2566
3042: 2595
2021: 2867
2022: 2865
2023: 2864
2535: 2665
2026: 2860
42986: 2531
2027: 2858
2030: 2854
2544: 2664
2042: 2848
2043: 2847
2558: 2661
Algorytm: Symulowane wyżarzanie: Zamiana losowych miast
Ilość wierzchołków: 403
Najkrótsza trasa: [391, 210, 307, 143, 79, 69, 151, 11, 221, 67, 318, 238, 229, 14, 186, 53, 309, 95, 55, 155, 7, 33, 376, 178, 138, 337, 110, 177, 242, 70, 301, 351, 257, 252, 191, 184, 4, 71, 188, 299, 49, 296, 123, 308, 260, 134, 288, 206, 30, 245, 152, 310, 354, 342, 198, 194, 380, 204, 244, 80, 195, 387, 9, 162, 48, 141, 116, 345, 173, 52, 40, 401, 216, 200, 174, 250, 179, 368, 68, 366, 321, 362, 105, 19, 248, 348, 237, 153, 75, 32, 328, 395, 23, 393, 239, 117, 169, 27, 207, 45, 114, 96, 66, 74, 168, 172, 26, 126, 10, 220, 197, 335, 119, 73, 304, 5, 234, 228, 57, 102, 222, 185, 372, 356, 136, 42, 313, 20, 167, 54, 171, 63, 64, 365, 142, 91, 331, 378, 18, 311, 271, 83, 140, 334, 170, 284, 290, 43, 84, 272, 278, 266, 332, 215, 319, 240, 219, 209, 41, 254, 223, 115, 189, 104, 349, 344, 232, 164, 25, 340, 375, 371, 350, 364, 303, 377, 262, 261, 297, 312, 35, 211, 251, 274, 293, 265, 326, 325, 24, 374, 363, 315, 208, 235, 121, 2, 386, 61, 357, 358, 370, 322, 46, 111, 369, 398, 396, 385, 199, 93, 384, 383, 34, 295, 397, 394, 225, 236, 227, 381, 139, 86, 101, 150, 145, 361, 347, 352, 137, 13, 205, 289, 135, 280, 279, 176, 156, 390, 124, 1, 302, 89, 159, 323, 400, 158, 269, 360, 353, 341, 127, 399, 224, 108, 120, 392, 256, 163, 3, 125, 273, 183, 17, 12, 180, 165, 65, 92, 146, 144, 373, 88, 62, 36, 81, 22, 21, 133, 85, 333, 267, 317, 264, 330, 87, 181, 346, 94, 157, 339, 193, 253, 82, 247, 249, 78, 226, 258, 218, 285, 282, 281, 149, 51, 298, 291, 379, 130, 175, 99, 389, 187, 246, 233, 324, 320, 213, 28, 201, 118, 268, 16, 77, 31, 305, 37, 132, 306, 6, 388, 329, 294, 336, 292, 343, 128, 255, 129, 241, 112, 47, 113, 327, 231, 243, 166, 300, 103, 276, 259, 196, 0, 230, 382, 212, 90, 72, 122, 263, 160, 15, 217, 203, 161, 148, 154, 50, 56, 182, 286, 60, 44, 283, 8, 214, 192, 338, 314, 59, 97, 202, 402, 287, 107, 190, 100, 98, 367, 76, 316, 109, 275, 147, 58, 277, 39, 106, 359, 131, 355, 29, 38, 270]
Długość trasy: 2522
Czas wykonania: 360003 ms

