12288: 5831
54273: 3600
70659: 3262
14340: 5390
15364: 5342
47108: 3781
26629: 4564
28677: 4463
13323: 5531
41995: 3959
60427: 3466
74765: 3197
64525: 3385
33806: 4238
29711: 4416
37903: 4088
80910: 3149
46097: 3816
17427: 5165
40981: 3987
76825: 3176
38938: 4046
99355: 3021
32798: 4276
83999: 3131
87070: 3100
16416: 5250
7203: 6798
9251: 6651
18469: 5068
22566: 4771
53286: 3628
62502: 3422
72743: 3237
19496: 4977
21544: 4849
43048: 3918
89129: 3077
3113: 6985
50219: 3694
65578: 3363
44076: 3884
8237: 6737
26671: 4558
27697: 4502
25650: 4612
42035: 3952
56371: 3542
67634: 3308
31796: 4317
123957: 2927
60470: 3463
192564: 2808
33848: 4233
88121: 3093
11321: 6063
37945: 4086
17468: 5152
30780: 4364
49212: 3723
93244: 3044
130108: 2907
69694: 3280
117822: 2945
61505: 3445
38980: 4041
63556: 3402
102468: 3004
29766: 4414
48200: 3752
84041: 3128
35916: 4147
57422: 3519
68686: 3295
101457: 3010
12370: 5780
129107: 2909
43091: 3917
65618: 3359
54357: 3598
32854: 4269
106582: 2970
20569: 4894
28761: 4459
15450: 5339
59484: 3475
45149: 3849
23646: 4724
80992: 3147
46180: 3812
117863: 2944
48241: 3745
87152: 3099
16503: 5241
82038: 3140
10361: 6258
53371: 3619
34940: 4188
19581: 4976
173183: 2828
11390: 6035
21630: 4846
75902: 3184
44161: 3880
28803: 4457
15492: 5330
26756: 4555
109701: 2957
9349: 6621
25733: 4610
23686: 4713
62601: 3421
22667: 4767
64651: 3382
186510: 2819
14478: 5382
60558: 3461
83087: 3136
105615: 2992
37007: 4113
12432: 5769
17552: 5148
38033: 4081
144528: 2868
40084: 4014
20630: 4893
66710: 3338
63640: 3401
51355: 3684
131229: 2898
1186: 7054
16547: 5238
18595: 5051
32934: 4266
34982: 4187
98470: 3031
21673: 4844
86186: 3113
13485: 5507
24749: 4658
27822: 4500
31921: 4308
72880: 3236
43187: 3912
45235: 3848
112818: 2952
74932: 3191
49336: 3720
69818: 3277
61628: 3443
20670: 4890
40126: 4008
58558: 3488
66752: 3336
51396: 3683
11461: 5981
115910: 2949
29897: 4406
122059: 2931
17612: 5137
18637: 5046
12494: 5742
73938: 3210
19668: 4971
44246: 3876
26840: 4549
27864: 4495
25818: 4600
56539: 3539
52444: 3654
62684: 3419
22749: 4756
55517: 3562
172253: 2830
46305: 3806
60642: 3459
37091: 4108
41188: 3985
38118: 4079
61670: 3437
20712: 4889
34027: 4228
39147: 4033
80109: 3165
51437: 3680
68851: 3292
36083: 4141
18680: 5045
33016: 4265
16634: 5223
65786: 3355
70908: 3261
47358: 3778
19711: 4968
42240: 3945
26881: 4542
28929: 4448
24834: 4649
67843: 3305
81155: 3145
7428: 6779
54532: 3591
10503: 6212
21767: 4836
88329: 3084
136458: 2886
37133: 4104
41229: 3982
69900: 3274
15630: 5328
90383: 3062
3344: 6965
38160: 4078
123153: 2928
17681: 5135
58642: 3481
71954: 3242
99602: 3015
34068: 4223
92441: 3051
12575: 5734
14623: 5380
33057: 4262
101664: 3007
18722: 5024
63779: 3400
9508: 6611
137510: 2880
47398: 3767
19753: 4962
23851: 4704
26923: 4536
27947: 4492
100650: 3012
59692: 3473
67885: 3303
124204: 2926
52526: 3653
232749: 2798
21808: 4831
62768: 3415
49459: 3716
55603: 3560
64819: 3379
35124: 4178
31029: 4357
90424: 3060
15674: 5320
71995: 3240
20795: 4887
66877: 3332
51519: 3678
138565: 2873
13644: 5479
63820: 3399
74061: 3209
65868: 3354
79183: 3167
11600: 5939
86353: 3112
23893: 4697
27989: 4491
24918: 4647
12634: 5729
35165: 4176
133471: 2897
41311: 3981
45407: 3846
61794: 3434
15717: 5315
38245: 4075
162151: 2838
30054: 4396
19815: 4961
40295: 4002
66918: 3327
80234: 3164
64877: 3375
105836: 2983
107887: 2966
117107: 2947
33139: 4261
57715: 3511
50550: 3693
71031: 3260
89463: 3073
223615: 2803
246142: 2796
42366: 3942
73086: 3235
24960: 4640
25985: 4593
32129: 4306
22914: 4755
62850: 3413
52611: 3645
43398: 3906
93574: 3043
31112: 4353
41352: 3979
44425: 3867
1419: 6998
133513: 2896
60812: 3457
19855: 4955
108942: 2962
15760: 5312
38288: 4071
51602: 3676
92565: 3049
270736: 2777
6549: 6823
17815: 5133
45463: 3832
12698: 5706
57756: 3508
141726: 2869
33181: 4257
74142: 3207
14753: 5373
18849: 5020
71072: 3257
11683: 5936
140710: 2870
73127: 3222
23976: 4696
27050: 4528
32170: 4305
28075: 4489
21934: 4822
49583: 3709
227756: 2801
20912: 4879
35248: 4175
43440: 3904
41394: 3978
16819: 5209
19895: 4954
67001: 3325
75193: 3189
54714: 3590
15804: 5308
38334: 4068
48575: 3742
36303: 4138
42449: 3940
24018: 4694
32211: 4299
9684: 6546
28116: 4484
26069: 4589
29141: 4434
22998: 4751
12759: 5688
21975: 4816
86489: 3108
473: 7074
17882: 5116
66010: 3350
16860: 5208
53725: 3612
19936: 4945
72160: 3238
160224: 2840
99810: 3014
11748: 5900
54756: 3586
64997: 3374
13798: 5473
39398: 4027
51686: 3674
15847: 5305
97769: 3033
48617: 3738
247279: 2792
33263: 4256
63985: 3398
20979: 4874
3574: 6943
47607: 3763
36344: 4135
42490: 3939
24061: 4691
25085: 4639
32253: 4297
62977: 3410
35331: 4171
59907: 3471
128517: 2910
31237: 4349
41477: 3973
61959: 3430
70150: 3270
19977: 4944
34315: 4218
60939: 3456
67085: 3324
54798: 3584
65038: 3373
15891: 5300
48660: 3736
12821: 5675
38421: 4065
69140: 3288
37398: 4098
13848: 5459
33304: 4255
57881: 3500
64026: 3397
50717: 3692
98851: 3030
42532: 3933
11814: 5897
24103: 4685
25127: 4637
138789: 2871
27176: 4520
28200: 4479
63017: 3406
83499: 3134
129579: 2908
88621: 3083
43565: 3903
16946: 5201
20019: 4939
90674: 3059
65079: 3370
56888: 3535
46654: 3805
122430: 2930
38464: 4064
67141: 3314
105028: 2993
71238: 3253
13896: 5454
77384: 3175
36427: 4134
81484: 3142
124492: 2925
169549: 2833
24145: 4679
104016: 3002
23122: 4748
26194: 4581
66131: 3346
35414: 4166
93783: 3042
14936: 5367
41560: 3971
43608: 3900
31321: 4345
149086: 2858
34397: 4213
19039: 5018
75358: 3188
120417: 2933
30306: 4390
55907: 3554
80482: 3161
97890: 3032
37478: 4096
9831: 6534
46695: 3800
11880: 5881
69224: 3287
15978: 5297
38507: 4063
109162: 2960
33388: 4252
45676: 3829
18029: 5110
247406: 2789
77425: 3173
87665: 3095
89713: 3072
42617: 3931
121467: 2932
25211: 4633
76410: 3182
10876: 6191
23164: 4747
26237: 4578
35456: 4161
43649: 3899
31362: 4338
41602: 3969
152198: 2850
53893: 3610
20102: 4925
34438: 4212
75399: 3187
19079: 5009
44679: 3866
17032: 5193
59016: 3479
65161: 3369
61066: 3455
40587: 4000
51851: 3672
12942: 5570
78479: 3172
82576: 3137
48786: 3734
69266: 3286
117396: 2946
74391: 3200
84631: 3127
18072: 5105
32420: 4293
38564: 4060
16037: 5286
25253: 4630
86695: 3105
101030: 3011
98985: 3026
22185: 4800
52905: 3641
11946: 5873
113323: 2951
43691: 3897
49835: 3706
41644: 3965
47789: 3757
53934: 3607
114351: 2950
9905: 6516
17074: 5191
57010: 3531
65202: 3367
51892: 3668
61108: 3452
68276: 3301
30390: 4388
54967: 3578
39608: 4017
14009: 5437
28345: 4475
21178: 4868
46778: 3798
125631: 2918
18115: 5094
45763: 3824
10949: 6124
36551: 4123
16078: 5283
42703: 3927
23248: 4744
24272: 4678
52947: 3639
83666: 3133
49876: 3702
31445: 4336
60119: 3467
19161: 5006
34521: 4207
59099: 3477
51934: 3666
106207: 2982
283354: 2774
15071: 5363
136925: 2881
92896: 3047
14056: 5422
33512: 4247
67305: 3311
12010: 5863
97002: 3034
64236: 3391
102125: 3006
5869: 6861
50925: 3688
38645: 4059
63222: 3403
32503: 4292
76534: 3178
124662: 2920
174837: 2826
16120: 5277
24314: 4677
94971: 3035
9979: 6432
26364: 4575
83708: 3132
133887: 2895
22270: 4788
47871: 3753
209660: 2807
62209: 3428
19202: 4998
43778: 3895
57091: 3530
20229: 4909
90884: 3054
51975: 3665
78601: 3171
80649: 3151
44809: 3859
30474: 4384
27404: 4514
56076: 3552
37647: 4093
74515: 3198
15125: 5356
18199: 5093
71446: 3249
38687: 4052
73502: 3220
32545: 4286
66336: 3341
25378: 4626
119587: 2934
173857: 2827
23333: 4740
22312: 4785
79657: 3166
31529: 4321
112427: 2953
218921: 2806
171822: 2831
65327: 3366
88881: 3079
17202: 5188
55092: 3574
46901: 3796
9015: 6721
2876: 6994
125756: 2916
29502: 4431
45888: 3821
51009: 3687
14149: 5420
69447: 3285
12104: 5844
58184: 3499
16204: 5275
24397: 4672
25421: 4624
23376: 4738
35667: 4159
41812: 3964
53077: 3637
62293: 3425
43863: 3889
68438: 3298
17244: 5167
28509: 4465
55133: 3572
118620: 2940
46942: 3788
61279: 3450
85854: 3117
26465: 4572
11106: 6095
29543: 4427
4969: 6870
15210: 5353
51051: 3686
87914: 3094
30574: 4381
49006: 3727
89973: 3063
16246: 5271
99190: 3025
107385: 2967
23418: 4733
42874: 3922
110458: 2956
18302: 5087
53118: 3630
138108: 2878
19327: 4988
21375: 4860
41855: 3960
34688: 4198
57216: 3527
103297: 3003
43905: 3887
65409: 3364
54146: 3604
20356: 4907
52101: 3664
27526: 4511
44936: 3857
70537: 3265
26505: 4570
93064: 3045
25483: 4622
56203: 3551
61323: 3446
33679: 4243
29584: 4423
116625: 2948
37777: 4089
71571: 3248
234385: 2797
108437: 2964
15253: 5344
40858: 3996
73628: 3218
32671: 4277
16288: 5267
99232: 3024
179107: 2821
24482: 4667
102307: 3005
12195: 5842
14243: 5403
18343: 5076
22439: 4784
228270: 2800
52143: 3655
27569: 4509
106416: 2979
26546: 4569
55218: 3570
56245: 3549
9144: 6671
29626: 4420
33722: 4242
84922: 3119
71613: 3244
13246: 5567
30655: 4380
36799: 4119
46015: 3817
69570: 3283
40900: 3994
58308: 3490
38855: 4048
127947: 2911
16331: 5260
86986: 3104
23503: 4731
35791: 4155
18384: 5074
22481: 4782
62419: 3424
21460: 4859
34772: 4196
75735: 3185
20440: 4897
4057: 6897
10202: 6350
26587: 4567
27611: 4503
47067: 3786
55261: 3564
25566: 4615
56286: 3544
67551: 3309
168924: 2834
24544: 4662
64483: 3386
248806: 2781
36840: 4114
30697: 4372
69611: 3282
40940: 3992
66543: 3339
73713: 3212
247794: 2785
11251: 6066
16373: 5255
166900: 2836
23545: 4728
35833: 4150
22523: 4781
57339: 3521
Algorytm: Genetic Algorithm
Ilość wierzchołków: 403
Najkrótsza trasa: [227, 243, 362, 286, 74, 316, 379, 308, 260, 49, 296, 22, 21, 231, 205, 289, 388, 348, 290, 99, 389, 311, 10, 263, 265, 275, 302, 89, 43, 34, 135, 270, 381, 142, 202, 131, 106, 359, 248, 294, 281, 242, 70, 384, 383, 104, 33, 376, 285, 282, 370, 274, 61, 327, 374, 363, 230, 382, 212, 95, 55, 163, 3, 264, 196, 0, 313, 20, 399, 57, 336, 321, 204, 183, 17, 385, 199, 37, 36, 65, 79, 62, 58, 8, 168, 246, 110, 326, 210, 244, 80, 299, 60, 98, 127, 345, 173, 6, 252, 371, 107, 304, 5, 233, 324, 320, 108, 256, 291, 315, 268, 16, 328, 357, 130, 129, 301, 120, 392, 255, 364, 303, 266, 161, 148, 390, 92, 51, 259, 103, 206, 30, 211, 144, 141, 116, 182, 150, 203, 194, 380, 180, 165, 177, 186, 53, 309, 262, 261, 366, 292, 84, 46, 111, 134, 288, 247, 109, 132, 306, 319, 234, 228, 198, 140, 114, 69, 68, 251, 19, 297, 232, 221, 67, 338, 239, 117, 209, 356, 97, 164, 25, 158, 269, 179, 368, 245, 136, 293, 171, 373, 355, 216, 238, 229, 375, 191, 184, 4, 119, 305, 254, 223, 172, 26, 367, 75, 149, 347, 341, 181, 346, 189, 169, 27, 240, 219, 2, 78, 226, 258, 88, 42, 81, 200, 71, 241, 113, 257, 102, 193, 38, 44, 126, 271, 272, 137, 13, 333, 267, 151, 101, 352, 124, 1, 237, 354, 342, 337, 86, 115, 94, 85, 167, 174, 250, 152, 76, 225, 217, 349, 160, 365, 166, 300, 128, 351, 317, 360, 344, 312, 35, 162, 48, 358, 350, 157, 339, 187, 82, 249, 218, 23, 393, 50, 56, 279, 178, 100, 31, 29, 307, 143, 11, 133, 77, 156, 325, 397, 394, 14, 353, 39, 24, 54, 235, 121, 47, 112, 322, 395, 213, 278, 224, 175, 123, 192, 125, 273, 90, 72, 122, 40, 314, 59, 369, 155, 334, 190, 138, 159, 7, 96, 66, 378, 377, 188, 276, 298, 153, 310, 52, 402, 287, 83, 222, 185, 91, 93, 9, 201, 118, 64, 15, 32, 330, 343, 176, 154, 335, 401, 73, 87, 372, 28, 41, 398, 396, 386, 63, 18, 139, 220, 197, 295, 105, 391, 147, 332, 215, 400, 208, 361, 146, 280, 12, 253, 207, 45, 340, 195, 318, 170, 284, 329, 283, 277, 331, 323, 214, 387, 145, 236]
Długość trasy: 2774
Czas wykonania: 360033 ms

