51200: 6402
1028: 7102
113670: 3321
112649: 3337
126984: 3194
69642: 5494
100362: 3689
320520: 2750
116751: 3298
191500: 2822
156691: 2966
160785: 2927
55325: 6238
85020: 4669
119838: 3267
94241: 4106
38950: 6712
86060: 4604
92207: 4227
108595: 3384
109625: 3368
111673: 3346
122937: 3236
114747: 3312
145464: 3041
232505: 2789
60477: 5986
176188: 2869
48191: 6444
25671: 6890
98376: 3831
150603: 3004
7246: 6947
158797: 2936
75861: 5162
133207: 3152
157780: 2948
128089: 3189
119896: 3266
183385: 2848
174175: 2882
83039: 4773
173149: 2885
272486: 2767
203872: 2803
163951: 2917
147564: 3022
105582: 3429
145523: 3040
108658: 3380
99444: 3754
95354: 4021
120956: 3255
121980: 3247
61566: 5968
151680: 2995
100484: 3676
132234: 3162
194698: 2816
97416: 3872
124043: 3222
159885: 2934
161933: 2921
23697: 6900
37011: 6788
74898: 5202
123028: 3235
148634: 3014
235674: 2787
181400: 2858
96414: 3955
40097: 6678
62626: 5869
135337: 3110
232623: 2788
185519: 2836
109743: 3364
122039: 3245
105656: 3426
112827: 3335
160962: 2926
141507: 3074
158915: 2935
163008: 2919
138439: 3092
198854: 2810
175305: 2873
213196: 2799
53456: 6271
128209: 3187
89296: 4379
129232: 3183
174291: 2880
102613: 3560
117972: 3284
149719: 3007
91353: 4296
73946: 5275
94430: 4104
299233: 2756
80104: 4863
167148: 2907
153846: 2982
112886: 3330
125174: 3211
126201: 3205
99576: 3752
88323: 4487
105730: 3422
164097: 2914
98565: 3819
72964: 5314
120071: 3264
93446: 4141
128268: 3186
130316: 3173
184594: 2846
92435: 4189
146714: 3024
103704: 3512
101660: 3607
135456: 3108
65833: 5706
87337: 4535
111913: 3344
86319: 4570
221485: 2792
58671: 6036
110894: 3353
344373: 2735
154934: 2977
66872: 5637
132411: 3159
194873: 2814
158015: 2947
24894: 6897
131388: 3169
119102: 3272
138557: 3087
19777: 6921
96579: 3952
95557: 4014
136528: 3101
147798: 3019
134487: 3134
107862: 3391
137557: 3094
144730: 3042
90456: 4305
121178: 3253
108896: 3375
122220: 3242
178543: 2862
224627: 2791
51569: 6393
83314: 4713
100724: 3664
103796: 3506
157044: 2965
156026: 2970
252282: 2781
99707: 3723
79229: 4949
123264: 3232
150912: 3003
116100: 3304
55694: 6188
104849: 3455
94617: 4097
102815: 3554
143772: 3053
39330: 6704
297379: 2757
132527: 3158
91568: 4279
160179: 2931
157104: 2959
114098: 3319
131505: 3166
284082: 2760
174526: 2878
172479: 2887
31166: 6810
152002: 2994
181698: 2857
331204: 2748
98754: 3804
26058: 6885
103887: 3504
45526: 6569
105945: 3420
61919: 5944
104930: 3437
96745: 3940
52713: 6359
78312: 4999
224746: 2790
114156: 3317
119278: 3270
3568: 6992
95730: 4006
120306: 3263
101876: 3595
88566: 4472
130552: 3172
330239: 2749
148989: 3010
136706: 3097
102914: 3544
146949: 3023
336399: 2743
169481: 2895
180752: 2861
261649: 2773
74262: 5252
63006: 5843
87584: 4498
85541: 4625
132645: 3154
254500: 2779
86569: 4566
103976: 3492
156203: 2967
280104: 2761
158252: 2946
120366: 3261
173617: 2884
133687: 3148
152119: 2993
57914: 6129
64062: 5815
155203: 2974
108099: 3387
121413: 3252
32329: 6803
145993: 3039
109132: 3373
94802: 4070
97874: 3864
98903: 3796
600: 7165
100957: 3651
77407: 5084
269920: 2769
158311: 2944
112235: 3340
106092: 3419
244334: 2785
65134: 5759
118383: 3282
123504: 3230
152179: 2991
125555: 3209
72306: 5353
127610: 3191
315007: 2754
104066: 3490
146052: 3034
50823: 6424
200331: 2808
93835: 4134
91786: 4239
99987: 3719
168598: 2900
122516: 3240
81560: 4808
114333: 3316
157342: 2955
95905: 3980
158370: 2940
6817: 6953
107171: 3401
212641: 2800
126629: 3203
143014: 3061
117412: 3287
70311: 5453
67238: 5633
116392: 3299
124587: 3217
130731: 3170
54956: 6242
96941: 3926
140983: 3082
4790: 6979
76475: 5087
69308: 5547
128703: 3184
129731: 3179
180929: 2860
103108: 3535
20166: 6908
144068: 3050
102086: 3584
44747: 6607
110288: 3363
114391: 3314
119515: 3269
143070: 3060
176863: 2867
113375: 3326
142050: 3073
99040: 3779
126688: 3201
196323: 2813
193249: 2821
124645: 3215
154343: 2978
98025: 3840
133866: 3147
115432: 3310
194281: 2818
106221: 3415
101102: 3646
141041: 3080
134902: 3123
135926: 3107
121592: 3250
51963: 6368
88826: 4448
146169: 3033
258819: 2778
167691: 2906
94986: 4048
122636: 3239
163596: 2918
100114: 3711
84758: 4698
160533: 2930
87833: 4489
75548: 5194
151324: 3002
173852: 2883
107296: 3397
150307: 3006
123682: 3229
149281: 3008
148267: 3017
102191: 3580
106288: 3405
104243: 3471
108338: 3386
110390: 3360
105272: 3432
86842: 4542
185154: 2838
62274: 5900
97099: 3918
109387: 3370
120650: 3260
96077: 3967
45901: 6547
82764: 4780
142167: 3064
74583: 5249
126807: 3199
268114: 2771
1883: 7054
53084: 6312
123741: 3227
118620: 3274
101214: 3636
26464: 6827
158562: 2939
137059: 3095
57186: 6133
94052: 4123
217956: 2794
136044: 3103
121712: 3248
259952: 2775
93046: 4151
273276: 2765
63354: 5825
312190: 2755
14203: 6933
98174: 3834
111496: 3350
177039: 2866
77710: 5039
89998: 4338
100238: 3692
151443: 3001
174998: 2874
153492: 2986
221077: 2793
115611: 3309
152472: 2990
37787: 6725
107418: 3395
64413: 5797
157602: 2954
214945: 2798
73634: 5301
103330: 3518
132001: 3163
102309: 3568
129963: 3177
58286: 6102
106416: 3403
120752: 3258
146360: 3032
210879: 2801
144317: 3046
122817: 3237
40897: 6648
95170: 4046
47044: 6520
79813: 4946
164806: 2908
111556: 3349
143303: 3057
54222: 6244
65486: 5732
101327: 3622
112590: 3338
124881: 3213
193489: 2820
115671: 3308
66525: 5670
134111: 3142
135136: 3116
71653: 5426
89060: 4408
182247: 2856
97256: 3910
99311: 3764
104432: 3458
67581: 5582
68605: 5569
Algorytm: Genetic Algorithm
Ilość wierzchołków: 403
Najkrótsza trasa: [107, 251, 330, 329, 294, 387, 384, 383, 34, 133, 297, 81, 22, 139, 4, 238, 229, 225, 105, 391, 258, 231, 205, 60, 98, 304, 394, 220, 197, 295, 244, 80, 284, 343, 92, 222, 250, 103, 276, 49, 366, 321, 362, 285, 282, 226, 390, 135, 270, 212, 195, 237, 388, 348, 290, 176, 31, 214, 192, 114, 82, 249, 312, 35, 131, 373, 355, 29, 170, 334, 245, 175, 291, 289, 151, 11, 14, 62, 379, 242, 70, 169, 27, 359, 187, 207, 45, 182, 134, 288, 271, 83, 85, 364, 303, 122, 40, 194, 324, 320, 301, 120, 392, 236, 227, 381, 335, 123, 48, 314, 59, 278, 198, 166, 67, 137, 36, 183, 17, 279, 88, 319, 372, 356, 184, 124, 269, 71, 213, 21, 125, 296, 273, 350, 64, 15, 109, 248, 23, 393, 152, 76, 196, 0, 397, 260, 374, 363, 32, 19, 266, 178, 138, 337, 150, 203, 347, 352, 331, 378, 209, 41, 246, 33, 376, 163, 3, 211, 87, 157, 339, 360, 96, 94, 106, 165, 102, 167, 315, 38, 243, 160, 365, 217, 9, 308, 5, 206, 30, 50, 56, 108, 351, 293, 149, 51, 298, 232, 368, 239, 117, 162, 129, 255, 247, 174, 185, 43, 349, 354, 342, 264, 274, 357, 221, 300, 39, 345, 299, 259, 90, 72, 79, 69, 287, 281, 313, 323, 216, 346, 189, 311, 10, 341, 104, 58, 201, 89, 110, 326, 147, 180, 340, 265, 275, 325, 128, 86, 101, 224, 254, 223, 6, 333, 267, 61, 257, 141, 116, 302, 118, 177, 262, 261, 68, 140, 66, 215, 309, 171, 63, 286, 74, 385, 199, 24, 13, 190, 100, 44, 65, 99, 389, 91, 401, 400, 375, 191, 252, 371, 386, 47, 253, 361, 146, 144, 186, 53, 73, 130, 111, 369, 202, 240, 219, 322, 327, 402, 230, 97, 233, 380, 204, 159, 7, 399, 18, 332, 37, 54, 188, 173, 115, 338, 164, 25, 235, 121, 358, 46, 336, 292, 218, 145, 179, 119, 344, 234, 228, 398, 307, 143, 158, 1, 283, 277, 268, 16, 328, 272, 28, 93, 84, 395, 316, 256, 77, 156, 210, 181, 200, 57, 153, 75, 8, 52, 132, 306, 168, 95, 155, 20, 353, 263, 318, 126, 55, 377, 367, 310, 305, 241, 112, 2, 113, 317, 136, 370, 280, 12, 142, 78, 382, 172, 26, 42, 161, 148, 154, 193, 208, 127, 396]
Długość trasy: 2735
Czas wykonania: 360042 ms

